[2022-12-07 19:39:13] [INFO   ] cannot read configuration file config.properties trying from resources.
[2022-12-07 19:39:13] [INFO   ] configuration file was loaded from resources directory.
[2022-12-07 19:39:14] [SEVERE ] placing card 39 in slot 0
[2022-12-07 19:39:14] [SEVERE ] placing card 19 in slot 1
[2022-12-07 19:39:14] [SEVERE ] placing card 49 in slot 2
[2022-12-07 19:39:14] [SEVERE ] placing card 14 in slot 3
[2022-12-07 19:39:15] [SEVERE ] placing card 64 in slot 4
[2022-12-07 19:39:15] [SEVERE ] placing card 3 in slot 5
[2022-12-07 19:39:15] [SEVERE ] placing card 11 in slot 6
[2022-12-07 19:39:15] [SEVERE ] placing card 67 in slot 7
[2022-12-07 19:39:15] [SEVERE ] placing card 25 in slot 8
[2022-12-07 19:39:15] [SEVERE ] placing card 32 in slot 9
[2022-12-07 19:39:15] [SEVERE ] placing card 27 in slot 10
[2022-12-07 19:39:15] [SEVERE ] placing card 79 in slot 11
[2022-12-07 19:39:16] [SEVERE ] Key 81 was pressed by player 0
[2022-12-07 19:39:16] [SEVERE ] player 0 placing token on slot 0
[2022-12-07 19:39:16] [SEVERE ] Key 87 was pressed by player 0
[2022-12-07 19:39:16] [SEVERE ] player 0 placing token on slot 1
[2022-12-07 19:39:16] [SEVERE ] Key 69 was pressed by player 0
[2022-12-07 19:39:16] [SEVERE ] player 0 placing token on slot 2
[2022-12-07 19:39:16] [SEVERE ] removing player 0 token from slot 0
[2022-12-07 19:39:16] [SEVERE ] removing player 0 token from slot 1
[2022-12-07 19:39:16] [SEVERE ] removing player 0 token from slot 2
[2022-12-07 19:39:16] [SEVERE ] setting player 0 score to 1
[2022-12-07 19:39:17] [SEVERE ] Key 88 was pressed by player 0
[2022-12-07 19:39:17] [SEVERE ] player 0 placing token on slot 9
[2022-12-07 19:39:17] [SEVERE ] Key 67 was pressed by player 0
[2022-12-07 19:39:17] [SEVERE ] player 0 placing token on slot 10
[2022-12-07 19:39:18] [SEVERE ] Key 86 was pressed by player 0
[2022-12-07 19:39:18] [SEVERE ] player 0 placing token on slot 11
[2022-12-07 19:39:18] [SEVERE ] removing player 0 token from slot 9
[2022-12-07 19:39:18] [SEVERE ] removing player 0 token from slot 10
[2022-12-07 19:39:18] [SEVERE ] removing player 0 token from slot 11
[2022-12-07 19:39:18] [SEVERE ] setting player 0 score to 2
[2022-12-07 19:39:18] [SEVERE ] Key 88 was pressed by player 0
[2022-12-07 19:39:18] [SEVERE ] player 0 placing token on slot 9
[2022-12-07 19:39:18] [SEVERE ] Key 67 was pressed by player 0
[2022-12-07 19:39:18] [SEVERE ] player 0 placing token on slot 10
[2022-12-07 19:39:18] [SEVERE ] Key 86 was pressed by player 0
[2022-12-07 19:39:18] [SEVERE ] player 0 placing token on slot 11
[2022-12-07 19:39:18] [SEVERE ] removing player 0 token from slot 9
[2022-12-07 19:39:18] [SEVERE ] removing player 0 token from slot 10
[2022-12-07 19:39:18] [SEVERE ] removing player 0 token from slot 11
[2022-12-07 19:39:18] [SEVERE ] setting player 0 score to 3
[2022-12-07 19:39:19] [SEVERE ] Key 81 was pressed by player 0
[2022-12-07 19:39:19] [SEVERE ] player 0 placing token on slot 0
[2022-12-07 19:39:19] [SEVERE ] Key 87 was pressed by player 0
[2022-12-07 19:39:19] [SEVERE ] player 0 placing token on slot 1
[2022-12-07 19:39:19] [SEVERE ] Key 69 was pressed by player 0
[2022-12-07 19:39:19] [SEVERE ] player 0 placing token on slot 2
[2022-12-07 19:39:19] [SEVERE ] removing player 0 token from slot 0
[2022-12-07 19:39:19] [SEVERE ] removing player 0 token from slot 1
[2022-12-07 19:39:19] [SEVERE ] removing player 0 token from slot 2
[2022-12-07 19:39:19] [SEVERE ] setting player 0 score to 4
[2022-12-07 19:39:19] [SEVERE ] Key 81 was pressed by player 0
[2022-12-07 19:39:19] [SEVERE ] player 0 placing token on slot 0
[2022-12-07 19:39:19] [SEVERE ] Key 87 was pressed by player 0
[2022-12-07 19:39:19] [SEVERE ] player 0 placing token on slot 1
[2022-12-07 19:39:19] [SEVERE ] Key 69 was pressed by player 0
[2022-12-07 19:39:19] [SEVERE ] player 0 placing token on slot 2
[2022-12-07 19:39:19] [SEVERE ] removing player 0 token from slot 0
[2022-12-07 19:39:19] [SEVERE ] removing player 0 token from slot 1
[2022-12-07 19:39:19] [SEVERE ] removing player 0 token from slot 2
[2022-12-07 19:39:19] [SEVERE ] setting player 0 score to 5
[2022-12-07 19:39:19] [SEVERE ] Key 81 was pressed by player 0
[2022-12-07 19:39:19] [SEVERE ] player 0 placing token on slot 0
[2022-12-07 19:39:20] [SEVERE ] Key 87 was pressed by player 0
[2022-12-07 19:39:20] [SEVERE ] player 0 placing token on slot 1
[2022-12-07 19:39:20] [SEVERE ] Key 69 was pressed by player 0
[2022-12-07 19:39:20] [SEVERE ] player 0 placing token on slot 2
[2022-12-07 19:39:20] [SEVERE ] removing player 0 token from slot 0
[2022-12-07 19:39:20] [SEVERE ] removing player 0 token from slot 1
[2022-12-07 19:39:20] [SEVERE ] removing player 0 token from slot 2
[2022-12-07 19:39:20] [SEVERE ] setting player 0 score to 6
[2022-12-07 19:39:20] [SEVERE ] Key 81 was pressed by player 0
[2022-12-07 19:39:20] [SEVERE ] player 0 placing token on slot 0
[2022-12-07 19:39:20] [SEVERE ] Key 87 was pressed by player 0
[2022-12-07 19:39:20] [SEVERE ] player 0 placing token on slot 1
[2022-12-07 19:39:20] [SEVERE ] Key 69 was pressed by player 0
[2022-12-07 19:39:20] [SEVERE ] player 0 placing token on slot 2
[2022-12-07 19:39:20] [SEVERE ] removing player 0 token from slot 0
[2022-12-07 19:39:20] [SEVERE ] removing player 0 token from slot 1
[2022-12-07 19:39:20] [SEVERE ] removing player 0 token from slot 2
[2022-12-07 19:39:20] [SEVERE ] setting player 0 score to 7
[2022-12-07 19:39:20] [SEVERE ] Key 81 was pressed by player 0
[2022-12-07 19:39:20] [SEVERE ] player 0 placing token on slot 0
[2022-12-07 19:39:20] [SEVERE ] Key 87 was pressed by player 0
[2022-12-07 19:39:20] [SEVERE ] player 0 placing token on slot 1
[2022-12-07 19:39:20] [SEVERE ] Key 69 was pressed by player 0
[2022-12-07 19:39:20] [SEVERE ] player 0 placing token on slot 2
[2022-12-07 19:39:20] [SEVERE ] removing player 0 token from slot 0
[2022-12-07 19:39:20] [SEVERE ] removing player 0 token from slot 1
[2022-12-07 19:39:20] [SEVERE ] removing player 0 token from slot 2
[2022-12-07 19:39:20] [SEVERE ] setting player 0 score to 8
[2022-12-07 19:39:21] [SEVERE ] Key 81 was pressed by player 0
[2022-12-07 19:39:21] [SEVERE ] player 0 placing token on slot 0
[2022-12-07 19:39:21] [SEVERE ] Key 87 was pressed by player 0
[2022-12-07 19:39:21] [SEVERE ] player 0 placing token on slot 1
[2022-12-07 19:39:21] [SEVERE ] Key 69 was pressed by player 0
[2022-12-07 19:39:21] [SEVERE ] player 0 placing token on slot 2
[2022-12-07 19:39:21] [SEVERE ] removing player 0 token from slot 0
[2022-12-07 19:39:21] [SEVERE ] removing player 0 token from slot 1
[2022-12-07 19:39:21] [SEVERE ] removing player 0 token from slot 2
[2022-12-07 19:39:21] [SEVERE ] setting player 0 score to 9
[2022-12-07 19:39:21] [SEVERE ] Key 81 was pressed by player 0
[2022-12-07 19:39:21] [SEVERE ] player 0 placing token on slot 0
[2022-12-07 19:39:21] [SEVERE ] Key 87 was pressed by player 0
[2022-12-07 19:39:21] [SEVERE ] player 0 placing token on slot 1
[2022-12-07 19:39:21] [SEVERE ] Key 69 was pressed by player 0
[2022-12-07 19:39:21] [SEVERE ] player 0 placing token on slot 2
[2022-12-07 19:39:21] [SEVERE ] removing player 0 token from slot 0
[2022-12-07 19:39:21] [SEVERE ] removing player 0 token from slot 1
[2022-12-07 19:39:21] [SEVERE ] removing player 0 token from slot 2
[2022-12-07 19:39:21] [SEVERE ] setting player 0 score to 10
[2022-12-07 19:39:21] [SEVERE ] Key 81 was pressed by player 0
[2022-12-07 19:39:21] [SEVERE ] player 0 placing token on slot 0
[2022-12-07 19:39:21] [SEVERE ] Key 87 was pressed by player 0
[2022-12-07 19:39:21] [SEVERE ] player 0 placing token on slot 1
[2022-12-07 19:39:21] [SEVERE ] Key 69 was pressed by player 0
[2022-12-07 19:39:21] [SEVERE ] player 0 placing token on slot 2
[2022-12-07 19:39:21] [SEVERE ] removing player 0 token from slot 0
[2022-12-07 19:39:21] [SEVERE ] removing player 0 token from slot 1
[2022-12-07 19:39:21] [SEVERE ] removing player 0 token from slot 2
[2022-12-07 19:39:21] [SEVERE ] setting player 0 score to 11
[2022-12-07 19:39:22] [SEVERE ] Key 81 was pressed by player 0
[2022-12-07 19:39:22] [SEVERE ] player 0 placing token on slot 0
[2022-12-07 19:39:22] [SEVERE ] Key 87 was pressed by player 0
[2022-12-07 19:39:22] [SEVERE ] player 0 placing token on slot 1
[2022-12-07 19:39:22] [SEVERE ] Key 69 was pressed by player 0
[2022-12-07 19:39:22] [SEVERE ] player 0 placing token on slot 2
[2022-12-07 19:39:22] [SEVERE ] removing player 0 token from slot 0
[2022-12-07 19:39:22] [SEVERE ] removing player 0 token from slot 1
[2022-12-07 19:39:22] [SEVERE ] removing player 0 token from slot 2
[2022-12-07 19:39:22] [SEVERE ] setting player 0 score to 12
[2022-12-07 19:39:22] [SEVERE ] Key 81 was pressed by player 0
[2022-12-07 19:39:22] [SEVERE ] player 0 placing token on slot 0
[2022-12-07 19:39:22] [SEVERE ] Key 87 was pressed by player 0
[2022-12-07 19:39:22] [SEVERE ] player 0 placing token on slot 1
[2022-12-07 19:39:22] [SEVERE ] Key 69 was pressed by player 0
[2022-12-07 19:39:22] [SEVERE ] player 0 placing token on slot 2
[2022-12-07 19:39:22] [SEVERE ] removing player 0 token from slot 0
[2022-12-07 19:39:22] [SEVERE ] removing player 0 token from slot 1
[2022-12-07 19:39:22] [SEVERE ] removing player 0 token from slot 2
[2022-12-07 19:39:22] [SEVERE ] setting player 0 score to 13
[2022-12-07 19:39:22] [SEVERE ] Key 81 was pressed by player 0
[2022-12-07 19:39:22] [SEVERE ] player 0 placing token on slot 0
[2022-12-07 19:39:22] [SEVERE ] Key 87 was pressed by player 0
[2022-12-07 19:39:22] [SEVERE ] player 0 placing token on slot 1
[2022-12-07 19:39:22] [SEVERE ] Key 69 was pressed by player 0
[2022-12-07 19:39:22] [SEVERE ] player 0 placing token on slot 2
[2022-12-07 19:39:22] [SEVERE ] removing player 0 token from slot 0
[2022-12-07 19:39:22] [SEVERE ] removing player 0 token from slot 1
[2022-12-07 19:39:22] [SEVERE ] removing player 0 token from slot 2
[2022-12-07 19:39:22] [SEVERE ] setting player 0 score to 14
[2022-12-07 19:40:16] [SEVERE ] placing card 12 in slot 0
[2022-12-07 19:40:16] [SEVERE ] placing card 28 in slot 1
[2022-12-07 19:40:16] [SEVERE ] placing card 50 in slot 2
[2022-12-07 19:40:16] [SEVERE ] placing card 13 in slot 3
[2022-12-07 19:40:16] [SEVERE ] placing card 10 in slot 4
[2022-12-07 19:40:16] [SEVERE ] placing card 79 in slot 5
[2022-12-07 19:40:16] [SEVERE ] placing card 1 in slot 6
[2022-12-07 19:40:16] [SEVERE ] placing card 60 in slot 7
[2022-12-07 19:40:17] [SEVERE ] placing card 7 in slot 8
[2022-12-07 19:40:17] [SEVERE ] placing card 5 in slot 9
[2022-12-07 19:40:17] [SEVERE ] placing card 8 in slot 10
[2022-12-07 19:40:17] [SEVERE ] placing card 32 in slot 11
[2022-12-07 19:41:17] [SEVERE ] placing card 41 in slot 0
[2022-12-07 19:41:17] [SEVERE ] placing card 75 in slot 1
[2022-12-07 19:41:17] [SEVERE ] placing card 0 in slot 2
[2022-12-07 19:41:18] [SEVERE ] placing card 22 in slot 3
[2022-12-07 19:41:18] [SEVERE ] placing card 3 in slot 4
[2022-12-07 19:41:18] [SEVERE ] placing card 5 in slot 5
[2022-12-07 19:41:18] [SEVERE ] placing card 66 in slot 6
[2022-12-07 19:41:18] [SEVERE ] placing card 17 in slot 7
[2022-12-07 19:41:18] [SEVERE ] placing card 42 in slot 8
[2022-12-07 19:41:18] [SEVERE ] placing card 24 in slot 9
[2022-12-07 19:41:18] [SEVERE ] placing card 54 in slot 10
[2022-12-07 19:41:18] [SEVERE ] placing card 33 in slot 11
