[2022-12-07 19:41:40] [INFO   ] cannot read configuration file config.properties trying from resources.
[2022-12-07 19:41:40] [INFO   ] configuration file was loaded from resources directory.
[2022-12-07 19:41:41] [SEVERE ] placing card 3 in slot 0
[2022-12-07 19:41:41] [SEVERE ] placing card 73 in slot 1
[2022-12-07 19:41:41] [SEVERE ] placing card 27 in slot 2
[2022-12-07 19:41:41] [SEVERE ] placing card 42 in slot 3
[2022-12-07 19:41:42] [SEVERE ] placing card 41 in slot 4
[2022-12-07 19:41:42] [SEVERE ] placing card 45 in slot 5
[2022-12-07 19:41:42] [SEVERE ] placing card 17 in slot 6
[2022-12-07 19:41:42] [SEVERE ] placing card 75 in slot 7
[2022-12-07 19:41:42] [SEVERE ] placing card 21 in slot 8
[2022-12-07 19:41:42] [SEVERE ] placing card 33 in slot 9
[2022-12-07 19:41:42] [SEVERE ] placing card 52 in slot 10
[2022-12-07 19:41:42] [SEVERE ] placing card 44 in slot 11
[2022-12-07 19:41:42] [SEVERE ] Key 81 was pressed by player 0
[2022-12-07 19:41:42] [SEVERE ] player 0 placing token on slot 0
[2022-12-07 19:41:43] [SEVERE ] Key 87 was pressed by player 0
[2022-12-07 19:41:43] [SEVERE ] player 0 placing token on slot 1
[2022-12-07 19:41:43] [SEVERE ] Key 69 was pressed by player 0
[2022-12-07 19:41:43] [SEVERE ] player 0 placing token on slot 2
[2022-12-07 19:41:43] [SEVERE ] removing player 0 token from slot 0
[2022-12-07 19:41:43] [SEVERE ] removing player 0 token from slot 1
[2022-12-07 19:41:43] [SEVERE ] removing player 0 token from slot 2
[2022-12-07 19:41:43] [SEVERE ] setting player 0 score to 1
[2022-12-07 19:41:43] [SEVERE ] Key 81 was pressed by player 0
[2022-12-07 19:41:43] [SEVERE ] player 0 placing token on slot 0
[2022-12-07 19:41:43] [SEVERE ] Key 87 was pressed by player 0
[2022-12-07 19:41:43] [SEVERE ] player 0 placing token on slot 1
[2022-12-07 19:41:43] [SEVERE ] Key 69 was pressed by player 0
[2022-12-07 19:41:43] [SEVERE ] player 0 placing token on slot 2
[2022-12-07 19:41:43] [SEVERE ] removing player 0 token from slot 0
[2022-12-07 19:41:43] [SEVERE ] removing player 0 token from slot 1
[2022-12-07 19:41:43] [SEVERE ] removing player 0 token from slot 2
[2022-12-07 19:41:43] [SEVERE ] setting player 0 score to 2
[2022-12-07 19:41:43] [SEVERE ] Key 81 was pressed by player 0
[2022-12-07 19:41:43] [SEVERE ] player 0 placing token on slot 0
[2022-12-07 19:41:43] [SEVERE ] Key 87 was pressed by player 0
[2022-12-07 19:41:43] [SEVERE ] player 0 placing token on slot 1
[2022-12-07 19:41:44] [SEVERE ] Key 69 was pressed by player 0
[2022-12-07 19:41:44] [SEVERE ] player 0 placing token on slot 2
[2022-12-07 19:41:44] [SEVERE ] removing player 0 token from slot 0
[2022-12-07 19:41:44] [SEVERE ] removing player 0 token from slot 1
[2022-12-07 19:41:44] [SEVERE ] removing player 0 token from slot 2
[2022-12-07 19:41:44] [SEVERE ] setting player 0 score to 3
[2022-12-07 19:41:44] [SEVERE ] Key 81 was pressed by player 0
[2022-12-07 19:41:44] [SEVERE ] player 0 placing token on slot 0
[2022-12-07 19:41:44] [SEVERE ] Key 87 was pressed by player 0
[2022-12-07 19:41:44] [SEVERE ] player 0 placing token on slot 1
[2022-12-07 19:41:44] [SEVERE ] Key 69 was pressed by player 0
[2022-12-07 19:41:44] [SEVERE ] player 0 placing token on slot 2
[2022-12-07 19:41:44] [SEVERE ] removing player 0 token from slot 0
[2022-12-07 19:41:44] [SEVERE ] removing player 0 token from slot 1
[2022-12-07 19:41:44] [SEVERE ] removing player 0 token from slot 2
[2022-12-07 19:41:44] [SEVERE ] setting player 0 score to 4
[2022-12-07 19:41:44] [SEVERE ] Key 81 was pressed by player 0
[2022-12-07 19:41:44] [SEVERE ] player 0 placing token on slot 0
[2022-12-07 19:41:44] [SEVERE ] Key 87 was pressed by player 0
[2022-12-07 19:41:44] [SEVERE ] player 0 placing token on slot 1
[2022-12-07 19:41:44] [SEVERE ] Key 69 was pressed by player 0
[2022-12-07 19:41:44] [SEVERE ] player 0 placing token on slot 2
[2022-12-07 19:41:44] [SEVERE ] removing player 0 token from slot 0
[2022-12-07 19:41:44] [SEVERE ] removing player 0 token from slot 1
[2022-12-07 19:41:44] [SEVERE ] removing player 0 token from slot 2
[2022-12-07 19:41:44] [SEVERE ] setting player 0 score to 5
[2022-12-07 19:41:44] [SEVERE ] Key 81 was pressed by player 0
[2022-12-07 19:41:44] [SEVERE ] player 0 placing token on slot 0
[2022-12-07 19:41:45] [SEVERE ] Key 87 was pressed by player 0
[2022-12-07 19:41:45] [SEVERE ] player 0 placing token on slot 1
[2022-12-07 19:41:45] [SEVERE ] Key 69 was pressed by player 0
[2022-12-07 19:41:45] [SEVERE ] player 0 placing token on slot 2
[2022-12-07 19:41:45] [SEVERE ] removing player 0 token from slot 0
[2022-12-07 19:41:45] [SEVERE ] removing player 0 token from slot 1
[2022-12-07 19:41:45] [SEVERE ] removing player 0 token from slot 2
[2022-12-07 19:41:45] [SEVERE ] setting player 0 score to 6
[2022-12-07 19:41:45] [SEVERE ] Key 81 was pressed by player 0
[2022-12-07 19:41:45] [SEVERE ] player 0 placing token on slot 0
[2022-12-07 19:41:45] [SEVERE ] Key 87 was pressed by player 0
[2022-12-07 19:41:45] [SEVERE ] player 0 placing token on slot 1
[2022-12-07 19:41:45] [SEVERE ] Key 69 was pressed by player 0
[2022-12-07 19:41:45] [SEVERE ] player 0 placing token on slot 2
[2022-12-07 19:41:45] [SEVERE ] removing player 0 token from slot 0
[2022-12-07 19:41:45] [SEVERE ] removing player 0 token from slot 1
[2022-12-07 19:41:45] [SEVERE ] removing player 0 token from slot 2
[2022-12-07 19:41:45] [SEVERE ] setting player 0 score to 7
[2022-12-07 19:41:45] [SEVERE ] Key 81 was pressed by player 0
[2022-12-07 19:41:45] [SEVERE ] player 0 placing token on slot 0
[2022-12-07 19:41:45] [SEVERE ] Key 87 was pressed by player 0
[2022-12-07 19:41:45] [SEVERE ] player 0 placing token on slot 1
[2022-12-07 19:41:45] [SEVERE ] Key 69 was pressed by player 0
[2022-12-07 19:41:45] [SEVERE ] player 0 placing token on slot 2
[2022-12-07 19:41:45] [SEVERE ] removing player 0 token from slot 0
[2022-12-07 19:41:45] [SEVERE ] removing player 0 token from slot 1
[2022-12-07 19:41:45] [SEVERE ] removing player 0 token from slot 2
[2022-12-07 19:41:45] [SEVERE ] setting player 0 score to 8
[2022-12-07 19:41:45] [SEVERE ] Key 81 was pressed by player 0
[2022-12-07 19:41:45] [SEVERE ] player 0 placing token on slot 0
[2022-12-07 19:41:46] [SEVERE ] Key 87 was pressed by player 0
[2022-12-07 19:41:46] [SEVERE ] player 0 placing token on slot 1
[2022-12-07 19:41:46] [SEVERE ] Key 69 was pressed by player 0
[2022-12-07 19:41:46] [SEVERE ] player 0 placing token on slot 2
[2022-12-07 19:41:46] [SEVERE ] removing player 0 token from slot 0
[2022-12-07 19:41:46] [SEVERE ] removing player 0 token from slot 1
[2022-12-07 19:41:46] [SEVERE ] removing player 0 token from slot 2
[2022-12-07 19:41:46] [SEVERE ] setting player 0 score to 9
[2022-12-07 19:41:46] [SEVERE ] Key 81 was pressed by player 0
[2022-12-07 19:41:46] [SEVERE ] player 0 placing token on slot 0
[2022-12-07 19:41:46] [SEVERE ] Key 87 was pressed by player 0
[2022-12-07 19:41:46] [SEVERE ] player 0 placing token on slot 1
[2022-12-07 19:41:46] [SEVERE ] Key 69 was pressed by player 0
[2022-12-07 19:41:46] [SEVERE ] player 0 placing token on slot 2
[2022-12-07 19:41:46] [SEVERE ] removing player 0 token from slot 0
[2022-12-07 19:41:46] [SEVERE ] removing player 0 token from slot 1
[2022-12-07 19:41:46] [SEVERE ] removing player 0 token from slot 2
[2022-12-07 19:41:46] [SEVERE ] setting player 0 score to 10
[2022-12-07 19:41:46] [SEVERE ] Key 81 was pressed by player 0
[2022-12-07 19:41:46] [SEVERE ] player 0 placing token on slot 0
[2022-12-07 19:41:46] [SEVERE ] Key 87 was pressed by player 0
[2022-12-07 19:41:46] [SEVERE ] player 0 placing token on slot 1
[2022-12-07 19:41:46] [SEVERE ] Key 69 was pressed by player 0
[2022-12-07 19:41:46] [SEVERE ] player 0 placing token on slot 2
[2022-12-07 19:41:46] [SEVERE ] removing player 0 token from slot 0
[2022-12-07 19:41:46] [SEVERE ] removing player 0 token from slot 1
[2022-12-07 19:41:46] [SEVERE ] removing player 0 token from slot 2
[2022-12-07 19:41:46] [SEVERE ] setting player 0 score to 11
[2022-12-07 19:42:43] [SEVERE ] placing card 79 in slot 0
[2022-12-07 19:42:43] [SEVERE ] placing card 61 in slot 1
[2022-12-07 19:42:43] [SEVERE ] placing card 62 in slot 2
[2022-12-07 19:42:43] [SEVERE ] placing card 53 in slot 3
[2022-12-07 19:42:43] [SEVERE ] placing card 70 in slot 4
[2022-12-07 19:42:43] [SEVERE ] placing card 37 in slot 5
[2022-12-07 19:42:43] [SEVERE ] placing card 75 in slot 6
[2022-12-07 19:42:44] [SEVERE ] placing card 60 in slot 7
[2022-12-07 19:42:44] [SEVERE ] placing card 50 in slot 8
[2022-12-07 19:42:44] [SEVERE ] placing card 24 in slot 9
[2022-12-07 19:42:44] [SEVERE ] placing card 25 in slot 10
[2022-12-07 19:42:44] [SEVERE ] placing card 35 in slot 11
[2022-12-07 19:43:44] [SEVERE ] placing card 23 in slot 0
[2022-12-07 19:43:44] [SEVERE ] placing card 21 in slot 1
[2022-12-07 19:43:45] [SEVERE ] placing card 2 in slot 2
[2022-12-07 19:43:45] [SEVERE ] placing card 26 in slot 3
[2022-12-07 19:43:45] [SEVERE ] placing card 25 in slot 4
[2022-12-07 19:43:45] [SEVERE ] placing card 68 in slot 5
[2022-12-07 19:43:45] [SEVERE ] placing card 35 in slot 6
[2022-12-07 19:43:45] [SEVERE ] placing card 63 in slot 7
[2022-12-07 19:43:45] [SEVERE ] placing card 8 in slot 8
[2022-12-07 19:43:45] [SEVERE ] placing card 36 in slot 9
[2022-12-07 19:43:45] [SEVERE ] placing card 40 in slot 10
[2022-12-07 19:43:45] [SEVERE ] placing card 4 in slot 11
[2022-12-07 19:44:46] [SEVERE ] placing card 49 in slot 0
[2022-12-07 19:44:46] [SEVERE ] placing card 71 in slot 1
[2022-12-07 19:44:46] [SEVERE ] placing card 80 in slot 2
[2022-12-07 19:44:46] [SEVERE ] placing card 62 in slot 3
[2022-12-07 19:44:46] [SEVERE ] placing card 0 in slot 4
[2022-12-07 19:44:46] [SEVERE ] placing card 16 in slot 5
[2022-12-07 19:44:46] [SEVERE ] placing card 22 in slot 6
[2022-12-07 19:44:47] [SEVERE ] placing card 66 in slot 7
[2022-12-07 19:44:47] [SEVERE ] placing card 36 in slot 8
[2022-12-07 19:44:47] [SEVERE ] placing card 60 in slot 9
[2022-12-07 19:44:47] [SEVERE ] placing card 21 in slot 10
[2022-12-07 19:44:47] [SEVERE ] placing card 28 in slot 11
[2022-12-07 19:45:47] [SEVERE ] placing card 46 in slot 0
[2022-12-07 19:45:48] [SEVERE ] placing card 30 in slot 1
[2022-12-07 19:45:48] [SEVERE ] placing card 6 in slot 2
[2022-12-07 19:45:48] [SEVERE ] placing card 12 in slot 3
[2022-12-07 19:45:48] [SEVERE ] placing card 20 in slot 4
[2022-12-07 19:45:48] [SEVERE ] placing card 0 in slot 5
[2022-12-07 19:45:48] [SEVERE ] placing card 74 in slot 6
[2022-12-07 19:45:48] [SEVERE ] placing card 68 in slot 7
[2022-12-07 19:45:48] [SEVERE ] placing card 51 in slot 8
[2022-12-07 19:45:48] [SEVERE ] placing card 54 in slot 9
[2022-12-07 19:45:48] [SEVERE ] placing card 41 in slot 10
[2022-12-07 19:45:49] [SEVERE ] placing card 33 in slot 11
[2022-12-07 19:46:49] [SEVERE ] placing card 37 in slot 0
[2022-12-07 19:46:49] [SEVERE ] placing card 27 in slot 1
[2022-12-07 19:46:49] [SEVERE ] placing card 40 in slot 2
[2022-12-07 19:46:49] [SEVERE ] placing card 13 in slot 3
[2022-12-07 19:46:49] [SEVERE ] placing card 70 in slot 4
[2022-12-07 19:46:49] [SEVERE ] placing card 15 in slot 5
[2022-12-07 19:46:50] [SEVERE ] placing card 72 in slot 6
[2022-12-07 19:46:50] [SEVERE ] placing card 20 in slot 7
[2022-12-07 19:46:50] [SEVERE ] placing card 10 in slot 8
[2022-12-07 19:46:50] [SEVERE ] placing card 44 in slot 9
[2022-12-07 19:46:50] [SEVERE ] placing card 62 in slot 10
[2022-12-07 19:46:50] [SEVERE ] placing card 73 in slot 11
[2022-12-07 19:47:51] [SEVERE ] placing card 55 in slot 0
[2022-12-07 19:47:51] [SEVERE ] placing card 70 in slot 1
