[2022-12-07 21:08:33] [INFO   ] cannot read configuration file config.properties trying from resources.
[2022-12-07 21:08:33] [INFO   ] configuration file was loaded from resources directory.
[2022-12-07 21:08:34] [SEVERE ] placing card 54 in slot 0
[2022-12-07 21:08:34] [SEVERE ] placing card 15 in slot 1
[2022-12-07 21:08:34] [SEVERE ] placing card 61 in slot 2
[2022-12-07 21:08:34] [SEVERE ] placing card 19 in slot 3
[2022-12-07 21:08:34] [SEVERE ] placing card 40 in slot 4
[2022-12-07 21:08:35] [SEVERE ] placing card 1 in slot 5
[2022-12-07 21:08:35] [SEVERE ] placing card 27 in slot 6
[2022-12-07 21:08:35] [SEVERE ] Key 81 was pressed by player 0
[2022-12-07 21:08:35] [SEVERE ] player 0 placing token on slot 0
[2022-12-07 21:08:35] [SEVERE ] placing card 41 in slot 7
[2022-12-07 21:08:35] [SEVERE ] Key 87 was pressed by player 0
[2022-12-07 21:08:35] [SEVERE ] player 0 placing token on slot 1
[2022-12-07 21:08:35] [SEVERE ] placing card 49 in slot 8
[2022-12-07 21:08:35] [SEVERE ] Key 69 was pressed by player 0
[2022-12-07 21:08:35] [SEVERE ] player 0 placing token on slot 2
[2022-12-07 21:08:35] [SEVERE ] removing player 0 token from slot 0
[2022-12-07 21:08:35] [SEVERE ] removing player 0 token from slot 1
[2022-12-07 21:08:35] [SEVERE ] removing player 0 token from slot 2
[2022-12-07 21:08:35] [SEVERE ] setting player 0 score to 1
[2022-12-07 21:08:35] [SEVERE ] placing card 58 in slot 9
[2022-12-07 21:08:35] [SEVERE ] placing card 62 in slot 10
[2022-12-07 21:08:35] [SEVERE ] placing card 44 in slot 11
[2022-12-07 21:08:35] [SEVERE ] Key 81 was pressed by player 0
[2022-12-07 21:08:35] [SEVERE ] player 0 placing token on slot 0
[2022-12-07 21:08:36] [SEVERE ] Key 87 was pressed by player 0
[2022-12-07 21:08:36] [SEVERE ] player 0 placing token on slot 1
[2022-12-07 21:08:36] [SEVERE ] Key 69 was pressed by player 0
[2022-12-07 21:08:36] [SEVERE ] player 0 placing token on slot 2
[2022-12-07 21:08:36] [SEVERE ] removing player 0 token from slot 0
[2022-12-07 21:08:36] [SEVERE ] removing player 0 token from slot 1
[2022-12-07 21:08:36] [SEVERE ] removing player 0 token from slot 2
[2022-12-07 21:08:36] [SEVERE ] setting player 0 score to 2
[2022-12-07 21:08:36] [SEVERE ] Key 81 was pressed by player 0
[2022-12-07 21:08:36] [SEVERE ] player 0 placing token on slot 0
[2022-12-07 21:08:36] [SEVERE ] Key 87 was pressed by player 0
[2022-12-07 21:08:36] [SEVERE ] player 0 placing token on slot 1
[2022-12-07 21:08:36] [SEVERE ] Key 69 was pressed by player 0
[2022-12-07 21:08:36] [SEVERE ] player 0 placing token on slot 2
[2022-12-07 21:08:36] [SEVERE ] removing player 0 token from slot 0
[2022-12-07 21:08:36] [SEVERE ] removing player 0 token from slot 1
[2022-12-07 21:08:36] [SEVERE ] removing player 0 token from slot 2
[2022-12-07 21:08:36] [SEVERE ] setting player 0 score to 3
[2022-12-07 21:08:36] [SEVERE ] Key 81 was pressed by player 0
[2022-12-07 21:08:36] [SEVERE ] player 0 placing token on slot 0
[2022-12-07 21:08:37] [SEVERE ] Key 87 was pressed by player 0
[2022-12-07 21:08:37] [SEVERE ] player 0 placing token on slot 1
[2022-12-07 21:08:37] [SEVERE ] Key 69 was pressed by player 0
[2022-12-07 21:08:37] [SEVERE ] player 0 placing token on slot 2
[2022-12-07 21:08:37] [SEVERE ] removing player 0 token from slot 0
[2022-12-07 21:08:37] [SEVERE ] removing player 0 token from slot 1
[2022-12-07 21:08:37] [SEVERE ] removing player 0 token from slot 2
[2022-12-07 21:08:37] [SEVERE ] setting player 0 score to 4
[2022-12-07 21:08:37] [SEVERE ] Key 81 was pressed by player 0
[2022-12-07 21:08:37] [SEVERE ] player 0 placing token on slot 0
[2022-12-07 21:08:37] [SEVERE ] Key 87 was pressed by player 0
[2022-12-07 21:08:37] [SEVERE ] player 0 placing token on slot 1
[2022-12-07 21:08:37] [SEVERE ] Key 69 was pressed by player 0
[2022-12-07 21:08:37] [SEVERE ] player 0 placing token on slot 2
[2022-12-07 21:08:37] [SEVERE ] removing player 0 token from slot 0
[2022-12-07 21:08:37] [SEVERE ] removing player 0 token from slot 1
[2022-12-07 21:08:37] [SEVERE ] removing player 0 token from slot 2
[2022-12-07 21:08:37] [SEVERE ] setting player 0 score to 5
[2022-12-07 21:08:37] [SEVERE ] Key 81 was pressed by player 0
[2022-12-07 21:08:37] [SEVERE ] player 0 placing token on slot 0
[2022-12-07 21:08:37] [SEVERE ] Key 87 was pressed by player 0
[2022-12-07 21:08:37] [SEVERE ] player 0 placing token on slot 1
[2022-12-07 21:08:37] [SEVERE ] Key 69 was pressed by player 0
[2022-12-07 21:08:37] [SEVERE ] player 0 placing token on slot 2
[2022-12-07 21:08:37] [SEVERE ] removing player 0 token from slot 0
[2022-12-07 21:08:37] [SEVERE ] removing player 0 token from slot 1
[2022-12-07 21:08:37] [SEVERE ] removing player 0 token from slot 2
[2022-12-07 21:08:37] [SEVERE ] setting player 0 score to 6
[2022-12-07 21:08:38] [SEVERE ] Key 81 was pressed by player 0
[2022-12-07 21:08:38] [SEVERE ] player 0 placing token on slot 0
[2022-12-07 21:08:38] [SEVERE ] Key 87 was pressed by player 0
[2022-12-07 21:08:38] [SEVERE ] player 0 placing token on slot 1
[2022-12-07 21:08:38] [SEVERE ] Key 69 was pressed by player 0
[2022-12-07 21:08:38] [SEVERE ] player 0 placing token on slot 2
[2022-12-07 21:08:38] [SEVERE ] removing player 0 token from slot 0
[2022-12-07 21:08:38] [SEVERE ] removing player 0 token from slot 1
[2022-12-07 21:08:38] [SEVERE ] removing player 0 token from slot 2
[2022-12-07 21:08:38] [SEVERE ] setting player 0 score to 7
[2022-12-07 21:08:38] [SEVERE ] Key 81 was pressed by player 0
[2022-12-07 21:08:38] [SEVERE ] player 0 placing token on slot 0
[2022-12-07 21:08:38] [SEVERE ] Key 87 was pressed by player 0
[2022-12-07 21:08:38] [SEVERE ] player 0 placing token on slot 1
[2022-12-07 21:08:38] [SEVERE ] Key 69 was pressed by player 0
[2022-12-07 21:08:38] [SEVERE ] player 0 placing token on slot 2
[2022-12-07 21:08:38] [SEVERE ] removing player 0 token from slot 0
[2022-12-07 21:08:38] [SEVERE ] removing player 0 token from slot 1
[2022-12-07 21:08:38] [SEVERE ] removing player 0 token from slot 2
[2022-12-07 21:08:38] [SEVERE ] setting player 0 score to 8
[2022-12-07 21:08:39] [SEVERE ] Key 65 was pressed by player 0
[2022-12-07 21:08:39] [SEVERE ] player 0 placing token on slot 4
[2022-12-07 21:08:39] [SEVERE ] Key 83 was pressed by player 0
[2022-12-07 21:08:39] [SEVERE ] player 0 placing token on slot 5
[2022-12-07 21:08:39] [SEVERE ] Key 68 was pressed by player 0
[2022-12-07 21:08:39] [SEVERE ] player 0 placing token on slot 6
[2022-12-07 21:08:39] [SEVERE ] removing player 0 token from slot 4
[2022-12-07 21:08:39] [SEVERE ] removing player 0 token from slot 5
[2022-12-07 21:08:39] [SEVERE ] removing player 0 token from slot 6
[2022-12-07 21:08:39] [SEVERE ] Key 65 was pressed by player 0
[2022-12-07 21:08:39] [SEVERE ] player 0 placing token on slot 4
[2022-12-07 21:08:39] [SEVERE ] Key 83 was pressed by player 0
[2022-12-07 21:08:39] [SEVERE ] player 0 placing token on slot 5
[2022-12-07 21:08:40] [SEVERE ] Key 68 was pressed by player 0
[2022-12-07 21:08:40] [SEVERE ] player 0 placing token on slot 6
[2022-12-07 21:08:40] [SEVERE ] removing player 0 token from slot 4
[2022-12-07 21:08:40] [SEVERE ] removing player 0 token from slot 5
[2022-12-07 21:08:40] [SEVERE ] removing player 0 token from slot 6
[2022-12-07 21:08:40] [SEVERE ] Key 65 was pressed by player 0
[2022-12-07 21:08:40] [SEVERE ] player 0 placing token on slot 4
[2022-12-07 21:08:40] [SEVERE ] Key 83 was pressed by player 0
[2022-12-07 21:08:40] [SEVERE ] player 0 placing token on slot 5
[2022-12-07 21:08:40] [SEVERE ] Key 68 was pressed by player 0
[2022-12-07 21:08:40] [SEVERE ] player 0 placing token on slot 6
[2022-12-07 21:08:40] [SEVERE ] removing player 0 token from slot 4
[2022-12-07 21:08:40] [SEVERE ] removing player 0 token from slot 5
[2022-12-07 21:08:40] [SEVERE ] removing player 0 token from slot 6
[2022-12-07 21:08:40] [SEVERE ] Key 65 was pressed by player 0
[2022-12-07 21:08:40] [SEVERE ] player 0 placing token on slot 4
[2022-12-07 21:08:40] [SEVERE ] Key 83 was pressed by player 0
[2022-12-07 21:08:40] [SEVERE ] player 0 placing token on slot 5
[2022-12-07 21:08:40] [SEVERE ] Key 68 was pressed by player 0
[2022-12-07 21:08:40] [SEVERE ] player 0 placing token on slot 6
[2022-12-07 21:08:40] [SEVERE ] removing player 0 token from slot 4
[2022-12-07 21:08:40] [SEVERE ] removing player 0 token from slot 5
[2022-12-07 21:08:40] [SEVERE ] removing player 0 token from slot 6
[2022-12-07 21:08:40] [SEVERE ] Key 65 was pressed by player 0
[2022-12-07 21:08:40] [SEVERE ] player 0 placing token on slot 4
[2022-12-07 21:08:40] [SEVERE ] Key 83 was pressed by player 0
[2022-12-07 21:08:40] [SEVERE ] player 0 placing token on slot 5
[2022-12-07 21:08:41] [SEVERE ] Key 68 was pressed by player 0
[2022-12-07 21:08:41] [SEVERE ] player 0 placing token on slot 6
[2022-12-07 21:08:41] [SEVERE ] removing player 0 token from slot 4
[2022-12-07 21:08:41] [SEVERE ] removing player 0 token from slot 5
[2022-12-07 21:08:41] [SEVERE ] removing player 0 token from slot 6
[2022-12-07 21:08:41] [SEVERE ] Key 65 was pressed by player 0
[2022-12-07 21:08:41] [SEVERE ] player 0 placing token on slot 4
[2022-12-07 21:08:41] [SEVERE ] Key 83 was pressed by player 0
[2022-12-07 21:08:41] [SEVERE ] player 0 placing token on slot 5
[2022-12-07 21:08:41] [SEVERE ] Key 68 was pressed by player 0
[2022-12-07 21:08:41] [SEVERE ] player 0 placing token on slot 6
[2022-12-07 21:08:41] [SEVERE ] removing player 0 token from slot 4
[2022-12-07 21:08:41] [SEVERE ] removing player 0 token from slot 5
[2022-12-07 21:08:41] [SEVERE ] removing player 0 token from slot 6
[2022-12-07 21:08:44] [SEVERE ] Key 88 was pressed by player 0
[2022-12-07 21:08:44] [SEVERE ] player 0 placing token on slot 9
[2022-12-07 21:08:44] [SEVERE ] Key 67 was pressed by player 0
[2022-12-07 21:08:44] [SEVERE ] player 0 placing token on slot 10
[2022-12-07 21:08:44] [SEVERE ] Key 86 was pressed by player 0
[2022-12-07 21:08:44] [SEVERE ] player 0 placing token on slot 11
[2022-12-07 21:08:44] [SEVERE ] removing player 0 token from slot 9
[2022-12-07 21:08:44] [SEVERE ] removing player 0 token from slot 10
[2022-12-07 21:08:44] [SEVERE ] removing player 0 token from slot 11
[2022-12-07 21:08:44] [SEVERE ] setting player 0 score to 9
[2022-12-07 21:08:45] [SEVERE ] Key 88 was pressed by player 0
[2022-12-07 21:08:45] [SEVERE ] player 0 placing token on slot 9
[2022-12-07 21:08:45] [SEVERE ] Key 67 was pressed by player 0
[2022-12-07 21:08:45] [SEVERE ] player 0 placing token on slot 10
[2022-12-07 21:08:45] [SEVERE ] Key 86 was pressed by player 0
[2022-12-07 21:08:45] [SEVERE ] player 0 placing token on slot 11
[2022-12-07 21:08:45] [SEVERE ] removing player 0 token from slot 9
[2022-12-07 21:08:45] [SEVERE ] removing player 0 token from slot 10
[2022-12-07 21:08:45] [SEVERE ] removing player 0 token from slot 11
[2022-12-07 21:08:45] [SEVERE ] setting player 0 score to 10
[2022-12-07 21:08:45] [SEVERE ] Key 88 was pressed by player 0
[2022-12-07 21:08:45] [SEVERE ] player 0 placing token on slot 9
[2022-12-07 21:08:45] [SEVERE ] Key 67 was pressed by player 0
[2022-12-07 21:08:45] [SEVERE ] player 0 placing token on slot 10
[2022-12-07 21:08:45] [SEVERE ] Key 86 was pressed by player 0
[2022-12-07 21:08:45] [SEVERE ] player 0 placing token on slot 11
[2022-12-07 21:08:45] [SEVERE ] removing player 0 token from slot 9
[2022-12-07 21:08:45] [SEVERE ] removing player 0 token from slot 10
[2022-12-07 21:08:45] [SEVERE ] removing player 0 token from slot 11
[2022-12-07 21:08:45] [SEVERE ] setting player 0 score to 11
[2022-12-07 21:08:45] [SEVERE ] Key 88 was pressed by player 0
[2022-12-07 21:08:45] [SEVERE ] player 0 placing token on slot 9
[2022-12-07 21:08:45] [SEVERE ] Key 67 was pressed by player 0
[2022-12-07 21:08:45] [SEVERE ] player 0 placing token on slot 10
[2022-12-07 21:08:46] [SEVERE ] Key 86 was pressed by player 0
[2022-12-07 21:08:46] [SEVERE ] player 0 placing token on slot 11
[2022-12-07 21:08:46] [SEVERE ] removing player 0 token from slot 9
[2022-12-07 21:08:46] [SEVERE ] removing player 0 token from slot 10
[2022-12-07 21:08:46] [SEVERE ] removing player 0 token from slot 11
[2022-12-07 21:08:46] [SEVERE ] setting player 0 score to 12
[2022-12-07 21:08:47] [SEVERE ] Key 80 was pressed by player 1
[2022-12-07 21:08:47] [SEVERE ] player 1 placing token on slot 3
[2022-12-07 21:08:47] [SEVERE ] Key 79 was pressed by player 1
[2022-12-07 21:08:47] [SEVERE ] player 1 placing token on slot 2
[2022-12-07 21:08:47] [SEVERE ] Key 73 was pressed by player 1
[2022-12-07 21:08:47] [SEVERE ] player 1 placing token on slot 1
[2022-12-07 21:08:47] [SEVERE ] removing player 1 token from slot 3
[2022-12-07 21:08:47] [SEVERE ] removing player 1 token from slot 2
[2022-12-07 21:08:47] [SEVERE ] removing player 1 token from slot 1
[2022-12-07 21:08:47] [SEVERE ] Key 80 was pressed by player 1
[2022-12-07 21:08:47] [SEVERE ] player 1 placing token on slot 3
[2022-12-07 21:08:47] [SEVERE ] Key 79 was pressed by player 1
[2022-12-07 21:08:47] [SEVERE ] player 1 placing token on slot 2
[2022-12-07 21:08:47] [SEVERE ] Key 73 was pressed by player 1
[2022-12-07 21:08:47] [SEVERE ] player 1 placing token on slot 1
[2022-12-07 21:08:47] [SEVERE ] removing player 1 token from slot 3
[2022-12-07 21:08:47] [SEVERE ] removing player 1 token from slot 2
[2022-12-07 21:08:47] [SEVERE ] removing player 1 token from slot 1
[2022-12-07 21:08:48] [SEVERE ] Key 59 was pressed by player 1
[2022-12-07 21:08:48] [SEVERE ] player 1 placing token on slot 7
[2022-12-07 21:08:48] [SEVERE ] Key 76 was pressed by player 1
[2022-12-07 21:08:48] [SEVERE ] player 1 placing token on slot 6
[2022-12-07 21:08:48] [SEVERE ] Key 75 was pressed by player 1
[2022-12-07 21:08:48] [SEVERE ] player 1 placing token on slot 5
[2022-12-07 21:08:48] [SEVERE ] removing player 1 token from slot 7
[2022-12-07 21:08:48] [SEVERE ] removing player 1 token from slot 6
[2022-12-07 21:08:48] [SEVERE ] removing player 1 token from slot 5
[2022-12-07 21:08:48] [SEVERE ] Key 59 was pressed by player 1
[2022-12-07 21:08:48] [SEVERE ] player 1 placing token on slot 7
[2022-12-07 21:08:48] [SEVERE ] Key 76 was pressed by player 1
[2022-12-07 21:08:48] [SEVERE ] player 1 placing token on slot 6
[2022-12-07 21:08:48] [SEVERE ] Key 75 was pressed by player 1
[2022-12-07 21:08:48] [SEVERE ] player 1 placing token on slot 5
[2022-12-07 21:08:48] [SEVERE ] removing player 1 token from slot 7
[2022-12-07 21:08:48] [SEVERE ] removing player 1 token from slot 6
[2022-12-07 21:08:48] [SEVERE ] removing player 1 token from slot 5
[2022-12-07 21:08:49] [SEVERE ] Key 46 was pressed by player 1
[2022-12-07 21:08:49] [SEVERE ] player 1 placing token on slot 10
[2022-12-07 21:08:49] [SEVERE ] Key 44 was pressed by player 1
[2022-12-07 21:08:49] [SEVERE ] player 1 placing token on slot 9
[2022-12-07 21:08:49] [SEVERE ] Key 77 was pressed by player 1
[2022-12-07 21:08:49] [SEVERE ] player 1 placing token on slot 8
[2022-12-07 21:08:49] [SEVERE ] removing player 1 token from slot 10
[2022-12-07 21:08:49] [SEVERE ] removing player 1 token from slot 9
[2022-12-07 21:08:49] [SEVERE ] removing player 1 token from slot 8
[2022-12-07 21:08:49] [SEVERE ] Key 46 was pressed by player 1
[2022-12-07 21:08:49] [SEVERE ] player 1 placing token on slot 10
[2022-12-07 21:08:49] [SEVERE ] Key 44 was pressed by player 1
[2022-12-07 21:08:49] [SEVERE ] player 1 placing token on slot 9
[2022-12-07 21:08:49] [SEVERE ] Key 77 was pressed by player 1
[2022-12-07 21:08:49] [SEVERE ] player 1 placing token on slot 8
[2022-12-07 21:08:49] [SEVERE ] removing player 1 token from slot 10
[2022-12-07 21:08:49] [SEVERE ] removing player 1 token from slot 9
[2022-12-07 21:08:49] [SEVERE ] removing player 1 token from slot 8
[2022-12-07 21:08:50] [SEVERE ] Key 75 was pressed by player 1
[2022-12-07 21:08:50] [SEVERE ] player 1 placing token on slot 5
[2022-12-07 21:08:50] [SEVERE ] Key 59 was pressed by player 1
[2022-12-07 21:08:50] [SEVERE ] player 1 placing token on slot 7
[2022-12-07 21:08:51] [SEVERE ] Key 80 was pressed by player 1
[2022-12-07 21:08:51] [SEVERE ] player 1 placing token on slot 3
[2022-12-07 21:08:51] [SEVERE ] removing player 1 token from slot 5
[2022-12-07 21:08:51] [SEVERE ] removing player 1 token from slot 7
[2022-12-07 21:08:51] [SEVERE ] removing player 1 token from slot 3
[2022-12-07 21:08:51] [SEVERE ] Key 75 was pressed by player 1
[2022-12-07 21:08:51] [SEVERE ] player 1 placing token on slot 5
[2022-12-07 21:08:51] [SEVERE ] Key 59 was pressed by player 1
[2022-12-07 21:08:51] [SEVERE ] player 1 placing token on slot 7
[2022-12-07 21:08:51] [SEVERE ] Key 80 was pressed by player 1
[2022-12-07 21:08:51] [SEVERE ] player 1 placing token on slot 3
[2022-12-07 21:08:51] [SEVERE ] removing player 1 token from slot 5
[2022-12-07 21:08:51] [SEVERE ] removing player 1 token from slot 7
[2022-12-07 21:08:51] [SEVERE ] removing player 1 token from slot 3
[2022-12-07 21:08:51] [SEVERE ] Key 75 was pressed by player 1
[2022-12-07 21:08:51] [SEVERE ] player 1 placing token on slot 5
[2022-12-07 21:08:52] [SEVERE ] Key 79 was pressed by player 1
[2022-12-07 21:08:52] [SEVERE ] player 1 placing token on slot 2
[2022-12-07 21:08:52] [SEVERE ] Key 59 was pressed by player 1
[2022-12-07 21:08:52] [SEVERE ] player 1 placing token on slot 7
[2022-12-07 21:08:52] [SEVERE ] removing player 1 token from slot 5
[2022-12-07 21:08:52] [SEVERE ] removing player 1 token from slot 2
[2022-12-07 21:08:52] [SEVERE ] removing player 1 token from slot 7
[2022-12-07 21:08:52] [SEVERE ] Key 75 was pressed by player 1
[2022-12-07 21:08:52] [SEVERE ] player 1 placing token on slot 5
[2022-12-07 21:08:52] [SEVERE ] Key 44 was pressed by player 1
[2022-12-07 21:08:52] [SEVERE ] player 1 placing token on slot 9
[2022-12-07 21:08:52] [SEVERE ] Key 46 was pressed by player 1
[2022-12-07 21:08:52] [SEVERE ] player 1 placing token on slot 10
[2022-12-07 21:08:52] [SEVERE ] removing player 1 token from slot 5
[2022-12-07 21:08:52] [SEVERE ] removing player 1 token from slot 9
[2022-12-07 21:08:52] [SEVERE ] removing player 1 token from slot 10
[2022-12-07 21:08:52] [SEVERE ] Key 77 was pressed by player 1
[2022-12-07 21:08:52] [SEVERE ] player 1 placing token on slot 8
[2022-12-07 21:08:52] [SEVERE ] Key 59 was pressed by player 1
[2022-12-07 21:08:52] [SEVERE ] player 1 placing token on slot 7
[2022-12-07 21:08:52] [SEVERE ] Key 46 was pressed by player 1
[2022-12-07 21:08:52] [SEVERE ] player 1 placing token on slot 10
[2022-12-07 21:08:52] [SEVERE ] removing player 1 token from slot 8
[2022-12-07 21:08:52] [SEVERE ] removing player 1 token from slot 7
[2022-12-07 21:08:52] [SEVERE ] removing player 1 token from slot 10
[2022-12-07 21:08:53] [SEVERE ] Key 59 was pressed by player 1
[2022-12-07 21:08:53] [SEVERE ] player 1 placing token on slot 7
[2022-12-07 21:08:53] [SEVERE ] Key 76 was pressed by player 1
[2022-12-07 21:08:53] [SEVERE ] player 1 placing token on slot 6
[2022-12-07 21:08:53] [SEVERE ] Key 75 was pressed by player 1
[2022-12-07 21:08:53] [SEVERE ] player 1 placing token on slot 5
[2022-12-07 21:08:53] [SEVERE ] removing player 1 token from slot 7
[2022-12-07 21:08:53] [SEVERE ] removing player 1 token from slot 6
[2022-12-07 21:08:53] [SEVERE ] removing player 1 token from slot 5
[2022-12-07 21:08:53] [SEVERE ] Key 59 was pressed by player 1
[2022-12-07 21:08:53] [SEVERE ] player 1 placing token on slot 7
[2022-12-07 21:08:53] [SEVERE ] Key 44 was pressed by player 1
[2022-12-07 21:08:53] [SEVERE ] player 1 placing token on slot 9
[2022-12-07 21:08:53] [SEVERE ] Key 77 was pressed by player 1
[2022-12-07 21:08:53] [SEVERE ] player 1 placing token on slot 8
[2022-12-07 21:08:53] [SEVERE ] removing player 1 token from slot 7
[2022-12-07 21:08:53] [SEVERE ] removing player 1 token from slot 9
[2022-12-07 21:08:53] [SEVERE ] removing player 1 token from slot 8
[2022-12-07 21:08:53] [SEVERE ] Key 46 was pressed by player 1
[2022-12-07 21:08:53] [SEVERE ] player 1 placing token on slot 10
[2022-12-07 21:08:53] [SEVERE ] Key 44 was pressed by player 1
[2022-12-07 21:08:53] [SEVERE ] player 1 placing token on slot 9
[2022-12-07 21:08:54] [SEVERE ] Key 46 was pressed by player 1
[2022-12-07 21:08:54] [SEVERE ] player 1 placing token on slot 10
[2022-12-07 21:08:54] [SEVERE ] removing player 1 token from slot 10
[2022-12-07 21:08:54] [SEVERE ] removing player 1 token from slot 9
[2022-12-07 21:08:54] [SEVERE ] removing player 1 token from slot 10
[2022-12-07 21:08:54] [SEVERE ] Key 76 was pressed by player 1
[2022-12-07 21:08:54] [SEVERE ] player 1 placing token on slot 6
[2022-12-07 21:08:54] [SEVERE ] Key 75 was pressed by player 1
[2022-12-07 21:08:54] [SEVERE ] player 1 placing token on slot 5
[2022-12-07 21:08:54] [SEVERE ] Key 46 was pressed by player 1
[2022-12-07 21:08:54] [SEVERE ] player 1 placing token on slot 10
[2022-12-07 21:08:54] [SEVERE ] removing player 1 token from slot 6
[2022-12-07 21:08:54] [SEVERE ] removing player 1 token from slot 5
[2022-12-07 21:08:54] [SEVERE ] removing player 1 token from slot 10
[2022-12-07 21:08:54] [SEVERE ] Key 44 was pressed by player 1
[2022-12-07 21:08:54] [SEVERE ] player 1 placing token on slot 9
[2022-12-07 21:08:54] [SEVERE ] Key 77 was pressed by player 1
[2022-12-07 21:08:54] [SEVERE ] player 1 placing token on slot 8
[2022-12-07 21:08:54] [SEVERE ] Key 75 was pressed by player 1
[2022-12-07 21:08:54] [SEVERE ] player 1 placing token on slot 5
[2022-12-07 21:08:54] [SEVERE ] removing player 1 token from slot 9
[2022-12-07 21:08:54] [SEVERE ] removing player 1 token from slot 8
[2022-12-07 21:08:54] [SEVERE ] removing player 1 token from slot 5
[2022-12-07 21:08:54] [SEVERE ] Key 59 was pressed by player 1
[2022-12-07 21:08:54] [SEVERE ] player 1 placing token on slot 7
[2022-12-07 21:08:54] [SEVERE ] Key 76 was pressed by player 1
[2022-12-07 21:08:54] [SEVERE ] player 1 placing token on slot 6
[2022-12-07 21:08:55] [SEVERE ] Key 75 was pressed by player 1
[2022-12-07 21:08:55] [SEVERE ] player 1 placing token on slot 5
[2022-12-07 21:08:55] [SEVERE ] removing player 1 token from slot 7
[2022-12-07 21:08:55] [SEVERE ] removing player 1 token from slot 6
[2022-12-07 21:08:55] [SEVERE ] removing player 1 token from slot 5
[2022-12-07 21:08:55] [SEVERE ] Key 44 was pressed by player 1
[2022-12-07 21:08:55] [SEVERE ] player 1 placing token on slot 9
[2022-12-07 21:08:55] [SEVERE ] Key 46 was pressed by player 1
[2022-12-07 21:08:55] [SEVERE ] player 1 placing token on slot 10
[2022-12-07 21:08:55] [SEVERE ] Key 44 was pressed by player 1
[2022-12-07 21:08:55] [SEVERE ] player 1 placing token on slot 9
[2022-12-07 21:08:55] [SEVERE ] removing player 1 token from slot 9
[2022-12-07 21:08:55] [SEVERE ] removing player 1 token from slot 10
[2022-12-07 21:08:55] [SEVERE ] removing player 1 token from slot 9
[2022-12-07 21:08:55] [SEVERE ] Key 46 was pressed by player 1
[2022-12-07 21:08:55] [SEVERE ] player 1 placing token on slot 10
[2022-12-07 21:08:55] [SEVERE ] Key 75 was pressed by player 1
[2022-12-07 21:08:55] [SEVERE ] player 1 placing token on slot 5
[2022-12-07 21:08:55] [SEVERE ] Key 76 was pressed by player 1
[2022-12-07 21:08:55] [SEVERE ] player 1 placing token on slot 6
[2022-12-07 21:08:55] [SEVERE ] removing player 1 token from slot 10
[2022-12-07 21:08:55] [SEVERE ] removing player 1 token from slot 5
[2022-12-07 21:08:55] [SEVERE ] removing player 1 token from slot 6
[2022-12-07 21:08:56] [SEVERE ] Key 59 was pressed by player 1
[2022-12-07 21:08:56] [SEVERE ] player 1 placing token on slot 7
[2022-12-07 21:08:56] [SEVERE ] Key 76 was pressed by player 1
[2022-12-07 21:08:56] [SEVERE ] player 1 placing token on slot 6
[2022-12-07 21:08:56] [SEVERE ] Key 73 was pressed by player 1
[2022-12-07 21:08:56] [SEVERE ] player 1 placing token on slot 1
[2022-12-07 21:08:56] [SEVERE ] removing player 1 token from slot 7
[2022-12-07 21:08:56] [SEVERE ] removing player 1 token from slot 6
[2022-12-07 21:08:56] [SEVERE ] removing player 1 token from slot 1
[2022-12-07 21:08:56] [SEVERE ] Key 79 was pressed by player 1
[2022-12-07 21:08:56] [SEVERE ] player 1 placing token on slot 2
[2022-12-07 21:08:56] [SEVERE ] Key 79 was pressed by player 1
[2022-12-07 21:08:56] [SEVERE ] player 1 placing token on slot 2
[2022-12-07 21:08:56] [SEVERE ] Key 85 was pressed by player 1
[2022-12-07 21:08:56] [SEVERE ] player 1 placing token on slot 0
[2022-12-07 21:08:56] [SEVERE ] removing player 1 token from slot 2
[2022-12-07 21:08:56] [SEVERE ] removing player 1 token from slot 2
[2022-12-07 21:08:56] [SEVERE ] removing player 1 token from slot 0
[2022-12-07 21:08:56] [SEVERE ] Key 80 was pressed by player 1
[2022-12-07 21:08:56] [SEVERE ] player 1 placing token on slot 3
[2022-12-07 21:08:57] [SEVERE ] Key 80 was pressed by player 1
[2022-12-07 21:08:57] [SEVERE ] player 1 placing token on slot 3
[2022-12-07 21:08:57] [SEVERE ] Key 73 was pressed by player 1
[2022-12-07 21:08:57] [SEVERE ] player 1 placing token on slot 1
[2022-12-07 21:08:57] [SEVERE ] removing player 1 token from slot 3
[2022-12-07 21:08:57] [SEVERE ] removing player 1 token from slot 3
[2022-12-07 21:08:57] [SEVERE ] removing player 1 token from slot 1
[2022-12-07 21:08:57] [SEVERE ] Key 79 was pressed by player 1
[2022-12-07 21:08:57] [SEVERE ] player 1 placing token on slot 2
[2022-12-07 21:08:57] [SEVERE ] Key 80 was pressed by player 1
[2022-12-07 21:08:57] [SEVERE ] player 1 placing token on slot 3
[2022-12-07 21:08:57] [SEVERE ] Key 73 was pressed by player 1
[2022-12-07 21:08:57] [SEVERE ] player 1 placing token on slot 1
[2022-12-07 21:08:57] [SEVERE ] removing player 1 token from slot 2
[2022-12-07 21:08:57] [SEVERE ] removing player 1 token from slot 3
[2022-12-07 21:08:57] [SEVERE ] removing player 1 token from slot 1
[2022-12-07 21:08:58] [SEVERE ] Key 73 was pressed by player 1
[2022-12-07 21:08:58] [SEVERE ] player 1 placing token on slot 1
[2022-12-07 21:08:58] [SEVERE ] Key 79 was pressed by player 1
[2022-12-07 21:08:58] [SEVERE ] player 1 placing token on slot 2
[2022-12-07 21:08:58] [SEVERE ] Key 73 was pressed by player 1
[2022-12-07 21:08:58] [SEVERE ] player 1 placing token on slot 1
[2022-12-07 21:08:58] [SEVERE ] removing player 1 token from slot 1
[2022-12-07 21:08:58] [SEVERE ] removing player 1 token from slot 2
[2022-12-07 21:08:58] [SEVERE ] removing player 1 token from slot 1
[2022-12-07 21:08:59] [SEVERE ] Key 85 was pressed by player 1
[2022-12-07 21:08:59] [SEVERE ] player 1 placing token on slot 0
[2022-12-07 21:09:00] [SEVERE ] Key 85 was pressed by player 1
[2022-12-07 21:09:00] [SEVERE ] player 1 placing token on slot 0
[2022-12-07 21:09:00] [SEVERE ] Key 74 was pressed by player 1
[2022-12-07 21:09:00] [SEVERE ] player 1 placing token on slot 4
[2022-12-07 21:09:00] [SEVERE ] removing player 1 token from slot 0
[2022-12-07 21:09:00] [SEVERE ] removing player 1 token from slot 0
[2022-12-07 21:09:00] [SEVERE ] removing player 1 token from slot 4
[2022-12-07 21:09:01] [SEVERE ] Key 77 was pressed by player 1
[2022-12-07 21:09:01] [SEVERE ] player 1 placing token on slot 8
[2022-12-07 21:09:01] [SEVERE ] Key 85 was pressed by player 1
[2022-12-07 21:09:01] [SEVERE ] player 1 placing token on slot 0
[2022-12-07 21:09:01] [SEVERE ] Key 74 was pressed by player 1
[2022-12-07 21:09:01] [SEVERE ] player 1 placing token on slot 4
[2022-12-07 21:09:01] [SEVERE ] removing player 1 token from slot 8
[2022-12-07 21:09:01] [SEVERE ] removing player 1 token from slot 0
[2022-12-07 21:09:01] [SEVERE ] removing player 1 token from slot 4
[2022-12-07 21:09:01] [SEVERE ] setting player 1 score to 1
[2022-12-07 21:09:01] [SEVERE ] Key 77 was pressed by player 1
[2022-12-07 21:09:01] [SEVERE ] player 1 placing token on slot 8
[2022-12-07 21:09:02] [SEVERE ] Key 85 was pressed by player 1
[2022-12-07 21:09:02] [SEVERE ] player 1 placing token on slot 0
[2022-12-07 21:09:02] [SEVERE ] Key 74 was pressed by player 1
[2022-12-07 21:09:02] [SEVERE ] player 1 placing token on slot 4
[2022-12-07 21:09:02] [SEVERE ] removing player 1 token from slot 8
[2022-12-07 21:09:02] [SEVERE ] removing player 1 token from slot 0
[2022-12-07 21:09:02] [SEVERE ] removing player 1 token from slot 4
[2022-12-07 21:09:02] [SEVERE ] setting player 1 score to 2
[2022-12-07 21:09:02] [SEVERE ] Key 77 was pressed by player 1
[2022-12-07 21:09:02] [SEVERE ] player 1 placing token on slot 8
[2022-12-07 21:09:03] [SEVERE ] Key 85 was pressed by player 1
[2022-12-07 21:09:03] [SEVERE ] player 1 placing token on slot 0
[2022-12-07 21:09:03] [SEVERE ] Key 74 was pressed by player 1
[2022-12-07 21:09:03] [SEVERE ] player 1 placing token on slot 4
[2022-12-07 21:09:03] [SEVERE ] removing player 1 token from slot 8
[2022-12-07 21:09:03] [SEVERE ] removing player 1 token from slot 0
[2022-12-07 21:09:03] [SEVERE ] removing player 1 token from slot 4
[2022-12-07 21:09:03] [SEVERE ] setting player 1 score to 3
[2022-12-07 21:09:03] [SEVERE ] Key 77 was pressed by player 1
[2022-12-07 21:09:03] [SEVERE ] player 1 placing token on slot 8
[2022-12-07 21:09:04] [SEVERE ] Key 74 was pressed by player 1
[2022-12-07 21:09:04] [SEVERE ] player 1 placing token on slot 4
[2022-12-07 21:09:04] [SEVERE ] Key 85 was pressed by player 1
[2022-12-07 21:09:04] [SEVERE ] player 1 placing token on slot 0
[2022-12-07 21:09:04] [SEVERE ] removing player 1 token from slot 8
[2022-12-07 21:09:04] [SEVERE ] removing player 1 token from slot 4
[2022-12-07 21:09:04] [SEVERE ] removing player 1 token from slot 0
[2022-12-07 21:09:04] [SEVERE ] setting player 1 score to 4
[2022-12-07 21:09:04] [SEVERE ] Key 77 was pressed by player 1
[2022-12-07 21:09:04] [SEVERE ] player 1 placing token on slot 8
[2022-12-07 21:09:04] [SEVERE ] Key 74 was pressed by player 1
[2022-12-07 21:09:04] [SEVERE ] player 1 placing token on slot 4
[2022-12-07 21:09:05] [SEVERE ] Key 85 was pressed by player 1
[2022-12-07 21:09:05] [SEVERE ] player 1 placing token on slot 0
[2022-12-07 21:09:05] [SEVERE ] removing player 1 token from slot 8
[2022-12-07 21:09:05] [SEVERE ] removing player 1 token from slot 4
[2022-12-07 21:09:05] [SEVERE ] removing player 1 token from slot 0
[2022-12-07 21:09:05] [SEVERE ] setting player 1 score to 5
[2022-12-07 21:09:05] [SEVERE ] Key 77 was pressed by player 1
[2022-12-07 21:09:05] [SEVERE ] player 1 placing token on slot 8
[2022-12-07 21:09:05] [SEVERE ] Key 74 was pressed by player 1
[2022-12-07 21:09:05] [SEVERE ] player 1 placing token on slot 4
[2022-12-07 21:09:05] [SEVERE ] Key 85 was pressed by player 1
[2022-12-07 21:09:05] [SEVERE ] player 1 placing token on slot 0
[2022-12-07 21:09:05] [SEVERE ] removing player 1 token from slot 8
[2022-12-07 21:09:05] [SEVERE ] removing player 1 token from slot 4
[2022-12-07 21:09:05] [SEVERE ] removing player 1 token from slot 0
[2022-12-07 21:09:05] [SEVERE ] setting player 1 score to 6
[2022-12-07 21:09:06] [SEVERE ] Key 77 was pressed by player 1
[2022-12-07 21:09:06] [SEVERE ] player 1 placing token on slot 8
[2022-12-07 21:09:06] [SEVERE ] Key 74 was pressed by player 1
[2022-12-07 21:09:06] [SEVERE ] player 1 placing token on slot 4
[2022-12-07 21:09:06] [SEVERE ] Key 85 was pressed by player 1
[2022-12-07 21:09:06] [SEVERE ] player 1 placing token on slot 0
[2022-12-07 21:09:06] [SEVERE ] removing player 1 token from slot 8
[2022-12-07 21:09:06] [SEVERE ] removing player 1 token from slot 4
[2022-12-07 21:09:06] [SEVERE ] removing player 1 token from slot 0
[2022-12-07 21:09:06] [SEVERE ] setting player 1 score to 7
[2022-12-07 21:09:06] [SEVERE ] Key 77 was pressed by player 1
[2022-12-07 21:09:06] [SEVERE ] player 1 placing token on slot 8
[2022-12-07 21:09:06] [SEVERE ] Key 74 was pressed by player 1
[2022-12-07 21:09:06] [SEVERE ] player 1 placing token on slot 4
[2022-12-07 21:09:07] [SEVERE ] Key 85 was pressed by player 1
[2022-12-07 21:09:07] [SEVERE ] player 1 placing token on slot 0
[2022-12-07 21:09:07] [SEVERE ] removing player 1 token from slot 8
[2022-12-07 21:09:07] [SEVERE ] removing player 1 token from slot 4
[2022-12-07 21:09:07] [SEVERE ] removing player 1 token from slot 0
[2022-12-07 21:09:07] [SEVERE ] setting player 1 score to 8
[2022-12-07 21:09:07] [SEVERE ] Key 77 was pressed by player 1
[2022-12-07 21:09:07] [SEVERE ] player 1 placing token on slot 8
[2022-12-07 21:09:07] [SEVERE ] Key 74 was pressed by player 1
[2022-12-07 21:09:07] [SEVERE ] player 1 placing token on slot 4
[2022-12-07 21:09:07] [SEVERE ] Key 85 was pressed by player 1
[2022-12-07 21:09:07] [SEVERE ] player 1 placing token on slot 0
[2022-12-07 21:09:07] [SEVERE ] removing player 1 token from slot 8
[2022-12-07 21:09:07] [SEVERE ] removing player 1 token from slot 4
[2022-12-07 21:09:07] [SEVERE ] removing player 1 token from slot 0
[2022-12-07 21:09:07] [SEVERE ] setting player 1 score to 9
[2022-12-07 21:09:08] [SEVERE ] Key 85 was pressed by player 1
[2022-12-07 21:09:08] [SEVERE ] player 1 placing token on slot 0
[2022-12-07 21:09:08] [SEVERE ] Key 73 was pressed by player 1
[2022-12-07 21:09:08] [SEVERE ] player 1 placing token on slot 1
[2022-12-07 21:09:08] [SEVERE ] Key 79 was pressed by player 1
[2022-12-07 21:09:08] [SEVERE ] player 1 placing token on slot 2
[2022-12-07 21:09:08] [SEVERE ] removing player 1 token from slot 0
[2022-12-07 21:09:08] [SEVERE ] removing player 1 token from slot 1
[2022-12-07 21:09:08] [SEVERE ] removing player 1 token from slot 2
[2022-12-07 21:09:08] [SEVERE ] setting player 1 score to 10
[2022-12-07 21:09:09] [SEVERE ] Key 85 was pressed by player 1
[2022-12-07 21:09:09] [SEVERE ] player 1 placing token on slot 0
[2022-12-07 21:09:09] [SEVERE ] Key 73 was pressed by player 1
[2022-12-07 21:09:09] [SEVERE ] player 1 placing token on slot 1
[2022-12-07 21:09:09] [SEVERE ] Key 79 was pressed by player 1
[2022-12-07 21:09:09] [SEVERE ] player 1 placing token on slot 2
[2022-12-07 21:09:09] [SEVERE ] removing player 1 token from slot 0
[2022-12-07 21:09:09] [SEVERE ] removing player 1 token from slot 1
[2022-12-07 21:09:09] [SEVERE ] removing player 1 token from slot 2
[2022-12-07 21:09:09] [SEVERE ] setting player 1 score to 11
[2022-12-07 21:09:09] [SEVERE ] Key 85 was pressed by player 1
[2022-12-07 21:09:09] [SEVERE ] player 1 placing token on slot 0
[2022-12-07 21:09:09] [SEVERE ] Key 73 was pressed by player 1
[2022-12-07 21:09:09] [SEVERE ] player 1 placing token on slot 1
[2022-12-07 21:09:09] [SEVERE ] Key 79 was pressed by player 1
[2022-12-07 21:09:09] [SEVERE ] player 1 placing token on slot 2
[2022-12-07 21:09:09] [SEVERE ] removing player 1 token from slot 0
[2022-12-07 21:09:09] [SEVERE ] removing player 1 token from slot 1
[2022-12-07 21:09:09] [SEVERE ] removing player 1 token from slot 2
[2022-12-07 21:09:09] [SEVERE ] setting player 1 score to 12
[2022-12-07 21:09:09] [SEVERE ] Key 85 was pressed by player 1
[2022-12-07 21:09:09] [SEVERE ] player 1 placing token on slot 0
[2022-12-07 21:09:09] [SEVERE ] Key 73 was pressed by player 1
[2022-12-07 21:09:09] [SEVERE ] player 1 placing token on slot 1
[2022-12-07 21:09:09] [SEVERE ] Key 79 was pressed by player 1
[2022-12-07 21:09:09] [SEVERE ] player 1 placing token on slot 2
[2022-12-07 21:09:09] [SEVERE ] removing player 1 token from slot 0
[2022-12-07 21:09:09] [SEVERE ] removing player 1 token from slot 1
[2022-12-07 21:09:09] [SEVERE ] removing player 1 token from slot 2
[2022-12-07 21:09:09] [SEVERE ] setting player 1 score to 13
[2022-12-07 21:09:10] [SEVERE ] Key 85 was pressed by player 1
[2022-12-07 21:09:10] [SEVERE ] player 1 placing token on slot 0
[2022-12-07 21:09:10] [SEVERE ] Key 73 was pressed by player 1
[2022-12-07 21:09:10] [SEVERE ] player 1 placing token on slot 1
[2022-12-07 21:09:10] [SEVERE ] Key 79 was pressed by player 1
[2022-12-07 21:09:10] [SEVERE ] player 1 placing token on slot 2
[2022-12-07 21:09:10] [SEVERE ] removing player 1 token from slot 0
[2022-12-07 21:09:10] [SEVERE ] removing player 1 token from slot 1
[2022-12-07 21:09:10] [SEVERE ] removing player 1 token from slot 2
[2022-12-07 21:09:10] [SEVERE ] setting player 1 score to 14
[2022-12-07 21:09:10] [SEVERE ] Key 85 was pressed by player 1
[2022-12-07 21:09:10] [SEVERE ] player 1 placing token on slot 0
[2022-12-07 21:09:10] [SEVERE ] Key 73 was pressed by player 1
[2022-12-07 21:09:10] [SEVERE ] player 1 placing token on slot 1
[2022-12-07 21:09:10] [SEVERE ] Key 79 was pressed by player 1
[2022-12-07 21:09:10] [SEVERE ] player 1 placing token on slot 2
[2022-12-07 21:09:10] [SEVERE ] removing player 1 token from slot 0
[2022-12-07 21:09:10] [SEVERE ] removing player 1 token from slot 1
[2022-12-07 21:09:10] [SEVERE ] removing player 1 token from slot 2
[2022-12-07 21:09:10] [SEVERE ] setting player 1 score to 15
[2022-12-07 21:09:10] [SEVERE ] Key 85 was pressed by player 1
[2022-12-07 21:09:10] [SEVERE ] player 1 placing token on slot 0
[2022-12-07 21:09:10] [SEVERE ] Key 73 was pressed by player 1
[2022-12-07 21:09:10] [SEVERE ] player 1 placing token on slot 1
[2022-12-07 21:09:10] [SEVERE ] Key 79 was pressed by player 1
[2022-12-07 21:09:10] [SEVERE ] player 1 placing token on slot 2
[2022-12-07 21:09:10] [SEVERE ] removing player 1 token from slot 0
[2022-12-07 21:09:10] [SEVERE ] removing player 1 token from slot 1
[2022-12-07 21:09:10] [SEVERE ] removing player 1 token from slot 2
[2022-12-07 21:09:10] [SEVERE ] setting player 1 score to 16
[2022-12-07 21:09:10] [SEVERE ] Key 85 was pressed by player 1
[2022-12-07 21:09:10] [SEVERE ] player 1 placing token on slot 0
[2022-12-07 21:09:11] [SEVERE ] Key 73 was pressed by player 1
[2022-12-07 21:09:11] [SEVERE ] player 1 placing token on slot 1
[2022-12-07 21:09:11] [SEVERE ] Key 79 was pressed by player 1
[2022-12-07 21:09:11] [SEVERE ] player 1 placing token on slot 2
[2022-12-07 21:09:11] [SEVERE ] removing player 1 token from slot 0
[2022-12-07 21:09:11] [SEVERE ] removing player 1 token from slot 1
[2022-12-07 21:09:11] [SEVERE ] removing player 1 token from slot 2
[2022-12-07 21:09:11] [SEVERE ] setting player 1 score to 17
[2022-12-07 21:09:11] [SEVERE ] Key 85 was pressed by player 1
[2022-12-07 21:09:11] [SEVERE ] player 1 placing token on slot 0
[2022-12-07 21:09:11] [SEVERE ] Key 73 was pressed by player 1
[2022-12-07 21:09:11] [SEVERE ] player 1 placing token on slot 1
[2022-12-07 21:09:11] [SEVERE ] Key 79 was pressed by player 1
[2022-12-07 21:09:11] [SEVERE ] player 1 placing token on slot 2
[2022-12-07 21:09:11] [SEVERE ] removing player 1 token from slot 0
[2022-12-07 21:09:11] [SEVERE ] removing player 1 token from slot 1
[2022-12-07 21:09:11] [SEVERE ] removing player 1 token from slot 2
[2022-12-07 21:09:11] [SEVERE ] setting player 1 score to 18
[2022-12-07 21:09:11] [SEVERE ] Key 85 was pressed by player 1
[2022-12-07 21:09:11] [SEVERE ] player 1 placing token on slot 0
[2022-12-07 21:09:11] [SEVERE ] Key 73 was pressed by player 1
[2022-12-07 21:09:11] [SEVERE ] player 1 placing token on slot 1
[2022-12-07 21:09:11] [SEVERE ] Key 79 was pressed by player 1
[2022-12-07 21:09:11] [SEVERE ] player 1 placing token on slot 2
[2022-12-07 21:09:11] [SEVERE ] removing player 1 token from slot 0
[2022-12-07 21:09:11] [SEVERE ] removing player 1 token from slot 1
[2022-12-07 21:09:11] [SEVERE ] removing player 1 token from slot 2
[2022-12-07 21:09:11] [SEVERE ] setting player 1 score to 19
[2022-12-07 21:09:11] [SEVERE ] Key 85 was pressed by player 1
[2022-12-07 21:09:11] [SEVERE ] player 1 placing token on slot 0
[2022-12-07 21:09:11] [SEVERE ] Key 73 was pressed by player 1
[2022-12-07 21:09:11] [SEVERE ] player 1 placing token on slot 1
[2022-12-07 21:09:11] [SEVERE ] Key 79 was pressed by player 1
[2022-12-07 21:09:11] [SEVERE ] player 1 placing token on slot 2
[2022-12-07 21:09:11] [SEVERE ] removing player 1 token from slot 0
[2022-12-07 21:09:11] [SEVERE ] removing player 1 token from slot 1
[2022-12-07 21:09:11] [SEVERE ] removing player 1 token from slot 2
[2022-12-07 21:09:11] [SEVERE ] setting player 1 score to 20
[2022-12-07 21:09:12] [SEVERE ] Key 85 was pressed by player 1
[2022-12-07 21:09:12] [SEVERE ] player 1 placing token on slot 0
[2022-12-07 21:09:12] [SEVERE ] Key 73 was pressed by player 1
[2022-12-07 21:09:12] [SEVERE ] player 1 placing token on slot 1
[2022-12-07 21:09:12] [SEVERE ] Key 79 was pressed by player 1
[2022-12-07 21:09:12] [SEVERE ] player 1 placing token on slot 2
[2022-12-07 21:09:12] [SEVERE ] removing player 1 token from slot 0
[2022-12-07 21:09:12] [SEVERE ] removing player 1 token from slot 1
[2022-12-07 21:09:12] [SEVERE ] removing player 1 token from slot 2
[2022-12-07 21:09:12] [SEVERE ] setting player 1 score to 21
[2022-12-07 21:09:12] [SEVERE ] Key 85 was pressed by player 1
[2022-12-07 21:09:12] [SEVERE ] player 1 placing token on slot 0
[2022-12-07 21:09:12] [SEVERE ] Key 73 was pressed by player 1
[2022-12-07 21:09:12] [SEVERE ] player 1 placing token on slot 1
[2022-12-07 21:09:12] [SEVERE ] Key 79 was pressed by player 1
[2022-12-07 21:09:12] [SEVERE ] player 1 placing token on slot 2
[2022-12-07 21:09:12] [SEVERE ] removing player 1 token from slot 0
[2022-12-07 21:09:12] [SEVERE ] removing player 1 token from slot 1
[2022-12-07 21:09:12] [SEVERE ] removing player 1 token from slot 2
[2022-12-07 21:09:12] [SEVERE ] setting player 1 score to 22
[2022-12-07 21:09:12] [SEVERE ] Key 81 was pressed by player 0
[2022-12-07 21:09:12] [SEVERE ] player 0 placing token on slot 0
[2022-12-07 21:09:12] [SEVERE ] Key 87 was pressed by player 0
[2022-12-07 21:09:12] [SEVERE ] player 0 placing token on slot 1
[2022-12-07 21:09:12] [SEVERE ] Key 69 was pressed by player 0
[2022-12-07 21:09:12] [SEVERE ] player 0 placing token on slot 2
[2022-12-07 21:09:12] [SEVERE ] removing player 0 token from slot 0
[2022-12-07 21:09:12] [SEVERE ] removing player 0 token from slot 1
[2022-12-07 21:09:12] [SEVERE ] removing player 0 token from slot 2
[2022-12-07 21:09:12] [SEVERE ] setting player 0 score to 13
[2022-12-07 21:09:12] [SEVERE ] Key 85 was pressed by player 1
[2022-12-07 21:09:12] [SEVERE ] player 1 placing token on slot 0
[2022-12-07 21:09:12] [SEVERE ] Key 73 was pressed by player 1
[2022-12-07 21:09:12] [SEVERE ] player 1 placing token on slot 1
[2022-12-07 21:09:12] [SEVERE ] Key 79 was pressed by player 1
[2022-12-07 21:09:12] [SEVERE ] player 1 placing token on slot 2
[2022-12-07 21:09:12] [SEVERE ] removing player 1 token from slot 0
[2022-12-07 21:09:12] [SEVERE ] removing player 1 token from slot 1
[2022-12-07 21:09:12] [SEVERE ] removing player 1 token from slot 2
[2022-12-07 21:09:12] [SEVERE ] setting player 1 score to 23
[2022-12-07 21:09:12] [SEVERE ] Key 81 was pressed by player 0
[2022-12-07 21:09:12] [SEVERE ] player 0 placing token on slot 0
[2022-12-07 21:09:12] [SEVERE ] Key 87 was pressed by player 0
[2022-12-07 21:09:12] [SEVERE ] player 0 placing token on slot 1
[2022-12-07 21:09:13] [SEVERE ] Key 85 was pressed by player 1
[2022-12-07 21:09:13] [SEVERE ] player 1 placing token on slot 0
[2022-12-07 21:09:13] [SEVERE ] Key 69 was pressed by player 0
[2022-12-07 21:09:13] [SEVERE ] player 0 placing token on slot 2
[2022-12-07 21:09:13] [SEVERE ] removing player 0 token from slot 0
[2022-12-07 21:09:13] [SEVERE ] removing player 0 token from slot 1
[2022-12-07 21:09:13] [SEVERE ] removing player 0 token from slot 2
[2022-12-07 21:09:13] [SEVERE ] setting player 0 score to 14
[2022-12-07 21:09:13] [SEVERE ] Key 73 was pressed by player 1
[2022-12-07 21:09:13] [SEVERE ] player 1 placing token on slot 1
[2022-12-07 21:09:13] [SEVERE ] Key 79 was pressed by player 1
[2022-12-07 21:09:13] [SEVERE ] player 1 placing token on slot 2
[2022-12-07 21:09:13] [SEVERE ] removing player 1 token from slot 0
[2022-12-07 21:09:13] [SEVERE ] removing player 1 token from slot 1
[2022-12-07 21:09:13] [SEVERE ] removing player 1 token from slot 2
[2022-12-07 21:09:13] [SEVERE ] setting player 1 score to 24
[2022-12-07 21:09:13] [SEVERE ] Key 81 was pressed by player 0
[2022-12-07 21:09:13] [SEVERE ] player 0 placing token on slot 0
[2022-12-07 21:09:13] [SEVERE ] Key 87 was pressed by player 0
[2022-12-07 21:09:13] [SEVERE ] player 0 placing token on slot 1
[2022-12-07 21:09:13] [SEVERE ] Key 85 was pressed by player 1
[2022-12-07 21:09:13] [SEVERE ] player 1 placing token on slot 0
[2022-12-07 21:09:13] [SEVERE ] Key 69 was pressed by player 0
[2022-12-07 21:09:13] [SEVERE ] player 0 placing token on slot 2
[2022-12-07 21:09:13] [SEVERE ] removing player 0 token from slot 0
[2022-12-07 21:09:13] [SEVERE ] removing player 0 token from slot 1
[2022-12-07 21:09:13] [SEVERE ] removing player 0 token from slot 2
[2022-12-07 21:09:13] [SEVERE ] setting player 0 score to 15
[2022-12-07 21:09:13] [SEVERE ] Key 73 was pressed by player 1
[2022-12-07 21:09:13] [SEVERE ] player 1 placing token on slot 1
[2022-12-07 21:09:13] [SEVERE ] Key 79 was pressed by player 1
[2022-12-07 21:09:13] [SEVERE ] player 1 placing token on slot 2
[2022-12-07 21:09:13] [SEVERE ] removing player 1 token from slot 0
[2022-12-07 21:09:13] [SEVERE ] removing player 1 token from slot 1
[2022-12-07 21:09:13] [SEVERE ] removing player 1 token from slot 2
[2022-12-07 21:09:13] [SEVERE ] setting player 1 score to 25
[2022-12-07 21:09:13] [SEVERE ] Key 81 was pressed by player 0
[2022-12-07 21:09:13] [SEVERE ] player 0 placing token on slot 0
[2022-12-07 21:09:13] [SEVERE ] Key 87 was pressed by player 0
[2022-12-07 21:09:13] [SEVERE ] player 0 placing token on slot 1
[2022-12-07 21:09:13] [SEVERE ] Key 85 was pressed by player 1
[2022-12-07 21:09:13] [SEVERE ] player 1 placing token on slot 0
[2022-12-07 21:09:13] [SEVERE ] Key 69 was pressed by player 0
[2022-12-07 21:09:13] [SEVERE ] player 0 placing token on slot 2
[2022-12-07 21:09:13] [SEVERE ] removing player 0 token from slot 0
[2022-12-07 21:09:13] [SEVERE ] removing player 0 token from slot 1
[2022-12-07 21:09:13] [SEVERE ] removing player 0 token from slot 2
[2022-12-07 21:09:13] [SEVERE ] setting player 0 score to 16
[2022-12-07 21:09:13] [SEVERE ] Key 73 was pressed by player 1
[2022-12-07 21:09:13] [SEVERE ] player 1 placing token on slot 1
[2022-12-07 21:09:13] [SEVERE ] Key 79 was pressed by player 1
[2022-12-07 21:09:13] [SEVERE ] player 1 placing token on slot 2
[2022-12-07 21:09:13] [SEVERE ] removing player 1 token from slot 0
[2022-12-07 21:09:13] [SEVERE ] removing player 1 token from slot 1
[2022-12-07 21:09:13] [SEVERE ] removing player 1 token from slot 2
[2022-12-07 21:09:13] [SEVERE ] setting player 1 score to 26
[2022-12-07 21:09:13] [SEVERE ] Key 81 was pressed by player 0
[2022-12-07 21:09:13] [SEVERE ] player 0 placing token on slot 0
[2022-12-07 21:09:13] [SEVERE ] Key 87 was pressed by player 0
[2022-12-07 21:09:13] [SEVERE ] player 0 placing token on slot 1
[2022-12-07 21:09:13] [SEVERE ] Key 69 was pressed by player 0
[2022-12-07 21:09:13] [SEVERE ] player 0 placing token on slot 2
[2022-12-07 21:09:13] [SEVERE ] removing player 0 token from slot 0
[2022-12-07 21:09:13] [SEVERE ] removing player 0 token from slot 1
[2022-12-07 21:09:13] [SEVERE ] removing player 0 token from slot 2
[2022-12-07 21:09:13] [SEVERE ] setting player 0 score to 17
[2022-12-07 21:09:13] [SEVERE ] Key 85 was pressed by player 1
[2022-12-07 21:09:13] [SEVERE ] player 1 placing token on slot 0
[2022-12-07 21:09:13] [SEVERE ] Key 73 was pressed by player 1
[2022-12-07 21:09:13] [SEVERE ] player 1 placing token on slot 1
[2022-12-07 21:09:13] [SEVERE ] Key 79 was pressed by player 1
[2022-12-07 21:09:13] [SEVERE ] player 1 placing token on slot 2
[2022-12-07 21:09:13] [SEVERE ] removing player 1 token from slot 0
[2022-12-07 21:09:13] [SEVERE ] removing player 1 token from slot 1
[2022-12-07 21:09:13] [SEVERE ] removing player 1 token from slot 2
[2022-12-07 21:09:13] [SEVERE ] setting player 1 score to 27
[2022-12-07 21:09:13] [SEVERE ] Key 81 was pressed by player 0
[2022-12-07 21:09:13] [SEVERE ] player 0 placing token on slot 0
[2022-12-07 21:09:14] [SEVERE ] Key 87 was pressed by player 0
[2022-12-07 21:09:14] [SEVERE ] player 0 placing token on slot 1
[2022-12-07 21:09:14] [SEVERE ] Key 69 was pressed by player 0
[2022-12-07 21:09:14] [SEVERE ] player 0 placing token on slot 2
[2022-12-07 21:09:14] [SEVERE ] removing player 0 token from slot 0
[2022-12-07 21:09:14] [SEVERE ] removing player 0 token from slot 1
[2022-12-07 21:09:14] [SEVERE ] removing player 0 token from slot 2
[2022-12-07 21:09:14] [SEVERE ] setting player 0 score to 18
[2022-12-07 21:09:14] [SEVERE ] Key 85 was pressed by player 1
[2022-12-07 21:09:14] [SEVERE ] player 1 placing token on slot 0
[2022-12-07 21:09:14] [SEVERE ] Key 73 was pressed by player 1
[2022-12-07 21:09:14] [SEVERE ] player 1 placing token on slot 1
[2022-12-07 21:09:14] [SEVERE ] Key 79 was pressed by player 1
[2022-12-07 21:09:14] [SEVERE ] player 1 placing token on slot 2
[2022-12-07 21:09:14] [SEVERE ] removing player 1 token from slot 0
[2022-12-07 21:09:14] [SEVERE ] removing player 1 token from slot 1
[2022-12-07 21:09:14] [SEVERE ] removing player 1 token from slot 2
[2022-12-07 21:09:14] [SEVERE ] setting player 1 score to 28
[2022-12-07 21:09:14] [SEVERE ] Key 81 was pressed by player 0
[2022-12-07 21:09:14] [SEVERE ] player 0 placing token on slot 0
[2022-12-07 21:09:14] [SEVERE ] Key 87 was pressed by player 0
[2022-12-07 21:09:14] [SEVERE ] player 0 placing token on slot 1
[2022-12-07 21:09:14] [SEVERE ] Key 85 was pressed by player 1
[2022-12-07 21:09:14] [SEVERE ] player 1 placing token on slot 0
[2022-12-07 21:09:14] [SEVERE ] Key 69 was pressed by player 0
[2022-12-07 21:09:14] [SEVERE ] player 0 placing token on slot 2
[2022-12-07 21:09:14] [SEVERE ] removing player 0 token from slot 0
[2022-12-07 21:09:14] [SEVERE ] removing player 0 token from slot 1
[2022-12-07 21:09:14] [SEVERE ] removing player 0 token from slot 2
[2022-12-07 21:09:14] [SEVERE ] setting player 0 score to 19
[2022-12-07 21:09:14] [SEVERE ] Key 73 was pressed by player 1
[2022-12-07 21:09:14] [SEVERE ] player 1 placing token on slot 1
[2022-12-07 21:09:14] [SEVERE ] Key 79 was pressed by player 1
[2022-12-07 21:09:14] [SEVERE ] player 1 placing token on slot 2
[2022-12-07 21:09:14] [SEVERE ] removing player 1 token from slot 0
[2022-12-07 21:09:14] [SEVERE ] removing player 1 token from slot 1
[2022-12-07 21:09:14] [SEVERE ] removing player 1 token from slot 2
[2022-12-07 21:09:14] [SEVERE ] setting player 1 score to 29
[2022-12-07 21:09:14] [SEVERE ] Key 81 was pressed by player 0
[2022-12-07 21:09:14] [SEVERE ] player 0 placing token on slot 0
[2022-12-07 21:09:14] [SEVERE ] Key 87 was pressed by player 0
[2022-12-07 21:09:14] [SEVERE ] player 0 placing token on slot 1
[2022-12-07 21:09:14] [SEVERE ] Key 85 was pressed by player 1
[2022-12-07 21:09:14] [SEVERE ] player 1 placing token on slot 0
[2022-12-07 21:09:14] [SEVERE ] Key 69 was pressed by player 0
[2022-12-07 21:09:14] [SEVERE ] player 0 placing token on slot 2
[2022-12-07 21:09:14] [SEVERE ] removing player 0 token from slot 0
[2022-12-07 21:09:14] [SEVERE ] removing player 0 token from slot 1
[2022-12-07 21:09:14] [SEVERE ] removing player 0 token from slot 2
[2022-12-07 21:09:14] [SEVERE ] setting player 0 score to 20
[2022-12-07 21:09:14] [SEVERE ] Key 73 was pressed by player 1
[2022-12-07 21:09:14] [SEVERE ] player 1 placing token on slot 1
[2022-12-07 21:09:14] [SEVERE ] Key 79 was pressed by player 1
[2022-12-07 21:09:14] [SEVERE ] player 1 placing token on slot 2
[2022-12-07 21:09:14] [SEVERE ] removing player 1 token from slot 0
[2022-12-07 21:09:14] [SEVERE ] removing player 1 token from slot 1
[2022-12-07 21:09:14] [SEVERE ] removing player 1 token from slot 2
[2022-12-07 21:09:14] [SEVERE ] setting player 1 score to 30
[2022-12-07 21:09:14] [SEVERE ] Key 81 was pressed by player 0
[2022-12-07 21:09:14] [SEVERE ] player 0 placing token on slot 0
[2022-12-07 21:09:14] [SEVERE ] Key 87 was pressed by player 0
[2022-12-07 21:09:14] [SEVERE ] player 0 placing token on slot 1
[2022-12-07 21:09:14] [SEVERE ] Key 69 was pressed by player 0
[2022-12-07 21:09:14] [SEVERE ] player 0 placing token on slot 2
[2022-12-07 21:09:14] [SEVERE ] removing player 0 token from slot 0
[2022-12-07 21:09:14] [SEVERE ] removing player 0 token from slot 1
[2022-12-07 21:09:14] [SEVERE ] removing player 0 token from slot 2
[2022-12-07 21:09:14] [SEVERE ] setting player 0 score to 21
[2022-12-07 21:09:15] [SEVERE ] Key 85 was pressed by player 1
[2022-12-07 21:09:15] [SEVERE ] player 1 placing token on slot 0
[2022-12-07 21:09:15] [SEVERE ] Key 73 was pressed by player 1
[2022-12-07 21:09:15] [SEVERE ] player 1 placing token on slot 1
[2022-12-07 21:09:15] [SEVERE ] Key 79 was pressed by player 1
[2022-12-07 21:09:15] [SEVERE ] player 1 placing token on slot 2
[2022-12-07 21:09:15] [SEVERE ] removing player 1 token from slot 0
[2022-12-07 21:09:15] [SEVERE ] removing player 1 token from slot 1
[2022-12-07 21:09:15] [SEVERE ] removing player 1 token from slot 2
[2022-12-07 21:09:15] [SEVERE ] setting player 1 score to 31
[2022-12-07 21:09:15] [SEVERE ] Key 81 was pressed by player 0
[2022-12-07 21:09:15] [SEVERE ] player 0 placing token on slot 0
[2022-12-07 21:09:15] [SEVERE ] Key 87 was pressed by player 0
[2022-12-07 21:09:15] [SEVERE ] player 0 placing token on slot 1
[2022-12-07 21:09:15] [SEVERE ] Key 69 was pressed by player 0
[2022-12-07 21:09:15] [SEVERE ] player 0 placing token on slot 2
[2022-12-07 21:09:15] [SEVERE ] removing player 0 token from slot 0
[2022-12-07 21:09:15] [SEVERE ] removing player 0 token from slot 1
[2022-12-07 21:09:15] [SEVERE ] removing player 0 token from slot 2
[2022-12-07 21:09:15] [SEVERE ] setting player 0 score to 22
[2022-12-07 21:09:15] [SEVERE ] Key 85 was pressed by player 1
[2022-12-07 21:09:15] [SEVERE ] player 1 placing token on slot 0
[2022-12-07 21:09:15] [SEVERE ] Key 73 was pressed by player 1
[2022-12-07 21:09:15] [SEVERE ] player 1 placing token on slot 1
[2022-12-07 21:09:15] [SEVERE ] Key 79 was pressed by player 1
[2022-12-07 21:09:15] [SEVERE ] player 1 placing token on slot 2
[2022-12-07 21:09:15] [SEVERE ] removing player 1 token from slot 0
[2022-12-07 21:09:15] [SEVERE ] removing player 1 token from slot 1
[2022-12-07 21:09:15] [SEVERE ] removing player 1 token from slot 2
[2022-12-07 21:09:15] [SEVERE ] setting player 1 score to 32
[2022-12-07 21:09:15] [SEVERE ] Key 81 was pressed by player 0
[2022-12-07 21:09:15] [SEVERE ] player 0 placing token on slot 0
[2022-12-07 21:09:15] [SEVERE ] Key 87 was pressed by player 0
[2022-12-07 21:09:15] [SEVERE ] player 0 placing token on slot 1
[2022-12-07 21:09:15] [SEVERE ] Key 69 was pressed by player 0
[2022-12-07 21:09:15] [SEVERE ] player 0 placing token on slot 2
[2022-12-07 21:09:15] [SEVERE ] removing player 0 token from slot 0
[2022-12-07 21:09:15] [SEVERE ] removing player 0 token from slot 1
[2022-12-07 21:09:15] [SEVERE ] removing player 0 token from slot 2
[2022-12-07 21:09:15] [SEVERE ] setting player 0 score to 23
[2022-12-07 21:09:15] [SEVERE ] Key 85 was pressed by player 1
[2022-12-07 21:09:15] [SEVERE ] player 1 placing token on slot 0
[2022-12-07 21:09:15] [SEVERE ] Key 73 was pressed by player 1
[2022-12-07 21:09:15] [SEVERE ] player 1 placing token on slot 1
[2022-12-07 21:09:15] [SEVERE ] Key 81 was pressed by player 0
[2022-12-07 21:09:15] [SEVERE ] player 0 placing token on slot 0
[2022-12-07 21:09:15] [SEVERE ] Key 79 was pressed by player 1
[2022-12-07 21:09:15] [SEVERE ] player 1 placing token on slot 2
[2022-12-07 21:09:15] [SEVERE ] removing player 1 token from slot 0
[2022-12-07 21:09:15] [SEVERE ] removing player 1 token from slot 1
[2022-12-07 21:09:15] [SEVERE ] removing player 1 token from slot 2
[2022-12-07 21:09:15] [SEVERE ] setting player 1 score to 33
[2022-12-07 21:09:15] [SEVERE ] Key 87 was pressed by player 0
[2022-12-07 21:09:15] [SEVERE ] player 0 placing token on slot 1
[2022-12-07 21:09:15] [SEVERE ] Key 69 was pressed by player 0
[2022-12-07 21:09:15] [SEVERE ] player 0 placing token on slot 2
[2022-12-07 21:09:15] [SEVERE ] removing player 0 token from slot 0
[2022-12-07 21:09:15] [SEVERE ] removing player 0 token from slot 1
[2022-12-07 21:09:15] [SEVERE ] removing player 0 token from slot 2
[2022-12-07 21:09:15] [SEVERE ] setting player 0 score to 24
[2022-12-07 21:09:15] [SEVERE ] Key 85 was pressed by player 1
[2022-12-07 21:09:15] [SEVERE ] player 1 placing token on slot 0
[2022-12-07 21:09:15] [SEVERE ] Key 73 was pressed by player 1
[2022-12-07 21:09:15] [SEVERE ] player 1 placing token on slot 1
[2022-12-07 21:09:15] [SEVERE ] Key 81 was pressed by player 0
[2022-12-07 21:09:15] [SEVERE ] player 0 placing token on slot 0
[2022-12-07 21:09:15] [SEVERE ] Key 79 was pressed by player 1
[2022-12-07 21:09:15] [SEVERE ] player 1 placing token on slot 2
[2022-12-07 21:09:15] [SEVERE ] removing player 1 token from slot 0
[2022-12-07 21:09:15] [SEVERE ] removing player 1 token from slot 1
[2022-12-07 21:09:15] [SEVERE ] removing player 1 token from slot 2
[2022-12-07 21:09:15] [SEVERE ] setting player 1 score to 34
[2022-12-07 21:09:16] [SEVERE ] Key 87 was pressed by player 0
[2022-12-07 21:09:16] [SEVERE ] player 0 placing token on slot 1
[2022-12-07 21:09:16] [SEVERE ] Key 69 was pressed by player 0
[2022-12-07 21:09:16] [SEVERE ] player 0 placing token on slot 2
[2022-12-07 21:09:16] [SEVERE ] removing player 0 token from slot 0
[2022-12-07 21:09:16] [SEVERE ] removing player 0 token from slot 1
[2022-12-07 21:09:16] [SEVERE ] removing player 0 token from slot 2
[2022-12-07 21:09:16] [SEVERE ] setting player 0 score to 25
[2022-12-07 21:09:16] [SEVERE ] Key 85 was pressed by player 1
[2022-12-07 21:09:16] [SEVERE ] player 1 placing token on slot 0
[2022-12-07 21:09:16] [SEVERE ] Key 73 was pressed by player 1
[2022-12-07 21:09:16] [SEVERE ] player 1 placing token on slot 1
[2022-12-07 21:09:16] [SEVERE ] Key 81 was pressed by player 0
[2022-12-07 21:09:16] [SEVERE ] player 0 placing token on slot 0
[2022-12-07 21:09:16] [SEVERE ] Key 79 was pressed by player 1
[2022-12-07 21:09:16] [SEVERE ] player 1 placing token on slot 2
[2022-12-07 21:09:16] [SEVERE ] removing player 1 token from slot 0
[2022-12-07 21:09:16] [SEVERE ] removing player 1 token from slot 1
[2022-12-07 21:09:16] [SEVERE ] removing player 1 token from slot 2
[2022-12-07 21:09:16] [SEVERE ] setting player 1 score to 35
[2022-12-07 21:09:16] [SEVERE ] Key 87 was pressed by player 0
[2022-12-07 21:09:16] [SEVERE ] player 0 placing token on slot 1
[2022-12-07 21:09:16] [SEVERE ] Key 85 was pressed by player 1
[2022-12-07 21:09:16] [SEVERE ] player 1 placing token on slot 0
[2022-12-07 21:09:16] [SEVERE ] Key 69 was pressed by player 0
[2022-12-07 21:09:16] [SEVERE ] player 0 placing token on slot 2
[2022-12-07 21:09:16] [SEVERE ] removing player 0 token from slot 0
[2022-12-07 21:09:16] [SEVERE ] removing player 0 token from slot 1
[2022-12-07 21:09:16] [SEVERE ] removing player 0 token from slot 2
[2022-12-07 21:09:16] [SEVERE ] setting player 0 score to 26
[2022-12-07 21:09:16] [SEVERE ] Key 73 was pressed by player 1
[2022-12-07 21:09:16] [SEVERE ] player 1 placing token on slot 1
[2022-12-07 21:09:16] [SEVERE ] Key 81 was pressed by player 0
[2022-12-07 21:09:16] [SEVERE ] player 0 placing token on slot 0
[2022-12-07 21:09:16] [SEVERE ] Key 79 was pressed by player 1
[2022-12-07 21:09:16] [SEVERE ] player 1 placing token on slot 2
[2022-12-07 21:09:16] [SEVERE ] removing player 1 token from slot 0
[2022-12-07 21:09:16] [SEVERE ] removing player 1 token from slot 1
[2022-12-07 21:09:16] [SEVERE ] removing player 1 token from slot 2
[2022-12-07 21:09:16] [SEVERE ] setting player 1 score to 36
[2022-12-07 21:09:16] [SEVERE ] Key 87 was pressed by player 0
[2022-12-07 21:09:16] [SEVERE ] player 0 placing token on slot 1
[2022-12-07 21:09:16] [SEVERE ] Key 69 was pressed by player 0
[2022-12-07 21:09:16] [SEVERE ] player 0 placing token on slot 2
[2022-12-07 21:09:16] [SEVERE ] removing player 0 token from slot 0
[2022-12-07 21:09:16] [SEVERE ] removing player 0 token from slot 1
[2022-12-07 21:09:16] [SEVERE ] removing player 0 token from slot 2
[2022-12-07 21:09:16] [SEVERE ] setting player 0 score to 27
[2022-12-07 21:09:16] [SEVERE ] Key 85 was pressed by player 1
[2022-12-07 21:09:16] [SEVERE ] player 1 placing token on slot 0
[2022-12-07 21:09:16] [SEVERE ] Key 73 was pressed by player 1
[2022-12-07 21:09:16] [SEVERE ] player 1 placing token on slot 1
[2022-12-07 21:09:16] [SEVERE ] Key 81 was pressed by player 0
[2022-12-07 21:09:16] [SEVERE ] player 0 placing token on slot 0
[2022-12-07 21:09:16] [SEVERE ] Key 79 was pressed by player 1
[2022-12-07 21:09:16] [SEVERE ] player 1 placing token on slot 2
[2022-12-07 21:09:16] [SEVERE ] removing player 1 token from slot 0
[2022-12-07 21:09:16] [SEVERE ] removing player 1 token from slot 1
[2022-12-07 21:09:16] [SEVERE ] removing player 1 token from slot 2
[2022-12-07 21:09:16] [SEVERE ] setting player 1 score to 37
[2022-12-07 21:09:16] [SEVERE ] Key 87 was pressed by player 0
[2022-12-07 21:09:16] [SEVERE ] player 0 placing token on slot 1
[2022-12-07 21:09:17] [SEVERE ] Key 69 was pressed by player 0
[2022-12-07 21:09:17] [SEVERE ] player 0 placing token on slot 2
[2022-12-07 21:09:17] [SEVERE ] removing player 0 token from slot 0
[2022-12-07 21:09:17] [SEVERE ] removing player 0 token from slot 1
[2022-12-07 21:09:17] [SEVERE ] removing player 0 token from slot 2
[2022-12-07 21:09:17] [SEVERE ] setting player 0 score to 28
[2022-12-07 21:09:17] [SEVERE ] Key 85 was pressed by player 1
[2022-12-07 21:09:17] [SEVERE ] player 1 placing token on slot 0
[2022-12-07 21:09:17] [SEVERE ] Key 73 was pressed by player 1
[2022-12-07 21:09:17] [SEVERE ] player 1 placing token on slot 1
[2022-12-07 21:09:17] [SEVERE ] Key 81 was pressed by player 0
[2022-12-07 21:09:17] [SEVERE ] player 0 placing token on slot 0
[2022-12-07 21:09:17] [SEVERE ] Key 79 was pressed by player 1
[2022-12-07 21:09:17] [SEVERE ] player 1 placing token on slot 2
[2022-12-07 21:09:17] [SEVERE ] removing player 1 token from slot 0
[2022-12-07 21:09:17] [SEVERE ] removing player 1 token from slot 1
[2022-12-07 21:09:17] [SEVERE ] removing player 1 token from slot 2
[2022-12-07 21:09:17] [SEVERE ] setting player 1 score to 38
[2022-12-07 21:09:17] [SEVERE ] Key 87 was pressed by player 0
[2022-12-07 21:09:17] [SEVERE ] player 0 placing token on slot 1
[2022-12-07 21:09:17] [SEVERE ] Key 69 was pressed by player 0
[2022-12-07 21:09:17] [SEVERE ] player 0 placing token on slot 2
[2022-12-07 21:09:17] [SEVERE ] removing player 0 token from slot 0
[2022-12-07 21:09:17] [SEVERE ] removing player 0 token from slot 1
[2022-12-07 21:09:17] [SEVERE ] removing player 0 token from slot 2
[2022-12-07 21:09:17] [SEVERE ] setting player 0 score to 29
[2022-12-07 21:09:17] [SEVERE ] Key 85 was pressed by player 1
[2022-12-07 21:09:17] [SEVERE ] player 1 placing token on slot 0
[2022-12-07 21:09:17] [SEVERE ] Key 73 was pressed by player 1
[2022-12-07 21:09:17] [SEVERE ] player 1 placing token on slot 1
[2022-12-07 21:09:17] [SEVERE ] Key 81 was pressed by player 0
[2022-12-07 21:09:17] [SEVERE ] player 0 placing token on slot 0
[2022-12-07 21:09:17] [SEVERE ] Key 79 was pressed by player 1
[2022-12-07 21:09:17] [SEVERE ] player 1 placing token on slot 2
[2022-12-07 21:09:17] [SEVERE ] removing player 1 token from slot 0
[2022-12-07 21:09:17] [SEVERE ] removing player 1 token from slot 1
[2022-12-07 21:09:17] [SEVERE ] removing player 1 token from slot 2
[2022-12-07 21:09:17] [SEVERE ] setting player 1 score to 39
[2022-12-07 21:09:17] [SEVERE ] Key 87 was pressed by player 0
[2022-12-07 21:09:17] [SEVERE ] player 0 placing token on slot 1
[2022-12-07 21:09:17] [SEVERE ] Key 69 was pressed by player 0
[2022-12-07 21:09:17] [SEVERE ] player 0 placing token on slot 2
[2022-12-07 21:09:17] [SEVERE ] removing player 0 token from slot 0
[2022-12-07 21:09:17] [SEVERE ] removing player 0 token from slot 1
[2022-12-07 21:09:17] [SEVERE ] removing player 0 token from slot 2
[2022-12-07 21:09:17] [SEVERE ] setting player 0 score to 30
[2022-12-07 21:09:18] [SEVERE ] Key 81 was pressed by player 0
[2022-12-07 21:09:18] [SEVERE ] player 0 placing token on slot 0
[2022-12-07 21:09:18] [SEVERE ] Key 85 was pressed by player 1
[2022-12-07 21:09:18] [SEVERE ] player 1 placing token on slot 0
[2022-12-07 21:09:19] [SEVERE ] Key 73 was pressed by player 1
[2022-12-07 21:09:19] [SEVERE ] player 1 placing token on slot 1
[2022-12-07 21:09:19] [SEVERE ] Key 87 was pressed by player 0
[2022-12-07 21:09:19] [SEVERE ] player 0 placing token on slot 1
[2022-12-07 21:09:20] [SEVERE ] Key 69 was pressed by player 0
[2022-12-07 21:09:20] [SEVERE ] player 0 placing token on slot 2
[2022-12-07 21:09:20] [SEVERE ] removing player 0 token from slot 0
[2022-12-07 21:09:20] [SEVERE ] removing player 0 token from slot 1
[2022-12-07 21:09:20] [SEVERE ] removing player 0 token from slot 2
[2022-12-07 21:09:20] [SEVERE ] setting player 0 score to 31
[2022-12-07 21:09:20] [SEVERE ] Key 79 was pressed by player 1
[2022-12-07 21:09:20] [SEVERE ] player 1 placing token on slot 2
[2022-12-07 21:09:20] [SEVERE ] removing player 1 token from slot 0
[2022-12-07 21:09:20] [SEVERE ] removing player 1 token from slot 1
[2022-12-07 21:09:20] [SEVERE ] removing player 1 token from slot 2
[2022-12-07 21:09:20] [SEVERE ] setting player 1 score to 40
[2022-12-07 21:09:21] [SEVERE ] Key 81 was pressed by player 0
[2022-12-07 21:09:21] [SEVERE ] player 0 placing token on slot 0
[2022-12-07 21:09:21] [SEVERE ] Key 85 was pressed by player 1
[2022-12-07 21:09:21] [SEVERE ] player 1 placing token on slot 0
[2022-12-07 21:09:22] [SEVERE ] Key 87 was pressed by player 0
[2022-12-07 21:09:22] [SEVERE ] player 0 placing token on slot 1
[2022-12-07 21:09:22] [SEVERE ] Key 73 was pressed by player 1
[2022-12-07 21:09:22] [SEVERE ] player 1 placing token on slot 1
[2022-12-07 21:09:22] [SEVERE ] Key 69 was pressed by player 0
[2022-12-07 21:09:22] [SEVERE ] player 0 placing token on slot 2
[2022-12-07 21:09:22] [SEVERE ] removing player 0 token from slot 0
[2022-12-07 21:09:22] [SEVERE ] removing player 0 token from slot 1
[2022-12-07 21:09:22] [SEVERE ] removing player 0 token from slot 2
[2022-12-07 21:09:22] [SEVERE ] setting player 0 score to 32
[2022-12-07 21:09:22] [SEVERE ] Key 79 was pressed by player 1
[2022-12-07 21:09:22] [SEVERE ] player 1 placing token on slot 2
[2022-12-07 21:09:22] [SEVERE ] removing player 1 token from slot 0
[2022-12-07 21:09:22] [SEVERE ] removing player 1 token from slot 1
[2022-12-07 21:09:22] [SEVERE ] removing player 1 token from slot 2
[2022-12-07 21:09:22] [SEVERE ] setting player 1 score to 41
[2022-12-07 21:09:22] [SEVERE ] Key 85 was pressed by player 1
[2022-12-07 21:09:22] [SEVERE ] player 1 placing token on slot 0
[2022-12-07 21:09:22] [SEVERE ] Key 81 was pressed by player 0
[2022-12-07 21:09:22] [SEVERE ] player 0 placing token on slot 0
[2022-12-07 21:09:23] [SEVERE ] Key 87 was pressed by player 0
[2022-12-07 21:09:23] [SEVERE ] player 0 placing token on slot 1
[2022-12-07 21:09:23] [SEVERE ] Key 73 was pressed by player 1
[2022-12-07 21:09:23] [SEVERE ] player 1 placing token on slot 1
[2022-12-07 21:09:23] [SEVERE ] Key 69 was pressed by player 0
[2022-12-07 21:09:23] [SEVERE ] player 0 placing token on slot 2
[2022-12-07 21:09:23] [SEVERE ] removing player 0 token from slot 0
[2022-12-07 21:09:23] [SEVERE ] removing player 0 token from slot 1
[2022-12-07 21:09:23] [SEVERE ] removing player 0 token from slot 2
[2022-12-07 21:09:23] [SEVERE ] setting player 0 score to 33
[2022-12-07 21:09:23] [SEVERE ] Key 79 was pressed by player 1
[2022-12-07 21:09:23] [SEVERE ] player 1 placing token on slot 2
[2022-12-07 21:09:23] [SEVERE ] removing player 1 token from slot 0
[2022-12-07 21:09:23] [SEVERE ] removing player 1 token from slot 1
[2022-12-07 21:09:23] [SEVERE ] removing player 1 token from slot 2
[2022-12-07 21:09:23] [SEVERE ] setting player 1 score to 42
[2022-12-07 21:09:23] [SEVERE ] Key 85 was pressed by player 1
[2022-12-07 21:09:23] [SEVERE ] player 1 placing token on slot 0
[2022-12-07 21:09:23] [SEVERE ] Key 81 was pressed by player 0
[2022-12-07 21:09:23] [SEVERE ] player 0 placing token on slot 0
[2022-12-07 21:09:24] [SEVERE ] Key 87 was pressed by player 0
[2022-12-07 21:09:24] [SEVERE ] player 0 placing token on slot 1
[2022-12-07 21:09:24] [SEVERE ] Key 73 was pressed by player 1
[2022-12-07 21:09:24] [SEVERE ] player 1 placing token on slot 1
[2022-12-07 21:09:24] [SEVERE ] Key 69 was pressed by player 0
[2022-12-07 21:09:24] [SEVERE ] player 0 placing token on slot 2
[2022-12-07 21:09:24] [SEVERE ] removing player 0 token from slot 0
[2022-12-07 21:09:24] [SEVERE ] removing player 0 token from slot 1
[2022-12-07 21:09:24] [SEVERE ] removing player 0 token from slot 2
[2022-12-07 21:09:24] [SEVERE ] setting player 0 score to 34
[2022-12-07 21:09:24] [SEVERE ] Key 79 was pressed by player 1
[2022-12-07 21:09:24] [SEVERE ] player 1 placing token on slot 2
[2022-12-07 21:09:24] [SEVERE ] removing player 1 token from slot 0
[2022-12-07 21:09:24] [SEVERE ] removing player 1 token from slot 1
[2022-12-07 21:09:24] [SEVERE ] removing player 1 token from slot 2
[2022-12-07 21:09:24] [SEVERE ] setting player 1 score to 43
[2022-12-07 21:09:24] [SEVERE ] Key 79 was pressed by player 1
[2022-12-07 21:09:24] [SEVERE ] player 1 placing token on slot 2
[2022-12-07 21:09:24] [SEVERE ] Key 69 was pressed by player 0
[2022-12-07 21:09:24] [SEVERE ] player 0 placing token on slot 2
[2022-12-07 21:09:25] [SEVERE ] Key 73 was pressed by player 1
[2022-12-07 21:09:25] [SEVERE ] player 1 placing token on slot 1
[2022-12-07 21:09:25] [SEVERE ] Key 87 was pressed by player 0
[2022-12-07 21:09:25] [SEVERE ] player 0 placing token on slot 1
[2022-12-07 21:09:25] [SEVERE ] Key 85 was pressed by player 1
[2022-12-07 21:09:25] [SEVERE ] player 1 placing token on slot 0
[2022-12-07 21:09:25] [SEVERE ] removing player 1 token from slot 2
[2022-12-07 21:09:25] [SEVERE ] removing player 1 token from slot 1
[2022-12-07 21:09:25] [SEVERE ] removing player 1 token from slot 0
[2022-12-07 21:09:25] [SEVERE ] setting player 1 score to 44
[2022-12-07 21:09:25] [SEVERE ] Key 81 was pressed by player 0
[2022-12-07 21:09:25] [SEVERE ] player 0 placing token on slot 0
[2022-12-07 21:09:25] [SEVERE ] removing player 0 token from slot 2
[2022-12-07 21:09:25] [SEVERE ] removing player 0 token from slot 1
[2022-12-07 21:09:25] [SEVERE ] removing player 0 token from slot 0
[2022-12-07 21:09:25] [SEVERE ] setting player 0 score to 35
[2022-12-07 21:09:25] [SEVERE ] Key 69 was pressed by player 0
[2022-12-07 21:09:25] [SEVERE ] player 0 placing token on slot 2
[2022-12-07 21:09:25] [SEVERE ] Key 79 was pressed by player 1
[2022-12-07 21:09:25] [SEVERE ] player 1 placing token on slot 2
[2022-12-07 21:09:26] [SEVERE ] Key 87 was pressed by player 0
[2022-12-07 21:09:26] [SEVERE ] player 0 placing token on slot 1
[2022-12-07 21:09:26] [SEVERE ] Key 73 was pressed by player 1
[2022-12-07 21:09:26] [SEVERE ] player 1 placing token on slot 1
[2022-12-07 21:09:26] [SEVERE ] Key 81 was pressed by player 0
[2022-12-07 21:09:26] [SEVERE ] player 0 placing token on slot 0
[2022-12-07 21:09:26] [SEVERE ] removing player 0 token from slot 2
[2022-12-07 21:09:26] [SEVERE ] removing player 0 token from slot 1
[2022-12-07 21:09:26] [SEVERE ] removing player 0 token from slot 0
[2022-12-07 21:09:26] [SEVERE ] setting player 0 score to 36
[2022-12-07 21:09:26] [SEVERE ] Key 85 was pressed by player 1
[2022-12-07 21:09:26] [SEVERE ] player 1 placing token on slot 0
[2022-12-07 21:09:26] [SEVERE ] removing player 1 token from slot 2
[2022-12-07 21:09:26] [SEVERE ] removing player 1 token from slot 1
[2022-12-07 21:09:26] [SEVERE ] removing player 1 token from slot 0
[2022-12-07 21:09:26] [SEVERE ] setting player 1 score to 45
[2022-12-07 21:09:26] [SEVERE ] Key 79 was pressed by player 1
[2022-12-07 21:09:26] [SEVERE ] player 1 placing token on slot 2
[2022-12-07 21:09:26] [SEVERE ] Key 87 was pressed by player 0
[2022-12-07 21:09:26] [SEVERE ] player 0 placing token on slot 1
[2022-12-07 21:09:27] [SEVERE ] Key 87 was pressed by player 0
[2022-12-07 21:09:27] [SEVERE ] player 0 placing token on slot 1
[2022-12-07 21:09:27] [SEVERE ] Key 69 was pressed by player 0
[2022-12-07 21:09:27] [SEVERE ] player 0 placing token on slot 2
[2022-12-07 21:09:27] [SEVERE ] removing player 0 token from slot 1
[2022-12-07 21:09:27] [SEVERE ] removing player 0 token from slot 1
[2022-12-07 21:09:27] [SEVERE ] removing player 0 token from slot 2
[2022-12-07 21:09:27] [SEVERE ] Key 79 was pressed by player 1
[2022-12-07 21:09:27] [SEVERE ] player 1 placing token on slot 2
[2022-12-07 21:09:27] [SEVERE ] Key 81 was pressed by player 0
[2022-12-07 21:09:27] [SEVERE ] player 0 placing token on slot 0
[2022-12-07 21:09:27] [SEVERE ] Key 73 was pressed by player 1
[2022-12-07 21:09:27] [SEVERE ] player 1 placing token on slot 1
[2022-12-07 21:09:27] [SEVERE ] removing player 1 token from slot 2
[2022-12-07 21:09:27] [SEVERE ] removing player 1 token from slot 2
[2022-12-07 21:09:27] [SEVERE ] removing player 1 token from slot 1
[2022-12-07 21:09:27] [SEVERE ] Key 87 was pressed by player 0
[2022-12-07 21:09:27] [SEVERE ] player 0 placing token on slot 1
[2022-12-07 21:09:27] [SEVERE ] Key 85 was pressed by player 1
[2022-12-07 21:09:27] [SEVERE ] player 1 placing token on slot 0
[2022-12-07 21:09:27] [SEVERE ] Key 69 was pressed by player 0
[2022-12-07 21:09:27] [SEVERE ] player 0 placing token on slot 2
[2022-12-07 21:09:27] [SEVERE ] removing player 0 token from slot 0
[2022-12-07 21:09:27] [SEVERE ] removing player 0 token from slot 1
[2022-12-07 21:09:27] [SEVERE ] removing player 0 token from slot 2
[2022-12-07 21:09:27] [SEVERE ] setting player 0 score to 37
[2022-12-07 21:09:27] [SEVERE ] Key 81 was pressed by player 0
[2022-12-07 21:09:27] [SEVERE ] player 0 placing token on slot 0
[2022-12-07 21:09:27] [SEVERE ] Key 87 was pressed by player 0
[2022-12-07 21:09:27] [SEVERE ] player 0 placing token on slot 1
[2022-12-07 21:09:28] [SEVERE ] Key 73 was pressed by player 1
[2022-12-07 21:09:28] [SEVERE ] player 1 placing token on slot 1
[2022-12-07 21:09:28] [SEVERE ] Key 69 was pressed by player 0
[2022-12-07 21:09:28] [SEVERE ] player 0 placing token on slot 2
[2022-12-07 21:09:28] [SEVERE ] removing player 0 token from slot 0
[2022-12-07 21:09:28] [SEVERE ] removing player 0 token from slot 1
[2022-12-07 21:09:28] [SEVERE ] removing player 0 token from slot 2
[2022-12-07 21:09:28] [SEVERE ] setting player 0 score to 38
[2022-12-07 21:09:28] [SEVERE ] Key 79 was pressed by player 1
[2022-12-07 21:09:28] [SEVERE ] player 1 placing token on slot 2
[2022-12-07 21:09:28] [SEVERE ] removing player 1 token from slot 0
[2022-12-07 21:09:28] [SEVERE ] removing player 1 token from slot 1
[2022-12-07 21:09:28] [SEVERE ] removing player 1 token from slot 2
[2022-12-07 21:09:28] [SEVERE ] setting player 1 score to 46
[2022-12-07 21:09:28] [SEVERE ] Key 81 was pressed by player 0
[2022-12-07 21:09:28] [SEVERE ] player 0 placing token on slot 0
[2022-12-07 21:09:28] [SEVERE ] Key 73 was pressed by player 1
[2022-12-07 21:09:28] [SEVERE ] player 1 placing token on slot 1
[2022-12-07 21:09:28] [SEVERE ] Key 87 was pressed by player 0
[2022-12-07 21:09:28] [SEVERE ] player 0 placing token on slot 1
[2022-12-07 21:09:28] [SEVERE ] Key 69 was pressed by player 0
[2022-12-07 21:09:28] [SEVERE ] player 0 placing token on slot 2
[2022-12-07 21:09:28] [SEVERE ] removing player 0 token from slot 0
[2022-12-07 21:09:28] [SEVERE ] removing player 0 token from slot 1
[2022-12-07 21:09:28] [SEVERE ] removing player 0 token from slot 2
[2022-12-07 21:09:28] [SEVERE ] setting player 0 score to 39
[2022-12-07 21:09:28] [SEVERE ] Key 85 was pressed by player 1
[2022-12-07 21:09:28] [SEVERE ] player 1 placing token on slot 0
[2022-12-07 21:09:36] [SEVERE ] placing card 66 in slot 0
[2022-12-07 21:09:36] [SEVERE ] placing card 37 in slot 1
[2022-12-07 21:09:36] [SEVERE ] placing card 32 in slot 2
[2022-12-07 21:09:36] [SEVERE ] placing card 74 in slot 3
[2022-12-07 21:09:36] [SEVERE ] placing card 20 in slot 4
[2022-12-07 21:09:36] [SEVERE ] placing card 65 in slot 5
[2022-12-07 21:09:36] [SEVERE ] placing card 64 in slot 6
[2022-12-07 21:09:36] [SEVERE ] placing card 46 in slot 7
[2022-12-07 21:09:36] [SEVERE ] placing card 7 in slot 8
[2022-12-07 21:09:37] [SEVERE ] placing card 33 in slot 9
[2022-12-07 21:09:37] [SEVERE ] placing card 27 in slot 10
[2022-12-07 21:09:37] [SEVERE ] placing card 11 in slot 11
[2022-12-07 21:10:37] [SEVERE ] placing card 7 in slot 0
[2022-12-07 21:10:37] [SEVERE ] placing card 76 in slot 1
[2022-12-07 21:10:37] [SEVERE ] placing card 14 in slot 2
[2022-12-07 21:10:38] [SEVERE ] placing card 25 in slot 3
[2022-12-07 21:10:38] [SEVERE ] placing card 62 in slot 4
[2022-12-07 21:10:38] [SEVERE ] placing card 9 in slot 5
[2022-12-07 21:10:38] [SEVERE ] placing card 31 in slot 6
[2022-12-07 21:10:38] [SEVERE ] placing card 75 in slot 7
[2022-12-07 21:10:38] [SEVERE ] placing card 24 in slot 8
[2022-12-07 21:10:38] [SEVERE ] placing card 16 in slot 9
[2022-12-07 21:10:38] [SEVERE ] placing card 29 in slot 10
[2022-12-07 21:10:38] [SEVERE ] placing card 71 in slot 11
[2022-12-07 21:11:39] [SEVERE ] placing card 4 in slot 0
[2022-12-07 21:11:39] [SEVERE ] placing card 31 in slot 1
[2022-12-07 21:11:39] [SEVERE ] placing card 73 in slot 2
[2022-12-07 21:11:39] [SEVERE ] placing card 6 in slot 3
[2022-12-07 21:11:39] [SEVERE ] placing card 51 in slot 4
[2022-12-07 21:11:39] [SEVERE ] placing card 19 in slot 5
[2022-12-07 21:11:39] [SEVERE ] placing card 40 in slot 6
[2022-12-07 21:11:39] [SEVERE ] placing card 72 in slot 7
[2022-12-07 21:11:40] [SEVERE ] placing card 30 in slot 8
[2022-12-07 21:11:40] [SEVERE ] placing card 75 in slot 9
[2022-12-07 21:11:40] [SEVERE ] placing card 42 in slot 10
[2022-12-07 21:11:40] [SEVERE ] placing card 41 in slot 11
[2022-12-07 21:12:40] [SEVERE ] placing card 47 in slot 0
[2022-12-07 21:12:40] [SEVERE ] placing card 46 in slot 1
[2022-12-07 21:12:41] [SEVERE ] placing card 12 in slot 2
[2022-12-07 21:12:41] [SEVERE ] placing card 59 in slot 3
[2022-12-07 21:12:41] [SEVERE ] placing card 78 in slot 4
[2022-12-07 21:12:41] [SEVERE ] placing card 30 in slot 5
[2022-12-07 21:12:41] [SEVERE ] placing card 24 in slot 6
[2022-12-07 21:12:41] [SEVERE ] placing card 29 in slot 7
[2022-12-07 21:12:41] [SEVERE ] placing card 33 in slot 8
[2022-12-07 21:12:41] [SEVERE ] placing card 75 in slot 9
[2022-12-07 21:12:41] [SEVERE ] placing card 51 in slot 10
[2022-12-07 21:12:41] [SEVERE ] placing card 35 in slot 11
