[2022-12-07 19:48:57] [INFO   ] cannot read configuration file config.properties trying from resources.
[2022-12-07 19:48:57] [INFO   ] configuration file was loaded from resources directory.
[2022-12-07 19:48:58] [SEVERE ] placing card 0 in slot 0
[2022-12-07 19:48:58] [SEVERE ] placing card 47 in slot 1
[2022-12-07 19:48:58] [SEVERE ] placing card 10 in slot 2
[2022-12-07 19:48:58] [SEVERE ] placing card 24 in slot 3
[2022-12-07 19:48:58] [SEVERE ] placing card 71 in slot 4
[2022-12-07 19:48:58] [SEVERE ] placing card 51 in slot 5
[2022-12-07 19:48:58] [SEVERE ] placing card 62 in slot 6
[2022-12-07 19:48:58] [SEVERE ] Key 81 was pressed by player 0
[2022-12-07 19:48:59] [SEVERE ] player 0 placing token on slot 0
[2022-12-07 19:48:59] [SEVERE ] placing card 1 in slot 7
[2022-12-07 19:48:59] [SEVERE ] placing card 20 in slot 8
[2022-12-07 19:48:59] [SEVERE ] placing card 67 in slot 9
[2022-12-07 19:48:59] [SEVERE ] Key 87 was pressed by player 0
[2022-12-07 19:48:59] [SEVERE ] player 0 placing token on slot 1
[2022-12-07 19:48:59] [SEVERE ] placing card 56 in slot 10
[2022-12-07 19:48:59] [SEVERE ] placing card 38 in slot 11
[2022-12-07 19:49:00] [SEVERE ] Key 69 was pressed by player 0
[2022-12-07 19:49:00] [SEVERE ] player 0 placing token on slot 2
[2022-12-07 19:49:00] [SEVERE ] removing player 0 token from slot 0
[2022-12-07 19:49:00] [SEVERE ] removing player 0 token from slot 1
[2022-12-07 19:49:00] [SEVERE ] removing player 0 token from slot 2
[2022-12-07 19:49:00] [SEVERE ] setting player 0 score to 1
[2022-12-07 19:49:01] [SEVERE ] Key 69 was pressed by player 0
[2022-12-07 19:49:01] [SEVERE ] player 0 placing token on slot 2
[2022-12-07 19:49:01] [SEVERE ] Key 87 was pressed by player 0
[2022-12-07 19:49:01] [SEVERE ] player 0 placing token on slot 1
[2022-12-07 19:49:01] [SEVERE ] Key 81 was pressed by player 0
[2022-12-07 19:49:01] [SEVERE ] player 0 placing token on slot 0
[2022-12-07 19:49:01] [SEVERE ] removing player 0 token from slot 2
[2022-12-07 19:49:01] [SEVERE ] removing player 0 token from slot 1
[2022-12-07 19:49:01] [SEVERE ] removing player 0 token from slot 0
[2022-12-07 19:49:01] [SEVERE ] setting player 0 score to 2
[2022-12-07 19:49:05] [SEVERE ] Key 85 was pressed by player 1
[2022-12-07 19:49:05] [SEVERE ] player 1 placing token on slot 0
[2022-12-07 19:49:05] [SEVERE ] Key 73 was pressed by player 1
[2022-12-07 19:49:05] [SEVERE ] player 1 placing token on slot 1
[2022-12-07 19:49:05] [SEVERE ] Key 79 was pressed by player 1
[2022-12-07 19:49:05] [SEVERE ] player 1 placing token on slot 2
[2022-12-07 19:49:05] [SEVERE ] removing player 1 token from slot 0
[2022-12-07 19:49:05] [SEVERE ] removing player 1 token from slot 1
[2022-12-07 19:49:05] [SEVERE ] removing player 1 token from slot 2
[2022-12-07 19:49:05] [SEVERE ] setting player 1 score to 1
[2022-12-07 19:49:05] [SEVERE ] Key 75 was pressed by player 1
[2022-12-07 19:49:05] [SEVERE ] player 1 placing token on slot 5
[2022-12-07 19:49:05] [SEVERE ] Key 74 was pressed by player 1
[2022-12-07 19:49:05] [SEVERE ] player 1 placing token on slot 4
[2022-12-07 19:49:05] [SEVERE ] Key 76 was pressed by player 1
[2022-12-07 19:49:05] [SEVERE ] player 1 placing token on slot 6
[2022-12-07 19:49:05] [SEVERE ] removing player 1 token from slot 5
[2022-12-07 19:49:05] [SEVERE ] removing player 1 token from slot 4
[2022-12-07 19:49:05] [SEVERE ] removing player 1 token from slot 6
[2022-12-07 19:49:11] [SEVERE ] Key 81 was pressed by player 0
[2022-12-07 19:49:11] [SEVERE ] player 0 placing token on slot 0
[2022-12-07 19:49:12] [SEVERE ] Key 87 was pressed by player 0
[2022-12-07 19:49:12] [SEVERE ] player 0 placing token on slot 1
[2022-12-07 19:49:12] [SEVERE ] Key 69 was pressed by player 0
[2022-12-07 19:49:12] [SEVERE ] player 0 placing token on slot 2
[2022-12-07 19:49:12] [SEVERE ] removing player 0 token from slot 0
[2022-12-07 19:49:12] [SEVERE ] removing player 0 token from slot 1
[2022-12-07 19:49:12] [SEVERE ] removing player 0 token from slot 2
[2022-12-07 19:49:12] [SEVERE ] setting player 0 score to 3
