[2022-12-07 19:35:58] [INFO   ] cannot read configuration file config.properties trying from resources.
[2022-12-07 19:35:58] [INFO   ] configuration file was loaded from resources directory.
[2022-12-07 19:35:59] [SEVERE ] placing card 20 in slot 0
[2022-12-07 19:35:59] [SEVERE ] placing card 65 in slot 1
[2022-12-07 19:35:59] [SEVERE ] placing card 2 in slot 2
[2022-12-07 19:35:59] [SEVERE ] placing card 79 in slot 3
[2022-12-07 19:35:59] [SEVERE ] placing card 10 in slot 4
[2022-12-07 19:35:59] [SEVERE ] placing card 6 in slot 5
[2022-12-07 19:35:59] [SEVERE ] placing card 40 in slot 6
[2022-12-07 19:36:00] [SEVERE ] placing card 41 in slot 7
[2022-12-07 19:36:00] [SEVERE ] placing card 18 in slot 8
[2022-12-07 19:36:00] [SEVERE ] placing card 43 in slot 9
[2022-12-07 19:36:00] [SEVERE ] placing card 7 in slot 10
[2022-12-07 19:36:00] [SEVERE ] placing card 39 in slot 11
[2022-12-07 19:36:02] [SEVERE ] Key 81 was pressed by player 0
[2022-12-07 19:36:02] [SEVERE ] player 0 placing token on slot 0
[2022-12-07 19:36:03] [SEVERE ] Key 87 was pressed by player 0
[2022-12-07 19:36:03] [SEVERE ] player 0 placing token on slot 1
[2022-12-07 19:36:03] [SEVERE ] Key 69 was pressed by player 0
[2022-12-07 19:36:03] [SEVERE ] player 0 placing token on slot 2
[2022-12-07 19:36:03] [SEVERE ] removing player 0 token from slot 0
[2022-12-07 19:36:03] [SEVERE ] removing player 0 token from slot 1
[2022-12-07 19:36:03] [SEVERE ] removing player 0 token from slot 2
[2022-12-07 19:36:03] [SEVERE ] setting player 0 score to 1
[2022-12-07 19:36:04] [SEVERE ] Key 65 was pressed by player 0
[2022-12-07 19:36:04] [SEVERE ] player 0 placing token on slot 4
[2022-12-07 19:36:04] [SEVERE ] Key 83 was pressed by player 0
[2022-12-07 19:36:04] [SEVERE ] player 0 placing token on slot 5
[2022-12-07 19:36:04] [SEVERE ] Key 68 was pressed by player 0
[2022-12-07 19:36:04] [SEVERE ] player 0 placing token on slot 6
[2022-12-07 19:36:04] [SEVERE ] removing player 0 token from slot 4
[2022-12-07 19:36:04] [SEVERE ] removing player 0 token from slot 5
[2022-12-07 19:36:04] [SEVERE ] removing player 0 token from slot 6
[2022-12-07 19:36:05] [SEVERE ] Key 81 was pressed by player 0
[2022-12-07 19:36:05] [SEVERE ] player 0 placing token on slot 0
[2022-12-07 19:36:05] [SEVERE ] Key 87 was pressed by player 0
[2022-12-07 19:36:05] [SEVERE ] player 0 placing token on slot 1
[2022-12-07 19:36:05] [SEVERE ] Key 69 was pressed by player 0
[2022-12-07 19:36:05] [SEVERE ] player 0 placing token on slot 2
[2022-12-07 19:36:05] [SEVERE ] removing player 0 token from slot 0
[2022-12-07 19:36:05] [SEVERE ] removing player 0 token from slot 1
[2022-12-07 19:36:05] [SEVERE ] removing player 0 token from slot 2
[2022-12-07 19:36:05] [SEVERE ] setting player 0 score to 2
[2022-12-07 19:36:06] [SEVERE ] Key 81 was pressed by player 0
[2022-12-07 19:36:06] [SEVERE ] player 0 placing token on slot 0
[2022-12-07 19:36:06] [SEVERE ] Key 87 was pressed by player 0
[2022-12-07 19:36:06] [SEVERE ] player 0 placing token on slot 1
[2022-12-07 19:36:06] [SEVERE ] Key 69 was pressed by player 0
[2022-12-07 19:36:06] [SEVERE ] player 0 placing token on slot 2
[2022-12-07 19:36:06] [SEVERE ] removing player 0 token from slot 0
[2022-12-07 19:36:06] [SEVERE ] removing player 0 token from slot 1
[2022-12-07 19:36:06] [SEVERE ] removing player 0 token from slot 2
[2022-12-07 19:36:06] [SEVERE ] setting player 0 score to 3
[2022-12-07 19:36:06] [SEVERE ] Key 81 was pressed by player 0
[2022-12-07 19:36:06] [SEVERE ] player 0 placing token on slot 0
[2022-12-07 19:36:07] [SEVERE ] Key 87 was pressed by player 0
[2022-12-07 19:36:07] [SEVERE ] player 0 placing token on slot 1
[2022-12-07 19:36:07] [SEVERE ] Key 69 was pressed by player 0
[2022-12-07 19:36:07] [SEVERE ] player 0 placing token on slot 2
[2022-12-07 19:36:07] [SEVERE ] removing player 0 token from slot 0
[2022-12-07 19:36:07] [SEVERE ] removing player 0 token from slot 1
[2022-12-07 19:36:07] [SEVERE ] removing player 0 token from slot 2
[2022-12-07 19:36:07] [SEVERE ] setting player 0 score to 4
[2022-12-07 19:36:07] [SEVERE ] Key 81 was pressed by player 0
[2022-12-07 19:36:07] [SEVERE ] player 0 placing token on slot 0
[2022-12-07 19:36:07] [SEVERE ] Key 87 was pressed by player 0
[2022-12-07 19:36:07] [SEVERE ] player 0 placing token on slot 1
[2022-12-07 19:36:07] [SEVERE ] Key 69 was pressed by player 0
[2022-12-07 19:36:07] [SEVERE ] player 0 placing token on slot 2
[2022-12-07 19:36:07] [SEVERE ] removing player 0 token from slot 0
[2022-12-07 19:36:07] [SEVERE ] removing player 0 token from slot 1
[2022-12-07 19:36:07] [SEVERE ] removing player 0 token from slot 2
[2022-12-07 19:36:07] [SEVERE ] setting player 0 score to 5
[2022-12-07 19:36:07] [SEVERE ] Key 81 was pressed by player 0
[2022-12-07 19:36:07] [SEVERE ] player 0 placing token on slot 0
[2022-12-07 19:36:07] [SEVERE ] Key 87 was pressed by player 0
[2022-12-07 19:36:07] [SEVERE ] player 0 placing token on slot 1
[2022-12-07 19:36:07] [SEVERE ] Key 69 was pressed by player 0
[2022-12-07 19:36:07] [SEVERE ] player 0 placing token on slot 2
[2022-12-07 19:36:07] [SEVERE ] removing player 0 token from slot 0
[2022-12-07 19:36:07] [SEVERE ] removing player 0 token from slot 1
[2022-12-07 19:36:07] [SEVERE ] removing player 0 token from slot 2
[2022-12-07 19:36:07] [SEVERE ] setting player 0 score to 6
[2022-12-07 19:36:08] [SEVERE ] Key 65 was pressed by player 0
[2022-12-07 19:36:08] [SEVERE ] player 0 placing token on slot 4
[2022-12-07 19:36:08] [SEVERE ] Key 83 was pressed by player 0
[2022-12-07 19:36:08] [SEVERE ] player 0 placing token on slot 5
[2022-12-07 19:36:08] [SEVERE ] Key 68 was pressed by player 0
[2022-12-07 19:36:08] [SEVERE ] player 0 placing token on slot 6
[2022-12-07 19:36:08] [SEVERE ] removing player 0 token from slot 4
[2022-12-07 19:36:08] [SEVERE ] removing player 0 token from slot 5
[2022-12-07 19:36:08] [SEVERE ] removing player 0 token from slot 6
[2022-12-07 19:36:08] [SEVERE ] Key 90 was pressed by player 0
[2022-12-07 19:36:08] [SEVERE ] player 0 placing token on slot 8
[2022-12-07 19:36:08] [SEVERE ] Key 88 was pressed by player 0
[2022-12-07 19:36:08] [SEVERE ] player 0 placing token on slot 9
[2022-12-07 19:36:08] [SEVERE ] Key 67 was pressed by player 0
[2022-12-07 19:36:08] [SEVERE ] player 0 placing token on slot 10
[2022-12-07 19:36:08] [SEVERE ] removing player 0 token from slot 8
[2022-12-07 19:36:08] [SEVERE ] removing player 0 token from slot 9
[2022-12-07 19:36:08] [SEVERE ] removing player 0 token from slot 10
[2022-12-07 19:36:09] [SEVERE ] Key 90 was pressed by player 0
[2022-12-07 19:36:09] [SEVERE ] player 0 placing token on slot 8
[2022-12-07 19:36:09] [SEVERE ] Key 88 was pressed by player 0
[2022-12-07 19:36:09] [SEVERE ] player 0 placing token on slot 9
[2022-12-07 19:36:09] [SEVERE ] Key 67 was pressed by player 0
[2022-12-07 19:36:09] [SEVERE ] player 0 placing token on slot 10
[2022-12-07 19:36:09] [SEVERE ] removing player 0 token from slot 8
[2022-12-07 19:36:09] [SEVERE ] removing player 0 token from slot 9
[2022-12-07 19:36:09] [SEVERE ] removing player 0 token from slot 10
[2022-12-07 19:36:09] [SEVERE ] Key 90 was pressed by player 0
[2022-12-07 19:36:09] [SEVERE ] player 0 placing token on slot 8
[2022-12-07 19:36:09] [SEVERE ] Key 88 was pressed by player 0
[2022-12-07 19:36:09] [SEVERE ] player 0 placing token on slot 9
[2022-12-07 19:36:10] [SEVERE ] Key 67 was pressed by player 0
[2022-12-07 19:36:10] [SEVERE ] player 0 placing token on slot 10
[2022-12-07 19:36:10] [SEVERE ] removing player 0 token from slot 8
[2022-12-07 19:36:10] [SEVERE ] removing player 0 token from slot 9
[2022-12-07 19:36:10] [SEVERE ] removing player 0 token from slot 10
[2022-12-07 19:36:12] [SEVERE ] Key 81 was pressed by player 0
[2022-12-07 19:36:12] [SEVERE ] player 0 placing token on slot 0
[2022-12-07 19:36:12] [SEVERE ] Key 87 was pressed by player 0
[2022-12-07 19:36:12] [SEVERE ] player 0 placing token on slot 1
[2022-12-07 19:36:13] [SEVERE ] Key 69 was pressed by player 0
[2022-12-07 19:36:13] [SEVERE ] player 0 placing token on slot 2
[2022-12-07 19:36:13] [SEVERE ] removing player 0 token from slot 0
[2022-12-07 19:36:13] [SEVERE ] removing player 0 token from slot 1
[2022-12-07 19:36:13] [SEVERE ] removing player 0 token from slot 2
[2022-12-07 19:36:13] [SEVERE ] setting player 0 score to 7
[2022-12-07 19:36:14] [SEVERE ] Key 81 was pressed by player 0
[2022-12-07 19:36:14] [SEVERE ] player 0 placing token on slot 0
[2022-12-07 19:36:14] [SEVERE ] Key 87 was pressed by player 0
[2022-12-07 19:36:14] [SEVERE ] player 0 placing token on slot 1
[2022-12-07 19:36:14] [SEVERE ] Key 69 was pressed by player 0
[2022-12-07 19:36:14] [SEVERE ] player 0 placing token on slot 2
[2022-12-07 19:36:14] [SEVERE ] removing player 0 token from slot 0
[2022-12-07 19:36:14] [SEVERE ] removing player 0 token from slot 1
[2022-12-07 19:36:14] [SEVERE ] removing player 0 token from slot 2
[2022-12-07 19:36:14] [SEVERE ] setting player 0 score to 8
[2022-12-07 19:36:17] [SEVERE ] Key 90 was pressed by player 0
[2022-12-07 19:36:17] [SEVERE ] player 0 placing token on slot 8
[2022-12-07 19:36:18] [SEVERE ] Key 88 was pressed by player 0
[2022-12-07 19:36:18] [SEVERE ] player 0 placing token on slot 9
[2022-12-07 19:36:18] [SEVERE ] Key 67 was pressed by player 0
[2022-12-07 19:36:18] [SEVERE ] player 0 placing token on slot 10
[2022-12-07 19:36:18] [SEVERE ] removing player 0 token from slot 8
[2022-12-07 19:36:18] [SEVERE ] removing player 0 token from slot 9
[2022-12-07 19:36:18] [SEVERE ] removing player 0 token from slot 10
[2022-12-07 19:36:18] [SEVERE ] Key 90 was pressed by player 0
[2022-12-07 19:36:18] [SEVERE ] player 0 placing token on slot 8
[2022-12-07 19:36:18] [SEVERE ] Key 88 was pressed by player 0
[2022-12-07 19:36:18] [SEVERE ] player 0 placing token on slot 9
[2022-12-07 19:36:18] [SEVERE ] Key 67 was pressed by player 0
[2022-12-07 19:36:18] [SEVERE ] player 0 placing token on slot 10
[2022-12-07 19:36:18] [SEVERE ] removing player 0 token from slot 8
[2022-12-07 19:36:18] [SEVERE ] removing player 0 token from slot 9
[2022-12-07 19:36:18] [SEVERE ] removing player 0 token from slot 10
[2022-12-07 19:36:19] [SEVERE ] Key 65 was pressed by player 0
[2022-12-07 19:36:19] [SEVERE ] player 0 placing token on slot 4
[2022-12-07 19:36:19] [SEVERE ] Key 83 was pressed by player 0
[2022-12-07 19:36:19] [SEVERE ] player 0 placing token on slot 5
[2022-12-07 19:36:20] [SEVERE ] Key 68 was pressed by player 0
[2022-12-07 19:36:20] [SEVERE ] player 0 placing token on slot 6
[2022-12-07 19:36:20] [SEVERE ] removing player 0 token from slot 4
[2022-12-07 19:36:20] [SEVERE ] removing player 0 token from slot 5
[2022-12-07 19:36:20] [SEVERE ] removing player 0 token from slot 6
[2022-12-07 19:36:20] [SEVERE ] Key 65 was pressed by player 0
[2022-12-07 19:36:20] [SEVERE ] player 0 placing token on slot 4
[2022-12-07 19:36:20] [SEVERE ] Key 83 was pressed by player 0
[2022-12-07 19:36:20] [SEVERE ] player 0 placing token on slot 5
[2022-12-07 19:36:20] [SEVERE ] Key 68 was pressed by player 0
[2022-12-07 19:36:20] [SEVERE ] player 0 placing token on slot 6
[2022-12-07 19:36:20] [SEVERE ] removing player 0 token from slot 4
[2022-12-07 19:36:20] [SEVERE ] removing player 0 token from slot 5
[2022-12-07 19:36:20] [SEVERE ] removing player 0 token from slot 6
[2022-12-07 19:36:21] [SEVERE ] Key 65 was pressed by player 0
[2022-12-07 19:36:21] [SEVERE ] player 0 placing token on slot 4
[2022-12-07 19:36:21] [SEVERE ] Key 83 was pressed by player 0
[2022-12-07 19:36:21] [SEVERE ] player 0 placing token on slot 5
[2022-12-07 19:36:21] [SEVERE ] Key 68 was pressed by player 0
[2022-12-07 19:36:21] [SEVERE ] player 0 placing token on slot 6
[2022-12-07 19:36:21] [SEVERE ] removing player 0 token from slot 4
[2022-12-07 19:36:21] [SEVERE ] removing player 0 token from slot 5
[2022-12-07 19:36:21] [SEVERE ] removing player 0 token from slot 6
[2022-12-07 19:36:22] [SEVERE ] Key 81 was pressed by player 0
[2022-12-07 19:36:22] [SEVERE ] player 0 placing token on slot 0
[2022-12-07 19:36:22] [SEVERE ] Key 87 was pressed by player 0
[2022-12-07 19:36:22] [SEVERE ] player 0 placing token on slot 1
[2022-12-07 19:36:22] [SEVERE ] Key 69 was pressed by player 0
[2022-12-07 19:36:22] [SEVERE ] player 0 placing token on slot 2
[2022-12-07 19:36:22] [SEVERE ] removing player 0 token from slot 0
[2022-12-07 19:36:22] [SEVERE ] removing player 0 token from slot 1
[2022-12-07 19:36:22] [SEVERE ] removing player 0 token from slot 2
[2022-12-07 19:36:22] [SEVERE ] setting player 0 score to 9
[2022-12-07 19:36:30] [SEVERE ] Key 81 was pressed by player 0
[2022-12-07 19:36:30] [SEVERE ] player 0 placing token on slot 0
[2022-12-07 19:36:30] [SEVERE ] Key 65 was pressed by player 0
[2022-12-07 19:36:30] [SEVERE ] player 0 placing token on slot 4
[2022-12-07 19:36:30] [SEVERE ] Key 69 was pressed by player 0
[2022-12-07 19:36:30] [SEVERE ] player 0 placing token on slot 2
[2022-12-07 19:36:30] [SEVERE ] removing player 0 token from slot 0
[2022-12-07 19:36:30] [SEVERE ] removing player 0 token from slot 4
[2022-12-07 19:36:30] [SEVERE ] removing player 0 token from slot 2
[2022-12-07 19:36:31] [SEVERE ] Key 65 was pressed by player 0
[2022-12-07 19:36:31] [SEVERE ] player 0 placing token on slot 4
[2022-12-07 19:36:32] [SEVERE ] Key 81 was pressed by player 0
[2022-12-07 19:36:32] [SEVERE ] player 0 placing token on slot 0
[2022-12-07 19:36:32] [SEVERE ] Key 69 was pressed by player 0
[2022-12-07 19:36:32] [SEVERE ] player 0 placing token on slot 2
[2022-12-07 19:36:32] [SEVERE ] removing player 0 token from slot 4
[2022-12-07 19:36:32] [SEVERE ] removing player 0 token from slot 0
[2022-12-07 19:36:32] [SEVERE ] removing player 0 token from slot 2
[2022-12-07 19:36:34] [SEVERE ] Key 81 was pressed by player 0
[2022-12-07 19:36:34] [SEVERE ] player 0 placing token on slot 0
[2022-12-07 19:36:34] [SEVERE ] Key 65 was pressed by player 0
[2022-12-07 19:36:34] [SEVERE ] player 0 placing token on slot 4
[2022-12-07 19:36:34] [SEVERE ] Key 90 was pressed by player 0
[2022-12-07 19:36:34] [SEVERE ] player 0 placing token on slot 8
[2022-12-07 19:36:34] [SEVERE ] removing player 0 token from slot 0
[2022-12-07 19:36:34] [SEVERE ] removing player 0 token from slot 4
[2022-12-07 19:36:34] [SEVERE ] removing player 0 token from slot 8
[2022-12-07 19:36:34] [SEVERE ] setting player 0 score to 10
[2022-12-07 19:36:36] [SEVERE ] Key 81 was pressed by player 0
[2022-12-07 19:36:36] [SEVERE ] player 0 placing token on slot 0
[2022-12-07 19:36:36] [SEVERE ] Key 65 was pressed by player 0
[2022-12-07 19:36:36] [SEVERE ] player 0 placing token on slot 4
[2022-12-07 19:36:36] [SEVERE ] Key 90 was pressed by player 0
[2022-12-07 19:36:36] [SEVERE ] player 0 placing token on slot 8
[2022-12-07 19:36:36] [SEVERE ] removing player 0 token from slot 0
[2022-12-07 19:36:36] [SEVERE ] removing player 0 token from slot 4
[2022-12-07 19:36:36] [SEVERE ] removing player 0 token from slot 8
[2022-12-07 19:36:36] [SEVERE ] setting player 0 score to 11
[2022-12-07 19:36:37] [SEVERE ] Key 81 was pressed by player 0
[2022-12-07 19:36:37] [SEVERE ] player 0 placing token on slot 0
[2022-12-07 19:36:37] [SEVERE ] Key 65 was pressed by player 0
[2022-12-07 19:36:37] [SEVERE ] player 0 placing token on slot 4
[2022-12-07 19:36:37] [SEVERE ] Key 90 was pressed by player 0
[2022-12-07 19:36:37] [SEVERE ] player 0 placing token on slot 8
[2022-12-07 19:36:37] [SEVERE ] removing player 0 token from slot 0
[2022-12-07 19:36:37] [SEVERE ] removing player 0 token from slot 4
[2022-12-07 19:36:37] [SEVERE ] removing player 0 token from slot 8
[2022-12-07 19:36:37] [SEVERE ] setting player 0 score to 12
[2022-12-07 19:36:51] [SEVERE ] Key 59 was pressed by player 1
[2022-12-07 19:36:51] [SEVERE ] player 1 placing token on slot 7
[2022-12-07 19:36:53] [SEVERE ] Key 76 was pressed by player 1
[2022-12-07 19:36:53] [SEVERE ] player 1 placing token on slot 6
[2022-12-07 19:36:56] [SEVERE ] Key 47 was pressed by player 1
[2022-12-07 19:36:56] [SEVERE ] player 1 placing token on slot 11
[2022-12-07 19:36:56] [SEVERE ] removing player 1 token from slot 7
[2022-12-07 19:36:56] [SEVERE ] removing player 1 token from slot 6
[2022-12-07 19:36:56] [SEVERE ] removing player 1 token from slot 11
[2022-12-07 19:36:57] [SEVERE ] Key 59 was pressed by player 1
[2022-12-07 19:36:57] [SEVERE ] player 1 placing token on slot 7
[2022-12-07 19:36:57] [SEVERE ] Key 76 was pressed by player 1
[2022-12-07 19:36:57] [SEVERE ] player 1 placing token on slot 6
[2022-12-07 19:36:57] [SEVERE ] Key 47 was pressed by player 1
[2022-12-07 19:36:57] [SEVERE ] player 1 placing token on slot 11
[2022-12-07 19:36:57] [SEVERE ] removing player 1 token from slot 7
[2022-12-07 19:36:57] [SEVERE ] removing player 1 token from slot 6
[2022-12-07 19:36:57] [SEVERE ] removing player 1 token from slot 11
[2022-12-07 19:36:58] [SEVERE ] Key 47 was pressed by player 1
[2022-12-07 19:36:58] [SEVERE ] player 1 placing token on slot 11
[2022-12-07 19:36:58] [SEVERE ] Key 59 was pressed by player 1
[2022-12-07 19:36:58] [SEVERE ] player 1 placing token on slot 7
[2022-12-07 19:36:59] [SEVERE ] Key 76 was pressed by player 1
[2022-12-07 19:36:59] [SEVERE ] player 1 placing token on slot 6
[2022-12-07 19:36:59] [SEVERE ] removing player 1 token from slot 11
[2022-12-07 19:36:59] [SEVERE ] removing player 1 token from slot 7
[2022-12-07 19:36:59] [SEVERE ] removing player 1 token from slot 6
[2022-12-07 19:36:59] [SEVERE ] Key 47 was pressed by player 1
[2022-12-07 19:36:59] [SEVERE ] player 1 placing token on slot 11
[2022-12-07 19:36:59] [SEVERE ] Key 59 was pressed by player 1
[2022-12-07 19:36:59] [SEVERE ] player 1 placing token on slot 7
[2022-12-07 19:37:00] [SEVERE ] Key 76 was pressed by player 1
[2022-12-07 19:37:00] [SEVERE ] player 1 placing token on slot 6
[2022-12-07 19:37:00] [SEVERE ] removing player 1 token from slot 11
[2022-12-07 19:37:00] [SEVERE ] removing player 1 token from slot 7
[2022-12-07 19:37:00] [SEVERE ] removing player 1 token from slot 6
[2022-12-07 19:37:00] [SEVERE ] Key 47 was pressed by player 1
[2022-12-07 19:37:00] [SEVERE ] player 1 placing token on slot 11
[2022-12-07 19:37:00] [SEVERE ] placing card 38 in slot 0
[2022-12-07 19:37:00] [SEVERE ] Key 59 was pressed by player 1
[2022-12-07 19:37:00] [SEVERE ] player 1 placing token on slot 7
[2022-12-07 19:37:00] [SEVERE ] placing card 11 in slot 1
[2022-12-07 19:37:01] [SEVERE ] placing card 21 in slot 2
[2022-12-07 19:37:01] [SEVERE ] Key 76 was pressed by player 1
[2022-12-07 19:37:01] [SEVERE ] player 1 placing token on slot 6
[2022-12-07 19:37:01] [SEVERE ] removing player 1 token from slot 11
[2022-12-07 19:37:01] [SEVERE ] removing player 1 token from slot 7
[2022-12-07 19:37:01] [SEVERE ] removing player 1 token from slot 6
[2022-12-07 19:37:01] [SEVERE ] placing card 80 in slot 3
[2022-12-07 19:37:01] [SEVERE ] placing card 5 in slot 4
[2022-12-07 19:37:01] [SEVERE ] placing card 7 in slot 5
[2022-12-07 19:37:01] [SEVERE ] placing card 79 in slot 6
[2022-12-07 19:37:01] [SEVERE ] placing card 3 in slot 7
[2022-12-07 19:37:01] [SEVERE ] placing card 23 in slot 8
[2022-12-07 19:37:01] [SEVERE ] placing card 77 in slot 9
[2022-12-07 19:37:01] [SEVERE ] placing card 67 in slot 10
[2022-12-07 19:37:02] [SEVERE ] placing card 34 in slot 11
[2022-12-07 19:37:02] [SEVERE ] Key 47 was pressed by player 1
[2022-12-07 19:37:02] [SEVERE ] player 1 placing token on slot 11
[2022-12-07 19:37:02] [SEVERE ] Key 59 was pressed by player 1
[2022-12-07 19:37:02] [SEVERE ] player 1 placing token on slot 7
[2022-12-07 19:37:02] [SEVERE ] Key 76 was pressed by player 1
[2022-12-07 19:37:02] [SEVERE ] player 1 placing token on slot 6
[2022-12-07 19:37:02] [SEVERE ] removing player 1 token from slot 11
[2022-12-07 19:37:02] [SEVERE ] removing player 1 token from slot 7
[2022-12-07 19:37:02] [SEVERE ] removing player 1 token from slot 6
[2022-12-07 19:38:02] [SEVERE ] placing card 9 in slot 0
[2022-12-07 19:38:02] [SEVERE ] placing card 50 in slot 1
[2022-12-07 19:38:02] [SEVERE ] placing card 18 in slot 2
[2022-12-07 19:38:02] [SEVERE ] placing card 75 in slot 3
[2022-12-07 19:38:02] [SEVERE ] placing card 51 in slot 4
[2022-12-07 19:38:02] [SEVERE ] placing card 45 in slot 5
[2022-12-07 19:38:03] [SEVERE ] placing card 64 in slot 6
[2022-12-07 19:38:03] [SEVERE ] placing card 59 in slot 7
[2022-12-07 19:38:03] [SEVERE ] placing card 0 in slot 8
[2022-12-07 19:38:03] [SEVERE ] placing card 2 in slot 9
[2022-12-07 19:38:03] [SEVERE ] placing card 60 in slot 10
[2022-12-07 19:38:03] [SEVERE ] placing card 52 in slot 11
