[2022-12-07 19:38:36] [INFO   ] cannot read configuration file config.properties trying from resources.
[2022-12-07 19:38:36] [INFO   ] configuration file was loaded from resources directory.
[2022-12-07 19:38:37] [SEVERE ] placing card 24 in slot 0
[2022-12-07 19:38:37] [SEVERE ] placing card 22 in slot 1
[2022-12-07 19:38:37] [SEVERE ] placing card 33 in slot 2
[2022-12-07 19:38:37] [SEVERE ] placing card 72 in slot 3
[2022-12-07 19:38:37] [SEVERE ] placing card 39 in slot 4
[2022-12-07 19:38:37] [SEVERE ] placing card 58 in slot 5
[2022-12-07 19:38:38] [SEVERE ] placing card 66 in slot 6
[2022-12-07 19:38:38] [SEVERE ] placing card 13 in slot 7
[2022-12-07 19:38:38] [SEVERE ] placing card 1 in slot 8
[2022-12-07 19:38:38] [SEVERE ] placing card 36 in slot 9
[2022-12-07 19:38:38] [SEVERE ] placing card 29 in slot 10
[2022-12-07 19:38:38] [SEVERE ] placing card 0 in slot 11
[2022-12-07 19:38:39] [SEVERE ] Key 81 was pressed by player 0
[2022-12-07 19:38:39] [SEVERE ] player 0 placing token on slot 0
[2022-12-07 19:38:39] [SEVERE ] Key 87 was pressed by player 0
[2022-12-07 19:38:39] [SEVERE ] player 0 placing token on slot 1
[2022-12-07 19:38:39] [SEVERE ] Key 69 was pressed by player 0
[2022-12-07 19:38:39] [SEVERE ] player 0 placing token on slot 2
[2022-12-07 19:38:39] [SEVERE ] removing player 0 token from slot 0
[2022-12-07 19:38:39] [SEVERE ] removing player 0 token from slot 1
[2022-12-07 19:38:39] [SEVERE ] removing player 0 token from slot 2
[2022-12-07 19:38:39] [SEVERE ] setting player 0 score to 1
[2022-12-07 19:38:42] [SEVERE ] Key 81 was pressed by player 0
[2022-12-07 19:38:42] [SEVERE ] player 0 placing token on slot 0
[2022-12-07 19:38:42] [SEVERE ] Key 87 was pressed by player 0
[2022-12-07 19:38:42] [SEVERE ] player 0 placing token on slot 1
[2022-12-07 19:38:42] [SEVERE ] Key 69 was pressed by player 0
[2022-12-07 19:38:42] [SEVERE ] player 0 placing token on slot 2
[2022-12-07 19:38:42] [SEVERE ] removing player 0 token from slot 0
[2022-12-07 19:38:42] [SEVERE ] removing player 0 token from slot 1
[2022-12-07 19:38:42] [SEVERE ] removing player 0 token from slot 2
[2022-12-07 19:38:42] [SEVERE ] setting player 0 score to 2
[2022-12-07 19:38:44] [SEVERE ] Key 81 was pressed by player 0
[2022-12-07 19:38:44] [SEVERE ] player 0 placing token on slot 0
[2022-12-07 19:38:44] [SEVERE ] Key 87 was pressed by player 0
[2022-12-07 19:38:44] [SEVERE ] player 0 placing token on slot 1
[2022-12-07 19:38:45] [SEVERE ] Key 69 was pressed by player 0
[2022-12-07 19:38:45] [SEVERE ] player 0 placing token on slot 2
[2022-12-07 19:38:45] [SEVERE ] removing player 0 token from slot 0
[2022-12-07 19:38:45] [SEVERE ] removing player 0 token from slot 1
[2022-12-07 19:38:45] [SEVERE ] removing player 0 token from slot 2
[2022-12-07 19:38:45] [SEVERE ] setting player 0 score to 3
[2022-12-07 19:38:46] [SEVERE ] Key 65 was pressed by player 0
[2022-12-07 19:38:46] [SEVERE ] player 0 placing token on slot 4
[2022-12-07 19:38:46] [SEVERE ] Key 83 was pressed by player 0
[2022-12-07 19:38:46] [SEVERE ] player 0 placing token on slot 5
[2022-12-07 19:38:46] [SEVERE ] Key 68 was pressed by player 0
[2022-12-07 19:38:46] [SEVERE ] player 0 placing token on slot 6
[2022-12-07 19:38:46] [SEVERE ] removing player 0 token from slot 4
[2022-12-07 19:38:46] [SEVERE ] removing player 0 token from slot 5
[2022-12-07 19:38:46] [SEVERE ] removing player 0 token from slot 6
[2022-12-07 19:38:47] [SEVERE ] Key 65 was pressed by player 0
[2022-12-07 19:38:47] [SEVERE ] player 0 placing token on slot 4
[2022-12-07 19:38:47] [SEVERE ] Key 83 was pressed by player 0
[2022-12-07 19:38:47] [SEVERE ] player 0 placing token on slot 5
[2022-12-07 19:38:47] [SEVERE ] Key 68 was pressed by player 0
[2022-12-07 19:38:47] [SEVERE ] player 0 placing token on slot 6
[2022-12-07 19:38:47] [SEVERE ] removing player 0 token from slot 4
[2022-12-07 19:38:47] [SEVERE ] removing player 0 token from slot 5
[2022-12-07 19:38:47] [SEVERE ] removing player 0 token from slot 6
[2022-12-07 19:38:47] [SEVERE ] Key 65 was pressed by player 0
[2022-12-07 19:38:47] [SEVERE ] player 0 placing token on slot 4
[2022-12-07 19:38:48] [SEVERE ] Key 83 was pressed by player 0
[2022-12-07 19:38:48] [SEVERE ] player 0 placing token on slot 5
[2022-12-07 19:38:48] [SEVERE ] Key 68 was pressed by player 0
[2022-12-07 19:38:48] [SEVERE ] player 0 placing token on slot 6
[2022-12-07 19:38:48] [SEVERE ] removing player 0 token from slot 4
[2022-12-07 19:38:48] [SEVERE ] removing player 0 token from slot 5
[2022-12-07 19:38:48] [SEVERE ] removing player 0 token from slot 6
[2022-12-07 19:38:48] [SEVERE ] Key 65 was pressed by player 0
[2022-12-07 19:38:48] [SEVERE ] player 0 placing token on slot 4
[2022-12-07 19:38:48] [SEVERE ] Key 83 was pressed by player 0
[2022-12-07 19:38:48] [SEVERE ] player 0 placing token on slot 5
[2022-12-07 19:38:48] [SEVERE ] Key 68 was pressed by player 0
[2022-12-07 19:38:48] [SEVERE ] player 0 placing token on slot 6
[2022-12-07 19:38:48] [SEVERE ] removing player 0 token from slot 4
[2022-12-07 19:38:48] [SEVERE ] removing player 0 token from slot 5
[2022-12-07 19:38:48] [SEVERE ] removing player 0 token from slot 6
[2022-12-07 19:38:48] [SEVERE ] Key 65 was pressed by player 0
[2022-12-07 19:38:48] [SEVERE ] player 0 placing token on slot 4
[2022-12-07 19:38:48] [SEVERE ] Key 83 was pressed by player 0
[2022-12-07 19:38:48] [SEVERE ] player 0 placing token on slot 5
[2022-12-07 19:38:48] [SEVERE ] Key 68 was pressed by player 0
[2022-12-07 19:38:48] [SEVERE ] player 0 placing token on slot 6
[2022-12-07 19:38:48] [SEVERE ] removing player 0 token from slot 4
[2022-12-07 19:38:48] [SEVERE ] removing player 0 token from slot 5
[2022-12-07 19:38:48] [SEVERE ] removing player 0 token from slot 6
[2022-12-07 19:38:48] [SEVERE ] Key 65 was pressed by player 0
[2022-12-07 19:38:48] [SEVERE ] player 0 placing token on slot 4
[2022-12-07 19:38:49] [SEVERE ] Key 83 was pressed by player 0
[2022-12-07 19:38:49] [SEVERE ] player 0 placing token on slot 5
[2022-12-07 19:38:49] [SEVERE ] Key 68 was pressed by player 0
[2022-12-07 19:38:49] [SEVERE ] player 0 placing token on slot 6
[2022-12-07 19:38:49] [SEVERE ] removing player 0 token from slot 4
[2022-12-07 19:38:49] [SEVERE ] removing player 0 token from slot 5
[2022-12-07 19:38:49] [SEVERE ] removing player 0 token from slot 6
[2022-12-07 19:38:49] [SEVERE ] Key 65 was pressed by player 0
[2022-12-07 19:38:49] [SEVERE ] player 0 placing token on slot 4
[2022-12-07 19:38:49] [SEVERE ] Key 83 was pressed by player 0
[2022-12-07 19:38:49] [SEVERE ] player 0 placing token on slot 5
[2022-12-07 19:38:49] [SEVERE ] Key 68 was pressed by player 0
[2022-12-07 19:38:49] [SEVERE ] player 0 placing token on slot 6
[2022-12-07 19:38:49] [SEVERE ] removing player 0 token from slot 4
[2022-12-07 19:38:49] [SEVERE ] removing player 0 token from slot 5
[2022-12-07 19:38:49] [SEVERE ] removing player 0 token from slot 6
[2022-12-07 19:38:49] [SEVERE ] Key 65 was pressed by player 0
[2022-12-07 19:38:49] [SEVERE ] player 0 placing token on slot 4
[2022-12-07 19:38:49] [SEVERE ] Key 83 was pressed by player 0
[2022-12-07 19:38:49] [SEVERE ] player 0 placing token on slot 5
[2022-12-07 19:38:49] [SEVERE ] Key 68 was pressed by player 0
[2022-12-07 19:38:49] [SEVERE ] player 0 placing token on slot 6
[2022-12-07 19:38:49] [SEVERE ] removing player 0 token from slot 4
[2022-12-07 19:38:49] [SEVERE ] removing player 0 token from slot 5
[2022-12-07 19:38:49] [SEVERE ] removing player 0 token from slot 6
[2022-12-07 19:38:50] [SEVERE ] Key 65 was pressed by player 0
[2022-12-07 19:38:50] [SEVERE ] player 0 placing token on slot 4
[2022-12-07 19:38:50] [SEVERE ] Key 83 was pressed by player 0
[2022-12-07 19:38:50] [SEVERE ] player 0 placing token on slot 5
[2022-12-07 19:38:50] [SEVERE ] Key 68 was pressed by player 0
[2022-12-07 19:38:50] [SEVERE ] player 0 placing token on slot 6
[2022-12-07 19:38:50] [SEVERE ] removing player 0 token from slot 4
[2022-12-07 19:38:50] [SEVERE ] removing player 0 token from slot 5
[2022-12-07 19:38:50] [SEVERE ] removing player 0 token from slot 6
[2022-12-07 19:38:50] [SEVERE ] Key 90 was pressed by player 0
[2022-12-07 19:38:50] [SEVERE ] player 0 placing token on slot 8
[2022-12-07 19:38:50] [SEVERE ] Key 88 was pressed by player 0
[2022-12-07 19:38:50] [SEVERE ] player 0 placing token on slot 9
[2022-12-07 19:38:50] [SEVERE ] Key 67 was pressed by player 0
[2022-12-07 19:38:50] [SEVERE ] player 0 placing token on slot 10
[2022-12-07 19:38:50] [SEVERE ] removing player 0 token from slot 8
[2022-12-07 19:38:50] [SEVERE ] removing player 0 token from slot 9
[2022-12-07 19:38:50] [SEVERE ] removing player 0 token from slot 10
[2022-12-07 19:38:50] [SEVERE ] Key 90 was pressed by player 0
[2022-12-07 19:38:50] [SEVERE ] player 0 placing token on slot 8
[2022-12-07 19:38:50] [SEVERE ] Key 88 was pressed by player 0
[2022-12-07 19:38:50] [SEVERE ] player 0 placing token on slot 9
[2022-12-07 19:38:50] [SEVERE ] Key 67 was pressed by player 0
[2022-12-07 19:38:50] [SEVERE ] player 0 placing token on slot 10
[2022-12-07 19:38:50] [SEVERE ] removing player 0 token from slot 8
[2022-12-07 19:38:50] [SEVERE ] removing player 0 token from slot 9
[2022-12-07 19:38:50] [SEVERE ] removing player 0 token from slot 10
[2022-12-07 19:38:51] [SEVERE ] Key 90 was pressed by player 0
[2022-12-07 19:38:51] [SEVERE ] player 0 placing token on slot 8
[2022-12-07 19:38:51] [SEVERE ] Key 88 was pressed by player 0
[2022-12-07 19:38:51] [SEVERE ] player 0 placing token on slot 9
[2022-12-07 19:38:51] [SEVERE ] Key 67 was pressed by player 0
[2022-12-07 19:38:51] [SEVERE ] player 0 placing token on slot 10
[2022-12-07 19:38:51] [SEVERE ] removing player 0 token from slot 8
[2022-12-07 19:38:51] [SEVERE ] removing player 0 token from slot 9
[2022-12-07 19:38:51] [SEVERE ] removing player 0 token from slot 10
[2022-12-07 19:38:51] [SEVERE ] Key 90 was pressed by player 0
[2022-12-07 19:38:51] [SEVERE ] player 0 placing token on slot 8
[2022-12-07 19:38:51] [SEVERE ] Key 88 was pressed by player 0
[2022-12-07 19:38:51] [SEVERE ] player 0 placing token on slot 9
[2022-12-07 19:38:51] [SEVERE ] Key 67 was pressed by player 0
[2022-12-07 19:38:51] [SEVERE ] player 0 placing token on slot 10
[2022-12-07 19:38:51] [SEVERE ] removing player 0 token from slot 8
[2022-12-07 19:38:51] [SEVERE ] removing player 0 token from slot 9
[2022-12-07 19:38:51] [SEVERE ] removing player 0 token from slot 10
[2022-12-07 19:38:51] [SEVERE ] Key 90 was pressed by player 0
[2022-12-07 19:38:51] [SEVERE ] player 0 placing token on slot 8
[2022-12-07 19:38:51] [SEVERE ] Key 88 was pressed by player 0
[2022-12-07 19:38:51] [SEVERE ] player 0 placing token on slot 9
[2022-12-07 19:38:51] [SEVERE ] Key 67 was pressed by player 0
[2022-12-07 19:38:51] [SEVERE ] player 0 placing token on slot 10
[2022-12-07 19:38:51] [SEVERE ] removing player 0 token from slot 8
[2022-12-07 19:38:51] [SEVERE ] removing player 0 token from slot 9
[2022-12-07 19:38:51] [SEVERE ] removing player 0 token from slot 10
[2022-12-07 19:38:52] [SEVERE ] Key 90 was pressed by player 0
[2022-12-07 19:38:52] [SEVERE ] player 0 placing token on slot 8
[2022-12-07 19:38:52] [SEVERE ] Key 88 was pressed by player 0
[2022-12-07 19:38:52] [SEVERE ] player 0 placing token on slot 9
[2022-12-07 19:38:52] [SEVERE ] Key 67 was pressed by player 0
[2022-12-07 19:38:52] [SEVERE ] player 0 placing token on slot 10
[2022-12-07 19:38:52] [SEVERE ] removing player 0 token from slot 8
[2022-12-07 19:38:52] [SEVERE ] removing player 0 token from slot 9
[2022-12-07 19:38:52] [SEVERE ] removing player 0 token from slot 10
[2022-12-07 19:38:52] [SEVERE ] Key 90 was pressed by player 0
[2022-12-07 19:38:52] [SEVERE ] player 0 placing token on slot 8
[2022-12-07 19:38:52] [SEVERE ] Key 88 was pressed by player 0
[2022-12-07 19:38:52] [SEVERE ] player 0 placing token on slot 9
[2022-12-07 19:38:52] [SEVERE ] Key 67 was pressed by player 0
[2022-12-07 19:38:52] [SEVERE ] player 0 placing token on slot 10
[2022-12-07 19:38:52] [SEVERE ] removing player 0 token from slot 8
[2022-12-07 19:38:52] [SEVERE ] removing player 0 token from slot 9
[2022-12-07 19:38:52] [SEVERE ] removing player 0 token from slot 10
[2022-12-07 19:38:52] [SEVERE ] Key 90 was pressed by player 0
[2022-12-07 19:38:52] [SEVERE ] player 0 placing token on slot 8
[2022-12-07 19:38:52] [SEVERE ] Key 88 was pressed by player 0
[2022-12-07 19:38:52] [SEVERE ] player 0 placing token on slot 9
[2022-12-07 19:38:53] [SEVERE ] Key 67 was pressed by player 0
[2022-12-07 19:38:53] [SEVERE ] player 0 placing token on slot 10
[2022-12-07 19:38:53] [SEVERE ] removing player 0 token from slot 8
[2022-12-07 19:38:53] [SEVERE ] removing player 0 token from slot 9
[2022-12-07 19:38:53] [SEVERE ] removing player 0 token from slot 10
[2022-12-07 19:38:53] [SEVERE ] Key 90 was pressed by player 0
[2022-12-07 19:38:53] [SEVERE ] player 0 placing token on slot 8
[2022-12-07 19:38:53] [SEVERE ] Key 88 was pressed by player 0
[2022-12-07 19:38:53] [SEVERE ] player 0 placing token on slot 9
[2022-12-07 19:38:53] [SEVERE ] Key 67 was pressed by player 0
[2022-12-07 19:38:53] [SEVERE ] player 0 placing token on slot 10
[2022-12-07 19:38:53] [SEVERE ] removing player 0 token from slot 8
[2022-12-07 19:38:53] [SEVERE ] removing player 0 token from slot 9
[2022-12-07 19:38:53] [SEVERE ] removing player 0 token from slot 10
[2022-12-07 19:38:53] [SEVERE ] Key 90 was pressed by player 0
[2022-12-07 19:38:53] [SEVERE ] player 0 placing token on slot 8
[2022-12-07 19:38:53] [SEVERE ] Key 88 was pressed by player 0
[2022-12-07 19:38:53] [SEVERE ] player 0 placing token on slot 9
[2022-12-07 19:38:54] [SEVERE ] Key 67 was pressed by player 0
[2022-12-07 19:38:54] [SEVERE ] player 0 placing token on slot 10
[2022-12-07 19:38:54] [SEVERE ] removing player 0 token from slot 8
[2022-12-07 19:38:54] [SEVERE ] removing player 0 token from slot 9
[2022-12-07 19:38:54] [SEVERE ] removing player 0 token from slot 10
[2022-12-07 19:38:54] [SEVERE ] Key 90 was pressed by player 0
[2022-12-07 19:38:54] [SEVERE ] player 0 placing token on slot 8
[2022-12-07 19:38:54] [SEVERE ] Key 88 was pressed by player 0
[2022-12-07 19:38:54] [SEVERE ] player 0 placing token on slot 9
[2022-12-07 19:38:54] [SEVERE ] Key 67 was pressed by player 0
[2022-12-07 19:38:54] [SEVERE ] player 0 placing token on slot 10
[2022-12-07 19:38:54] [SEVERE ] removing player 0 token from slot 8
[2022-12-07 19:38:54] [SEVERE ] removing player 0 token from slot 9
[2022-12-07 19:38:54] [SEVERE ] removing player 0 token from slot 10
[2022-12-07 19:38:54] [SEVERE ] Key 90 was pressed by player 0
[2022-12-07 19:38:54] [SEVERE ] player 0 placing token on slot 8
[2022-12-07 19:38:55] [SEVERE ] Key 88 was pressed by player 0
[2022-12-07 19:38:55] [SEVERE ] player 0 placing token on slot 9
[2022-12-07 19:38:55] [SEVERE ] Key 67 was pressed by player 0
[2022-12-07 19:38:55] [SEVERE ] player 0 placing token on slot 10
[2022-12-07 19:38:55] [SEVERE ] removing player 0 token from slot 8
[2022-12-07 19:38:55] [SEVERE ] removing player 0 token from slot 9
[2022-12-07 19:38:55] [SEVERE ] removing player 0 token from slot 10
[2022-12-07 19:38:55] [SEVERE ] Key 90 was pressed by player 0
[2022-12-07 19:38:55] [SEVERE ] player 0 placing token on slot 8
[2022-12-07 19:38:55] [SEVERE ] Key 88 was pressed by player 0
[2022-12-07 19:38:55] [SEVERE ] player 0 placing token on slot 9
[2022-12-07 19:38:55] [SEVERE ] Key 67 was pressed by player 0
[2022-12-07 19:38:55] [SEVERE ] player 0 placing token on slot 10
[2022-12-07 19:38:55] [SEVERE ] removing player 0 token from slot 8
[2022-12-07 19:38:55] [SEVERE ] removing player 0 token from slot 9
[2022-12-07 19:38:55] [SEVERE ] removing player 0 token from slot 10
[2022-12-07 19:38:56] [SEVERE ] Key 90 was pressed by player 0
[2022-12-07 19:38:56] [SEVERE ] player 0 placing token on slot 8
[2022-12-07 19:38:56] [SEVERE ] Key 88 was pressed by player 0
[2022-12-07 19:38:56] [SEVERE ] player 0 placing token on slot 9
[2022-12-07 19:38:56] [SEVERE ] Key 67 was pressed by player 0
[2022-12-07 19:38:56] [SEVERE ] player 0 placing token on slot 10
[2022-12-07 19:38:56] [SEVERE ] removing player 0 token from slot 8
[2022-12-07 19:38:56] [SEVERE ] removing player 0 token from slot 9
[2022-12-07 19:38:56] [SEVERE ] removing player 0 token from slot 10
[2022-12-07 19:38:57] [SEVERE ] Key 81 was pressed by player 0
[2022-12-07 19:38:57] [SEVERE ] player 0 placing token on slot 0
[2022-12-07 19:38:57] [SEVERE ] Key 87 was pressed by player 0
[2022-12-07 19:38:57] [SEVERE ] player 0 placing token on slot 1
[2022-12-07 19:38:57] [SEVERE ] Key 69 was pressed by player 0
[2022-12-07 19:38:57] [SEVERE ] player 0 placing token on slot 2
[2022-12-07 19:38:57] [SEVERE ] removing player 0 token from slot 0
[2022-12-07 19:38:57] [SEVERE ] removing player 0 token from slot 1
[2022-12-07 19:38:57] [SEVERE ] removing player 0 token from slot 2
[2022-12-07 19:38:57] [SEVERE ] setting player 0 score to 4
[2022-12-07 19:38:57] [SEVERE ] Key 81 was pressed by player 0
[2022-12-07 19:38:57] [SEVERE ] player 0 placing token on slot 0
[2022-12-07 19:38:57] [SEVERE ] Key 87 was pressed by player 0
[2022-12-07 19:38:57] [SEVERE ] player 0 placing token on slot 1
[2022-12-07 19:38:57] [SEVERE ] Key 69 was pressed by player 0
[2022-12-07 19:38:57] [SEVERE ] player 0 placing token on slot 2
[2022-12-07 19:38:57] [SEVERE ] removing player 0 token from slot 0
[2022-12-07 19:38:57] [SEVERE ] removing player 0 token from slot 1
[2022-12-07 19:38:57] [SEVERE ] removing player 0 token from slot 2
[2022-12-07 19:38:57] [SEVERE ] setting player 0 score to 5
[2022-12-07 19:38:58] [SEVERE ] Key 81 was pressed by player 0
[2022-12-07 19:38:58] [SEVERE ] player 0 placing token on slot 0
[2022-12-07 19:38:58] [SEVERE ] Key 87 was pressed by player 0
[2022-12-07 19:38:58] [SEVERE ] player 0 placing token on slot 1
[2022-12-07 19:38:58] [SEVERE ] Key 69 was pressed by player 0
[2022-12-07 19:38:58] [SEVERE ] player 0 placing token on slot 2
[2022-12-07 19:38:58] [SEVERE ] removing player 0 token from slot 0
[2022-12-07 19:38:58] [SEVERE ] removing player 0 token from slot 1
[2022-12-07 19:38:58] [SEVERE ] removing player 0 token from slot 2
[2022-12-07 19:38:58] [SEVERE ] setting player 0 score to 6
[2022-12-07 19:38:58] [SEVERE ] Key 90 was pressed by player 0
[2022-12-07 19:38:58] [SEVERE ] player 0 placing token on slot 8
[2022-12-07 19:38:58] [SEVERE ] Key 88 was pressed by player 0
[2022-12-07 19:38:58] [SEVERE ] player 0 placing token on slot 9
[2022-12-07 19:38:58] [SEVERE ] Key 67 was pressed by player 0
[2022-12-07 19:38:58] [SEVERE ] player 0 placing token on slot 10
[2022-12-07 19:38:58] [SEVERE ] removing player 0 token from slot 8
[2022-12-07 19:38:58] [SEVERE ] removing player 0 token from slot 9
[2022-12-07 19:38:58] [SEVERE ] removing player 0 token from slot 10
[2022-12-07 19:38:58] [SEVERE ] Key 90 was pressed by player 0
[2022-12-07 19:38:58] [SEVERE ] player 0 placing token on slot 8
[2022-12-07 19:38:59] [SEVERE ] Key 88 was pressed by player 0
[2022-12-07 19:38:59] [SEVERE ] player 0 placing token on slot 9
[2022-12-07 19:38:59] [SEVERE ] Key 67 was pressed by player 0
[2022-12-07 19:38:59] [SEVERE ] player 0 placing token on slot 10
[2022-12-07 19:38:59] [SEVERE ] removing player 0 token from slot 8
[2022-12-07 19:38:59] [SEVERE ] removing player 0 token from slot 9
[2022-12-07 19:38:59] [SEVERE ] removing player 0 token from slot 10
[2022-12-07 19:38:59] [SEVERE ] Key 65 was pressed by player 0
[2022-12-07 19:38:59] [SEVERE ] player 0 placing token on slot 4
[2022-12-07 19:38:59] [SEVERE ] Key 83 was pressed by player 0
[2022-12-07 19:38:59] [SEVERE ] player 0 placing token on slot 5
[2022-12-07 19:38:59] [SEVERE ] Key 68 was pressed by player 0
[2022-12-07 19:38:59] [SEVERE ] player 0 placing token on slot 6
[2022-12-07 19:38:59] [SEVERE ] removing player 0 token from slot 4
[2022-12-07 19:38:59] [SEVERE ] removing player 0 token from slot 5
[2022-12-07 19:38:59] [SEVERE ] removing player 0 token from slot 6
[2022-12-07 19:38:59] [SEVERE ] Key 65 was pressed by player 0
[2022-12-07 19:38:59] [SEVERE ] player 0 placing token on slot 4
[2022-12-07 19:39:00] [SEVERE ] Key 83 was pressed by player 0
[2022-12-07 19:39:00] [SEVERE ] player 0 placing token on slot 5
[2022-12-07 19:39:00] [SEVERE ] Key 68 was pressed by player 0
[2022-12-07 19:39:00] [SEVERE ] player 0 placing token on slot 6
[2022-12-07 19:39:00] [SEVERE ] removing player 0 token from slot 4
[2022-12-07 19:39:00] [SEVERE ] removing player 0 token from slot 5
[2022-12-07 19:39:00] [SEVERE ] removing player 0 token from slot 6
[2022-12-07 19:39:00] [SEVERE ] Key 65 was pressed by player 0
[2022-12-07 19:39:00] [SEVERE ] player 0 placing token on slot 4
[2022-12-07 19:39:00] [SEVERE ] Key 83 was pressed by player 0
[2022-12-07 19:39:00] [SEVERE ] player 0 placing token on slot 5
[2022-12-07 19:39:00] [SEVERE ] Key 68 was pressed by player 0
[2022-12-07 19:39:00] [SEVERE ] player 0 placing token on slot 6
[2022-12-07 19:39:00] [SEVERE ] removing player 0 token from slot 4
[2022-12-07 19:39:00] [SEVERE ] removing player 0 token from slot 5
[2022-12-07 19:39:00] [SEVERE ] removing player 0 token from slot 6
[2022-12-07 19:39:03] [SEVERE ] Key 83 was pressed by player 0
[2022-12-07 19:39:03] [SEVERE ] player 0 placing token on slot 5
[2022-12-07 19:39:03] [SEVERE ] Key 68 was pressed by player 0
[2022-12-07 19:39:03] [SEVERE ] player 0 placing token on slot 6
[2022-12-07 19:39:03] [SEVERE ] Key 70 was pressed by player 0
[2022-12-07 19:39:03] [SEVERE ] player 0 placing token on slot 7
[2022-12-07 19:39:03] [SEVERE ] removing player 0 token from slot 5
[2022-12-07 19:39:03] [SEVERE ] removing player 0 token from slot 6
[2022-12-07 19:39:03] [SEVERE ] removing player 0 token from slot 7
[2022-12-07 19:39:03] [SEVERE ] Key 83 was pressed by player 0
[2022-12-07 19:39:03] [SEVERE ] player 0 placing token on slot 5
[2022-12-07 19:39:03] [SEVERE ] Key 68 was pressed by player 0
[2022-12-07 19:39:03] [SEVERE ] player 0 placing token on slot 6
[2022-12-07 19:39:03] [SEVERE ] Key 70 was pressed by player 0
[2022-12-07 19:39:03] [SEVERE ] player 0 placing token on slot 7
[2022-12-07 19:39:03] [SEVERE ] removing player 0 token from slot 5
[2022-12-07 19:39:03] [SEVERE ] removing player 0 token from slot 6
[2022-12-07 19:39:03] [SEVERE ] removing player 0 token from slot 7
[2022-12-07 19:39:04] [SEVERE ] Key 87 was pressed by player 0
[2022-12-07 19:39:04] [SEVERE ] player 0 placing token on slot 1
[2022-12-07 19:39:04] [SEVERE ] Key 69 was pressed by player 0
[2022-12-07 19:39:04] [SEVERE ] player 0 placing token on slot 2
[2022-12-07 19:39:04] [SEVERE ] Key 82 was pressed by player 0
[2022-12-07 19:39:04] [SEVERE ] player 0 placing token on slot 3
[2022-12-07 19:39:04] [SEVERE ] removing player 0 token from slot 1
[2022-12-07 19:39:04] [SEVERE ] removing player 0 token from slot 2
[2022-12-07 19:39:04] [SEVERE ] removing player 0 token from slot 3
[2022-12-07 19:39:04] [SEVERE ] Key 87 was pressed by player 0
[2022-12-07 19:39:04] [SEVERE ] player 0 placing token on slot 1
[2022-12-07 19:39:04] [SEVERE ] Key 69 was pressed by player 0
[2022-12-07 19:39:04] [SEVERE ] player 0 placing token on slot 2
[2022-12-07 19:39:04] [SEVERE ] Key 82 was pressed by player 0
[2022-12-07 19:39:04] [SEVERE ] player 0 placing token on slot 3
[2022-12-07 19:39:04] [SEVERE ] removing player 0 token from slot 1
[2022-12-07 19:39:04] [SEVERE ] removing player 0 token from slot 2
[2022-12-07 19:39:04] [SEVERE ] removing player 0 token from slot 3
[2022-12-07 19:39:05] [SEVERE ] Key 87 was pressed by player 0
[2022-12-07 19:39:05] [SEVERE ] player 0 placing token on slot 1
[2022-12-07 19:39:05] [SEVERE ] Key 69 was pressed by player 0
[2022-12-07 19:39:05] [SEVERE ] player 0 placing token on slot 2
[2022-12-07 19:39:05] [SEVERE ] Key 82 was pressed by player 0
[2022-12-07 19:39:05] [SEVERE ] player 0 placing token on slot 3
[2022-12-07 19:39:05] [SEVERE ] removing player 0 token from slot 1
[2022-12-07 19:39:05] [SEVERE ] removing player 0 token from slot 2
[2022-12-07 19:39:05] [SEVERE ] removing player 0 token from slot 3
[2022-12-07 19:39:05] [SEVERE ] Key 88 was pressed by player 0
[2022-12-07 19:39:05] [SEVERE ] player 0 placing token on slot 9
[2022-12-07 19:39:06] [SEVERE ] Key 67 was pressed by player 0
[2022-12-07 19:39:06] [SEVERE ] player 0 placing token on slot 10
[2022-12-07 19:39:06] [SEVERE ] Key 86 was pressed by player 0
[2022-12-07 19:39:06] [SEVERE ] player 0 placing token on slot 11
[2022-12-07 19:39:06] [SEVERE ] removing player 0 token from slot 9
[2022-12-07 19:39:06] [SEVERE ] removing player 0 token from slot 10
[2022-12-07 19:39:06] [SEVERE ] removing player 0 token from slot 11
[2022-12-07 19:39:06] [SEVERE ] setting player 0 score to 7
[2022-12-07 19:39:06] [SEVERE ] Key 88 was pressed by player 0
[2022-12-07 19:39:06] [SEVERE ] player 0 placing token on slot 9
[2022-12-07 19:39:06] [SEVERE ] Key 67 was pressed by player 0
[2022-12-07 19:39:06] [SEVERE ] player 0 placing token on slot 10
[2022-12-07 19:39:06] [SEVERE ] Key 86 was pressed by player 0
[2022-12-07 19:39:06] [SEVERE ] player 0 placing token on slot 11
[2022-12-07 19:39:06] [SEVERE ] removing player 0 token from slot 9
[2022-12-07 19:39:06] [SEVERE ] removing player 0 token from slot 10
[2022-12-07 19:39:06] [SEVERE ] removing player 0 token from slot 11
[2022-12-07 19:39:06] [SEVERE ] setting player 0 score to 8
[2022-12-07 19:39:07] [SEVERE ] Key 88 was pressed by player 0
[2022-12-07 19:39:07] [SEVERE ] player 0 placing token on slot 9
[2022-12-07 19:39:07] [SEVERE ] Key 67 was pressed by player 0
[2022-12-07 19:39:07] [SEVERE ] player 0 placing token on slot 10
[2022-12-07 19:39:07] [SEVERE ] Key 86 was pressed by player 0
[2022-12-07 19:39:07] [SEVERE ] player 0 placing token on slot 11
[2022-12-07 19:39:07] [SEVERE ] removing player 0 token from slot 9
[2022-12-07 19:39:07] [SEVERE ] removing player 0 token from slot 10
[2022-12-07 19:39:07] [SEVERE ] removing player 0 token from slot 11
[2022-12-07 19:39:07] [SEVERE ] setting player 0 score to 9
[2022-12-07 19:39:07] [SEVERE ] Key 88 was pressed by player 0
[2022-12-07 19:39:07] [SEVERE ] player 0 placing token on slot 9
[2022-12-07 19:39:07] [SEVERE ] Key 67 was pressed by player 0
[2022-12-07 19:39:07] [SEVERE ] player 0 placing token on slot 10
[2022-12-07 19:39:07] [SEVERE ] Key 86 was pressed by player 0
[2022-12-07 19:39:07] [SEVERE ] player 0 placing token on slot 11
[2022-12-07 19:39:07] [SEVERE ] removing player 0 token from slot 9
[2022-12-07 19:39:07] [SEVERE ] removing player 0 token from slot 10
[2022-12-07 19:39:07] [SEVERE ] removing player 0 token from slot 11
[2022-12-07 19:39:07] [SEVERE ] setting player 0 score to 10
[2022-12-07 19:39:07] [SEVERE ] Key 88 was pressed by player 0
[2022-12-07 19:39:07] [SEVERE ] player 0 placing token on slot 9
[2022-12-07 19:39:07] [SEVERE ] Key 67 was pressed by player 0
[2022-12-07 19:39:07] [SEVERE ] player 0 placing token on slot 10
[2022-12-07 19:39:07] [SEVERE ] Key 86 was pressed by player 0
[2022-12-07 19:39:07] [SEVERE ] player 0 placing token on slot 11
[2022-12-07 19:39:07] [SEVERE ] removing player 0 token from slot 9
[2022-12-07 19:39:07] [SEVERE ] removing player 0 token from slot 10
[2022-12-07 19:39:07] [SEVERE ] removing player 0 token from slot 11
[2022-12-07 19:39:07] [SEVERE ] setting player 0 score to 11
[2022-12-07 19:39:08] [SEVERE ] Key 81 was pressed by player 0
[2022-12-07 19:39:08] [SEVERE ] player 0 placing token on slot 0
[2022-12-07 19:39:08] [SEVERE ] Key 87 was pressed by player 0
[2022-12-07 19:39:08] [SEVERE ] player 0 placing token on slot 1
[2022-12-07 19:39:08] [SEVERE ] Key 69 was pressed by player 0
[2022-12-07 19:39:08] [SEVERE ] player 0 placing token on slot 2
[2022-12-07 19:39:08] [SEVERE ] removing player 0 token from slot 0
[2022-12-07 19:39:08] [SEVERE ] removing player 0 token from slot 1
[2022-12-07 19:39:08] [SEVERE ] removing player 0 token from slot 2
[2022-12-07 19:39:08] [SEVERE ] setting player 0 score to 12
