[2022-12-08 11:43:17] [INFO   ] cannot read configuration file config.properties trying from resources.
[2022-12-08 11:43:17] [INFO   ] configuration file was loaded from resources directory.
[2022-12-08 11:43:18] [SEVERE ] placing card 36 in slot 0
[2022-12-08 11:43:18] [SEVERE ] placing card 45 in slot 1
[2022-12-08 11:43:18] [SEVERE ] placing card 67 in slot 2
[2022-12-08 11:43:18] [SEVERE ] placing card 19 in slot 3
[2022-12-08 11:43:18] [SEVERE ] placing card 0 in slot 4
[2022-12-08 11:43:18] [SEVERE ] placing card 68 in slot 5
[2022-12-08 11:43:18] [SEVERE ] placing card 71 in slot 6
[2022-12-08 11:43:18] [SEVERE ] placing card 6 in slot 7
[2022-12-08 11:43:19] [SEVERE ] placing card 54 in slot 8
[2022-12-08 11:43:19] [SEVERE ] placing card 50 in slot 9
[2022-12-08 11:43:19] [SEVERE ] placing card 37 in slot 10
[2022-12-08 11:43:19] [SEVERE ] placing card 2 in slot 11
[2022-12-08 11:43:19] [SEVERE ] Key 81 was pressed by player 0
[2022-12-08 11:43:19] [SEVERE ] player 0 placing token on slot 0
[2022-12-08 11:43:19] [SEVERE ] Key 87 was pressed by player 0
[2022-12-08 11:43:19] [SEVERE ] player 0 placing token on slot 1
[2022-12-08 11:43:19] [SEVERE ] Key 69 was pressed by player 0
[2022-12-08 11:43:19] [SEVERE ] player 0 placing token on slot 2
[2022-12-08 11:43:19] [SEVERE ] removing player 0 token from slot 0
[2022-12-08 11:43:19] [SEVERE ] removing player 0 token from slot 1
[2022-12-08 11:43:19] [SEVERE ] removing player 0 token from slot 2
[2022-12-08 11:43:19] [SEVERE ] setting player 0 score to 1
[2022-12-08 11:43:19] [SEVERE ] Key 81 was pressed by player 0
[2022-12-08 11:43:19] [SEVERE ] player 0 placing token on slot 0
[2022-12-08 11:43:20] [SEVERE ] Key 87 was pressed by player 0
[2022-12-08 11:43:20] [SEVERE ] player 0 placing token on slot 1
[2022-12-08 11:43:20] [SEVERE ] Key 69 was pressed by player 0
[2022-12-08 11:43:20] [SEVERE ] player 0 placing token on slot 2
[2022-12-08 11:43:20] [SEVERE ] removing player 0 token from slot 0
[2022-12-08 11:43:20] [SEVERE ] removing player 0 token from slot 1
[2022-12-08 11:43:20] [SEVERE ] removing player 0 token from slot 2
[2022-12-08 11:43:20] [SEVERE ] setting player 0 score to 2
[2022-12-08 11:43:20] [SEVERE ] Key 81 was pressed by player 0
[2022-12-08 11:43:20] [SEVERE ] player 0 placing token on slot 0
[2022-12-08 11:43:20] [SEVERE ] Key 87 was pressed by player 0
[2022-12-08 11:43:20] [SEVERE ] player 0 placing token on slot 1
[2022-12-08 11:43:20] [SEVERE ] Key 69 was pressed by player 0
[2022-12-08 11:43:20] [SEVERE ] player 0 placing token on slot 2
[2022-12-08 11:43:20] [SEVERE ] removing player 0 token from slot 0
[2022-12-08 11:43:20] [SEVERE ] removing player 0 token from slot 1
[2022-12-08 11:43:20] [SEVERE ] removing player 0 token from slot 2
[2022-12-08 11:43:20] [SEVERE ] setting player 0 score to 3
[2022-12-08 11:43:20] [SEVERE ] Key 81 was pressed by player 0
[2022-12-08 11:43:20] [SEVERE ] player 0 placing token on slot 0
[2022-12-08 11:43:20] [SEVERE ] Key 87 was pressed by player 0
[2022-12-08 11:43:20] [SEVERE ] player 0 placing token on slot 1
[2022-12-08 11:43:20] [SEVERE ] Key 69 was pressed by player 0
[2022-12-08 11:43:20] [SEVERE ] player 0 placing token on slot 2
[2022-12-08 11:43:20] [SEVERE ] removing player 0 token from slot 0
[2022-12-08 11:43:20] [SEVERE ] removing player 0 token from slot 1
[2022-12-08 11:43:20] [SEVERE ] removing player 0 token from slot 2
[2022-12-08 11:43:20] [SEVERE ] setting player 0 score to 4
[2022-12-08 11:43:20] [SEVERE ] Key 81 was pressed by player 0
[2022-12-08 11:43:20] [SEVERE ] player 0 placing token on slot 0
[2022-12-08 11:43:20] [SEVERE ] Key 87 was pressed by player 0
[2022-12-08 11:43:20] [SEVERE ] player 0 placing token on slot 1
[2022-12-08 11:43:21] [SEVERE ] Key 69 was pressed by player 0
[2022-12-08 11:43:21] [SEVERE ] player 0 placing token on slot 2
[2022-12-08 11:43:21] [SEVERE ] removing player 0 token from slot 0
[2022-12-08 11:43:21] [SEVERE ] removing player 0 token from slot 1
[2022-12-08 11:43:21] [SEVERE ] removing player 0 token from slot 2
[2022-12-08 11:43:21] [SEVERE ] setting player 0 score to 5
[2022-12-08 11:43:21] [SEVERE ] Key 81 was pressed by player 0
[2022-12-08 11:43:21] [SEVERE ] player 0 placing token on slot 0
[2022-12-08 11:43:21] [SEVERE ] Key 87 was pressed by player 0
[2022-12-08 11:43:21] [SEVERE ] player 0 placing token on slot 1
[2022-12-08 11:43:21] [SEVERE ] Key 69 was pressed by player 0
[2022-12-08 11:43:21] [SEVERE ] player 0 placing token on slot 2
[2022-12-08 11:43:21] [SEVERE ] removing player 0 token from slot 0
[2022-12-08 11:43:21] [SEVERE ] removing player 0 token from slot 1
[2022-12-08 11:43:21] [SEVERE ] removing player 0 token from slot 2
[2022-12-08 11:43:21] [SEVERE ] setting player 0 score to 6
[2022-12-08 11:43:21] [SEVERE ] Key 81 was pressed by player 0
[2022-12-08 11:43:21] [SEVERE ] player 0 placing token on slot 0
[2022-12-08 11:43:21] [SEVERE ] Key 87 was pressed by player 0
[2022-12-08 11:43:21] [SEVERE ] player 0 placing token on slot 1
[2022-12-08 11:43:21] [SEVERE ] Key 69 was pressed by player 0
[2022-12-08 11:43:21] [SEVERE ] player 0 placing token on slot 2
[2022-12-08 11:43:21] [SEVERE ] removing player 0 token from slot 0
[2022-12-08 11:43:21] [SEVERE ] removing player 0 token from slot 1
[2022-12-08 11:43:21] [SEVERE ] removing player 0 token from slot 2
[2022-12-08 11:43:21] [SEVERE ] setting player 0 score to 7
[2022-12-08 11:44:19] [SEVERE ] placing card 56 in slot 0
[2022-12-08 11:44:19] [SEVERE ] placing card 49 in slot 1
[2022-12-08 11:44:19] [SEVERE ] placing card 34 in slot 2
[2022-12-08 11:44:19] [SEVERE ] placing card 69 in slot 3
[2022-12-08 11:44:20] [SEVERE ] placing card 14 in slot 4
[2022-12-08 11:44:20] [SEVERE ] placing card 43 in slot 5
[2022-12-08 11:44:20] [SEVERE ] placing card 11 in slot 6
[2022-12-08 11:44:20] [SEVERE ] placing card 52 in slot 7
[2022-12-08 11:44:20] [SEVERE ] placing card 2 in slot 8
[2022-12-08 11:44:20] [SEVERE ] placing card 13 in slot 9
[2022-12-08 11:44:20] [SEVERE ] placing card 67 in slot 10
[2022-12-08 11:44:20] [SEVERE ] placing card 23 in slot 11
