[2022-12-08 12:06:56] [INFO   ] cannot read configuration file config.properties trying from resources.
[2022-12-08 12:06:56] [INFO   ] configuration file was loaded from resources directory.
[2022-12-08 12:06:57] [SEVERE ] placing card 15 in slot 0
[2022-12-08 12:06:57] [SEVERE ] placing card 22 in slot 1
[2022-12-08 12:06:57] [SEVERE ] placing card 53 in slot 2
[2022-12-08 12:06:57] [SEVERE ] placing card 74 in slot 3
[2022-12-08 12:06:58] [SEVERE ] placing card 16 in slot 4
[2022-12-08 12:06:58] [SEVERE ] placing card 60 in slot 5
[2022-12-08 12:06:58] [SEVERE ] placing card 4 in slot 6
[2022-12-08 12:06:58] [SEVERE ] placing card 29 in slot 7
[2022-12-08 12:06:58] [SEVERE ] placing card 9 in slot 8
[2022-12-08 12:06:58] [SEVERE ] placing card 54 in slot 9
[2022-12-08 12:06:58] [SEVERE ] placing card 28 in slot 10
[2022-12-08 12:06:58] [SEVERE ] placing card 21 in slot 11
[2022-12-08 12:07:39] [SEVERE ] Key 81 was pressed by player 0
[2022-12-08 12:07:39] [SEVERE ] player 0 placing token on slot 0
[2022-12-08 12:07:39] [SEVERE ] Key 87 was pressed by player 0
[2022-12-08 12:07:39] [SEVERE ] player 0 placing token on slot 1
[2022-12-08 12:07:39] [SEVERE ] Key 69 was pressed by player 0
[2022-12-08 12:07:39] [SEVERE ] player 0 placing token on slot 2
[2022-12-08 12:07:39] [SEVERE ] removing player 0 token from slot 0
[2022-12-08 12:07:39] [SEVERE ] removing player 0 token from slot 1
[2022-12-08 12:07:39] [SEVERE ] removing player 0 token from slot 2
[2022-12-08 12:07:59] [SEVERE ] placing card 69 in slot 0
[2022-12-08 12:07:59] [SEVERE ] placing card 50 in slot 1
[2022-12-08 12:07:59] [SEVERE ] placing card 70 in slot 2
[2022-12-08 12:07:59] [SEVERE ] placing card 31 in slot 3
[2022-12-08 12:07:59] [SEVERE ] placing card 49 in slot 4
[2022-12-08 12:07:59] [SEVERE ] placing card 25 in slot 5
[2022-12-08 12:07:59] [SEVERE ] placing card 73 in slot 6
[2022-12-08 12:07:59] [SEVERE ] placing card 46 in slot 7
[2022-12-08 12:07:59] [SEVERE ] placing card 39 in slot 8
[2022-12-08 12:08:00] [SEVERE ] placing card 72 in slot 9
[2022-12-08 12:08:00] [SEVERE ] placing card 40 in slot 10
[2022-12-08 12:08:00] [SEVERE ] placing card 59 in slot 11
