[2022-12-08 13:34:44] [INFO   ] cannot read configuration file config.properties trying from resources.
[2022-12-08 13:34:44] [INFO   ] configuration file was loaded from resources directory.
[2022-12-08 13:34:45] [SEVERE ] placing card 73 in slot 0
[2022-12-08 13:34:45] [SEVERE ] placing card 0 in slot 1
[2022-12-08 13:34:46] [SEVERE ] placing card 51 in slot 2
[2022-12-08 13:34:46] [SEVERE ] placing card 1 in slot 3
[2022-12-08 13:34:46] [SEVERE ] placing card 49 in slot 4
[2022-12-08 13:34:46] [SEVERE ] placing card 4 in slot 5
[2022-12-08 13:34:46] [SEVERE ] Key 81 was pressed by player 0
[2022-12-08 13:34:46] [SEVERE ] player 0 placing token on slot 0
[2022-12-08 13:34:46] [SEVERE ] placing card 65 in slot 6
[2022-12-08 13:34:46] [SEVERE ] Key 87 was pressed by player 0
[2022-12-08 13:34:46] [SEVERE ] player 0 placing token on slot 1
[2022-12-08 13:34:46] [SEVERE ] placing card 43 in slot 7
[2022-12-08 13:34:46] [SEVERE ] placing card 78 in slot 8
[2022-12-08 13:34:46] [SEVERE ] placing card 6 in slot 9
[2022-12-08 13:34:46] [SEVERE ] Key 69 was pressed by player 0
[2022-12-08 13:34:46] [SEVERE ] player 0 placing token on slot 2
[2022-12-08 13:34:46] [SEVERE ] player 0 placing token on slot 2
[2022-12-08 13:34:46] [SEVERE ] removing player 0 token from slot 0
[2022-12-08 13:34:46] [SEVERE ] removing player 0 token from slot 1
[2022-12-08 13:34:46] [SEVERE ] removing player 0 token from slot 2
[2022-12-08 13:34:46] [SEVERE ] placing card 70 in slot 10
[2022-12-08 13:34:46] [SEVERE ] placing card 53 in slot 11
[2022-12-08 13:34:47] [SEVERE ] Key 81 was pressed by player 0
[2022-12-08 13:34:47] [SEVERE ] player 0 placing token on slot 0
[2022-12-08 13:34:47] [SEVERE ] Key 87 was pressed by player 0
[2022-12-08 13:34:47] [SEVERE ] player 0 placing token on slot 1
[2022-12-08 13:34:47] [SEVERE ] Key 69 was pressed by player 0
[2022-12-08 13:34:47] [SEVERE ] player 0 placing token on slot 2
[2022-12-08 13:34:47] [SEVERE ] player 0 placing token on slot 2
[2022-12-08 13:34:47] [SEVERE ] removing player 0 token from slot 0
[2022-12-08 13:34:47] [SEVERE ] removing player 0 token from slot 1
[2022-12-08 13:34:47] [SEVERE ] removing player 0 token from slot 2
[2022-12-08 13:34:47] [SEVERE ] Key 81 was pressed by player 0
[2022-12-08 13:34:47] [SEVERE ] player 0 placing token on slot 0
[2022-12-08 13:34:47] [SEVERE ] Key 87 was pressed by player 0
[2022-12-08 13:34:47] [SEVERE ] player 0 placing token on slot 1
[2022-12-08 13:34:47] [SEVERE ] Key 69 was pressed by player 0
[2022-12-08 13:34:47] [SEVERE ] player 0 placing token on slot 2
[2022-12-08 13:34:47] [SEVERE ] player 0 placing token on slot 2
[2022-12-08 13:34:47] [SEVERE ] removing player 0 token from slot 0
[2022-12-08 13:34:47] [SEVERE ] removing player 0 token from slot 1
[2022-12-08 13:34:47] [SEVERE ] removing player 0 token from slot 2
[2022-12-08 13:34:48] [SEVERE ] Key 81 was pressed by player 0
[2022-12-08 13:34:48] [SEVERE ] player 0 placing token on slot 0
[2022-12-08 13:34:48] [SEVERE ] Key 87 was pressed by player 0
[2022-12-08 13:34:48] [SEVERE ] player 0 placing token on slot 1
[2022-12-08 13:34:48] [SEVERE ] Key 69 was pressed by player 0
[2022-12-08 13:34:48] [SEVERE ] player 0 placing token on slot 2
[2022-12-08 13:34:48] [SEVERE ] player 0 placing token on slot 2
[2022-12-08 13:34:48] [SEVERE ] removing player 0 token from slot 0
[2022-12-08 13:34:48] [SEVERE ] removing player 0 token from slot 1
[2022-12-08 13:34:48] [SEVERE ] removing player 0 token from slot 2
[2022-12-08 13:34:48] [SEVERE ] Key 81 was pressed by player 0
[2022-12-08 13:34:48] [SEVERE ] player 0 placing token on slot 0
[2022-12-08 13:34:48] [SEVERE ] Key 87 was pressed by player 0
[2022-12-08 13:34:48] [SEVERE ] player 0 placing token on slot 1
[2022-12-08 13:34:48] [SEVERE ] Key 69 was pressed by player 0
[2022-12-08 13:34:48] [SEVERE ] player 0 placing token on slot 2
[2022-12-08 13:34:48] [SEVERE ] player 0 placing token on slot 2
[2022-12-08 13:34:48] [SEVERE ] removing player 0 token from slot 0
[2022-12-08 13:34:48] [SEVERE ] removing player 0 token from slot 1
[2022-12-08 13:34:48] [SEVERE ] removing player 0 token from slot 2
[2022-12-08 13:34:49] [SEVERE ] Key 81 was pressed by player 0
[2022-12-08 13:34:49] [SEVERE ] player 0 placing token on slot 0
[2022-12-08 13:34:49] [SEVERE ] Key 87 was pressed by player 0
[2022-12-08 13:34:49] [SEVERE ] player 0 placing token on slot 1
[2022-12-08 13:34:49] [SEVERE ] Key 69 was pressed by player 0
[2022-12-08 13:34:49] [SEVERE ] player 0 placing token on slot 2
[2022-12-08 13:34:49] [SEVERE ] player 0 placing token on slot 2
[2022-12-08 13:34:49] [SEVERE ] removing player 0 token from slot 0
[2022-12-08 13:34:49] [SEVERE ] removing player 0 token from slot 1
[2022-12-08 13:34:49] [SEVERE ] removing player 0 token from slot 2
[2022-12-08 13:34:49] [SEVERE ] Key 81 was pressed by player 0
[2022-12-08 13:34:49] [SEVERE ] player 0 placing token on slot 0
[2022-12-08 13:34:49] [SEVERE ] Key 87 was pressed by player 0
[2022-12-08 13:34:49] [SEVERE ] player 0 placing token on slot 1
[2022-12-08 13:34:49] [SEVERE ] Key 69 was pressed by player 0
[2022-12-08 13:34:49] [SEVERE ] player 0 placing token on slot 2
[2022-12-08 13:34:49] [SEVERE ] player 0 placing token on slot 2
[2022-12-08 13:34:49] [SEVERE ] removing player 0 token from slot 0
[2022-12-08 13:34:49] [SEVERE ] removing player 0 token from slot 1
[2022-12-08 13:34:49] [SEVERE ] removing player 0 token from slot 2
