[2022-12-08 16:45:52] [INFO   ] cannot read configuration file config.properties trying from resources.
[2022-12-08 16:45:52] [INFO   ] configuration file was loaded from resources directory.
[2022-12-08 16:45:53] [SEVERE ] placing card 18 in slot 0
[2022-12-08 16:45:53] [SEVERE ] placing card 42 in slot 1
[2022-12-08 16:45:53] [SEVERE ] placing card 27 in slot 2
[2022-12-08 16:45:53] [SEVERE ] placing card 55 in slot 3
[2022-12-08 16:45:53] [SEVERE ] placing card 58 in slot 4
[2022-12-08 16:45:53] [SEVERE ] placing card 24 in slot 5
[2022-12-08 16:45:53] [SEVERE ] Key 81 was pressed by player 0
[2022-12-08 16:45:53] [SEVERE ] player 0 placing token on slot 0
[2022-12-08 16:45:53] [SEVERE ] Key 87 was pressed by player 0
[2022-12-08 16:45:53] [SEVERE ] player 0 placing token on slot 1
[2022-12-08 16:45:53] [SEVERE ] placing card 14 in slot 6
[2022-12-08 16:45:53] [SEVERE ] Key 69 was pressed by player 0
[2022-12-08 16:45:53] [SEVERE ] player 0 placing token on slot 2
[2022-12-08 16:45:53] [SEVERE ] placing card 19 in slot 7
[2022-12-08 16:45:54] [SEVERE ] placing card 9 in slot 8
[2022-12-08 16:45:54] [SEVERE ] placing card 44 in slot 9
[2022-12-08 16:45:54] [SEVERE ] placing card 37 in slot 10
[2022-12-08 16:45:54] [SEVERE ] placing card 51 in slot 11
[2022-12-08 16:46:54] [SEVERE ] placing card 51 in slot 0
[2022-12-08 16:46:54] [SEVERE ] placing card 47 in slot 1
[2022-12-08 16:46:54] [SEVERE ] placing card 68 in slot 2
[2022-12-08 16:46:54] [SEVERE ] placing card 14 in slot 3
[2022-12-08 16:46:55] [SEVERE ] placing card 49 in slot 4
[2022-12-08 16:46:55] [SEVERE ] placing card 69 in slot 5
[2022-12-08 16:46:55] [SEVERE ] placing card 55 in slot 6
[2022-12-08 16:46:55] [SEVERE ] placing card 41 in slot 7
[2022-12-08 16:46:55] [SEVERE ] placing card 39 in slot 8
[2022-12-08 16:46:55] [SEVERE ] placing card 45 in slot 9
[2022-12-08 16:46:55] [SEVERE ] placing card 18 in slot 10
[2022-12-08 16:46:55] [SEVERE ] placing card 71 in slot 11
