[2022-12-08 11:56:27] [INFO   ] cannot read configuration file config.properties trying from resources.
[2022-12-08 11:56:27] [INFO   ] configuration file was loaded from resources directory.
[2022-12-08 11:56:28] [SEVERE ] placing card 48 in slot 0
[2022-12-08 11:56:28] [SEVERE ] placing card 20 in slot 1
[2022-12-08 11:56:28] [SEVERE ] placing card 13 in slot 2
[2022-12-08 11:56:29] [SEVERE ] placing card 19 in slot 3
[2022-12-08 11:56:29] [SEVERE ] placing card 5 in slot 4
[2022-12-08 11:56:29] [SEVERE ] placing card 53 in slot 5
[2022-12-08 11:56:29] [SEVERE ] placing card 0 in slot 6
[2022-12-08 11:56:29] [SEVERE ] placing card 74 in slot 7
[2022-12-08 11:56:29] [SEVERE ] placing card 59 in slot 8
[2022-12-08 11:56:29] [SEVERE ] placing card 66 in slot 9
[2022-12-08 11:56:29] [SEVERE ] placing card 54 in slot 10
[2022-12-08 11:56:29] [SEVERE ] placing card 4 in slot 11
[2022-12-08 11:57:17] [SEVERE ] Key 81 was pressed by player 0
[2022-12-08 11:57:17] [SEVERE ] player 0 placing token on slot 0
[2022-12-08 11:57:17] [SEVERE ] Key 87 was pressed by player 0
[2022-12-08 11:57:17] [SEVERE ] player 0 placing token on slot 1
[2022-12-08 11:57:17] [SEVERE ] Key 69 was pressed by player 0
[2022-12-08 11:57:17] [SEVERE ] player 0 placing token on slot 2
[2022-12-08 11:57:17] [SEVERE ] removing player 0 token from slot 0
[2022-12-08 11:57:17] [SEVERE ] removing player 0 token from slot 1
[2022-12-08 11:57:17] [SEVERE ] removing player 0 token from slot 2
[2022-12-08 11:57:19] [SEVERE ] Key 81 was pressed by player 0
[2022-12-08 11:57:19] [SEVERE ] player 0 placing token on slot 0
[2022-12-08 11:57:19] [SEVERE ] Key 87 was pressed by player 0
[2022-12-08 11:57:19] [SEVERE ] player 0 placing token on slot 1
[2022-12-08 11:57:19] [SEVERE ] Key 69 was pressed by player 0
[2022-12-08 11:57:19] [SEVERE ] player 0 placing token on slot 2
[2022-12-08 11:57:19] [SEVERE ] removing player 0 token from slot 0
[2022-12-08 11:57:19] [SEVERE ] removing player 0 token from slot 1
[2022-12-08 11:57:19] [SEVERE ] removing player 0 token from slot 2
[2022-12-08 11:57:20] [SEVERE ] Key 81 was pressed by player 0
[2022-12-08 11:57:20] [SEVERE ] player 0 placing token on slot 0
[2022-12-08 11:57:20] [SEVERE ] Key 87 was pressed by player 0
[2022-12-08 11:57:20] [SEVERE ] player 0 placing token on slot 1
[2022-12-08 11:57:20] [SEVERE ] Key 69 was pressed by player 0
[2022-12-08 11:57:20] [SEVERE ] player 0 placing token on slot 2
[2022-12-08 11:57:20] [SEVERE ] removing player 0 token from slot 0
[2022-12-08 11:57:20] [SEVERE ] removing player 0 token from slot 1
[2022-12-08 11:57:20] [SEVERE ] removing player 0 token from slot 2
[2022-12-08 11:57:20] [SEVERE ] Key 81 was pressed by player 0
[2022-12-08 11:57:20] [SEVERE ] player 0 placing token on slot 0
[2022-12-08 11:57:20] [SEVERE ] Key 87 was pressed by player 0
[2022-12-08 11:57:20] [SEVERE ] player 0 placing token on slot 1
[2022-12-08 11:57:20] [SEVERE ] Key 69 was pressed by player 0
[2022-12-08 11:57:20] [SEVERE ] player 0 placing token on slot 2
[2022-12-08 11:57:20] [SEVERE ] removing player 0 token from slot 0
[2022-12-08 11:57:20] [SEVERE ] removing player 0 token from slot 1
[2022-12-08 11:57:20] [SEVERE ] removing player 0 token from slot 2
[2022-12-08 11:57:21] [SEVERE ] Key 81 was pressed by player 0
[2022-12-08 11:57:21] [SEVERE ] player 0 placing token on slot 0
[2022-12-08 11:57:21] [SEVERE ] Key 87 was pressed by player 0
[2022-12-08 11:57:21] [SEVERE ] player 0 placing token on slot 1
[2022-12-08 11:57:21] [SEVERE ] Key 69 was pressed by player 0
[2022-12-08 11:57:21] [SEVERE ] player 0 placing token on slot 2
[2022-12-08 11:57:21] [SEVERE ] removing player 0 token from slot 0
[2022-12-08 11:57:21] [SEVERE ] removing player 0 token from slot 1
[2022-12-08 11:57:21] [SEVERE ] removing player 0 token from slot 2
[2022-12-08 11:57:22] [SEVERE ] Key 81 was pressed by player 0
[2022-12-08 11:57:22] [SEVERE ] player 0 placing token on slot 0
[2022-12-08 11:57:22] [SEVERE ] Key 87 was pressed by player 0
[2022-12-08 11:57:22] [SEVERE ] player 0 placing token on slot 1
[2022-12-08 11:57:22] [SEVERE ] Key 69 was pressed by player 0
[2022-12-08 11:57:22] [SEVERE ] player 0 placing token on slot 2
[2022-12-08 11:57:22] [SEVERE ] removing player 0 token from slot 0
[2022-12-08 11:57:22] [SEVERE ] removing player 0 token from slot 1
[2022-12-08 11:57:22] [SEVERE ] removing player 0 token from slot 2
[2022-12-08 11:57:22] [SEVERE ] Key 81 was pressed by player 0
[2022-12-08 11:57:22] [SEVERE ] player 0 placing token on slot 0
[2022-12-08 11:57:22] [SEVERE ] Key 87 was pressed by player 0
[2022-12-08 11:57:22] [SEVERE ] player 0 placing token on slot 1
[2022-12-08 11:57:22] [SEVERE ] Key 69 was pressed by player 0
[2022-12-08 11:57:22] [SEVERE ] player 0 placing token on slot 2
[2022-12-08 11:57:22] [SEVERE ] removing player 0 token from slot 0
[2022-12-08 11:57:22] [SEVERE ] removing player 0 token from slot 1
[2022-12-08 11:57:22] [SEVERE ] removing player 0 token from slot 2
[2022-12-08 11:57:22] [SEVERE ] Key 81 was pressed by player 0
[2022-12-08 11:57:22] [SEVERE ] player 0 placing token on slot 0
[2022-12-08 11:57:22] [SEVERE ] Key 87 was pressed by player 0
[2022-12-08 11:57:22] [SEVERE ] player 0 placing token on slot 1
[2022-12-08 11:57:22] [SEVERE ] Key 69 was pressed by player 0
[2022-12-08 11:57:22] [SEVERE ] player 0 placing token on slot 2
[2022-12-08 11:57:22] [SEVERE ] removing player 0 token from slot 0
[2022-12-08 11:57:22] [SEVERE ] removing player 0 token from slot 1
[2022-12-08 11:57:22] [SEVERE ] removing player 0 token from slot 2
[2022-12-08 11:57:23] [SEVERE ] Key 65 was pressed by player 0
[2022-12-08 11:57:23] [SEVERE ] player 0 placing token on slot 4
[2022-12-08 11:57:23] [SEVERE ] Key 83 was pressed by player 0
[2022-12-08 11:57:23] [SEVERE ] player 0 placing token on slot 5
[2022-12-08 11:57:23] [SEVERE ] Key 68 was pressed by player 0
[2022-12-08 11:57:23] [SEVERE ] player 0 placing token on slot 6
[2022-12-08 11:57:23] [SEVERE ] removing player 0 token from slot 4
[2022-12-08 11:57:23] [SEVERE ] removing player 0 token from slot 5
[2022-12-08 11:57:23] [SEVERE ] removing player 0 token from slot 6
[2022-12-08 11:57:23] [SEVERE ] Key 65 was pressed by player 0
[2022-12-08 11:57:23] [SEVERE ] player 0 placing token on slot 4
[2022-12-08 11:57:23] [SEVERE ] Key 83 was pressed by player 0
[2022-12-08 11:57:23] [SEVERE ] player 0 placing token on slot 5
[2022-12-08 11:57:23] [SEVERE ] Key 68 was pressed by player 0
[2022-12-08 11:57:23] [SEVERE ] player 0 placing token on slot 6
[2022-12-08 11:57:23] [SEVERE ] removing player 0 token from slot 4
[2022-12-08 11:57:23] [SEVERE ] removing player 0 token from slot 5
[2022-12-08 11:57:23] [SEVERE ] removing player 0 token from slot 6
[2022-12-08 11:57:23] [SEVERE ] Key 65 was pressed by player 0
[2022-12-08 11:57:23] [SEVERE ] player 0 placing token on slot 4
[2022-12-08 11:57:23] [SEVERE ] Key 83 was pressed by player 0
[2022-12-08 11:57:23] [SEVERE ] player 0 placing token on slot 5
[2022-12-08 11:57:23] [SEVERE ] Key 68 was pressed by player 0
[2022-12-08 11:57:23] [SEVERE ] player 0 placing token on slot 6
[2022-12-08 11:57:23] [SEVERE ] removing player 0 token from slot 4
[2022-12-08 11:57:23] [SEVERE ] removing player 0 token from slot 5
[2022-12-08 11:57:23] [SEVERE ] removing player 0 token from slot 6
[2022-12-08 11:57:24] [SEVERE ] Key 65 was pressed by player 0
[2022-12-08 11:57:24] [SEVERE ] player 0 placing token on slot 4
[2022-12-08 11:57:24] [SEVERE ] Key 83 was pressed by player 0
[2022-12-08 11:57:24] [SEVERE ] player 0 placing token on slot 5
[2022-12-08 11:57:24] [SEVERE ] Key 68 was pressed by player 0
[2022-12-08 11:57:24] [SEVERE ] player 0 placing token on slot 6
[2022-12-08 11:57:24] [SEVERE ] removing player 0 token from slot 4
[2022-12-08 11:57:24] [SEVERE ] removing player 0 token from slot 5
[2022-12-08 11:57:24] [SEVERE ] removing player 0 token from slot 6
[2022-12-08 11:57:30] [SEVERE ] placing card 1 in slot 0
[2022-12-08 11:57:30] [SEVERE ] placing card 56 in slot 1
[2022-12-08 11:57:30] [SEVERE ] placing card 49 in slot 2
[2022-12-08 11:57:30] [SEVERE ] placing card 65 in slot 3
[2022-12-08 11:57:30] [SEVERE ] placing card 63 in slot 4
[2022-12-08 11:57:30] [SEVERE ] placing card 61 in slot 5
[2022-12-08 11:57:30] [SEVERE ] placing card 69 in slot 6
[2022-12-08 11:57:30] [SEVERE ] placing card 12 in slot 7
[2022-12-08 11:57:31] [SEVERE ] placing card 62 in slot 8
[2022-12-08 11:57:31] [SEVERE ] placing card 38 in slot 9
[2022-12-08 11:57:31] [SEVERE ] placing card 67 in slot 10
[2022-12-08 11:57:31] [SEVERE ] placing card 40 in slot 11
