[2022-12-08 17:00:40] [INFO   ] cannot read configuration file config.properties trying from resources.
[2022-12-08 17:00:40] [INFO   ] configuration file was loaded from resources directory.
[2022-12-08 17:00:41] [SEVERE ] placing card 45 in slot 0
[2022-12-08 17:00:41] [SEVERE ] placing card 64 in slot 1
[2022-12-08 17:00:41] [SEVERE ] placing card 75 in slot 2
[2022-12-08 17:00:42] [SEVERE ] placing card 79 in slot 3
[2022-12-08 17:00:42] [SEVERE ] placing card 62 in slot 4
[2022-12-08 17:00:42] [SEVERE ] placing card 24 in slot 5
[2022-12-08 17:00:42] [SEVERE ] placing card 36 in slot 6
[2022-12-08 17:00:42] [SEVERE ] placing card 29 in slot 7
[2022-12-08 17:00:42] [SEVERE ] placing card 48 in slot 8
[2022-12-08 17:00:42] [SEVERE ] placing card 26 in slot 9
[2022-12-08 17:00:42] [SEVERE ] placing card 60 in slot 10
[2022-12-08 17:00:42] [SEVERE ] placing card 72 in slot 11
[2022-12-08 17:00:43] [SEVERE ] Key 81 was pressed by player 0
[2022-12-08 17:00:43] [SEVERE ] player 0 placing token on slot 0
[2022-12-08 17:00:43] [SEVERE ] Key 87 was pressed by player 0
[2022-12-08 17:00:43] [SEVERE ] player 0 placing token on slot 1
[2022-12-08 17:00:43] [SEVERE ] Key 69 was pressed by player 0
[2022-12-08 17:00:43] [SEVERE ] player 0 placing token on slot 2
[2022-12-08 17:00:44] [SEVERE ] Key 81 was pressed by player 0
[2022-12-08 17:00:44] [SEVERE ] Key 87 was pressed by player 0
[2022-12-08 17:00:45] [SEVERE ] Key 69 was pressed by player 0
[2022-12-08 17:00:45] [SEVERE ] Key 65 was pressed by player 0
[2022-12-08 17:00:45] [SEVERE ] Key 83 was pressed by player 0
[2022-12-08 17:00:45] [SEVERE ] Key 68 was pressed by player 0
[2022-12-08 17:00:46] [SEVERE ] Key 80 was pressed by player 1
[2022-12-08 17:00:46] [SEVERE ] player 1 placing token on slot 3
[2022-12-08 17:00:46] [SEVERE ] Key 79 was pressed by player 1
[2022-12-08 17:00:46] [SEVERE ] player 1 placing token on slot 2
[2022-12-08 17:00:46] [SEVERE ] Key 73 was pressed by player 1
[2022-12-08 17:00:46] [SEVERE ] player 1 placing token on slot 1
