[2022-12-08 14:09:34] [INFO   ] cannot read configuration file config.properties trying from resources.
[2022-12-08 14:09:34] [INFO   ] configuration file was loaded from resources directory.
[2022-12-08 14:09:35] [SEVERE ] placing card 40 in slot 0
[2022-12-08 14:09:35] [SEVERE ] placing card 0 in slot 1
[2022-12-08 14:09:35] [SEVERE ] placing card 46 in slot 2
[2022-12-08 14:09:35] [SEVERE ] placing card 63 in slot 3
[2022-12-08 14:09:35] [SEVERE ] placing card 4 in slot 4
[2022-12-08 14:09:35] [SEVERE ] placing card 25 in slot 5
[2022-12-08 14:09:35] [SEVERE ] placing card 34 in slot 6
[2022-12-08 14:09:35] [SEVERE ] placing card 74 in slot 7
[2022-12-08 14:09:35] [SEVERE ] placing card 16 in slot 8
[2022-12-08 14:09:36] [SEVERE ] placing card 71 in slot 9
[2022-12-08 14:09:36] [SEVERE ] placing card 17 in slot 10
[2022-12-08 14:09:36] [SEVERE ] Key 81 was pressed by player 0
[2022-12-08 14:09:36] [SEVERE ] player 0 placing token on slot 0
[2022-12-08 14:09:36] [SEVERE ] placing card 59 in slot 11
[2022-12-08 14:09:36] [SEVERE ] Key 87 was pressed by player 0
[2022-12-08 14:09:36] [SEVERE ] player 0 placing token on slot 1
[2022-12-08 14:09:36] [SEVERE ] Key 69 was pressed by player 0
[2022-12-08 14:09:36] [SEVERE ] player 0 placing token on slot 2
[2022-12-08 14:09:36] [SEVERE ] player 0 placing token on slot 2
[2022-12-08 14:09:36] [SEVERE ] removing player 0 token from slot 0
[2022-12-08 14:09:36] [SEVERE ] removing player 0 token from slot 1
[2022-12-08 14:09:36] [SEVERE ] removing player 0 token from slot 2
[2022-12-08 14:10:36] [SEVERE ] placing card 9 in slot 0
[2022-12-08 14:10:36] [SEVERE ] placing card 61 in slot 1
[2022-12-08 14:10:36] [SEVERE ] placing card 70 in slot 2
[2022-12-08 14:10:36] [SEVERE ] placing card 40 in slot 3
[2022-12-08 14:10:37] [SEVERE ] placing card 51 in slot 4
[2022-12-08 14:10:37] [SEVERE ] placing card 55 in slot 5
[2022-12-08 14:10:37] [SEVERE ] placing card 3 in slot 6
[2022-12-08 14:10:37] [SEVERE ] placing card 5 in slot 7
[2022-12-08 14:10:37] [SEVERE ] placing card 54 in slot 8
[2022-12-08 14:10:37] [SEVERE ] placing card 24 in slot 9
[2022-12-08 14:10:37] [SEVERE ] placing card 71 in slot 10
[2022-12-08 14:10:37] [SEVERE ] placing card 33 in slot 11
[2022-12-08 14:11:38] [SEVERE ] placing card 76 in slot 0
[2022-12-08 14:11:38] [SEVERE ] placing card 37 in slot 1
[2022-12-08 14:11:38] [SEVERE ] placing card 66 in slot 2
[2022-12-08 14:11:38] [SEVERE ] placing card 11 in slot 3
[2022-12-08 14:11:38] [SEVERE ] placing card 5 in slot 4
[2022-12-08 14:11:38] [SEVERE ] placing card 48 in slot 5
[2022-12-08 14:11:38] [SEVERE ] placing card 63 in slot 6
[2022-12-08 14:11:38] [SEVERE ] placing card 57 in slot 7
[2022-12-08 14:11:38] [SEVERE ] placing card 47 in slot 8
[2022-12-08 14:11:39] [SEVERE ] placing card 40 in slot 9
[2022-12-08 14:11:39] [SEVERE ] placing card 4 in slot 10
[2022-12-08 14:11:39] [SEVERE ] placing card 28 in slot 11
[2022-12-08 14:12:39] [SEVERE ] placing card 63 in slot 0
[2022-12-08 14:12:39] [SEVERE ] placing card 39 in slot 1
[2022-12-08 14:12:39] [SEVERE ] placing card 7 in slot 2
[2022-12-08 14:12:39] [SEVERE ] placing card 18 in slot 3
[2022-12-08 14:12:40] [SEVERE ] placing card 78 in slot 4
[2022-12-08 14:12:40] [SEVERE ] placing card 62 in slot 5
[2022-12-08 14:12:40] [SEVERE ] placing card 14 in slot 6
[2022-12-08 14:12:40] [SEVERE ] placing card 56 in slot 7
[2022-12-08 14:12:40] [SEVERE ] placing card 16 in slot 8
[2022-12-08 14:12:40] [SEVERE ] placing card 36 in slot 9
[2022-12-08 14:12:40] [SEVERE ] placing card 57 in slot 10
[2022-12-08 14:12:40] [SEVERE ] placing card 64 in slot 11
[2022-12-08 14:13:41] [SEVERE ] placing card 53 in slot 0
[2022-12-08 14:13:41] [SEVERE ] placing card 39 in slot 1
[2022-12-08 14:13:41] [SEVERE ] placing card 78 in slot 2
[2022-12-08 14:13:41] [SEVERE ] placing card 6 in slot 3
[2022-12-08 14:13:41] [SEVERE ] placing card 56 in slot 4
[2022-12-08 14:13:41] [SEVERE ] placing card 80 in slot 5
[2022-12-08 14:13:41] [SEVERE ] placing card 65 in slot 6
[2022-12-08 14:13:41] [SEVERE ] placing card 16 in slot 7
[2022-12-08 14:13:41] [SEVERE ] placing card 20 in slot 8
[2022-12-08 14:13:42] [SEVERE ] placing card 9 in slot 9
[2022-12-08 14:13:42] [SEVERE ] placing card 46 in slot 10
[2022-12-08 14:13:42] [SEVERE ] placing card 18 in slot 11
[2022-12-08 14:14:42] [SEVERE ] placing card 31 in slot 0
[2022-12-08 14:14:42] [SEVERE ] placing card 56 in slot 1
[2022-12-08 14:14:42] [SEVERE ] placing card 1 in slot 2
[2022-12-08 14:14:42] [SEVERE ] placing card 63 in slot 3
[2022-12-08 14:14:43] [SEVERE ] placing card 28 in slot 4
[2022-12-08 14:14:43] [SEVERE ] placing card 55 in slot 5
[2022-12-08 14:14:43] [SEVERE ] placing card 38 in slot 6
[2022-12-08 14:14:43] [SEVERE ] placing card 48 in slot 7
[2022-12-08 14:14:43] [SEVERE ] placing card 30 in slot 8
[2022-12-08 14:14:43] [SEVERE ] placing card 17 in slot 9
[2022-12-08 14:14:43] [SEVERE ] placing card 14 in slot 10
[2022-12-08 14:14:43] [SEVERE ] placing card 16 in slot 11
[2022-12-08 14:15:44] [SEVERE ] placing card 56 in slot 0
[2022-12-08 14:15:44] [SEVERE ] placing card 66 in slot 1
[2022-12-08 14:15:44] [SEVERE ] placing card 34 in slot 2
[2022-12-08 14:15:44] [SEVERE ] placing card 75 in slot 3
[2022-12-08 14:15:44] [SEVERE ] placing card 74 in slot 4
[2022-12-08 14:15:44] [SEVERE ] placing card 31 in slot 5
[2022-12-08 14:15:44] [SEVERE ] placing card 63 in slot 6
[2022-12-08 14:15:44] [SEVERE ] placing card 62 in slot 7
[2022-12-08 14:15:45] [SEVERE ] placing card 9 in slot 8
[2022-12-08 14:15:45] [SEVERE ] placing card 11 in slot 9
[2022-12-08 14:15:45] [SEVERE ] placing card 46 in slot 10
[2022-12-08 14:15:45] [SEVERE ] placing card 67 in slot 11
[2022-12-08 14:16:45] [SEVERE ] placing card 64 in slot 0
[2022-12-08 14:16:45] [SEVERE ] placing card 75 in slot 1
[2022-12-08 14:16:45] [SEVERE ] placing card 14 in slot 2
[2022-12-08 14:16:46] [SEVERE ] placing card 65 in slot 3
[2022-12-08 14:16:46] [SEVERE ] placing card 74 in slot 4
[2022-12-08 14:16:46] [SEVERE ] placing card 53 in slot 5
[2022-12-08 14:16:46] [SEVERE ] placing card 17 in slot 6
[2022-12-08 14:16:46] [SEVERE ] placing card 38 in slot 7
[2022-12-08 14:16:46] [SEVERE ] placing card 76 in slot 8
[2022-12-08 14:16:46] [SEVERE ] placing card 63 in slot 9
[2022-12-08 14:16:46] [SEVERE ] placing card 4 in slot 10
[2022-12-08 14:16:46] [SEVERE ] placing card 70 in slot 11
[2022-12-08 14:17:47] [SEVERE ] placing card 64 in slot 0
[2022-12-08 14:17:47] [SEVERE ] placing card 42 in slot 1
[2022-12-08 14:17:47] [SEVERE ] placing card 72 in slot 2
[2022-12-08 14:17:47] [SEVERE ] placing card 31 in slot 3
[2022-12-08 14:17:47] [SEVERE ] placing card 25 in slot 4
[2022-12-08 14:17:47] [SEVERE ] placing card 45 in slot 5
[2022-12-08 14:17:47] [SEVERE ] placing card 28 in slot 6
[2022-12-08 14:17:47] [SEVERE ] placing card 79 in slot 7
[2022-12-08 14:17:48] [SEVERE ] placing card 15 in slot 8
[2022-12-08 14:17:48] [SEVERE ] placing card 80 in slot 9
[2022-12-08 14:17:48] [SEVERE ] placing card 57 in slot 10
[2022-12-08 14:17:48] [SEVERE ] placing card 3 in slot 11
[2022-12-08 14:18:48] [SEVERE ] placing card 70 in slot 0
[2022-12-08 14:18:48] [SEVERE ] placing card 8 in slot 1
[2022-12-08 14:18:48] [SEVERE ] placing card 21 in slot 2
[2022-12-08 14:18:49] [SEVERE ] placing card 67 in slot 3
[2022-12-08 14:18:49] [SEVERE ] placing card 74 in slot 4
[2022-12-08 14:18:49] [SEVERE ] placing card 26 in slot 5
[2022-12-08 14:18:49] [SEVERE ] placing card 59 in slot 6
[2022-12-08 14:18:49] [SEVERE ] placing card 16 in slot 7
[2022-12-08 14:18:49] [SEVERE ] placing card 63 in slot 8
[2022-12-08 14:18:49] [SEVERE ] placing card 40 in slot 9
[2022-12-08 14:18:49] [SEVERE ] placing card 55 in slot 10
[2022-12-08 14:18:49] [SEVERE ] placing card 15 in slot 11
[2022-12-08 14:19:50] [SEVERE ] placing card 69 in slot 0
[2022-12-08 14:19:50] [SEVERE ] placing card 42 in slot 1
[2022-12-08 14:19:50] [SEVERE ] placing card 54 in slot 2
[2022-12-08 14:19:50] [SEVERE ] placing card 80 in slot 3
[2022-12-08 14:19:50] [SEVERE ] placing card 47 in slot 4
[2022-12-08 14:19:50] [SEVERE ] placing card 71 in slot 5
[2022-12-08 14:19:50] [SEVERE ] placing card 4 in slot 6
[2022-12-08 14:19:51] [SEVERE ] placing card 25 in slot 7
[2022-12-08 14:19:51] [SEVERE ] placing card 26 in slot 8
[2022-12-08 14:19:51] [SEVERE ] placing card 53 in slot 9
[2022-12-08 14:19:51] [SEVERE ] placing card 59 in slot 10
[2022-12-08 14:19:51] [SEVERE ] placing card 74 in slot 11
