[2022-12-08 11:47:21] [INFO   ] cannot read configuration file config.properties trying from resources.
[2022-12-08 11:47:21] [INFO   ] configuration file was loaded from resources directory.
[2022-12-08 11:47:22] [SEVERE ] placing card 30 in slot 0
[2022-12-08 11:47:22] [SEVERE ] placing card 24 in slot 1
[2022-12-08 11:47:22] [SEVERE ] placing card 42 in slot 2
[2022-12-08 11:47:22] [SEVERE ] placing card 62 in slot 3
[2022-12-08 11:47:22] [SEVERE ] placing card 44 in slot 4
[2022-12-08 11:47:22] [SEVERE ] placing card 5 in slot 5
[2022-12-08 11:47:22] [SEVERE ] Key 81 was pressed by player 0
[2022-12-08 11:47:22] [SEVERE ] player 0 placing token on slot 0
[2022-12-08 11:47:22] [SEVERE ] placing card 59 in slot 6
[2022-12-08 11:47:23] [SEVERE ] placing card 34 in slot 7
[2022-12-08 11:47:23] [SEVERE ] Key 87 was pressed by player 0
[2022-12-08 11:47:23] [SEVERE ] player 0 placing token on slot 1
[2022-12-08 11:47:23] [SEVERE ] placing card 72 in slot 8
[2022-12-08 11:47:23] [SEVERE ] placing card 58 in slot 9
[2022-12-08 11:47:23] [SEVERE ] placing card 55 in slot 10
[2022-12-08 11:47:23] [SEVERE ] placing card 67 in slot 11
[2022-12-08 11:47:23] [SEVERE ] Key 69 was pressed by player 0
[2022-12-08 11:47:23] [SEVERE ] player 0 placing token on slot 2
[2022-12-08 11:47:23] [SEVERE ] removing player 0 token from slot 1
[2022-12-08 11:47:25] [SEVERE ] Key 87 was pressed by player 0
[2022-12-08 11:47:25] [SEVERE ] player 0 placing token on slot 1
