[2022-12-08 12:10:37] [INFO   ] cannot read configuration file config.properties trying from resources.
[2022-12-08 12:10:37] [INFO   ] configuration file was loaded from resources directory.
[2022-12-08 12:10:38] [SEVERE ] placing card 42 in slot 0
[2022-12-08 12:10:38] [SEVERE ] placing card 33 in slot 1
[2022-12-08 12:10:38] [SEVERE ] placing card 69 in slot 2
[2022-12-08 12:10:38] [SEVERE ] placing card 2 in slot 3
[2022-12-08 12:10:38] [SEVERE ] placing card 26 in slot 4
[2022-12-08 12:10:38] [SEVERE ] placing card 68 in slot 5
[2022-12-08 12:10:38] [SEVERE ] placing card 21 in slot 6
[2022-12-08 12:10:38] [SEVERE ] placing card 15 in slot 7
[2022-12-08 12:10:38] [SEVERE ] placing card 40 in slot 8
[2022-12-08 12:10:38] [SEVERE ] placing card 46 in slot 9
[2022-12-08 12:10:39] [SEVERE ] placing card 75 in slot 10
[2022-12-08 12:10:39] [SEVERE ] placing card 72 in slot 11
[2022-12-08 12:11:03] [SEVERE ] Key 70 was pressed by player 0
[2022-12-08 12:11:03] [SEVERE ] player 0 placing token on slot 7
[2022-12-08 12:11:04] [SEVERE ] Key 81 was pressed by player 0
[2022-12-08 12:11:04] [SEVERE ] player 0 placing token on slot 0
[2022-12-08 12:11:06] [SEVERE ] Key 69 was pressed by player 0
[2022-12-08 12:11:06] [SEVERE ] player 0 placing token on slot 2
[2022-12-08 12:11:06] [SEVERE ] removing player 0 token from slot 7
[2022-12-08 12:11:06] [SEVERE ] removing player 0 token from slot 0
[2022-12-08 12:11:06] [SEVERE ] removing player 0 token from slot 2
[2022-12-08 12:11:06] [SEVERE ] setting player 0 score to 1
[2022-12-08 12:11:08] [SEVERE ] Key 70 was pressed by player 0
[2022-12-08 12:11:08] [SEVERE ] player 0 placing token on slot 7
[2022-12-08 12:11:08] [SEVERE ] Key 81 was pressed by player 0
[2022-12-08 12:11:08] [SEVERE ] player 0 placing token on slot 0
[2022-12-08 12:11:09] [SEVERE ] Key 69 was pressed by player 0
[2022-12-08 12:11:09] [SEVERE ] player 0 placing token on slot 2
[2022-12-08 12:11:09] [SEVERE ] removing player 0 token from slot 7
[2022-12-08 12:11:09] [SEVERE ] removing player 0 token from slot 0
[2022-12-08 12:11:09] [SEVERE ] removing player 0 token from slot 2
[2022-12-08 12:11:09] [SEVERE ] setting player 0 score to 2
[2022-12-08 12:11:12] [SEVERE ] Key 70 was pressed by player 0
[2022-12-08 12:11:12] [SEVERE ] player 0 placing token on slot 7
[2022-12-08 12:11:12] [SEVERE ] Key 81 was pressed by player 0
[2022-12-08 12:11:12] [SEVERE ] player 0 placing token on slot 0
[2022-12-08 12:11:12] [SEVERE ] Key 69 was pressed by player 0
[2022-12-08 12:11:12] [SEVERE ] player 0 placing token on slot 2
[2022-12-08 12:11:12] [SEVERE ] removing player 0 token from slot 7
[2022-12-08 12:11:12] [SEVERE ] removing player 0 token from slot 0
[2022-12-08 12:11:12] [SEVERE ] removing player 0 token from slot 2
[2022-12-08 12:11:12] [SEVERE ] setting player 0 score to 3
[2022-12-08 12:11:39] [SEVERE ] placing card 61 in slot 0
[2022-12-08 12:11:39] [SEVERE ] placing card 71 in slot 1
[2022-12-08 12:11:39] [SEVERE ] placing card 17 in slot 2
[2022-12-08 12:11:39] [SEVERE ] placing card 12 in slot 3
[2022-12-08 12:11:40] [SEVERE ] placing card 18 in slot 4
[2022-12-08 12:11:40] [SEVERE ] placing card 2 in slot 5
[2022-12-08 12:11:40] [SEVERE ] placing card 21 in slot 6
[2022-12-08 12:11:40] [SEVERE ] placing card 63 in slot 7
[2022-12-08 12:11:40] [SEVERE ] placing card 76 in slot 8
[2022-12-08 12:11:40] [SEVERE ] placing card 78 in slot 9
[2022-12-08 12:11:40] [SEVERE ] placing card 27 in slot 10
[2022-12-08 12:11:40] [SEVERE ] placing card 64 in slot 11
