[2022-12-08 17:32:45] [INFO   ] cannot read configuration file config.properties trying from resources.
[2022-12-08 17:32:45] [INFO   ] configuration file was loaded from resources directory.
[2022-12-08 17:32:46] [SEVERE ] placing card 52 in slot 0
[2022-12-08 17:32:46] [SEVERE ] placing card 3 in slot 1
[2022-12-08 17:32:46] [SEVERE ] placing card 79 in slot 2
[2022-12-08 17:32:46] [SEVERE ] placing card 39 in slot 3
[2022-12-08 17:32:46] [SEVERE ] placing card 77 in slot 4
[2022-12-08 17:32:46] [SEVERE ] placing card 71 in slot 5
[2022-12-08 17:32:47] [SEVERE ] placing card 11 in slot 6
[2022-12-08 17:32:47] [SEVERE ] placing card 22 in slot 7
[2022-12-08 17:32:47] [SEVERE ] placing card 35 in slot 8
[2022-12-08 17:32:47] [SEVERE ] placing card 55 in slot 9
[2022-12-08 17:32:47] [SEVERE ] Key 81 was pressed by player 0
[2022-12-08 17:32:47] [SEVERE ] player 0 placing token on slot 0
[2022-12-08 17:32:47] [SEVERE ] placing card 16 in slot 10
[2022-12-08 17:32:47] [SEVERE ] Key 87 was pressed by player 0
[2022-12-08 17:32:47] [SEVERE ] player 0 placing token on slot 1
[2022-12-08 17:32:47] [SEVERE ] placing card 53 in slot 11
[2022-12-08 17:32:47] [SEVERE ] Key 69 was pressed by player 0
[2022-12-08 17:32:47] [SEVERE ] player 0 placing token on slot 2
[2022-12-08 17:32:48] [SEVERE ] removing player 0 token from slot 0
[2022-12-08 17:32:48] [SEVERE ] removing player 0 token from slot 1
[2022-12-08 17:32:48] [SEVERE ] removing player 0 token from slot 2
[2022-12-08 17:32:49] [SEVERE ] Key 80 was pressed by player 1
[2022-12-08 17:32:49] [SEVERE ] player 1 placing token on slot 3
[2022-12-08 17:32:49] [SEVERE ] Key 79 was pressed by player 1
[2022-12-08 17:32:49] [SEVERE ] player 1 placing token on slot 2
[2022-12-08 17:32:49] [SEVERE ] Key 73 was pressed by player 1
[2022-12-08 17:32:49] [SEVERE ] player 1 placing token on slot 1
[2022-12-08 17:32:49] [SEVERE ] removing player 1 token from slot 3
[2022-12-08 17:32:49] [SEVERE ] removing player 1 token from slot 2
[2022-12-08 17:32:49] [SEVERE ] removing player 1 token from slot 1
[2022-12-08 17:32:51] [SEVERE ] Key 81 was pressed by player 0
[2022-12-08 17:32:51] [SEVERE ] player 0 placing token on slot 0
[2022-12-08 17:32:51] [SEVERE ] Key 80 was pressed by player 1
[2022-12-08 17:32:51] [SEVERE ] player 1 placing token on slot 3
[2022-12-08 17:32:51] [SEVERE ] Key 79 was pressed by player 1
[2022-12-08 17:32:51] [SEVERE ] player 1 placing token on slot 2
[2022-12-08 17:32:51] [SEVERE ] Key 87 was pressed by player 0
[2022-12-08 17:32:51] [SEVERE ] player 0 placing token on slot 1
[2022-12-08 17:32:51] [SEVERE ] Key 69 was pressed by player 0
[2022-12-08 17:32:51] [SEVERE ] player 0 placing token on slot 2
[2022-12-08 17:32:51] [SEVERE ] removing player 0 token from slot 0
[2022-12-08 17:32:51] [SEVERE ] removing player 0 token from slot 1
[2022-12-08 17:32:51] [SEVERE ] removing player 0 token from slot 2
[2022-12-08 17:32:51] [SEVERE ] Key 73 was pressed by player 1
[2022-12-08 17:32:51] [SEVERE ] player 1 placing token on slot 1
[2022-12-08 17:32:51] [SEVERE ] removing player 1 token from slot 3
[2022-12-08 17:32:51] [SEVERE ] removing player 1 token from slot 2
[2022-12-08 17:32:51] [SEVERE ] removing player 1 token from slot 1
[2022-12-08 17:32:52] [SEVERE ] Key 80 was pressed by player 1
[2022-12-08 17:32:52] [SEVERE ] player 1 placing token on slot 3
[2022-12-08 17:32:52] [SEVERE ] Key 81 was pressed by player 0
[2022-12-08 17:32:52] [SEVERE ] player 0 placing token on slot 0
[2022-12-08 17:32:52] [SEVERE ] Key 87 was pressed by player 0
[2022-12-08 17:32:52] [SEVERE ] player 0 placing token on slot 1
[2022-12-08 17:32:52] [SEVERE ] Key 79 was pressed by player 1
[2022-12-08 17:32:52] [SEVERE ] player 1 placing token on slot 2
[2022-12-08 17:32:52] [SEVERE ] Key 73 was pressed by player 1
[2022-12-08 17:32:52] [SEVERE ] player 1 placing token on slot 1
[2022-12-08 17:32:52] [SEVERE ] Key 69 was pressed by player 0
[2022-12-08 17:32:52] [SEVERE ] player 0 placing token on slot 2
[2022-12-08 17:32:52] [SEVERE ] removing player 0 token from slot 0
[2022-12-08 17:32:52] [SEVERE ] removing player 0 token from slot 1
[2022-12-08 17:32:52] [SEVERE ] removing player 0 token from slot 2
[2022-12-08 17:32:52] [SEVERE ] removing player 1 token from slot 3
[2022-12-08 17:32:52] [SEVERE ] removing player 1 token from slot 2
[2022-12-08 17:32:52] [SEVERE ] removing player 1 token from slot 1
[2022-12-08 17:32:52] [SEVERE ] Key 81 was pressed by player 0
[2022-12-08 17:32:52] [SEVERE ] player 0 placing token on slot 0
[2022-12-08 17:32:52] [SEVERE ] Key 80 was pressed by player 1
[2022-12-08 17:32:52] [SEVERE ] player 1 placing token on slot 3
[2022-12-08 17:32:52] [SEVERE ] Key 87 was pressed by player 0
[2022-12-08 17:32:52] [SEVERE ] player 0 placing token on slot 1
[2022-12-08 17:32:52] [SEVERE ] Key 79 was pressed by player 1
[2022-12-08 17:32:52] [SEVERE ] player 1 placing token on slot 2
[2022-12-08 17:32:52] [SEVERE ] Key 69 was pressed by player 0
[2022-12-08 17:32:52] [SEVERE ] player 0 placing token on slot 2
[2022-12-08 17:32:52] [SEVERE ] Key 73 was pressed by player 1
[2022-12-08 17:32:52] [SEVERE ] player 1 placing token on slot 1
[2022-12-08 17:32:53] [SEVERE ] Key 81 was pressed by player 0
[2022-12-08 17:32:53] [SEVERE ] Key 80 was pressed by player 1
[2022-12-08 17:32:53] [SEVERE ] Key 87 was pressed by player 0
[2022-12-08 17:32:53] [SEVERE ] Key 79 was pressed by player 1
[2022-12-08 17:32:53] [SEVERE ] Key 69 was pressed by player 0
[2022-12-08 17:32:53] [SEVERE ] Key 73 was pressed by player 1
[2022-12-08 17:32:53] [SEVERE ] removing player 0 token from slot 0
[2022-12-08 17:32:53] [SEVERE ] removing player 0 token from slot 1
[2022-12-08 17:32:53] [SEVERE ] removing player 0 token from slot 2
[2022-12-08 17:32:53] [SEVERE ] removing player 1 token from slot 3
[2022-12-08 17:32:53] [SEVERE ] removing player 1 token from slot 2
[2022-12-08 17:32:53] [SEVERE ] removing player 1 token from slot 1
[2022-12-08 17:32:53] [SEVERE ] Key 81 was pressed by player 0
[2022-12-08 17:32:53] [SEVERE ] player 0 placing token on slot 0
[2022-12-08 17:32:53] [SEVERE ] Key 87 was pressed by player 0
[2022-12-08 17:32:53] [SEVERE ] player 0 placing token on slot 1
[2022-12-08 17:32:53] [SEVERE ] Key 80 was pressed by player 1
[2022-12-08 17:32:53] [SEVERE ] player 1 placing token on slot 3
[2022-12-08 17:32:53] [SEVERE ] Key 79 was pressed by player 1
[2022-12-08 17:32:53] [SEVERE ] player 1 placing token on slot 2
[2022-12-08 17:32:53] [SEVERE ] Key 69 was pressed by player 0
[2022-12-08 17:32:53] [SEVERE ] player 0 placing token on slot 2
[2022-12-08 17:32:53] [SEVERE ] Key 73 was pressed by player 1
[2022-12-08 17:32:53] [SEVERE ] player 1 placing token on slot 1
[2022-12-08 17:32:53] [SEVERE ] Key 81 was pressed by player 0
[2022-12-08 17:32:53] [SEVERE ] Key 80 was pressed by player 1
[2022-12-08 17:32:54] [SEVERE ] Key 87 was pressed by player 0
[2022-12-08 17:32:54] [SEVERE ] Key 79 was pressed by player 1
[2022-12-08 17:32:54] [SEVERE ] Key 69 was pressed by player 0
[2022-12-08 17:32:54] [SEVERE ] Key 73 was pressed by player 1
[2022-12-08 17:32:54] [SEVERE ] Key 81 was pressed by player 0
[2022-12-08 17:32:54] [SEVERE ] Key 80 was pressed by player 1
[2022-12-08 17:32:54] [SEVERE ] Key 87 was pressed by player 0
[2022-12-08 17:32:54] [SEVERE ] removing player 0 token from slot 0
[2022-12-08 17:32:54] [SEVERE ] removing player 0 token from slot 1
[2022-12-08 17:32:54] [SEVERE ] removing player 0 token from slot 2
[2022-12-08 17:32:54] [SEVERE ] removing player 1 token from slot 3
[2022-12-08 17:32:54] [SEVERE ] removing player 1 token from slot 2
[2022-12-08 17:32:54] [SEVERE ] removing player 1 token from slot 1
[2022-12-08 17:32:54] [SEVERE ] Key 79 was pressed by player 1
[2022-12-08 17:32:54] [SEVERE ] player 1 placing token on slot 2
[2022-12-08 17:32:54] [SEVERE ] Key 69 was pressed by player 0
[2022-12-08 17:32:54] [SEVERE ] player 0 placing token on slot 2
[2022-12-08 17:32:54] [SEVERE ] Key 73 was pressed by player 1
[2022-12-08 17:32:54] [SEVERE ] player 1 placing token on slot 1
[2022-12-08 17:32:54] [SEVERE ] Key 81 was pressed by player 0
[2022-12-08 17:32:54] [SEVERE ] player 0 placing token on slot 0
[2022-12-08 17:32:54] [SEVERE ] Key 80 was pressed by player 1
[2022-12-08 17:32:54] [SEVERE ] player 1 placing token on slot 3
[2022-12-08 17:32:54] [SEVERE ] Key 87 was pressed by player 0
[2022-12-08 17:32:54] [SEVERE ] player 0 placing token on slot 1
[2022-12-08 17:32:54] [SEVERE ] Key 79 was pressed by player 1
[2022-12-08 17:32:54] [SEVERE ] Key 69 was pressed by player 0
[2022-12-08 17:32:54] [SEVERE ] Key 73 was pressed by player 1
[2022-12-08 17:32:55] [SEVERE ] Key 81 was pressed by player 0
[2022-12-08 17:32:55] [SEVERE ] Key 80 was pressed by player 1
[2022-12-08 17:32:55] [SEVERE ] Key 87 was pressed by player 0
[2022-12-08 17:32:55] [SEVERE ] Key 79 was pressed by player 1
[2022-12-08 17:32:55] [SEVERE ] Key 69 was pressed by player 0
[2022-12-08 17:32:55] [SEVERE ] Key 73 was pressed by player 1
[2022-12-08 17:32:55] [SEVERE ] removing player 0 token from slot 2
[2022-12-08 17:32:55] [SEVERE ] removing player 0 token from slot 0
[2022-12-08 17:32:55] [SEVERE ] removing player 0 token from slot 1
[2022-12-08 17:32:55] [SEVERE ] removing player 1 token from slot 2
[2022-12-08 17:32:55] [SEVERE ] removing player 1 token from slot 1
[2022-12-08 17:32:55] [SEVERE ] removing player 1 token from slot 3
[2022-12-08 17:32:55] [SEVERE ] Key 81 was pressed by player 0
[2022-12-08 17:32:55] [SEVERE ] player 0 placing token on slot 0
[2022-12-08 17:32:55] [SEVERE ] Key 80 was pressed by player 1
[2022-12-08 17:32:55] [SEVERE ] player 1 placing token on slot 3
[2022-12-08 17:32:55] [SEVERE ] Key 87 was pressed by player 0
[2022-12-08 17:32:55] [SEVERE ] player 0 placing token on slot 1
[2022-12-08 17:32:55] [SEVERE ] Key 79 was pressed by player 1
[2022-12-08 17:32:55] [SEVERE ] player 1 placing token on slot 2
[2022-12-08 17:32:55] [SEVERE ] Key 73 was pressed by player 1
[2022-12-08 17:32:55] [SEVERE ] player 1 placing token on slot 1
[2022-12-08 17:32:55] [SEVERE ] Key 69 was pressed by player 0
[2022-12-08 17:32:55] [SEVERE ] player 0 placing token on slot 2
[2022-12-08 17:32:56] [SEVERE ] Key 81 was pressed by player 0
[2022-12-08 17:32:56] [SEVERE ] Key 80 was pressed by player 1
[2022-12-08 17:32:56] [SEVERE ] Key 87 was pressed by player 0
[2022-12-08 17:32:56] [SEVERE ] Key 79 was pressed by player 1
[2022-12-08 17:32:56] [SEVERE ] Key 73 was pressed by player 1
[2022-12-08 17:32:56] [SEVERE ] Key 69 was pressed by player 0
[2022-12-08 17:32:56] [SEVERE ] removing player 0 token from slot 0
[2022-12-08 17:32:56] [SEVERE ] removing player 0 token from slot 1
[2022-12-08 17:32:56] [SEVERE ] removing player 0 token from slot 2
[2022-12-08 17:32:56] [SEVERE ] removing player 1 token from slot 3
[2022-12-08 17:32:56] [SEVERE ] removing player 1 token from slot 2
[2022-12-08 17:32:56] [SEVERE ] removing player 1 token from slot 1
[2022-12-08 17:32:56] [SEVERE ] Key 80 was pressed by player 1
[2022-12-08 17:32:56] [SEVERE ] player 1 placing token on slot 3
[2022-12-08 17:32:56] [SEVERE ] Key 81 was pressed by player 0
[2022-12-08 17:32:56] [SEVERE ] player 0 placing token on slot 0
[2022-12-08 17:32:56] [SEVERE ] Key 87 was pressed by player 0
[2022-12-08 17:32:56] [SEVERE ] player 0 placing token on slot 1
[2022-12-08 17:32:56] [SEVERE ] Key 79 was pressed by player 1
[2022-12-08 17:32:56] [SEVERE ] player 1 placing token on slot 2
[2022-12-08 17:32:56] [SEVERE ] Key 73 was pressed by player 1
[2022-12-08 17:32:56] [SEVERE ] player 1 placing token on slot 1
[2022-12-08 17:32:56] [SEVERE ] Key 69 was pressed by player 0
[2022-12-08 17:32:56] [SEVERE ] player 0 placing token on slot 2
[2022-12-08 17:32:56] [SEVERE ] Key 81 was pressed by player 0
[2022-12-08 17:32:56] [SEVERE ] Key 80 was pressed by player 1
[2022-12-08 17:32:56] [SEVERE ] Key 87 was pressed by player 0
[2022-12-08 17:32:57] [SEVERE ] Key 79 was pressed by player 1
[2022-12-08 17:32:57] [SEVERE ] Key 69 was pressed by player 0
[2022-12-08 17:32:57] [SEVERE ] Key 73 was pressed by player 1
[2022-12-08 17:32:57] [SEVERE ] Key 81 was pressed by player 0
[2022-12-08 17:32:57] [SEVERE ] Key 80 was pressed by player 1
[2022-12-08 17:32:57] [SEVERE ] Key 87 was pressed by player 0
[2022-12-08 17:32:57] [SEVERE ] Key 79 was pressed by player 1
[2022-12-08 17:32:57] [SEVERE ] Key 69 was pressed by player 0
[2022-12-08 17:32:57] [SEVERE ] removing player 0 token from slot 0
[2022-12-08 17:32:57] [SEVERE ] removing player 0 token from slot 1
[2022-12-08 17:32:57] [SEVERE ] removing player 0 token from slot 2
[2022-12-08 17:32:57] [SEVERE ] removing player 1 token from slot 3
[2022-12-08 17:32:57] [SEVERE ] removing player 1 token from slot 2
[2022-12-08 17:32:57] [SEVERE ] removing player 1 token from slot 1
[2022-12-08 17:32:57] [SEVERE ] Key 73 was pressed by player 1
[2022-12-08 17:32:57] [SEVERE ] player 1 placing token on slot 1
[2022-12-08 17:32:57] [SEVERE ] Key 81 was pressed by player 0
[2022-12-08 17:32:57] [SEVERE ] player 0 placing token on slot 0
[2022-12-08 17:32:57] [SEVERE ] Key 80 was pressed by player 1
[2022-12-08 17:32:57] [SEVERE ] player 1 placing token on slot 3
[2022-12-08 17:32:57] [SEVERE ] Key 87 was pressed by player 0
[2022-12-08 17:32:57] [SEVERE ] player 0 placing token on slot 1
[2022-12-08 17:32:57] [SEVERE ] Key 79 was pressed by player 1
[2022-12-08 17:32:57] [SEVERE ] player 1 placing token on slot 2
[2022-12-08 17:32:57] [SEVERE ] Key 69 was pressed by player 0
[2022-12-08 17:32:57] [SEVERE ] player 0 placing token on slot 2
[2022-12-08 17:32:57] [SEVERE ] Key 73 was pressed by player 1
[2022-12-08 17:32:58] [SEVERE ] Key 81 was pressed by player 0
[2022-12-08 17:32:58] [SEVERE ] Key 80 was pressed by player 1
[2022-12-08 17:32:58] [SEVERE ] Key 87 was pressed by player 0
[2022-12-08 17:32:58] [SEVERE ] Key 79 was pressed by player 1
[2022-12-08 17:32:58] [SEVERE ] Key 69 was pressed by player 0
[2022-12-08 17:32:58] [SEVERE ] Key 73 was pressed by player 1
[2022-12-08 17:32:58] [SEVERE ] removing player 0 token from slot 0
[2022-12-08 17:32:58] [SEVERE ] removing player 0 token from slot 1
[2022-12-08 17:32:58] [SEVERE ] removing player 0 token from slot 2
[2022-12-08 17:32:58] [SEVERE ] removing player 1 token from slot 1
[2022-12-08 17:32:58] [SEVERE ] removing player 1 token from slot 3
[2022-12-08 17:32:58] [SEVERE ] removing player 1 token from slot 2
[2022-12-08 17:32:58] [SEVERE ] Key 81 was pressed by player 0
[2022-12-08 17:32:58] [SEVERE ] player 0 placing token on slot 0
[2022-12-08 17:32:58] [SEVERE ] Key 80 was pressed by player 1
[2022-12-08 17:32:58] [SEVERE ] player 1 placing token on slot 3
[2022-12-08 17:32:58] [SEVERE ] Key 87 was pressed by player 0
[2022-12-08 17:32:58] [SEVERE ] player 0 placing token on slot 1
[2022-12-08 17:32:58] [SEVERE ] Key 79 was pressed by player 1
[2022-12-08 17:32:58] [SEVERE ] player 1 placing token on slot 2
[2022-12-08 17:32:58] [SEVERE ] Key 69 was pressed by player 0
[2022-12-08 17:32:58] [SEVERE ] player 0 placing token on slot 2
[2022-12-08 17:32:58] [SEVERE ] Key 73 was pressed by player 1
[2022-12-08 17:32:58] [SEVERE ] player 1 placing token on slot 1
[2022-12-08 17:32:58] [SEVERE ] Key 65 was pressed by player 0
[2022-12-08 17:32:58] [SEVERE ] Key 59 was pressed by player 1
[2022-12-08 17:32:59] [SEVERE ] Key 76 was pressed by player 1
[2022-12-08 17:32:59] [SEVERE ] Key 75 was pressed by player 1
[2022-12-08 17:32:59] [SEVERE ] Key 68 was pressed by player 0
[2022-12-08 17:32:59] [SEVERE ] Key 59 was pressed by player 1
[2022-12-08 17:32:59] [SEVERE ] Key 65 was pressed by player 0
[2022-12-08 17:32:59] [SEVERE ] removing player 0 token from slot 0
[2022-12-08 17:32:59] [SEVERE ] removing player 0 token from slot 1
[2022-12-08 17:32:59] [SEVERE ] removing player 0 token from slot 2
[2022-12-08 17:32:59] [SEVERE ] removing player 1 token from slot 3
[2022-12-08 17:32:59] [SEVERE ] removing player 1 token from slot 2
[2022-12-08 17:32:59] [SEVERE ] removing player 1 token from slot 1
[2022-12-08 17:32:59] [SEVERE ] Key 83 was pressed by player 0
[2022-12-08 17:32:59] [SEVERE ] player 0 placing token on slot 5
[2022-12-08 17:32:59] [SEVERE ] Key 44 was pressed by player 1
[2022-12-08 17:32:59] [SEVERE ] player 1 placing token on slot 9
[2022-12-08 17:32:59] [SEVERE ] Key 77 was pressed by player 1
[2022-12-08 17:32:59] [SEVERE ] player 1 placing token on slot 8
[2022-12-08 17:32:59] [SEVERE ] Key 69 was pressed by player 0
[2022-12-08 17:32:59] [SEVERE ] player 0 placing token on slot 2
[2022-12-08 17:32:59] [SEVERE ] Key 81 was pressed by player 0
[2022-12-08 17:32:59] [SEVERE ] player 0 placing token on slot 0
[2022-12-08 17:32:59] [SEVERE ] Key 87 was pressed by player 0
[2022-12-08 17:33:00] [SEVERE ] Key 44 was pressed by player 1
[2022-12-08 17:33:00] [SEVERE ] player 1 placing token on slot 9
[2022-12-08 17:33:00] [SEVERE ] Key 77 was pressed by player 1
[2022-12-08 17:33:00] [SEVERE ] Key 69 was pressed by player 0
[2022-12-08 17:33:00] [SEVERE ] Key 65 was pressed by player 0
[2022-12-08 17:33:00] [SEVERE ] Key 46 was pressed by player 1
[2022-12-08 17:33:00] [SEVERE ] Key 83 was pressed by player 0
[2022-12-08 17:33:00] [SEVERE ] removing player 0 token from slot 5
[2022-12-08 17:33:00] [SEVERE ] removing player 0 token from slot 2
[2022-12-08 17:33:00] [SEVERE ] removing player 0 token from slot 0
[2022-12-08 17:33:00] [SEVERE ] removing player 1 token from slot 9
[2022-12-08 17:33:00] [SEVERE ] removing player 1 token from slot 8
[2022-12-08 17:33:00] [SEVERE ] removing player 1 token from slot 9
[2022-12-08 17:33:00] [SEVERE ] Key 44 was pressed by player 1
[2022-12-08 17:33:00] [SEVERE ] player 1 placing token on slot 9
[2022-12-08 17:33:00] [SEVERE ] Key 68 was pressed by player 0
[2022-12-08 17:33:00] [SEVERE ] player 0 placing token on slot 6
[2022-12-08 17:33:00] [SEVERE ] Key 77 was pressed by player 1
[2022-12-08 17:33:00] [SEVERE ] player 1 placing token on slot 8
[2022-12-08 17:33:00] [SEVERE ] Key 65 was pressed by player 0
[2022-12-08 17:33:00] [SEVERE ] player 0 placing token on slot 4
[2022-12-08 17:33:00] [SEVERE ] Key 59 was pressed by player 1
[2022-12-08 17:33:00] [SEVERE ] player 1 placing token on slot 7
[2022-12-08 17:33:00] [SEVERE ] Key 76 was pressed by player 1
[2022-12-08 17:33:01] [SEVERE ] Key 87 was pressed by player 0
[2022-12-08 17:33:01] [SEVERE ] player 0 placing token on slot 1
[2022-12-08 17:33:01] [SEVERE ] Key 75 was pressed by player 1
[2022-12-08 17:33:01] [SEVERE ] Key 69 was pressed by player 0
[2022-12-08 17:33:01] [SEVERE ] Key 65 was pressed by player 0
[2022-12-08 17:33:01] [SEVERE ] Key 46 was pressed by player 1
[2022-12-08 17:33:01] [SEVERE ] Key 83 was pressed by player 0
[2022-12-08 17:33:01] [SEVERE ] Key 44 was pressed by player 1
[2022-12-08 17:33:01] [SEVERE ] removing player 0 token from slot 6
[2022-12-08 17:33:01] [SEVERE ] removing player 0 token from slot 4
[2022-12-08 17:33:01] [SEVERE ] removing player 0 token from slot 1
[2022-12-08 17:33:01] [SEVERE ] removing player 1 token from slot 9
[2022-12-08 17:33:01] [SEVERE ] removing player 1 token from slot 8
[2022-12-08 17:33:01] [SEVERE ] removing player 1 token from slot 7
[2022-12-08 17:33:01] [SEVERE ] Key 77 was pressed by player 1
[2022-12-08 17:33:01] [SEVERE ] player 1 placing token on slot 8
[2022-12-08 17:33:01] [SEVERE ] Key 68 was pressed by player 0
[2022-12-08 17:33:01] [SEVERE ] player 0 placing token on slot 6
[2022-12-08 17:33:01] [SEVERE ] Key 65 was pressed by player 0
[2022-12-08 17:33:01] [SEVERE ] player 0 placing token on slot 4
[2022-12-08 17:33:01] [SEVERE ] Key 83 was pressed by player 0
[2022-12-08 17:33:01] [SEVERE ] player 0 placing token on slot 5
[2022-12-08 17:33:01] [SEVERE ] Key 59 was pressed by player 1
[2022-12-08 17:33:01] [SEVERE ] player 1 placing token on slot 7
[2022-12-08 17:33:02] [SEVERE ] Key 76 was pressed by player 1
[2022-12-08 17:33:02] [SEVERE ] player 1 placing token on slot 6
[2022-12-08 17:33:02] [SEVERE ] Key 68 was pressed by player 0
[2022-12-08 17:33:02] [SEVERE ] Key 75 was pressed by player 1
[2022-12-08 17:33:02] [SEVERE ] Key 65 was pressed by player 0
[2022-12-08 17:33:02] [SEVERE ] Key 46 was pressed by player 1
[2022-12-08 17:33:02] [SEVERE ] Key 44 was pressed by player 1
[2022-12-08 17:33:02] [SEVERE ] Key 83 was pressed by player 0
[2022-12-08 17:33:02] [SEVERE ] removing player 0 token from slot 6
[2022-12-08 17:33:02] [SEVERE ] removing player 0 token from slot 4
[2022-12-08 17:33:02] [SEVERE ] removing player 0 token from slot 5
[2022-12-08 17:33:02] [SEVERE ] removing player 1 token from slot 8
[2022-12-08 17:33:02] [SEVERE ] removing player 1 token from slot 7
[2022-12-08 17:33:02] [SEVERE ] removing player 1 token from slot 6
[2022-12-08 17:33:02] [SEVERE ] Key 68 was pressed by player 0
[2022-12-08 17:33:02] [SEVERE ] player 0 placing token on slot 6
[2022-12-08 17:33:02] [SEVERE ] Key 77 was pressed by player 1
[2022-12-08 17:33:02] [SEVERE ] player 1 placing token on slot 8
[2022-12-08 17:33:02] [SEVERE ] Key 59 was pressed by player 1
[2022-12-08 17:33:02] [SEVERE ] player 1 placing token on slot 7
[2022-12-08 17:33:02] [SEVERE ] Key 81 was pressed by player 0
[2022-12-08 17:33:02] [SEVERE ] player 0 placing token on slot 0
[2022-12-08 17:33:02] [SEVERE ] Key 65 was pressed by player 0
[2022-12-08 17:33:02] [SEVERE ] player 0 placing token on slot 4
[2022-12-08 17:33:03] [SEVERE ] Key 87 was pressed by player 0
[2022-12-08 17:33:03] [SEVERE ] Key 76 was pressed by player 1
[2022-12-08 17:33:03] [SEVERE ] player 1 placing token on slot 6
[2022-12-08 17:33:03] [SEVERE ] Key 68 was pressed by player 0
[2022-12-08 17:33:03] [SEVERE ] Key 75 was pressed by player 1
[2022-12-08 17:33:03] [SEVERE ] Key 65 was pressed by player 0
[2022-12-08 17:33:03] [SEVERE ] Key 46 was pressed by player 1
[2022-12-08 17:33:03] [SEVERE ] Key 83 was pressed by player 0
[2022-12-08 17:33:03] [SEVERE ] Key 44 was pressed by player 1
[2022-12-08 17:33:03] [SEVERE ] removing player 0 token from slot 6
[2022-12-08 17:33:03] [SEVERE ] removing player 0 token from slot 0
[2022-12-08 17:33:03] [SEVERE ] removing player 0 token from slot 4
[2022-12-08 17:33:03] [SEVERE ] removing player 1 token from slot 8
[2022-12-08 17:33:03] [SEVERE ] removing player 1 token from slot 7
[2022-12-08 17:33:03] [SEVERE ] removing player 1 token from slot 6
[2022-12-08 17:33:03] [SEVERE ] Key 68 was pressed by player 0
[2022-12-08 17:33:03] [SEVERE ] player 0 placing token on slot 6
[2022-12-08 17:33:03] [SEVERE ] Key 77 was pressed by player 1
[2022-12-08 17:33:03] [SEVERE ] player 1 placing token on slot 8
[2022-12-08 17:33:03] [SEVERE ] Key 65 was pressed by player 0
[2022-12-08 17:33:03] [SEVERE ] player 0 placing token on slot 4
[2022-12-08 17:33:03] [SEVERE ] Key 83 was pressed by player 0
[2022-12-08 17:33:03] [SEVERE ] player 0 placing token on slot 5
[2022-12-08 17:33:03] [SEVERE ] Key 59 was pressed by player 1
[2022-12-08 17:33:03] [SEVERE ] player 1 placing token on slot 7
[2022-12-08 17:33:04] [SEVERE ] Key 68 was pressed by player 0
[2022-12-08 17:33:04] [SEVERE ] Key 76 was pressed by player 1
[2022-12-08 17:33:04] [SEVERE ] player 1 placing token on slot 6
[2022-12-08 17:33:04] [SEVERE ] Key 75 was pressed by player 1
[2022-12-08 17:33:04] [SEVERE ] Key 65 was pressed by player 0
[2022-12-08 17:33:04] [SEVERE ] Key 59 was pressed by player 1
[2022-12-08 17:33:04] [SEVERE ] Key 83 was pressed by player 0
[2022-12-08 17:33:04] [SEVERE ] removing player 0 token from slot 6
[2022-12-08 17:33:04] [SEVERE ] removing player 0 token from slot 4
[2022-12-08 17:33:04] [SEVERE ] removing player 0 token from slot 5
[2022-12-08 17:33:04] [SEVERE ] removing player 1 token from slot 8
[2022-12-08 17:33:04] [SEVERE ] removing player 1 token from slot 7
[2022-12-08 17:33:04] [SEVERE ] removing player 1 token from slot 6
[2022-12-08 17:33:04] [SEVERE ] Key 44 was pressed by player 1
[2022-12-08 17:33:04] [SEVERE ] player 1 placing token on slot 9
[2022-12-08 17:33:04] [SEVERE ] Key 77 was pressed by player 1
[2022-12-08 17:33:04] [SEVERE ] player 1 placing token on slot 8
[2022-12-08 17:33:04] [SEVERE ] Key 68 was pressed by player 0
[2022-12-08 17:33:04] [SEVERE ] player 0 placing token on slot 6
[2022-12-08 17:33:04] [SEVERE ] Key 81 was pressed by player 0
[2022-12-08 17:33:04] [SEVERE ] player 0 placing token on slot 0
[2022-12-08 17:33:04] [SEVERE ] Key 46 was pressed by player 1
[2022-12-08 17:33:04] [SEVERE ] player 1 placing token on slot 10
[2022-12-08 17:33:04] [SEVERE ] Key 87 was pressed by player 0
[2022-12-08 17:33:04] [SEVERE ] player 0 placing token on slot 1
[2022-12-08 17:33:05] [SEVERE ] Key 44 was pressed by player 1
[2022-12-08 17:33:05] [SEVERE ] Key 68 was pressed by player 0
[2022-12-08 17:33:05] [SEVERE ] Key 77 was pressed by player 1
[2022-12-08 17:33:05] [SEVERE ] Key 65 was pressed by player 0
[2022-12-08 17:33:05] [SEVERE ] Key 46 was pressed by player 1
[2022-12-08 17:33:05] [SEVERE ] Key 83 was pressed by player 0
[2022-12-08 17:33:05] [SEVERE ] removing player 0 token from slot 6
[2022-12-08 17:33:05] [SEVERE ] removing player 0 token from slot 0
[2022-12-08 17:33:05] [SEVERE ] removing player 0 token from slot 1
[2022-12-08 17:33:05] [SEVERE ] removing player 1 token from slot 9
[2022-12-08 17:33:05] [SEVERE ] removing player 1 token from slot 8
[2022-12-08 17:33:05] [SEVERE ] removing player 1 token from slot 10
[2022-12-08 17:33:05] [SEVERE ] Key 44 was pressed by player 1
[2022-12-08 17:33:05] [SEVERE ] player 1 placing token on slot 9
[2022-12-08 17:33:05] [SEVERE ] Key 68 was pressed by player 0
[2022-12-08 17:33:05] [SEVERE ] player 0 placing token on slot 6
[2022-12-08 17:33:05] [SEVERE ] Key 77 was pressed by player 1
[2022-12-08 17:33:05] [SEVERE ] player 1 placing token on slot 8
[2022-12-08 17:33:05] [SEVERE ] Key 59 was pressed by player 1
[2022-12-08 17:33:05] [SEVERE ] player 1 placing token on slot 7
[2022-12-08 17:33:05] [SEVERE ] Key 65 was pressed by player 0
[2022-12-08 17:33:05] [SEVERE ] player 0 placing token on slot 4
[2022-12-08 17:33:06] [SEVERE ] Key 83 was pressed by player 0
[2022-12-08 17:33:06] [SEVERE ] player 0 placing token on slot 5
[2022-12-08 17:33:06] [SEVERE ] Key 76 was pressed by player 1
[2022-12-08 17:33:06] [SEVERE ] Key 68 was pressed by player 0
[2022-12-08 17:33:06] [SEVERE ] Key 77 was pressed by player 1
[2022-12-08 17:33:06] [SEVERE ] Key 46 was pressed by player 1
[2022-12-08 17:33:06] [SEVERE ] Key 87 was pressed by player 0
[2022-12-08 17:33:06] [SEVERE ] removing player 0 token from slot 6
[2022-12-08 17:33:06] [SEVERE ] removing player 0 token from slot 4
[2022-12-08 17:33:06] [SEVERE ] removing player 0 token from slot 5
[2022-12-08 17:33:06] [SEVERE ] removing player 1 token from slot 9
[2022-12-08 17:33:06] [SEVERE ] removing player 1 token from slot 8
[2022-12-08 17:33:06] [SEVERE ] removing player 1 token from slot 7
[2022-12-08 17:33:06] [SEVERE ] Key 65 was pressed by player 0
[2022-12-08 17:33:06] [SEVERE ] player 0 placing token on slot 4
[2022-12-08 17:33:06] [SEVERE ] Key 44 was pressed by player 1
[2022-12-08 17:33:06] [SEVERE ] player 1 placing token on slot 9
[2022-12-08 17:33:06] [SEVERE ] Key 77 was pressed by player 1
[2022-12-08 17:33:06] [SEVERE ] player 1 placing token on slot 8
[2022-12-08 17:33:06] [SEVERE ] Key 68 was pressed by player 0
[2022-12-08 17:33:06] [SEVERE ] player 0 placing token on slot 6
[2022-12-08 17:33:06] [SEVERE ] Key 65 was pressed by player 0
[2022-12-08 17:33:06] [SEVERE ] player 0 placing token on slot 4
[2022-12-08 17:33:06] [SEVERE ] Key 59 was pressed by player 1
[2022-12-08 17:33:06] [SEVERE ] player 1 placing token on slot 7
[2022-12-08 17:33:07] [SEVERE ] Key 83 was pressed by player 0
[2022-12-08 17:33:07] [SEVERE ] Key 76 was pressed by player 1
[2022-12-08 17:33:07] [SEVERE ] Key 68 was pressed by player 0
[2022-12-08 17:33:07] [SEVERE ] Key 77 was pressed by player 1
[2022-12-08 17:33:07] [SEVERE ] removing player 0 token from slot 4
[2022-12-08 17:33:07] [SEVERE ] removing player 0 token from slot 6
[2022-12-08 17:33:07] [SEVERE ] removing player 0 token from slot 4
[2022-12-08 17:33:07] [SEVERE ] removing player 1 token from slot 9
[2022-12-08 17:33:07] [SEVERE ] removing player 1 token from slot 8
[2022-12-08 17:33:07] [SEVERE ] removing player 1 token from slot 7
[2022-12-08 17:33:07] [SEVERE ] Key 46 was pressed by player 1
[2022-12-08 17:33:07] [SEVERE ] player 1 placing token on slot 10
[2022-12-08 17:33:07] [SEVERE ] Key 83 was pressed by player 0
[2022-12-08 17:33:07] [SEVERE ] player 0 placing token on slot 5
[2022-12-08 17:33:07] [SEVERE ] Key 44 was pressed by player 1
[2022-12-08 17:33:07] [SEVERE ] player 1 placing token on slot 9
[2022-12-08 17:33:07] [SEVERE ] Key 65 was pressed by player 0
[2022-12-08 17:33:07] [SEVERE ] player 0 placing token on slot 4
[2022-12-08 17:33:07] [SEVERE ] Key 68 was pressed by player 0
[2022-12-08 17:33:07] [SEVERE ] player 0 placing token on slot 6
[2022-12-08 17:33:07] [SEVERE ] Key 77 was pressed by player 1
[2022-12-08 17:33:07] [SEVERE ] player 1 placing token on slot 8
[2022-12-08 17:33:08] [SEVERE ] Key 83 was pressed by player 0
[2022-12-08 17:33:08] [SEVERE ] Key 65 was pressed by player 0
[2022-12-08 17:33:08] [SEVERE ] Key 59 was pressed by player 1
[2022-12-08 17:33:08] [SEVERE ] Key 83 was pressed by player 0
[2022-12-08 17:33:08] [SEVERE ] Key 76 was pressed by player 1
[2022-12-08 17:33:08] [SEVERE ] removing player 0 token from slot 5
[2022-12-08 17:33:08] [SEVERE ] removing player 0 token from slot 4
[2022-12-08 17:33:08] [SEVERE ] removing player 0 token from slot 6
[2022-12-08 17:33:08] [SEVERE ] removing player 1 token from slot 10
[2022-12-08 17:33:08] [SEVERE ] removing player 1 token from slot 9
[2022-12-08 17:33:08] [SEVERE ] removing player 1 token from slot 8
[2022-12-08 17:33:08] [SEVERE ] Key 68 was pressed by player 0
[2022-12-08 17:33:08] [SEVERE ] player 0 placing token on slot 6
[2022-12-08 17:33:08] [SEVERE ] Key 77 was pressed by player 1
[2022-12-08 17:33:08] [SEVERE ] player 1 placing token on slot 8
[2022-12-08 17:33:08] [SEVERE ] Key 46 was pressed by player 1
[2022-12-08 17:33:08] [SEVERE ] player 1 placing token on slot 10
[2022-12-08 17:33:08] [SEVERE ] Key 44 was pressed by player 1
[2022-12-08 17:33:08] [SEVERE ] player 1 placing token on slot 9
[2022-12-08 17:33:08] [SEVERE ] Key 65 was pressed by player 0
[2022-12-08 17:33:08] [SEVERE ] player 0 placing token on slot 4
[2022-12-08 17:33:09] [SEVERE ] Key 83 was pressed by player 0
[2022-12-08 17:33:09] [SEVERE ] player 0 placing token on slot 5
[2022-12-08 17:33:09] [SEVERE ] Key 68 was pressed by player 0
[2022-12-08 17:33:09] [SEVERE ] Key 77 was pressed by player 1
[2022-12-08 17:33:09] [SEVERE ] removing player 0 token from slot 6
[2022-12-08 17:33:09] [SEVERE ] removing player 0 token from slot 4
[2022-12-08 17:33:09] [SEVERE ] removing player 0 token from slot 5
[2022-12-08 17:33:09] [SEVERE ] removing player 1 token from slot 8
[2022-12-08 17:33:09] [SEVERE ] removing player 1 token from slot 10
[2022-12-08 17:33:09] [SEVERE ] removing player 1 token from slot 9
[2022-12-08 17:33:12] [SEVERE ] Key 65 was pressed by player 0
[2022-12-08 17:33:12] [SEVERE ] player 0 placing token on slot 4
[2022-12-08 17:33:12] [SEVERE ] Key 59 was pressed by player 1
[2022-12-08 17:33:12] [SEVERE ] player 1 placing token on slot 7
[2022-12-08 17:33:12] [SEVERE ] Key 83 was pressed by player 0
[2022-12-08 17:33:12] [SEVERE ] player 0 placing token on slot 5
[2022-12-08 17:33:12] [SEVERE ] Key 76 was pressed by player 1
[2022-12-08 17:33:12] [SEVERE ] player 1 placing token on slot 6
[2022-12-08 17:33:12] [SEVERE ] Key 68 was pressed by player 0
[2022-12-08 17:33:12] [SEVERE ] player 0 placing token on slot 6
[2022-12-08 17:33:12] [SEVERE ] removing player 0 token from slot 4
[2022-12-08 17:33:12] [SEVERE ] removing player 0 token from slot 5
[2022-12-08 17:33:12] [SEVERE ] removing player 0 token from slot 6
[2022-12-08 17:33:12] [SEVERE ] Key 77 was pressed by player 1
[2022-12-08 17:33:12] [SEVERE ] player 1 placing token on slot 8
[2022-12-08 17:33:12] [SEVERE ] removing player 1 token from slot 7
[2022-12-08 17:33:12] [SEVERE ] removing player 1 token from slot 6
[2022-12-08 17:33:12] [SEVERE ] removing player 1 token from slot 8
[2022-12-08 17:33:12] [SEVERE ] Key 65 was pressed by player 0
[2022-12-08 17:33:12] [SEVERE ] player 0 placing token on slot 4
[2022-12-08 17:33:12] [SEVERE ] Key 46 was pressed by player 1
[2022-12-08 17:33:12] [SEVERE ] player 1 placing token on slot 10
[2022-12-08 17:33:12] [SEVERE ] Key 83 was pressed by player 0
[2022-12-08 17:33:12] [SEVERE ] player 0 placing token on slot 5
[2022-12-08 17:33:12] [SEVERE ] Key 44 was pressed by player 1
[2022-12-08 17:33:12] [SEVERE ] player 1 placing token on slot 9
[2022-12-08 17:33:12] [SEVERE ] Key 68 was pressed by player 0
[2022-12-08 17:33:12] [SEVERE ] player 0 placing token on slot 6
[2022-12-08 17:33:12] [SEVERE ] Key 77 was pressed by player 1
[2022-12-08 17:33:12] [SEVERE ] player 1 placing token on slot 8
[2022-12-08 17:33:13] [SEVERE ] Key 65 was pressed by player 0
[2022-12-08 17:33:13] [SEVERE ] Key 83 was pressed by player 0
[2022-12-08 17:33:13] [SEVERE ] removing player 0 token from slot 4
[2022-12-08 17:33:13] [SEVERE ] removing player 0 token from slot 5
[2022-12-08 17:33:13] [SEVERE ] removing player 0 token from slot 6
[2022-12-08 17:33:13] [SEVERE ] removing player 1 token from slot 10
[2022-12-08 17:33:13] [SEVERE ] removing player 1 token from slot 9
[2022-12-08 17:33:13] [SEVERE ] removing player 1 token from slot 8
[2022-12-08 17:33:14] [SEVERE ] Key 59 was pressed by player 1
[2022-12-08 17:33:14] [SEVERE ] player 1 placing token on slot 7
[2022-12-08 17:33:14] [SEVERE ] Key 65 was pressed by player 0
[2022-12-08 17:33:14] [SEVERE ] player 0 placing token on slot 4
[2022-12-08 17:33:14] [SEVERE ] Key 76 was pressed by player 1
[2022-12-08 17:33:14] [SEVERE ] player 1 placing token on slot 6
[2022-12-08 17:33:14] [SEVERE ] Key 83 was pressed by player 0
[2022-12-08 17:33:14] [SEVERE ] player 0 placing token on slot 5
[2022-12-08 17:33:14] [SEVERE ] Key 75 was pressed by player 1
[2022-12-08 17:33:14] [SEVERE ] player 1 placing token on slot 5
[2022-12-08 17:33:14] [SEVERE ] Key 68 was pressed by player 0
[2022-12-08 17:33:14] [SEVERE ] player 0 placing token on slot 6
[2022-12-08 17:33:14] [SEVERE ] removing player 0 token from slot 4
[2022-12-08 17:33:14] [SEVERE ] removing player 0 token from slot 5
[2022-12-08 17:33:14] [SEVERE ] removing player 0 token from slot 6
[2022-12-08 17:33:14] [SEVERE ] removing player 1 token from slot 7
[2022-12-08 17:33:14] [SEVERE ] removing player 1 token from slot 6
[2022-12-08 17:33:14] [SEVERE ] removing player 1 token from slot 5
[2022-12-08 17:33:17] [SEVERE ] Key 65 was pressed by player 0
[2022-12-08 17:33:17] [SEVERE ] player 0 placing token on slot 4
[2022-12-08 17:33:17] [SEVERE ] Key 59 was pressed by player 1
[2022-12-08 17:33:17] [SEVERE ] player 1 placing token on slot 7
[2022-12-08 17:33:17] [SEVERE ] Key 83 was pressed by player 0
[2022-12-08 17:33:17] [SEVERE ] player 0 placing token on slot 5
[2022-12-08 17:33:17] [SEVERE ] Key 76 was pressed by player 1
[2022-12-08 17:33:17] [SEVERE ] player 1 placing token on slot 6
[2022-12-08 17:33:17] [SEVERE ] Key 68 was pressed by player 0
[2022-12-08 17:33:17] [SEVERE ] player 0 placing token on slot 6
[2022-12-08 17:33:17] [SEVERE ] removing player 0 token from slot 4
[2022-12-08 17:33:17] [SEVERE ] removing player 0 token from slot 5
[2022-12-08 17:33:17] [SEVERE ] removing player 0 token from slot 6
[2022-12-08 17:33:17] [SEVERE ] Key 75 was pressed by player 1
[2022-12-08 17:33:17] [SEVERE ] player 1 placing token on slot 5
[2022-12-08 17:33:17] [SEVERE ] removing player 1 token from slot 7
[2022-12-08 17:33:17] [SEVERE ] removing player 1 token from slot 6
[2022-12-08 17:33:17] [SEVERE ] removing player 1 token from slot 5
[2022-12-08 17:33:17] [SEVERE ] Key 59 was pressed by player 1
[2022-12-08 17:33:17] [SEVERE ] player 1 placing token on slot 7
[2022-12-08 17:33:17] [SEVERE ] Key 65 was pressed by player 0
[2022-12-08 17:33:17] [SEVERE ] player 0 placing token on slot 4
[2022-12-08 17:33:18] [SEVERE ] Key 76 was pressed by player 1
[2022-12-08 17:33:18] [SEVERE ] player 1 placing token on slot 6
[2022-12-08 17:33:18] [SEVERE ] Key 83 was pressed by player 0
[2022-12-08 17:33:18] [SEVERE ] player 0 placing token on slot 5
[2022-12-08 17:33:18] [SEVERE ] Key 68 was pressed by player 0
[2022-12-08 17:33:18] [SEVERE ] player 0 placing token on slot 6
[2022-12-08 17:33:18] [SEVERE ] Key 75 was pressed by player 1
[2022-12-08 17:33:18] [SEVERE ] player 1 placing token on slot 5
[2022-12-08 17:33:18] [SEVERE ] removing player 0 token from slot 4
[2022-12-08 17:33:18] [SEVERE ] removing player 0 token from slot 5
[2022-12-08 17:33:18] [SEVERE ] removing player 0 token from slot 6
[2022-12-08 17:33:18] [SEVERE ] removing player 1 token from slot 7
[2022-12-08 17:33:18] [SEVERE ] removing player 1 token from slot 6
[2022-12-08 17:33:18] [SEVERE ] removing player 1 token from slot 5
[2022-12-08 17:33:18] [SEVERE ] Key 59 was pressed by player 1
[2022-12-08 17:33:18] [SEVERE ] player 1 placing token on slot 7
[2022-12-08 17:33:18] [SEVERE ] Key 65 was pressed by player 0
[2022-12-08 17:33:18] [SEVERE ] player 0 placing token on slot 4
[2022-12-08 17:33:18] [SEVERE ] Key 83 was pressed by player 0
[2022-12-08 17:33:18] [SEVERE ] player 0 placing token on slot 5
[2022-12-08 17:33:18] [SEVERE ] Key 76 was pressed by player 1
[2022-12-08 17:33:18] [SEVERE ] player 1 placing token on slot 6
[2022-12-08 17:33:19] [SEVERE ] Key 68 was pressed by player 0
[2022-12-08 17:33:19] [SEVERE ] player 0 placing token on slot 6
[2022-12-08 17:33:19] [SEVERE ] Key 75 was pressed by player 1
[2022-12-08 17:33:19] [SEVERE ] player 1 placing token on slot 5
[2022-12-08 17:33:19] [SEVERE ] removing player 0 token from slot 4
[2022-12-08 17:33:19] [SEVERE ] removing player 0 token from slot 5
[2022-12-08 17:33:19] [SEVERE ] removing player 0 token from slot 6
[2022-12-08 17:33:19] [SEVERE ] removing player 1 token from slot 7
[2022-12-08 17:33:19] [SEVERE ] removing player 1 token from slot 6
[2022-12-08 17:33:19] [SEVERE ] removing player 1 token from slot 5
[2022-12-08 17:33:28] [SEVERE ] Key 65 was pressed by player 0
[2022-12-08 17:33:28] [SEVERE ] player 0 placing token on slot 4
[2022-12-08 17:33:28] [SEVERE ] Key 59 was pressed by player 1
[2022-12-08 17:33:28] [SEVERE ] player 1 placing token on slot 7
[2022-12-08 17:33:28] [SEVERE ] Key 83 was pressed by player 0
[2022-12-08 17:33:28] [SEVERE ] player 0 placing token on slot 5
[2022-12-08 17:33:28] [SEVERE ] Key 76 was pressed by player 1
[2022-12-08 17:33:28] [SEVERE ] player 1 placing token on slot 6
[2022-12-08 17:33:28] [SEVERE ] Key 68 was pressed by player 0
[2022-12-08 17:33:28] [SEVERE ] player 0 placing token on slot 6
[2022-12-08 17:33:28] [SEVERE ] removing player 0 token from slot 4
[2022-12-08 17:33:28] [SEVERE ] removing player 0 token from slot 5
[2022-12-08 17:33:28] [SEVERE ] removing player 0 token from slot 6
[2022-12-08 17:33:28] [SEVERE ] Key 75 was pressed by player 1
[2022-12-08 17:33:28] [SEVERE ] player 1 placing token on slot 5
[2022-12-08 17:33:28] [SEVERE ] removing player 1 token from slot 7
[2022-12-08 17:33:28] [SEVERE ] removing player 1 token from slot 6
[2022-12-08 17:33:28] [SEVERE ] removing player 1 token from slot 5
[2022-12-08 17:33:28] [SEVERE ] Key 65 was pressed by player 0
[2022-12-08 17:33:28] [SEVERE ] player 0 placing token on slot 4
[2022-12-08 17:33:28] [SEVERE ] Key 59 was pressed by player 1
[2022-12-08 17:33:28] [SEVERE ] player 1 placing token on slot 7
[2022-12-08 17:33:29] [SEVERE ] Key 83 was pressed by player 0
[2022-12-08 17:33:29] [SEVERE ] player 0 placing token on slot 5
[2022-12-08 17:33:29] [SEVERE ] Key 76 was pressed by player 1
[2022-12-08 17:33:29] [SEVERE ] player 1 placing token on slot 6
[2022-12-08 17:33:29] [SEVERE ] Key 68 was pressed by player 0
[2022-12-08 17:33:29] [SEVERE ] player 0 placing token on slot 6
[2022-12-08 17:33:29] [SEVERE ] Key 75 was pressed by player 1
[2022-12-08 17:33:29] [SEVERE ] player 1 placing token on slot 5
[2022-12-08 17:33:29] [SEVERE ] Key 65 was pressed by player 0
[2022-12-08 17:33:29] [SEVERE ] Key 59 was pressed by player 1
[2022-12-08 17:33:29] [SEVERE ] Key 83 was pressed by player 0
[2022-12-08 17:33:29] [SEVERE ] Key 76 was pressed by player 1
[2022-12-08 17:33:29] [SEVERE ] Key 68 was pressed by player 0
[2022-12-08 17:33:29] [SEVERE ] Key 75 was pressed by player 1
[2022-12-08 17:33:29] [SEVERE ] Key 65 was pressed by player 0
[2022-12-08 17:33:29] [SEVERE ] Key 59 was pressed by player 1
[2022-12-08 17:33:29] [SEVERE ] Key 83 was pressed by player 0
[2022-12-08 17:33:29] [SEVERE ] Key 76 was pressed by player 1
[2022-12-08 17:33:29] [SEVERE ] Key 68 was pressed by player 0
[2022-12-08 17:33:29] [SEVERE ] removing player 0 token from slot 4
[2022-12-08 17:33:29] [SEVERE ] removing player 0 token from slot 5
[2022-12-08 17:33:29] [SEVERE ] removing player 0 token from slot 6
[2022-12-08 17:33:29] [SEVERE ] removing player 1 token from slot 7
[2022-12-08 17:33:29] [SEVERE ] removing player 1 token from slot 6
[2022-12-08 17:33:29] [SEVERE ] removing player 1 token from slot 5
[2022-12-08 17:33:29] [SEVERE ] Key 75 was pressed by player 1
[2022-12-08 17:33:29] [SEVERE ] player 1 placing token on slot 5
[2022-12-08 17:33:29] [SEVERE ] Key 65 was pressed by player 0
[2022-12-08 17:33:29] [SEVERE ] player 0 placing token on slot 4
[2022-12-08 17:33:29] [SEVERE ] Key 59 was pressed by player 1
[2022-12-08 17:33:29] [SEVERE ] player 1 placing token on slot 7
[2022-12-08 17:33:30] [SEVERE ] Key 83 was pressed by player 0
[2022-12-08 17:33:30] [SEVERE ] player 0 placing token on slot 5
[2022-12-08 17:33:30] [SEVERE ] Key 76 was pressed by player 1
[2022-12-08 17:33:30] [SEVERE ] player 1 placing token on slot 6
[2022-12-08 17:33:30] [SEVERE ] Key 68 was pressed by player 0
[2022-12-08 17:33:30] [SEVERE ] player 0 placing token on slot 6
[2022-12-08 17:33:30] [SEVERE ] Key 75 was pressed by player 1
[2022-12-08 17:33:30] [SEVERE ] Key 65 was pressed by player 0
[2022-12-08 17:33:30] [SEVERE ] Key 59 was pressed by player 1
[2022-12-08 17:33:30] [SEVERE ] Key 83 was pressed by player 0
[2022-12-08 17:33:30] [SEVERE ] Key 76 was pressed by player 1
[2022-12-08 17:33:30] [SEVERE ] Key 68 was pressed by player 0
[2022-12-08 17:33:30] [SEVERE ] Key 75 was pressed by player 1
[2022-12-08 17:33:30] [SEVERE ] Key 65 was pressed by player 0
[2022-12-08 17:33:30] [SEVERE ] Key 59 was pressed by player 1
[2022-12-08 17:33:30] [SEVERE ] Key 83 was pressed by player 0
[2022-12-08 17:33:30] [SEVERE ] Key 76 was pressed by player 1
[2022-12-08 17:33:30] [SEVERE ] Key 68 was pressed by player 0
[2022-12-08 17:33:30] [SEVERE ] Key 75 was pressed by player 1
[2022-12-08 17:33:30] [SEVERE ] removing player 0 token from slot 4
[2022-12-08 17:33:30] [SEVERE ] removing player 0 token from slot 5
[2022-12-08 17:33:30] [SEVERE ] removing player 0 token from slot 6
[2022-12-08 17:33:30] [SEVERE ] removing player 1 token from slot 5
[2022-12-08 17:33:30] [SEVERE ] removing player 1 token from slot 7
[2022-12-08 17:33:30] [SEVERE ] removing player 1 token from slot 6
[2022-12-08 17:33:30] [SEVERE ] Key 65 was pressed by player 0
[2022-12-08 17:33:30] [SEVERE ] player 0 placing token on slot 4
[2022-12-08 17:33:30] [SEVERE ] Key 59 was pressed by player 1
[2022-12-08 17:33:30] [SEVERE ] player 1 placing token on slot 7
[2022-12-08 17:33:30] [SEVERE ] Key 83 was pressed by player 0
[2022-12-08 17:33:30] [SEVERE ] player 0 placing token on slot 5
[2022-12-08 17:33:31] [SEVERE ] Key 76 was pressed by player 1
[2022-12-08 17:33:31] [SEVERE ] player 1 placing token on slot 6
[2022-12-08 17:33:31] [SEVERE ] Key 68 was pressed by player 0
[2022-12-08 17:33:31] [SEVERE ] player 0 placing token on slot 6
[2022-12-08 17:33:31] [SEVERE ] Key 75 was pressed by player 1
[2022-12-08 17:33:31] [SEVERE ] player 1 placing token on slot 5
[2022-12-08 17:33:31] [SEVERE ] Key 65 was pressed by player 0
[2022-12-08 17:33:31] [SEVERE ] Key 59 was pressed by player 1
[2022-12-08 17:33:31] [SEVERE ] Key 83 was pressed by player 0
[2022-12-08 17:33:31] [SEVERE ] Key 76 was pressed by player 1
[2022-12-08 17:33:31] [SEVERE ] Key 68 was pressed by player 0
[2022-12-08 17:33:31] [SEVERE ] Key 75 was pressed by player 1
[2022-12-08 17:33:31] [SEVERE ] Key 65 was pressed by player 0
[2022-12-08 17:33:31] [SEVERE ] Key 59 was pressed by player 1
[2022-12-08 17:33:31] [SEVERE ] Key 83 was pressed by player 0
[2022-12-08 17:33:31] [SEVERE ] Key 76 was pressed by player 1
[2022-12-08 17:33:31] [SEVERE ] Key 68 was pressed by player 0
[2022-12-08 17:33:31] [SEVERE ] Key 75 was pressed by player 1
[2022-12-08 17:33:31] [SEVERE ] removing player 0 token from slot 4
[2022-12-08 17:33:31] [SEVERE ] removing player 0 token from slot 5
[2022-12-08 17:33:31] [SEVERE ] removing player 0 token from slot 6
[2022-12-08 17:33:31] [SEVERE ] removing player 1 token from slot 7
[2022-12-08 17:33:31] [SEVERE ] removing player 1 token from slot 6
[2022-12-08 17:33:31] [SEVERE ] removing player 1 token from slot 5
[2022-12-08 17:33:31] [SEVERE ] Key 65 was pressed by player 0
[2022-12-08 17:33:31] [SEVERE ] player 0 placing token on slot 4
[2022-12-08 17:33:31] [SEVERE ] Key 59 was pressed by player 1
[2022-12-08 17:33:31] [SEVERE ] player 1 placing token on slot 7
[2022-12-08 17:33:32] [SEVERE ] Key 83 was pressed by player 0
[2022-12-08 17:33:32] [SEVERE ] player 0 placing token on slot 5
[2022-12-08 17:33:32] [SEVERE ] Key 76 was pressed by player 1
[2022-12-08 17:33:32] [SEVERE ] player 1 placing token on slot 6
[2022-12-08 17:33:32] [SEVERE ] Key 68 was pressed by player 0
[2022-12-08 17:33:32] [SEVERE ] player 0 placing token on slot 6
[2022-12-08 17:33:32] [SEVERE ] Key 75 was pressed by player 1
[2022-12-08 17:33:32] [SEVERE ] player 1 placing token on slot 5
[2022-12-08 17:33:32] [SEVERE ] Key 65 was pressed by player 0
[2022-12-08 17:33:32] [SEVERE ] Key 59 was pressed by player 1
[2022-12-08 17:33:32] [SEVERE ] Key 83 was pressed by player 0
[2022-12-08 17:33:32] [SEVERE ] Key 76 was pressed by player 1
[2022-12-08 17:33:32] [SEVERE ] Key 68 was pressed by player 0
[2022-12-08 17:33:32] [SEVERE ] Key 75 was pressed by player 1
[2022-12-08 17:33:32] [SEVERE ] Key 65 was pressed by player 0
[2022-12-08 17:33:32] [SEVERE ] Key 59 was pressed by player 1
[2022-12-08 17:33:32] [SEVERE ] Key 83 was pressed by player 0
[2022-12-08 17:33:32] [SEVERE ] Key 76 was pressed by player 1
[2022-12-08 17:33:32] [SEVERE ] Key 68 was pressed by player 0
[2022-12-08 17:33:32] [SEVERE ] Key 75 was pressed by player 1
[2022-12-08 17:33:32] [SEVERE ] removing player 0 token from slot 4
[2022-12-08 17:33:32] [SEVERE ] removing player 0 token from slot 5
[2022-12-08 17:33:32] [SEVERE ] removing player 0 token from slot 6
[2022-12-08 17:33:32] [SEVERE ] removing player 1 token from slot 7
[2022-12-08 17:33:32] [SEVERE ] removing player 1 token from slot 6
[2022-12-08 17:33:32] [SEVERE ] removing player 1 token from slot 5
