[2022-12-08 11:53:22] [INFO   ] cannot read configuration file config.properties trying from resources.
[2022-12-08 11:53:22] [INFO   ] configuration file was loaded from resources directory.
[2022-12-08 11:53:23] [SEVERE ] placing card 67 in slot 0
[2022-12-08 11:53:23] [SEVERE ] placing card 37 in slot 1
[2022-12-08 11:53:23] [SEVERE ] placing card 31 in slot 2
[2022-12-08 11:53:23] [SEVERE ] placing card 19 in slot 3
[2022-12-08 11:53:23] [SEVERE ] placing card 7 in slot 4
[2022-12-08 11:53:23] [SEVERE ] placing card 60 in slot 5
[2022-12-08 11:53:24] [SEVERE ] placing card 44 in slot 6
[2022-12-08 11:53:24] [SEVERE ] placing card 42 in slot 7
[2022-12-08 11:53:24] [SEVERE ] placing card 76 in slot 8
[2022-12-08 11:53:24] [SEVERE ] placing card 51 in slot 9
[2022-12-08 11:53:24] [SEVERE ] Key 81 was pressed by player 0
[2022-12-08 11:53:24] [SEVERE ] player 0 placing token on slot 0
[2022-12-08 11:53:24] [SEVERE ] placing card 27 in slot 10
[2022-12-08 11:53:24] [SEVERE ] Key 87 was pressed by player 0
[2022-12-08 11:53:24] [SEVERE ] player 0 placing token on slot 1
[2022-12-08 11:53:24] [SEVERE ] Key 69 was pressed by player 0
[2022-12-08 11:53:24] [SEVERE ] player 0 placing token on slot 2
[2022-12-08 11:53:24] [SEVERE ] removing player 0 token from slot 0
[2022-12-08 11:53:24] [SEVERE ] removing player 0 token from slot 1
[2022-12-08 11:53:24] [SEVERE ] removing player 0 token from slot 2
[2022-12-08 11:53:24] [SEVERE ] placing card 73 in slot 11
[2022-12-08 11:53:25] [SEVERE ] Key 81 was pressed by player 0
[2022-12-08 11:53:25] [SEVERE ] player 0 placing token on slot 0
[2022-12-08 11:53:25] [SEVERE ] Key 87 was pressed by player 0
[2022-12-08 11:53:25] [SEVERE ] player 0 placing token on slot 1
[2022-12-08 11:53:25] [SEVERE ] Key 69 was pressed by player 0
[2022-12-08 11:53:25] [SEVERE ] player 0 placing token on slot 2
[2022-12-08 11:53:25] [SEVERE ] removing player 0 token from slot 0
[2022-12-08 11:53:25] [SEVERE ] removing player 0 token from slot 1
[2022-12-08 11:53:25] [SEVERE ] removing player 0 token from slot 2
[2022-12-08 11:53:25] [SEVERE ] Key 81 was pressed by player 0
[2022-12-08 11:53:25] [SEVERE ] player 0 placing token on slot 0
[2022-12-08 11:53:25] [SEVERE ] Key 87 was pressed by player 0
[2022-12-08 11:53:25] [SEVERE ] player 0 placing token on slot 1
[2022-12-08 11:53:25] [SEVERE ] Key 69 was pressed by player 0
[2022-12-08 11:53:25] [SEVERE ] player 0 placing token on slot 2
[2022-12-08 11:53:25] [SEVERE ] removing player 0 token from slot 0
[2022-12-08 11:53:25] [SEVERE ] removing player 0 token from slot 1
[2022-12-08 11:53:25] [SEVERE ] removing player 0 token from slot 2
[2022-12-08 11:53:25] [SEVERE ] Key 81 was pressed by player 0
[2022-12-08 11:53:25] [SEVERE ] player 0 placing token on slot 0
[2022-12-08 11:53:26] [SEVERE ] Key 87 was pressed by player 0
[2022-12-08 11:53:26] [SEVERE ] player 0 placing token on slot 1
[2022-12-08 11:53:26] [SEVERE ] Key 69 was pressed by player 0
[2022-12-08 11:53:26] [SEVERE ] player 0 placing token on slot 2
[2022-12-08 11:53:26] [SEVERE ] removing player 0 token from slot 0
[2022-12-08 11:53:26] [SEVERE ] removing player 0 token from slot 1
[2022-12-08 11:53:26] [SEVERE ] removing player 0 token from slot 2
[2022-12-08 11:54:24] [SEVERE ] placing card 67 in slot 0
[2022-12-08 11:54:25] [SEVERE ] placing card 37 in slot 1
[2022-12-08 11:54:25] [SEVERE ] placing card 31 in slot 2
[2022-12-08 11:54:25] [SEVERE ] placing card 19 in slot 3
[2022-12-08 11:54:25] [SEVERE ] placing card 7 in slot 4
[2022-12-08 11:54:25] [SEVERE ] placing card 60 in slot 5
[2022-12-08 11:54:25] [SEVERE ] placing card 44 in slot 6
[2022-12-08 11:54:25] [SEVERE ] placing card 42 in slot 7
[2022-12-08 11:54:25] [SEVERE ] placing card 76 in slot 8
[2022-12-08 11:54:25] [SEVERE ] placing card 51 in slot 9
[2022-12-08 11:54:25] [SEVERE ] placing card 27 in slot 10
[2022-12-08 11:54:26] [SEVERE ] placing card 73 in slot 11
