[2022-12-08 12:09:50] [INFO   ] cannot read configuration file config.properties trying from resources.
[2022-12-08 12:09:50] [INFO   ] configuration file was loaded from resources directory.
[2022-12-08 12:09:51] [SEVERE ] placing card 60 in slot 0
[2022-12-08 12:09:51] [SEVERE ] placing card 36 in slot 1
[2022-12-08 12:09:51] [SEVERE ] placing card 77 in slot 2
[2022-12-08 12:09:51] [SEVERE ] placing card 12 in slot 3
[2022-12-08 12:09:51] [SEVERE ] placing card 19 in slot 4
[2022-12-08 12:09:51] [SEVERE ] placing card 40 in slot 5
[2022-12-08 12:09:51] [SEVERE ] placing card 71 in slot 6
[2022-12-08 12:09:52] [SEVERE ] placing card 38 in slot 7
[2022-12-08 12:09:52] [SEVERE ] placing card 50 in slot 8
[2022-12-08 12:09:52] [SEVERE ] placing card 62 in slot 9
[2022-12-08 12:09:52] [SEVERE ] placing card 63 in slot 10
[2022-12-08 12:09:52] [SEVERE ] placing card 51 in slot 11
[2022-12-08 12:09:57] [SEVERE ] Key 69 was pressed by player 0
[2022-12-08 12:09:57] [SEVERE ] player 0 placing token on slot 2
[2022-12-08 12:09:59] [SEVERE ] Key 68 was pressed by player 0
[2022-12-08 12:09:59] [SEVERE ] player 0 placing token on slot 6
[2022-12-08 12:10:00] [SEVERE ] Key 88 was pressed by player 0
[2022-12-08 12:10:00] [SEVERE ] player 0 placing token on slot 9
[2022-12-08 12:10:00] [SEVERE ] removing player 0 token from slot 2
[2022-12-08 12:10:00] [SEVERE ] removing player 0 token from slot 6
[2022-12-08 12:10:00] [SEVERE ] removing player 0 token from slot 9
[2022-12-08 12:10:05] [SEVERE ] Key 69 was pressed by player 0
[2022-12-08 12:10:05] [SEVERE ] player 0 placing token on slot 2
[2022-12-08 12:10:06] [SEVERE ] Key 68 was pressed by player 0
[2022-12-08 12:10:06] [SEVERE ] player 0 placing token on slot 6
[2022-12-08 12:10:06] [SEVERE ] Key 88 was pressed by player 0
[2022-12-08 12:10:06] [SEVERE ] player 0 placing token on slot 9
[2022-12-08 12:10:06] [SEVERE ] removing player 0 token from slot 2
[2022-12-08 12:10:06] [SEVERE ] removing player 0 token from slot 6
[2022-12-08 12:10:06] [SEVERE ] removing player 0 token from slot 9
