[2022-12-08 12:13:45] [INFO   ] cannot read configuration file config.properties trying from resources.
[2022-12-08 12:13:45] [INFO   ] configuration file was loaded from resources directory.
[2022-12-08 12:13:46] [SEVERE ] placing card 0 in slot 0
[2022-12-08 12:13:46] [SEVERE ] placing card 4 in slot 1
[2022-12-08 12:13:46] [SEVERE ] placing card 67 in slot 2
[2022-12-08 12:13:46] [SEVERE ] placing card 64 in slot 3
[2022-12-08 12:13:47] [SEVERE ] placing card 7 in slot 4
[2022-12-08 12:13:47] [SEVERE ] placing card 62 in slot 5
[2022-12-08 12:13:47] [SEVERE ] placing card 19 in slot 6
[2022-12-08 12:13:47] [SEVERE ] placing card 78 in slot 7
[2022-12-08 12:13:47] [SEVERE ] placing card 36 in slot 8
[2022-12-08 12:13:47] [SEVERE ] placing card 20 in slot 9
[2022-12-08 12:13:47] [SEVERE ] placing card 74 in slot 10
[2022-12-08 12:13:47] [SEVERE ] placing card 61 in slot 11
[2022-12-08 12:13:48] [SEVERE ] Key 81 was pressed by player 0
[2022-12-08 12:13:48] [SEVERE ] player 0 placing token on slot 0
[2022-12-08 12:13:48] [SEVERE ] Key 87 was pressed by player 0
[2022-12-08 12:13:48] [SEVERE ] player 0 placing token on slot 1
[2022-12-08 12:13:48] [SEVERE ] Key 69 was pressed by player 0
[2022-12-08 12:13:48] [SEVERE ] player 0 placing token on slot 2
[2022-12-08 12:13:48] [SEVERE ] player 0 placing token on slot 2
[2022-12-08 12:13:48] [SEVERE ] removing player 0 token from slot 0
[2022-12-08 12:13:48] [SEVERE ] player 0 placing token on slot 2
[2022-12-08 12:13:48] [SEVERE ] removing player 0 token from slot 1
[2022-12-08 12:13:48] [SEVERE ] player 0 placing token on slot 2
[2022-12-08 12:13:48] [SEVERE ] removing player 0 token from slot 2
