[2022-12-08 12:31:25] [INFO   ] cannot read configuration file config.properties trying from resources.
[2022-12-08 12:31:25] [INFO   ] configuration file was loaded from resources directory.
[2022-12-08 12:31:26] [SEVERE ] placing card 39 in slot 0
[2022-12-08 12:31:26] [SEVERE ] placing card 0 in slot 1
[2022-12-08 12:31:26] [SEVERE ] placing card 3 in slot 2
[2022-12-08 12:31:26] [SEVERE ] placing card 55 in slot 3
[2022-12-08 12:31:26] [SEVERE ] placing card 5 in slot 4
[2022-12-08 12:31:26] [SEVERE ] placing card 13 in slot 5
[2022-12-08 12:31:26] [SEVERE ] placing card 36 in slot 6
[2022-12-08 12:31:26] [SEVERE ] placing card 62 in slot 7
[2022-12-08 12:31:26] [SEVERE ] placing card 76 in slot 8
[2022-12-08 12:31:26] [SEVERE ] placing card 37 in slot 9
[2022-12-08 12:31:27] [SEVERE ] placing card 29 in slot 10
[2022-12-08 12:31:27] [SEVERE ] placing card 73 in slot 11
[2022-12-08 12:31:31] [SEVERE ] Key 81 was pressed by player 0
[2022-12-08 12:31:31] [SEVERE ] player 0 placing token on slot 0
[2022-12-08 12:31:31] [SEVERE ] Key 87 was pressed by player 0
[2022-12-08 12:31:31] [SEVERE ] player 0 placing token on slot 1
[2022-12-08 12:31:34] [SEVERE ] Key 69 was pressed by player 0
[2022-12-08 12:31:34] [SEVERE ] player 0 placing token on slot 2
[2022-12-08 12:31:34] [SEVERE ] removing player 0 token from slot 0
[2022-12-08 12:31:34] [SEVERE ] removing player 0 token from slot 1
[2022-12-08 12:31:34] [SEVERE ] removing player 0 token from slot 2
[2022-12-08 12:32:27] [SEVERE ] placing card 71 in slot 0
[2022-12-08 12:32:27] [SEVERE ] placing card 40 in slot 1
[2022-12-08 12:32:27] [SEVERE ] placing card 60 in slot 2
[2022-12-08 12:32:27] [SEVERE ] placing card 17 in slot 3
[2022-12-08 12:32:28] [SEVERE ] placing card 38 in slot 4
[2022-12-08 12:32:28] [SEVERE ] placing card 18 in slot 5
[2022-12-08 12:32:28] [SEVERE ] placing card 54 in slot 6
[2022-12-08 12:32:28] [SEVERE ] placing card 28 in slot 7
[2022-12-08 12:32:28] [SEVERE ] placing card 76 in slot 8
[2022-12-08 12:32:28] [SEVERE ] placing card 32 in slot 9
[2022-12-08 12:32:28] [SEVERE ] placing card 78 in slot 10
[2022-12-08 12:32:28] [SEVERE ] placing card 30 in slot 11
[2022-12-08 12:33:29] [SEVERE ] placing card 78 in slot 0
[2022-12-08 12:33:29] [SEVERE ] placing card 28 in slot 1
[2022-12-08 12:33:29] [SEVERE ] placing card 34 in slot 2
[2022-12-08 12:33:29] [SEVERE ] placing card 35 in slot 3
[2022-12-08 12:33:29] [SEVERE ] placing card 42 in slot 4
[2022-12-08 12:33:29] [SEVERE ] placing card 60 in slot 5
[2022-12-08 12:33:29] [SEVERE ] placing card 54 in slot 6
[2022-12-08 12:33:30] [SEVERE ] placing card 17 in slot 7
[2022-12-08 12:33:30] [SEVERE ] placing card 23 in slot 8
[2022-12-08 12:33:30] [SEVERE ] placing card 44 in slot 9
[2022-12-08 12:33:30] [SEVERE ] placing card 48 in slot 10
[2022-12-08 12:33:30] [SEVERE ] placing card 59 in slot 11
[2022-12-08 12:34:30] [SEVERE ] placing card 39 in slot 0
[2022-12-08 12:34:31] [SEVERE ] placing card 6 in slot 1
[2022-12-08 12:34:31] [SEVERE ] placing card 22 in slot 2
[2022-12-08 12:34:31] [SEVERE ] placing card 54 in slot 3
[2022-12-08 12:34:31] [SEVERE ] placing card 15 in slot 4
[2022-12-08 12:34:31] [SEVERE ] placing card 31 in slot 5
[2022-12-08 12:34:31] [SEVERE ] placing card 23 in slot 6
[2022-12-08 12:34:31] [SEVERE ] placing card 8 in slot 7
[2022-12-08 12:34:31] [SEVERE ] placing card 1 in slot 8
[2022-12-08 12:34:31] [SEVERE ] placing card 18 in slot 9
[2022-12-08 12:34:31] [SEVERE ] placing card 49 in slot 10
[2022-12-08 12:34:32] [SEVERE ] placing card 35 in slot 11
