[2022-12-08 17:15:07] [INFO   ] cannot read configuration file config.properties trying from resources.
[2022-12-08 17:15:07] [INFO   ] configuration file was loaded from resources directory.
[2022-12-08 17:15:08] [SEVERE ] placing card 39 in slot 0
[2022-12-08 17:15:08] [SEVERE ] placing card 4 in slot 1
[2022-12-08 17:15:08] [SEVERE ] placing card 53 in slot 2
[2022-12-08 17:15:09] [SEVERE ] placing card 56 in slot 3
[2022-12-08 17:15:09] [SEVERE ] placing card 46 in slot 4
[2022-12-08 17:15:09] [SEVERE ] placing card 9 in slot 5
[2022-12-08 17:15:09] [SEVERE ] placing card 1 in slot 6
[2022-12-08 17:15:09] [SEVERE ] placing card 38 in slot 7
[2022-12-08 17:15:09] [SEVERE ] placing card 3 in slot 8
[2022-12-08 17:15:09] [SEVERE ] placing card 52 in slot 9
[2022-12-08 17:15:09] [SEVERE ] placing card 23 in slot 10
[2022-12-08 17:15:09] [SEVERE ] placing card 20 in slot 11
[2022-12-08 17:15:09] [SEVERE ] Key 81 was pressed by player 0
[2022-12-08 17:15:09] [SEVERE ] player 0 placing token on slot 0
[2022-12-08 17:15:10] [SEVERE ] Key 87 was pressed by player 0
[2022-12-08 17:15:10] [SEVERE ] player 0 placing token on slot 1
[2022-12-08 17:15:10] [SEVERE ] Key 69 was pressed by player 0
[2022-12-08 17:15:10] [SEVERE ] player 0 placing token on slot 2
[2022-12-08 17:15:13] [SEVERE ] Key 65 was pressed by player 0
[2022-12-08 17:15:13] [SEVERE ] player 0 placing token on slot 4
[2022-12-08 17:15:13] [SEVERE ] Key 83 was pressed by player 0
[2022-12-08 17:15:13] [SEVERE ] player 0 placing token on slot 5
[2022-12-08 17:15:14] [SEVERE ] Key 68 was pressed by player 0
[2022-12-08 17:15:14] [SEVERE ] player 0 placing token on slot 6
[2022-12-08 17:15:16] [SEVERE ] Key 90 was pressed by player 0
[2022-12-08 17:15:16] [SEVERE ] Key 88 was pressed by player 0
[2022-12-08 17:15:16] [SEVERE ] Key 67 was pressed by player 0
[2022-12-08 17:15:17] [SEVERE ] Key 65 was pressed by player 0
[2022-12-08 17:15:17] [SEVERE ] Key 83 was pressed by player 0
[2022-12-08 17:15:17] [SEVERE ] Key 68 was pressed by player 0
[2022-12-08 17:15:18] [SEVERE ] Key 90 was pressed by player 0
[2022-12-08 17:15:18] [SEVERE ] Key 88 was pressed by player 0
[2022-12-08 17:15:18] [SEVERE ] Key 67 was pressed by player 0
[2022-12-08 17:15:19] [SEVERE ] Key 65 was pressed by player 0
[2022-12-08 17:15:19] [SEVERE ] Key 83 was pressed by player 0
[2022-12-08 17:15:19] [SEVERE ] Key 68 was pressed by player 0
[2022-12-08 17:15:19] [SEVERE ] Key 88 was pressed by player 0
[2022-12-08 17:15:19] [SEVERE ] Key 90 was pressed by player 0
[2022-12-08 17:15:20] [SEVERE ] Key 67 was pressed by player 0
[2022-12-08 17:15:21] [SEVERE ] Key 80 was pressed by player 1
[2022-12-08 17:15:21] [SEVERE ] player 1 placing token on slot 3
[2022-12-08 17:15:21] [SEVERE ] Key 79 was pressed by player 1
[2022-12-08 17:15:21] [SEVERE ] player 1 placing token on slot 2
[2022-12-08 17:15:21] [SEVERE ] Key 73 was pressed by player 1
[2022-12-08 17:15:21] [SEVERE ] player 1 placing token on slot 1
[2022-12-08 17:15:23] [SEVERE ] Key 59 was pressed by player 1
[2022-12-08 17:15:23] [SEVERE ] player 1 placing token on slot 7
[2022-12-08 17:15:23] [SEVERE ] Key 76 was pressed by player 1
[2022-12-08 17:15:23] [SEVERE ] player 1 placing token on slot 6
[2022-12-08 17:15:24] [SEVERE ] Key 75 was pressed by player 1
[2022-12-08 17:15:24] [SEVERE ] player 1 placing token on slot 5
[2022-12-08 17:15:24] [SEVERE ] Key 59 was pressed by player 1
[2022-12-08 17:15:24] [SEVERE ] Key 76 was pressed by player 1
[2022-12-08 17:15:24] [SEVERE ] Key 75 was pressed by player 1
[2022-12-08 17:15:25] [SEVERE ] Key 59 was pressed by player 1
[2022-12-08 17:15:25] [SEVERE ] Key 76 was pressed by player 1
[2022-12-08 17:15:25] [SEVERE ] Key 75 was pressed by player 1
[2022-12-08 17:15:25] [SEVERE ] Key 59 was pressed by player 1
[2022-12-08 17:15:25] [SEVERE ] Key 76 was pressed by player 1
[2022-12-08 17:15:25] [SEVERE ] Key 75 was pressed by player 1
[2022-12-08 17:15:26] [SEVERE ] Key 44 was pressed by player 1
[2022-12-08 17:15:26] [SEVERE ] Key 77 was pressed by player 1
[2022-12-08 17:15:26] [SEVERE ] Key 46 was pressed by player 1
[2022-12-08 17:15:26] [SEVERE ] Key 44 was pressed by player 1
[2022-12-08 17:15:26] [SEVERE ] Key 77 was pressed by player 1
[2022-12-08 17:15:26] [SEVERE ] Key 46 was pressed by player 1
[2022-12-08 17:15:27] [SEVERE ] Key 44 was pressed by player 1
[2022-12-08 17:15:27] [SEVERE ] Key 77 was pressed by player 1
[2022-12-08 17:15:27] [SEVERE ] Key 46 was pressed by player 1
[2022-12-08 17:15:27] [SEVERE ] Key 44 was pressed by player 1
[2022-12-08 17:15:27] [SEVERE ] Key 77 was pressed by player 1
[2022-12-08 17:15:27] [SEVERE ] Key 46 was pressed by player 1
[2022-12-08 17:15:27] [SEVERE ] Key 44 was pressed by player 1
[2022-12-08 17:15:28] [SEVERE ] Key 77 was pressed by player 1
[2022-12-08 17:15:28] [SEVERE ] Key 46 was pressed by player 1
[2022-12-08 17:15:28] [SEVERE ] Key 44 was pressed by player 1
[2022-12-08 17:15:28] [SEVERE ] Key 77 was pressed by player 1
