[2022-12-08 16:56:26] [INFO   ] cannot read configuration file config.properties trying from resources.
[2022-12-08 16:56:26] [INFO   ] configuration file was loaded from resources directory.
[2022-12-08 16:56:27] [SEVERE ] placing card 2 in slot 0
[2022-12-08 16:56:27] [SEVERE ] placing card 14 in slot 1
[2022-12-08 16:56:27] [SEVERE ] placing card 43 in slot 2
[2022-12-08 16:56:27] [SEVERE ] placing card 0 in slot 3
[2022-12-08 16:56:27] [SEVERE ] placing card 64 in slot 4
[2022-12-08 16:56:27] [SEVERE ] placing card 46 in slot 5
[2022-12-08 16:56:27] [SEVERE ] placing card 16 in slot 6
[2022-12-08 16:56:27] [SEVERE ] Key 81 was pressed by player 0
[2022-12-08 16:56:27] [SEVERE ] player 0 placing token on slot 0
[2022-12-08 16:56:27] [SEVERE ] placing card 56 in slot 7
[2022-12-08 16:56:27] [SEVERE ] Key 87 was pressed by player 0
[2022-12-08 16:56:27] [SEVERE ] player 0 placing token on slot 1
[2022-12-08 16:56:27] [SEVERE ] Key 69 was pressed by player 0
[2022-12-08 16:56:27] [SEVERE ] player 0 placing token on slot 2
[2022-12-08 16:56:27] [SEVERE ] placing card 58 in slot 8
[2022-12-08 16:56:28] [SEVERE ] placing card 38 in slot 9
[2022-12-08 16:56:28] [SEVERE ] placing card 74 in slot 10
[2022-12-08 16:56:28] [SEVERE ] Key 65 was pressed by player 0
[2022-12-08 16:56:28] [SEVERE ] Key 83 was pressed by player 0
[2022-12-08 16:56:28] [SEVERE ] placing card 5 in slot 11
[2022-12-08 16:56:28] [SEVERE ] Key 68 was pressed by player 0
[2022-12-08 16:56:28] [SEVERE ] Key 65 was pressed by player 0
[2022-12-08 16:56:28] [SEVERE ] Key 83 was pressed by player 0
[2022-12-08 16:56:28] [SEVERE ] Key 68 was pressed by player 0
[2022-12-08 16:56:28] [SEVERE ] Key 65 was pressed by player 0
[2022-12-08 16:56:28] [SEVERE ] Key 83 was pressed by player 0
[2022-12-08 16:56:28] [SEVERE ] Key 68 was pressed by player 0
[2022-12-08 16:56:29] [SEVERE ] Key 65 was pressed by player 0
[2022-12-08 16:56:29] [SEVERE ] Key 83 was pressed by player 0
[2022-12-08 16:56:29] [SEVERE ] Key 68 was pressed by player 0
[2022-12-08 16:56:29] [SEVERE ] Key 65 was pressed by player 0
[2022-12-08 16:56:29] [SEVERE ] Key 83 was pressed by player 0
[2022-12-08 16:56:29] [SEVERE ] Key 68 was pressed by player 0
[2022-12-08 16:56:29] [SEVERE ] Key 65 was pressed by player 0
[2022-12-08 16:56:29] [SEVERE ] Key 83 was pressed by player 0
[2022-12-08 16:56:29] [SEVERE ] Key 68 was pressed by player 0
[2022-12-08 16:56:29] [SEVERE ] Key 65 was pressed by player 0
[2022-12-08 16:56:30] [SEVERE ] Key 83 was pressed by player 0
[2022-12-08 16:56:30] [SEVERE ] Key 68 was pressed by player 0
[2022-12-08 16:56:30] [SEVERE ] Key 65 was pressed by player 0
[2022-12-08 16:56:30] [SEVERE ] Key 83 was pressed by player 0
[2022-12-08 16:56:30] [SEVERE ] Key 68 was pressed by player 0
[2022-12-08 16:56:30] [SEVERE ] Key 65 was pressed by player 0
[2022-12-08 16:56:30] [SEVERE ] Key 83 was pressed by player 0
[2022-12-08 16:56:30] [SEVERE ] Key 68 was pressed by player 0
[2022-12-08 16:56:30] [SEVERE ] Key 65 was pressed by player 0
[2022-12-08 16:56:30] [SEVERE ] Key 83 was pressed by player 0
[2022-12-08 16:56:30] [SEVERE ] Key 68 was pressed by player 0
[2022-12-08 16:56:31] [SEVERE ] Key 65 was pressed by player 0
[2022-12-08 16:56:31] [SEVERE ] Key 83 was pressed by player 0
[2022-12-08 16:56:31] [SEVERE ] Key 68 was pressed by player 0
[2022-12-08 16:56:31] [SEVERE ] Key 65 was pressed by player 0
[2022-12-08 16:56:31] [SEVERE ] Key 83 was pressed by player 0
[2022-12-08 16:56:31] [SEVERE ] Key 68 was pressed by player 0
