[2022-12-08 13:20:23] [INFO   ] cannot read configuration file config.properties trying from resources.
[2022-12-08 13:20:23] [INFO   ] configuration file was loaded from resources directory.
[2022-12-08 13:20:24] [SEVERE ] placing card 40 in slot 0
[2022-12-08 13:20:24] [SEVERE ] placing card 69 in slot 1
[2022-12-08 13:20:24] [SEVERE ] placing card 26 in slot 2
[2022-12-08 13:20:24] [SEVERE ] placing card 34 in slot 3
[2022-12-08 13:20:24] [SEVERE ] placing card 5 in slot 4
[2022-12-08 13:20:25] [SEVERE ] placing card 30 in slot 5
[2022-12-08 13:20:25] [SEVERE ] placing card 60 in slot 6
[2022-12-08 13:20:25] [SEVERE ] placing card 41 in slot 7
[2022-12-08 13:20:25] [SEVERE ] placing card 9 in slot 8
[2022-12-08 13:20:25] [SEVERE ] placing card 24 in slot 9
[2022-12-08 13:20:25] [SEVERE ] placing card 57 in slot 10
[2022-12-08 13:20:25] [SEVERE ] placing card 67 in slot 11
[2022-12-08 13:20:26] [SEVERE ] Key 81 was pressed by player 0
[2022-12-08 13:20:26] [SEVERE ] player 0 placing token on slot 0
[2022-12-08 13:20:26] [SEVERE ] Key 87 was pressed by player 0
[2022-12-08 13:20:26] [SEVERE ] player 0 placing token on slot 1
[2022-12-08 13:20:26] [SEVERE ] Key 69 was pressed by player 0
[2022-12-08 13:20:26] [SEVERE ] player 0 placing token on slot 2
[2022-12-08 13:20:26] [SEVERE ] player 0 placing token on slot 2
[2022-12-08 13:20:26] [SEVERE ] removing player 0 token from slot 0
[2022-12-08 13:20:26] [SEVERE ] removing player 0 token from slot 1
[2022-12-08 13:20:26] [SEVERE ] removing player 0 token from slot 2
[2022-12-08 13:21:26] [SEVERE ] placing card 56 in slot 0
[2022-12-08 13:21:26] [SEVERE ] placing card 14 in slot 1
[2022-12-08 13:21:26] [SEVERE ] placing card 8 in slot 2
[2022-12-08 13:21:26] [SEVERE ] placing card 55 in slot 3
[2022-12-08 13:21:26] [SEVERE ] placing card 13 in slot 4
[2022-12-08 13:21:26] [SEVERE ] placing card 78 in slot 5
[2022-12-08 13:21:26] [SEVERE ] placing card 6 in slot 6
[2022-12-08 13:21:26] [SEVERE ] placing card 41 in slot 7
[2022-12-08 13:21:26] [SEVERE ] placing card 58 in slot 8
[2022-12-08 13:21:27] [SEVERE ] placing card 61 in slot 9
[2022-12-08 13:21:27] [SEVERE ] placing card 30 in slot 10
[2022-12-08 13:21:27] [SEVERE ] placing card 66 in slot 11
[2022-12-08 13:21:34] [SEVERE ] Key 90 was pressed by player 0
[2022-12-08 13:21:34] [SEVERE ] player 0 placing token on slot 8
[2022-12-08 13:21:34] [SEVERE ] Key 88 was pressed by player 0
[2022-12-08 13:21:34] [SEVERE ] player 0 placing token on slot 9
[2022-12-08 13:21:35] [SEVERE ] Key 82 was pressed by player 0
[2022-12-08 13:21:35] [SEVERE ] player 0 placing token on slot 3
[2022-12-08 13:21:35] [SEVERE ] player 0 placing token on slot 3
[2022-12-08 13:21:35] [SEVERE ] removing player 0 token from slot 8
[2022-12-08 13:21:35] [SEVERE ] removing player 0 token from slot 9
[2022-12-08 13:21:35] [SEVERE ] removing player 0 token from slot 3
[2022-12-08 13:21:35] [SEVERE ] setting player 0 score to 1
[2022-12-08 13:21:37] [SEVERE ] Key 90 was pressed by player 0
[2022-12-08 13:21:37] [SEVERE ] player 0 placing token on slot 8
[2022-12-08 13:21:37] [SEVERE ] Key 88 was pressed by player 0
[2022-12-08 13:21:37] [SEVERE ] player 0 placing token on slot 9
[2022-12-08 13:21:38] [SEVERE ] Key 82 was pressed by player 0
[2022-12-08 13:21:38] [SEVERE ] player 0 placing token on slot 3
[2022-12-08 13:21:38] [SEVERE ] player 0 placing token on slot 3
[2022-12-08 13:21:38] [SEVERE ] removing player 0 token from slot 8
[2022-12-08 13:21:38] [SEVERE ] removing player 0 token from slot 9
[2022-12-08 13:21:38] [SEVERE ] removing player 0 token from slot 3
[2022-12-08 13:21:38] [SEVERE ] setting player 0 score to 2
