[2022-12-08 17:24:58] [INFO   ] cannot read configuration file config.properties trying from resources.
[2022-12-08 17:24:58] [INFO   ] configuration file was loaded from resources directory.
[2022-12-08 17:24:59] [SEVERE ] placing card 51 in slot 0
[2022-12-08 17:24:59] [SEVERE ] placing card 24 in slot 1
[2022-12-08 17:24:59] [SEVERE ] placing card 49 in slot 2
[2022-12-08 17:24:59] [SEVERE ] placing card 3 in slot 3
[2022-12-08 17:24:59] [SEVERE ] placing card 28 in slot 4
[2022-12-08 17:24:59] [SEVERE ] placing card 30 in slot 5
[2022-12-08 17:24:59] [SEVERE ] placing card 8 in slot 6
[2022-12-08 17:24:59] [SEVERE ] placing card 68 in slot 7
[2022-12-08 17:24:59] [SEVERE ] placing card 13 in slot 8
[2022-12-08 17:25:00] [SEVERE ] placing card 29 in slot 9
[2022-12-08 17:25:00] [SEVERE ] placing card 74 in slot 10
[2022-12-08 17:25:00] [SEVERE ] placing card 42 in slot 11
[2022-12-08 17:25:01] [SEVERE ] Key 81 was pressed by player 0
[2022-12-08 17:25:01] [SEVERE ] player 0 placing token on slot 0
[2022-12-08 17:25:01] [SEVERE ] Key 87 was pressed by player 0
[2022-12-08 17:25:01] [SEVERE ] player 0 placing token on slot 1
[2022-12-08 17:25:01] [SEVERE ] Key 69 was pressed by player 0
[2022-12-08 17:25:01] [SEVERE ] player 0 placing token on slot 2
[2022-12-08 17:25:01] [SEVERE ] removing player 0 token from slot 0
[2022-12-08 17:25:01] [SEVERE ] removing player 0 token from slot 1
[2022-12-08 17:25:01] [SEVERE ] removing player 0 token from slot 2
