[2022-12-08 16:10:14] [INFO   ] cannot read configuration file config.properties trying from resources.
[2022-12-08 16:10:14] [INFO   ] configuration file was loaded from resources directory.
[2022-12-08 16:10:15] [SEVERE ] placing card 75 in slot 0
[2022-12-08 16:10:15] [SEVERE ] placing card 26 in slot 1
[2022-12-08 16:10:15] [SEVERE ] placing card 37 in slot 2
[2022-12-08 16:10:15] [SEVERE ] placing card 57 in slot 3
[2022-12-08 16:10:16] [SEVERE ] placing card 43 in slot 4
[2022-12-08 16:10:16] [SEVERE ] placing card 55 in slot 5
[2022-12-08 16:10:16] [SEVERE ] placing card 76 in slot 6
[2022-12-08 16:10:16] [SEVERE ] placing card 3 in slot 7
[2022-12-08 16:10:16] [SEVERE ] placing card 41 in slot 8
[2022-12-08 16:10:16] [SEVERE ] placing card 10 in slot 9
[2022-12-08 16:10:16] [SEVERE ] placing card 58 in slot 10
[2022-12-08 16:10:16] [SEVERE ] placing card 32 in slot 11
[2022-12-08 16:10:18] [SEVERE ] Key 81 was pressed by player 0
[2022-12-08 16:10:18] [SEVERE ] player 0 placing token on slot 0
[2022-12-08 16:10:18] [SEVERE ] Key 87 was pressed by player 0
[2022-12-08 16:10:18] [SEVERE ] player 0 placing token on slot 1
[2022-12-08 16:10:18] [SEVERE ] Key 69 was pressed by player 0
[2022-12-08 16:10:18] [SEVERE ] player 0 placing token on slot 2
[2022-12-08 16:10:18] [SEVERE ] player 0 placing token on slot 2
[2022-12-08 16:10:18] [SEVERE ] removing player 0 token from slot 0
[2022-12-08 16:10:18] [SEVERE ] removing player 0 token from slot 1
[2022-12-08 16:10:18] [SEVERE ] removing player 0 token from slot 2
[2022-12-08 16:10:27] [SEVERE ] Key 81 was pressed by player 0
[2022-12-08 16:10:27] [SEVERE ] player 0 placing token on slot 0
[2022-12-08 16:10:27] [SEVERE ] Key 87 was pressed by player 0
[2022-12-08 16:10:27] [SEVERE ] player 0 placing token on slot 1
[2022-12-08 16:10:27] [SEVERE ] Key 69 was pressed by player 0
[2022-12-08 16:10:27] [SEVERE ] player 0 placing token on slot 2
[2022-12-08 16:10:27] [SEVERE ] player 0 placing token on slot 2
[2022-12-08 16:10:27] [SEVERE ] removing player 0 token from slot 0
[2022-12-08 16:10:27] [SEVERE ] removing player 0 token from slot 1
[2022-12-08 16:10:27] [SEVERE ] removing player 0 token from slot 2
