[2022-12-08 16:45:04] [INFO   ] cannot read configuration file config.properties trying from resources.
[2022-12-08 16:45:04] [INFO   ] configuration file was loaded from resources directory.
[2022-12-08 16:45:05] [SEVERE ] placing card 55 in slot 0
[2022-12-08 16:45:05] [SEVERE ] placing card 76 in slot 1
[2022-12-08 16:45:05] [SEVERE ] placing card 13 in slot 2
[2022-12-08 16:45:05] [SEVERE ] placing card 51 in slot 3
[2022-12-08 16:45:05] [SEVERE ] placing card 78 in slot 4
[2022-12-08 16:45:05] [SEVERE ] placing card 67 in slot 5
[2022-12-08 16:45:05] [SEVERE ] placing card 26 in slot 6
[2022-12-08 16:45:06] [SEVERE ] placing card 9 in slot 7
[2022-12-08 16:45:06] [SEVERE ] placing card 35 in slot 8
[2022-12-08 16:45:06] [SEVERE ] placing card 53 in slot 9
[2022-12-08 16:45:06] [SEVERE ] placing card 74 in slot 10
[2022-12-08 16:45:06] [SEVERE ] Key 81 was pressed by player 0
[2022-12-08 16:45:06] [SEVERE ] player 0 placing token on slot 0
[2022-12-08 16:45:06] [SEVERE ] Key 87 was pressed by player 0
[2022-12-08 16:45:06] [SEVERE ] player 0 placing token on slot 1
[2022-12-08 16:45:06] [SEVERE ] placing card 68 in slot 11
[2022-12-08 16:45:06] [SEVERE ] Key 69 was pressed by player 0
[2022-12-08 16:45:06] [SEVERE ] player 0 placing token on slot 2
[2022-12-08 16:45:07] [SEVERE ] Key 65 was pressed by player 0
[2022-12-08 16:45:07] [SEVERE ] Key 83 was pressed by player 0
[2022-12-08 16:45:07] [SEVERE ] Key 68 was pressed by player 0
[2022-12-08 16:45:08] [SEVERE ] Key 65 was pressed by player 0
[2022-12-08 16:45:08] [SEVERE ] Key 83 was pressed by player 0
[2022-12-08 16:45:08] [SEVERE ] Key 68 was pressed by player 0
[2022-12-08 16:45:08] [SEVERE ] Key 90 was pressed by player 0
[2022-12-08 16:45:08] [SEVERE ] Key 88 was pressed by player 0
[2022-12-08 16:45:08] [SEVERE ] Key 67 was pressed by player 0
[2022-12-08 16:45:09] [SEVERE ] Key 65 was pressed by player 0
[2022-12-08 16:45:09] [SEVERE ] Key 83 was pressed by player 0
[2022-12-08 16:45:09] [SEVERE ] Key 68 was pressed by player 0
[2022-12-08 16:45:09] [SEVERE ] Key 81 was pressed by player 0
[2022-12-08 16:45:10] [SEVERE ] Key 87 was pressed by player 0
[2022-12-08 16:45:10] [SEVERE ] Key 69 was pressed by player 0
[2022-12-08 16:45:10] [SEVERE ] Key 65 was pressed by player 0
[2022-12-08 16:45:10] [SEVERE ] Key 83 was pressed by player 0
[2022-12-08 16:45:10] [SEVERE ] Key 68 was pressed by player 0
[2022-12-08 16:45:10] [SEVERE ] Key 90 was pressed by player 0
[2022-12-08 16:45:10] [SEVERE ] Key 88 was pressed by player 0
[2022-12-08 16:45:11] [SEVERE ] Key 67 was pressed by player 0
[2022-12-08 16:45:11] [SEVERE ] Key 65 was pressed by player 0
[2022-12-08 16:45:11] [SEVERE ] Key 83 was pressed by player 0
[2022-12-08 16:45:11] [SEVERE ] Key 70 was pressed by player 0
[2022-12-08 16:45:11] [SEVERE ] Key 68 was pressed by player 0
[2022-12-08 16:45:11] [SEVERE ] Key 65 was pressed by player 0
[2022-12-08 16:45:11] [SEVERE ] Key 83 was pressed by player 0
[2022-12-08 16:45:11] [SEVERE ] Key 70 was pressed by player 0
[2022-12-08 16:45:12] [SEVERE ] Key 65 was pressed by player 0
[2022-12-08 16:45:12] [SEVERE ] Key 68 was pressed by player 0
[2022-12-08 16:45:12] [SEVERE ] Key 83 was pressed by player 0
[2022-12-08 16:45:12] [SEVERE ] Key 70 was pressed by player 0
[2022-12-08 16:45:12] [SEVERE ] Key 83 was pressed by player 0
[2022-12-08 16:45:12] [SEVERE ] Key 68 was pressed by player 0
[2022-12-08 16:45:12] [SEVERE ] Key 70 was pressed by player 0
[2022-12-08 16:45:12] [SEVERE ] Key 65 was pressed by player 0
[2022-12-08 16:45:12] [SEVERE ] Key 83 was pressed by player 0
[2022-12-08 16:45:12] [SEVERE ] Key 68 was pressed by player 0
[2022-12-08 16:45:12] [SEVERE ] Key 70 was pressed by player 0
[2022-12-08 16:45:12] [SEVERE ] Key 65 was pressed by player 0
[2022-12-08 16:45:13] [SEVERE ] Key 68 was pressed by player 0
[2022-12-08 16:45:13] [SEVERE ] Key 70 was pressed by player 0
[2022-12-08 16:45:13] [SEVERE ] Key 83 was pressed by player 0
[2022-12-08 16:45:13] [SEVERE ] Key 70 was pressed by player 0
