[2022-12-08 11:48:14] [INFO   ] cannot read configuration file config.properties trying from resources.
[2022-12-08 11:48:14] [INFO   ] configuration file was loaded from resources directory.
[2022-12-08 11:48:15] [SEVERE ] placing card 61 in slot 0
[2022-12-08 11:48:15] [SEVERE ] placing card 54 in slot 1
[2022-12-08 11:48:15] [SEVERE ] placing card 46 in slot 2
[2022-12-08 11:48:15] [SEVERE ] placing card 58 in slot 3
[2022-12-08 11:48:15] [SEVERE ] placing card 25 in slot 4
[2022-12-08 11:48:15] [SEVERE ] placing card 69 in slot 5
[2022-12-08 11:48:16] [SEVERE ] placing card 12 in slot 6
[2022-12-08 11:48:16] [SEVERE ] Key 81 was pressed by player 0
[2022-12-08 11:48:16] [SEVERE ] player 0 placing token on slot 0
[2022-12-08 11:48:16] [SEVERE ] placing card 0 in slot 7
[2022-12-08 11:48:16] [SEVERE ] placing card 27 in slot 8
[2022-12-08 11:48:16] [SEVERE ] Key 87 was pressed by player 0
[2022-12-08 11:48:16] [SEVERE ] player 0 placing token on slot 1
[2022-12-08 11:48:16] [SEVERE ] placing card 13 in slot 9
[2022-12-08 11:48:16] [SEVERE ] placing card 64 in slot 10
[2022-12-08 11:48:16] [SEVERE ] placing card 16 in slot 11
[2022-12-08 11:48:16] [SEVERE ] Key 69 was pressed by player 0
[2022-12-08 11:48:16] [SEVERE ] player 0 placing token on slot 2
[2022-12-08 11:48:17] [SEVERE ] Key 65 was pressed by player 0
[2022-12-08 11:48:17] [SEVERE ] player 0 placing token on slot 4
[2022-12-08 11:48:17] [SEVERE ] Key 83 was pressed by player 0
[2022-12-08 11:48:17] [SEVERE ] player 0 placing token on slot 5
[2022-12-08 11:48:17] [SEVERE ] Key 68 was pressed by player 0
[2022-12-08 11:48:17] [SEVERE ] player 0 placing token on slot 6
[2022-12-08 11:48:17] [SEVERE ] Key 90 was pressed by player 0
[2022-12-08 11:48:17] [SEVERE ] player 0 placing token on slot 8
[2022-12-08 11:48:18] [SEVERE ] Key 88 was pressed by player 0
[2022-12-08 11:48:18] [SEVERE ] player 0 placing token on slot 9
[2022-12-08 11:48:18] [SEVERE ] Key 67 was pressed by player 0
[2022-12-08 11:48:18] [SEVERE ] player 0 placing token on slot 10
[2022-12-08 11:48:19] [SEVERE ] Key 82 was pressed by player 0
[2022-12-08 11:48:19] [SEVERE ] player 0 placing token on slot 3
[2022-12-08 11:48:19] [SEVERE ] Key 86 was pressed by player 0
[2022-12-08 11:48:19] [SEVERE ] player 0 placing token on slot 11
[2022-12-08 11:48:19] [SEVERE ] Key 70 was pressed by player 0
[2022-12-08 11:48:19] [SEVERE ] player 0 placing token on slot 7
