[2022-12-08 12:29:23] [INFO   ] cannot read configuration file config.properties trying from resources.
[2022-12-08 12:29:23] [INFO   ] configuration file was loaded from resources directory.
[2022-12-08 12:29:24] [SEVERE ] placing card 18 in slot 0
[2022-12-08 12:29:24] [SEVERE ] placing card 79 in slot 1
[2022-12-08 12:29:24] [SEVERE ] placing card 6 in slot 2
[2022-12-08 12:29:24] [SEVERE ] placing card 75 in slot 3
[2022-12-08 12:29:24] [SEVERE ] placing card 11 in slot 4
[2022-12-08 12:29:24] [SEVERE ] placing card 12 in slot 5
[2022-12-08 12:29:25] [SEVERE ] placing card 33 in slot 6
[2022-12-08 12:29:25] [SEVERE ] placing card 15 in slot 7
[2022-12-08 12:29:25] [SEVERE ] placing card 29 in slot 8
[2022-12-08 12:29:25] [SEVERE ] placing card 63 in slot 9
[2022-12-08 12:29:25] [SEVERE ] placing card 31 in slot 10
[2022-12-08 12:29:25] [SEVERE ] placing card 19 in slot 11
[2022-12-08 12:29:34] [SEVERE ] Key 90 was pressed by player 0
[2022-12-08 12:29:34] [SEVERE ] player 0 placing token on slot 8
[2022-12-08 12:29:34] [SEVERE ] Key 88 was pressed by player 0
[2022-12-08 12:29:34] [SEVERE ] player 0 placing token on slot 9
[2022-12-08 12:29:35] [SEVERE ] Key 86 was pressed by player 0
[2022-12-08 12:29:35] [SEVERE ] player 0 placing token on slot 11
[2022-12-08 12:29:35] [SEVERE ] removing player 0 token from slot 8
[2022-12-08 12:29:35] [SEVERE ] removing player 0 token from slot 9
[2022-12-08 12:29:35] [SEVERE ] removing player 0 token from slot 11
[2022-12-08 12:29:35] [SEVERE ] setting player 0 score to 1
[2022-12-08 12:29:40] [SEVERE ] Key 90 was pressed by player 0
[2022-12-08 12:29:40] [SEVERE ] player 0 placing token on slot 8
[2022-12-08 12:29:40] [SEVERE ] Key 88 was pressed by player 0
[2022-12-08 12:29:40] [SEVERE ] player 0 placing token on slot 9
[2022-12-08 12:29:43] [SEVERE ] Key 86 was pressed by player 0
[2022-12-08 12:29:43] [SEVERE ] player 0 placing token on slot 11
[2022-12-08 12:29:43] [SEVERE ] removing player 0 token from slot 8
[2022-12-08 12:29:43] [SEVERE ] removing player 0 token from slot 9
[2022-12-08 12:29:43] [SEVERE ] removing player 0 token from slot 11
[2022-12-08 12:29:43] [SEVERE ] setting player 0 score to 2
[2022-12-08 12:30:03] [SEVERE ] Key 65 was pressed by player 0
[2022-12-08 12:30:03] [SEVERE ] player 0 placing token on slot 4
[2022-12-08 12:30:03] [SEVERE ] Key 83 was pressed by player 0
[2022-12-08 12:30:03] [SEVERE ] player 0 placing token on slot 5
[2022-12-08 12:30:07] [SEVERE ] Key 68 was pressed by player 0
[2022-12-08 12:30:07] [SEVERE ] player 0 placing token on slot 6
[2022-12-08 12:30:07] [SEVERE ] removing player 0 token from slot 4
[2022-12-08 12:30:07] [SEVERE ] removing player 0 token from slot 5
[2022-12-08 12:30:07] [SEVERE ] removing player 0 token from slot 6
[2022-12-08 12:30:26] [SEVERE ] placing card 2 in slot 0
[2022-12-08 12:30:26] [SEVERE ] placing card 80 in slot 1
[2022-12-08 12:30:26] [SEVERE ] placing card 9 in slot 2
[2022-12-08 12:30:26] [SEVERE ] placing card 76 in slot 3
[2022-12-08 12:30:26] [SEVERE ] placing card 31 in slot 4
[2022-12-08 12:30:26] [SEVERE ] placing card 79 in slot 5
[2022-12-08 12:30:26] [SEVERE ] placing card 34 in slot 6
[2022-12-08 12:30:26] [SEVERE ] placing card 33 in slot 7
[2022-12-08 12:30:26] [SEVERE ] placing card 14 in slot 8
[2022-12-08 12:30:27] [SEVERE ] placing card 23 in slot 9
[2022-12-08 12:30:27] [SEVERE ] placing card 37 in slot 10
[2022-12-08 12:30:27] [SEVERE ] placing card 40 in slot 11
[2022-12-08 12:30:50] [SEVERE ] Key 90 was pressed by player 0
[2022-12-08 12:30:50] [SEVERE ] player 0 placing token on slot 8
[2022-12-08 12:30:50] [SEVERE ] Key 70 was pressed by player 0
[2022-12-08 12:30:50] [SEVERE ] player 0 placing token on slot 7
[2022-12-08 12:30:52] [SEVERE ] Key 82 was pressed by player 0
[2022-12-08 12:30:52] [SEVERE ] player 0 placing token on slot 3
[2022-12-08 12:30:52] [SEVERE ] removing player 0 token from slot 8
[2022-12-08 12:30:52] [SEVERE ] removing player 0 token from slot 7
[2022-12-08 12:30:52] [SEVERE ] removing player 0 token from slot 3
