[2022-12-08 12:11:48] [INFO   ] cannot read configuration file config.properties trying from resources.
[2022-12-08 12:11:48] [INFO   ] configuration file was loaded from resources directory.
[2022-12-08 12:11:49] [SEVERE ] placing card 2 in slot 0
[2022-12-08 12:11:49] [SEVERE ] placing card 62 in slot 1
[2022-12-08 12:11:49] [SEVERE ] placing card 44 in slot 2
[2022-12-08 12:11:49] [SEVERE ] placing card 23 in slot 3
[2022-12-08 12:11:49] [SEVERE ] placing card 66 in slot 4
[2022-12-08 12:11:49] [SEVERE ] placing card 51 in slot 5
[2022-12-08 12:11:49] [SEVERE ] placing card 6 in slot 6
[2022-12-08 12:11:49] [SEVERE ] placing card 4 in slot 7
[2022-12-08 12:11:49] [SEVERE ] placing card 78 in slot 8
[2022-12-08 12:11:49] [SEVERE ] placing card 20 in slot 9
[2022-12-08 12:11:50] [SEVERE ] placing card 74 in slot 10
[2022-12-08 12:11:50] [SEVERE ] placing card 47 in slot 11
[2022-12-08 12:12:10] [SEVERE ] Key 88 was pressed by player 0
[2022-12-08 12:12:10] [SEVERE ] player 0 placing token on slot 9
[2022-12-08 12:12:10] [SEVERE ] Key 67 was pressed by player 0
[2022-12-08 12:12:10] [SEVERE ] player 0 placing token on slot 10
[2022-12-08 12:12:11] [SEVERE ] Key 86 was pressed by player 0
[2022-12-08 12:12:11] [SEVERE ] player 0 placing token on slot 11
[2022-12-08 12:12:11] [SEVERE ] removing player 0 token from slot 9
[2022-12-08 12:12:11] [SEVERE ] removing player 0 token from slot 10
[2022-12-08 12:12:11] [SEVERE ] removing player 0 token from slot 11
[2022-12-08 12:12:11] [SEVERE ] setting player 0 score to 1
[2022-12-08 12:12:13] [SEVERE ] Key 88 was pressed by player 0
[2022-12-08 12:12:13] [SEVERE ] player 0 placing token on slot 9
[2022-12-08 12:12:13] [SEVERE ] Key 67 was pressed by player 0
[2022-12-08 12:12:13] [SEVERE ] player 0 placing token on slot 10
[2022-12-08 12:12:13] [SEVERE ] Key 86 was pressed by player 0
[2022-12-08 12:12:13] [SEVERE ] player 0 placing token on slot 11
[2022-12-08 12:12:13] [SEVERE ] removing player 0 token from slot 9
[2022-12-08 12:12:13] [SEVERE ] removing player 0 token from slot 10
[2022-12-08 12:12:13] [SEVERE ] removing player 0 token from slot 11
[2022-12-08 12:12:13] [SEVERE ] setting player 0 score to 2
[2022-12-08 12:12:15] [SEVERE ] Key 88 was pressed by player 0
[2022-12-08 12:12:15] [SEVERE ] player 0 placing token on slot 9
[2022-12-08 12:12:15] [SEVERE ] Key 67 was pressed by player 0
[2022-12-08 12:12:15] [SEVERE ] player 0 placing token on slot 10
[2022-12-08 12:12:15] [SEVERE ] Key 86 was pressed by player 0
[2022-12-08 12:12:15] [SEVERE ] player 0 placing token on slot 11
[2022-12-08 12:12:15] [SEVERE ] removing player 0 token from slot 9
[2022-12-08 12:12:15] [SEVERE ] removing player 0 token from slot 10
[2022-12-08 12:12:15] [SEVERE ] removing player 0 token from slot 11
[2022-12-08 12:12:15] [SEVERE ] setting player 0 score to 3
[2022-12-08 12:12:16] [SEVERE ] Key 88 was pressed by player 0
[2022-12-08 12:12:16] [SEVERE ] player 0 placing token on slot 9
[2022-12-08 12:12:16] [SEVERE ] Key 67 was pressed by player 0
[2022-12-08 12:12:16] [SEVERE ] player 0 placing token on slot 10
[2022-12-08 12:12:16] [SEVERE ] Key 86 was pressed by player 0
[2022-12-08 12:12:16] [SEVERE ] player 0 placing token on slot 11
[2022-12-08 12:12:16] [SEVERE ] removing player 0 token from slot 9
[2022-12-08 12:12:16] [SEVERE ] removing player 0 token from slot 10
[2022-12-08 12:12:16] [SEVERE ] removing player 0 token from slot 11
[2022-12-08 12:12:16] [SEVERE ] setting player 0 score to 4
[2022-12-08 12:12:18] [SEVERE ] Key 88 was pressed by player 0
[2022-12-08 12:12:18] [SEVERE ] player 0 placing token on slot 9
[2022-12-08 12:12:18] [SEVERE ] Key 67 was pressed by player 0
[2022-12-08 12:12:18] [SEVERE ] player 0 placing token on slot 10
[2022-12-08 12:12:18] [SEVERE ] Key 86 was pressed by player 0
[2022-12-08 12:12:18] [SEVERE ] player 0 placing token on slot 11
[2022-12-08 12:12:18] [SEVERE ] removing player 0 token from slot 9
[2022-12-08 12:12:18] [SEVERE ] removing player 0 token from slot 10
[2022-12-08 12:12:18] [SEVERE ] removing player 0 token from slot 11
[2022-12-08 12:12:18] [SEVERE ] setting player 0 score to 5
[2022-12-08 12:12:19] [SEVERE ] Key 88 was pressed by player 0
[2022-12-08 12:12:19] [SEVERE ] player 0 placing token on slot 9
[2022-12-08 12:12:19] [SEVERE ] Key 67 was pressed by player 0
[2022-12-08 12:12:19] [SEVERE ] player 0 placing token on slot 10
[2022-12-08 12:12:19] [SEVERE ] Key 86 was pressed by player 0
[2022-12-08 12:12:19] [SEVERE ] player 0 placing token on slot 11
[2022-12-08 12:12:19] [SEVERE ] removing player 0 token from slot 9
[2022-12-08 12:12:19] [SEVERE ] removing player 0 token from slot 10
[2022-12-08 12:12:19] [SEVERE ] removing player 0 token from slot 11
[2022-12-08 12:12:19] [SEVERE ] setting player 0 score to 6
[2022-12-08 12:12:21] [SEVERE ] Key 86 was pressed by player 0
[2022-12-08 12:12:21] [SEVERE ] player 0 placing token on slot 11
[2022-12-08 12:12:21] [SEVERE ] Key 67 was pressed by player 0
[2022-12-08 12:12:21] [SEVERE ] player 0 placing token on slot 10
[2022-12-08 12:12:22] [SEVERE ] Key 88 was pressed by player 0
[2022-12-08 12:12:22] [SEVERE ] player 0 placing token on slot 9
[2022-12-08 12:12:22] [SEVERE ] removing player 0 token from slot 11
[2022-12-08 12:12:22] [SEVERE ] removing player 0 token from slot 10
[2022-12-08 12:12:22] [SEVERE ] removing player 0 token from slot 9
[2022-12-08 12:12:22] [SEVERE ] setting player 0 score to 7
[2022-12-08 12:12:23] [SEVERE ] Key 86 was pressed by player 0
[2022-12-08 12:12:23] [SEVERE ] player 0 placing token on slot 11
[2022-12-08 12:12:23] [SEVERE ] Key 67 was pressed by player 0
[2022-12-08 12:12:23] [SEVERE ] player 0 placing token on slot 10
[2022-12-08 12:12:24] [SEVERE ] Key 88 was pressed by player 0
[2022-12-08 12:12:24] [SEVERE ] player 0 placing token on slot 9
[2022-12-08 12:12:24] [SEVERE ] removing player 0 token from slot 11
[2022-12-08 12:12:24] [SEVERE ] removing player 0 token from slot 10
[2022-12-08 12:12:24] [SEVERE ] removing player 0 token from slot 9
[2022-12-08 12:12:24] [SEVERE ] setting player 0 score to 8
[2022-12-08 12:12:26] [SEVERE ] Key 88 was pressed by player 0
[2022-12-08 12:12:26] [SEVERE ] player 0 placing token on slot 9
[2022-12-08 12:12:26] [SEVERE ] Key 67 was pressed by player 0
[2022-12-08 12:12:26] [SEVERE ] player 0 placing token on slot 10
[2022-12-08 12:12:26] [SEVERE ] Key 86 was pressed by player 0
[2022-12-08 12:12:26] [SEVERE ] player 0 placing token on slot 11
[2022-12-08 12:12:26] [SEVERE ] removing player 0 token from slot 9
[2022-12-08 12:12:26] [SEVERE ] removing player 0 token from slot 10
[2022-12-08 12:12:26] [SEVERE ] removing player 0 token from slot 11
[2022-12-08 12:12:26] [SEVERE ] setting player 0 score to 9
[2022-12-08 12:12:50] [SEVERE ] placing card 52 in slot 0
[2022-12-08 12:12:50] [SEVERE ] placing card 31 in slot 1
[2022-12-08 12:12:50] [SEVERE ] placing card 38 in slot 2
[2022-12-08 12:12:50] [SEVERE ] placing card 17 in slot 3
[2022-12-08 12:12:51] [SEVERE ] placing card 80 in slot 4
[2022-12-08 12:12:51] [SEVERE ] placing card 56 in slot 5
[2022-12-08 12:12:51] [SEVERE ] placing card 19 in slot 6
[2022-12-08 12:12:51] [SEVERE ] placing card 33 in slot 7
[2022-12-08 12:12:51] [SEVERE ] placing card 14 in slot 8
[2022-12-08 12:12:51] [SEVERE ] placing card 6 in slot 9
[2022-12-08 12:12:51] [SEVERE ] placing card 65 in slot 10
[2022-12-08 12:12:51] [SEVERE ] placing card 3 in slot 11
