[2022-12-08 12:14:26] [INFO   ] cannot read configuration file config.properties trying from resources.
[2022-12-08 12:14:26] [INFO   ] configuration file was loaded from resources directory.
[2022-12-08 12:14:26] [SEVERE ] placing card 23 in slot 0
[2022-12-08 12:14:26] [SEVERE ] placing card 6 in slot 1
[2022-12-08 12:14:27] [SEVERE ] placing card 34 in slot 2
[2022-12-08 12:14:27] [SEVERE ] placing card 68 in slot 3
[2022-12-08 12:14:27] [SEVERE ] placing card 44 in slot 4
[2022-12-08 12:14:27] [SEVERE ] placing card 20 in slot 5
[2022-12-08 12:14:27] [SEVERE ] placing card 19 in slot 6
[2022-12-08 12:14:27] [SEVERE ] placing card 3 in slot 7
[2022-12-08 12:14:27] [SEVERE ] placing card 43 in slot 8
[2022-12-08 12:14:27] [SEVERE ] placing card 70 in slot 9
[2022-12-08 12:14:27] [SEVERE ] placing card 75 in slot 10
[2022-12-08 12:14:28] [SEVERE ] placing card 50 in slot 11
[2022-12-08 12:14:30] [SEVERE ] Key 81 was pressed by player 0
[2022-12-08 12:14:30] [SEVERE ] player 0 placing token on slot 0
[2022-12-08 12:14:30] [SEVERE ] Key 87 was pressed by player 0
[2022-12-08 12:14:30] [SEVERE ] player 0 placing token on slot 1
[2022-12-08 12:14:31] [SEVERE ] Key 69 was pressed by player 0
[2022-12-08 12:14:31] [SEVERE ] player 0 placing token on slot 2
[2022-12-08 12:14:31] [SEVERE ] removing player 0 token from slot 0
[2022-12-08 12:14:31] [SEVERE ] removing player 0 token from slot 1
[2022-12-08 12:14:31] [SEVERE ] removing player 0 token from slot 2
[2022-12-08 12:14:36] [SEVERE ] Key 81 was pressed by player 0
[2022-12-08 12:14:36] [SEVERE ] player 0 placing token on slot 0
[2022-12-08 12:14:36] [SEVERE ] Key 87 was pressed by player 0
[2022-12-08 12:14:36] [SEVERE ] player 0 placing token on slot 1
[2022-12-08 12:14:36] [SEVERE ] Key 69 was pressed by player 0
[2022-12-08 12:14:36] [SEVERE ] player 0 placing token on slot 2
[2022-12-08 12:14:36] [SEVERE ] removing player 0 token from slot 0
[2022-12-08 12:14:36] [SEVERE ] removing player 0 token from slot 1
[2022-12-08 12:14:36] [SEVERE ] removing player 0 token from slot 2
[2022-12-08 12:14:39] [SEVERE ] Key 65 was pressed by player 0
[2022-12-08 12:14:39] [SEVERE ] player 0 placing token on slot 4
[2022-12-08 12:14:39] [SEVERE ] Key 83 was pressed by player 0
[2022-12-08 12:14:39] [SEVERE ] player 0 placing token on slot 5
[2022-12-08 12:14:39] [SEVERE ] Key 68 was pressed by player 0
[2022-12-08 12:14:39] [SEVERE ] player 0 placing token on slot 6
[2022-12-08 12:14:39] [SEVERE ] removing player 0 token from slot 4
[2022-12-08 12:14:39] [SEVERE ] removing player 0 token from slot 5
[2022-12-08 12:14:39] [SEVERE ] removing player 0 token from slot 6
[2022-12-08 12:14:44] [SEVERE ] Key 65 was pressed by player 0
[2022-12-08 12:14:44] [SEVERE ] player 0 placing token on slot 4
[2022-12-08 12:14:44] [SEVERE ] Key 83 was pressed by player 0
[2022-12-08 12:14:44] [SEVERE ] player 0 placing token on slot 5
[2022-12-08 12:14:44] [SEVERE ] Key 68 was pressed by player 0
[2022-12-08 12:14:44] [SEVERE ] player 0 placing token on slot 6
[2022-12-08 12:14:44] [SEVERE ] removing player 0 token from slot 4
[2022-12-08 12:14:44] [SEVERE ] removing player 0 token from slot 5
[2022-12-08 12:14:44] [SEVERE ] removing player 0 token from slot 6
[2022-12-08 12:14:47] [SEVERE ] Key 81 was pressed by player 0
[2022-12-08 12:14:47] [SEVERE ] player 0 placing token on slot 0
[2022-12-08 12:14:47] [SEVERE ] Key 87 was pressed by player 0
[2022-12-08 12:14:47] [SEVERE ] player 0 placing token on slot 1
[2022-12-08 12:14:47] [SEVERE ] Key 69 was pressed by player 0
[2022-12-08 12:14:47] [SEVERE ] player 0 placing token on slot 2
[2022-12-08 12:14:47] [SEVERE ] removing player 0 token from slot 0
[2022-12-08 12:14:47] [SEVERE ] removing player 0 token from slot 1
[2022-12-08 12:14:47] [SEVERE ] removing player 0 token from slot 2
[2022-12-08 12:14:50] [SEVERE ] Key 90 was pressed by player 0
[2022-12-08 12:14:50] [SEVERE ] player 0 placing token on slot 8
[2022-12-08 12:14:50] [SEVERE ] Key 88 was pressed by player 0
[2022-12-08 12:14:50] [SEVERE ] player 0 placing token on slot 9
[2022-12-08 12:14:50] [SEVERE ] Key 67 was pressed by player 0
[2022-12-08 12:14:50] [SEVERE ] player 0 placing token on slot 10
[2022-12-08 12:14:50] [SEVERE ] removing player 0 token from slot 8
[2022-12-08 12:14:50] [SEVERE ] removing player 0 token from slot 9
[2022-12-08 12:14:50] [SEVERE ] removing player 0 token from slot 10
[2022-12-08 12:14:53] [SEVERE ] Key 81 was pressed by player 0
[2022-12-08 12:14:53] [SEVERE ] player 0 placing token on slot 0
[2022-12-08 12:14:53] [SEVERE ] Key 87 was pressed by player 0
[2022-12-08 12:14:53] [SEVERE ] player 0 placing token on slot 1
[2022-12-08 12:14:53] [SEVERE ] Key 69 was pressed by player 0
[2022-12-08 12:14:53] [SEVERE ] player 0 placing token on slot 2
[2022-12-08 12:14:53] [SEVERE ] removing player 0 token from slot 0
[2022-12-08 12:14:53] [SEVERE ] removing player 0 token from slot 1
[2022-12-08 12:14:53] [SEVERE ] removing player 0 token from slot 2
[2022-12-08 12:15:28] [SEVERE ] placing card 76 in slot 0
[2022-12-08 12:15:28] [SEVERE ] placing card 16 in slot 1
[2022-12-08 12:15:28] [SEVERE ] placing card 71 in slot 2
[2022-12-08 12:15:28] [SEVERE ] placing card 31 in slot 3
[2022-12-08 12:15:28] [SEVERE ] placing card 36 in slot 4
[2022-12-08 12:15:28] [SEVERE ] placing card 51 in slot 5
[2022-12-08 12:15:29] [SEVERE ] placing card 32 in slot 6
[2022-12-08 12:15:29] [SEVERE ] placing card 66 in slot 7
[2022-12-08 12:15:29] [SEVERE ] placing card 9 in slot 8
[2022-12-08 12:15:29] [SEVERE ] placing card 68 in slot 9
[2022-12-08 12:15:29] [SEVERE ] placing card 3 in slot 10
[2022-12-08 12:15:29] [SEVERE ] placing card 41 in slot 11
[2022-12-08 12:16:30] [SEVERE ] placing card 29 in slot 0
[2022-12-08 12:16:30] [SEVERE ] placing card 39 in slot 1
[2022-12-08 12:16:30] [SEVERE ] placing card 35 in slot 2
[2022-12-08 12:16:30] [SEVERE ] placing card 50 in slot 3
[2022-12-08 12:16:30] [SEVERE ] placing card 32 in slot 4
[2022-12-08 12:16:30] [SEVERE ] placing card 17 in slot 5
[2022-12-08 12:16:30] [SEVERE ] placing card 42 in slot 6
[2022-12-08 12:16:30] [SEVERE ] placing card 60 in slot 7
[2022-12-08 12:16:30] [SEVERE ] placing card 80 in slot 8
[2022-12-08 12:16:30] [SEVERE ] placing card 14 in slot 9
[2022-12-08 12:16:31] [SEVERE ] placing card 34 in slot 10
[2022-12-08 12:16:31] [SEVERE ] placing card 38 in slot 11
[2022-12-08 12:17:31] [SEVERE ] placing card 30 in slot 0
[2022-12-08 12:17:31] [SEVERE ] placing card 35 in slot 1
[2022-12-08 12:17:31] [SEVERE ] placing card 3 in slot 2
[2022-12-08 12:17:31] [SEVERE ] placing card 20 in slot 3
[2022-12-08 12:17:32] [SEVERE ] placing card 50 in slot 4
[2022-12-08 12:17:32] [SEVERE ] placing card 55 in slot 5
[2022-12-08 12:17:32] [SEVERE ] placing card 11 in slot 6
[2022-12-08 12:17:32] [SEVERE ] placing card 42 in slot 7
[2022-12-08 12:17:32] [SEVERE ] placing card 8 in slot 8
[2022-12-08 12:17:32] [SEVERE ] placing card 16 in slot 9
[2022-12-08 12:17:32] [SEVERE ] placing card 49 in slot 10
[2022-12-08 12:17:32] [SEVERE ] placing card 73 in slot 11
[2022-12-08 12:18:33] [SEVERE ] placing card 53 in slot 0
[2022-12-08 12:18:33] [SEVERE ] placing card 28 in slot 1
[2022-12-08 12:18:33] [SEVERE ] placing card 69 in slot 2
[2022-12-08 12:18:33] [SEVERE ] placing card 78 in slot 3
[2022-12-08 12:18:33] [SEVERE ] placing card 62 in slot 4
[2022-12-08 12:18:33] [SEVERE ] placing card 67 in slot 5
[2022-12-08 12:18:33] [SEVERE ] placing card 50 in slot 6
[2022-12-08 12:18:33] [SEVERE ] placing card 45 in slot 7
[2022-12-08 12:18:34] [SEVERE ] placing card 55 in slot 8
[2022-12-08 12:18:34] [SEVERE ] placing card 43 in slot 9
[2022-12-08 12:18:34] [SEVERE ] placing card 19 in slot 10
[2022-12-08 12:18:34] [SEVERE ] placing card 6 in slot 11
[2022-12-08 12:19:34] [SEVERE ] placing card 63 in slot 0
[2022-12-08 12:19:34] [SEVERE ] placing card 36 in slot 1
[2022-12-08 12:19:34] [SEVERE ] placing card 16 in slot 2
[2022-12-08 12:19:35] [SEVERE ] placing card 53 in slot 3
[2022-12-08 12:19:35] [SEVERE ] placing card 38 in slot 4
[2022-12-08 12:19:35] [SEVERE ] placing card 18 in slot 5
[2022-12-08 12:19:35] [SEVERE ] placing card 52 in slot 6
[2022-12-08 12:19:35] [SEVERE ] placing card 72 in slot 7
[2022-12-08 12:19:35] [SEVERE ] placing card 50 in slot 8
[2022-12-08 12:19:35] [SEVERE ] placing card 66 in slot 9
[2022-12-08 12:19:35] [SEVERE ] placing card 79 in slot 10
[2022-12-08 12:19:35] [SEVERE ] placing card 44 in slot 11
[2022-12-08 12:20:36] [SEVERE ] placing card 56 in slot 0
[2022-12-08 12:20:36] [SEVERE ] placing card 7 in slot 1
[2022-12-08 12:20:36] [SEVERE ] placing card 22 in slot 2
[2022-12-08 12:20:36] [SEVERE ] placing card 57 in slot 3
[2022-12-08 12:20:36] [SEVERE ] placing card 4 in slot 4
[2022-12-08 12:20:36] [SEVERE ] placing card 77 in slot 5
[2022-12-08 12:20:36] [SEVERE ] placing card 61 in slot 6
[2022-12-08 12:20:37] [SEVERE ] placing card 20 in slot 7
[2022-12-08 12:20:37] [SEVERE ] placing card 21 in slot 8
[2022-12-08 12:20:37] [SEVERE ] placing card 71 in slot 9
[2022-12-08 12:20:37] [SEVERE ] placing card 48 in slot 10
[2022-12-08 12:20:37] [SEVERE ] placing card 16 in slot 11
[2022-12-08 12:21:37] [SEVERE ] placing card 51 in slot 0
[2022-12-08 12:21:38] [SEVERE ] placing card 80 in slot 1
[2022-12-08 12:21:38] [SEVERE ] placing card 46 in slot 2
[2022-12-08 12:21:38] [SEVERE ] placing card 4 in slot 3
[2022-12-08 12:21:38] [SEVERE ] placing card 9 in slot 4
[2022-12-08 12:21:38] [SEVERE ] placing card 74 in slot 5
[2022-12-08 12:21:38] [SEVERE ] placing card 24 in slot 6
[2022-12-08 12:21:38] [SEVERE ] placing card 22 in slot 7
[2022-12-08 12:21:38] [SEVERE ] placing card 64 in slot 8
[2022-12-08 12:21:38] [SEVERE ] placing card 0 in slot 9
[2022-12-08 12:21:38] [SEVERE ] placing card 56 in slot 10
[2022-12-08 12:21:39] [SEVERE ] placing card 50 in slot 11
[2022-12-08 12:22:39] [SEVERE ] placing card 55 in slot 0
[2022-12-08 12:22:39] [SEVERE ] placing card 72 in slot 1
[2022-12-08 12:22:39] [SEVERE ] placing card 66 in slot 2
[2022-12-08 12:22:40] [SEVERE ] placing card 43 in slot 3
[2022-12-08 12:22:40] [SEVERE ] placing card 52 in slot 4
[2022-12-08 12:22:40] [SEVERE ] placing card 1 in slot 5
[2022-12-08 12:22:40] [SEVERE ] placing card 8 in slot 6
[2022-12-08 12:22:40] [SEVERE ] placing card 32 in slot 7
[2022-12-08 12:22:40] [SEVERE ] placing card 39 in slot 8
[2022-12-08 12:22:40] [SEVERE ] placing card 75 in slot 9
[2022-12-08 12:22:40] [SEVERE ] placing card 26 in slot 10
[2022-12-08 12:22:40] [SEVERE ] placing card 21 in slot 11
[2022-12-08 12:23:42] [SEVERE ] placing card 72 in slot 0
[2022-12-08 12:23:42] [SEVERE ] placing card 51 in slot 1
[2022-12-08 12:23:42] [SEVERE ] placing card 25 in slot 2
[2022-12-08 12:23:42] [SEVERE ] placing card 21 in slot 3
[2022-12-08 12:23:42] [SEVERE ] placing card 37 in slot 4
[2022-12-08 12:23:42] [SEVERE ] placing card 67 in slot 5
[2022-12-08 12:23:42] [SEVERE ] placing card 75 in slot 6
[2022-12-08 12:23:43] [SEVERE ] placing card 1 in slot 7
[2022-12-08 12:23:43] [SEVERE ] placing card 8 in slot 8
[2022-12-08 12:23:43] [SEVERE ] placing card 58 in slot 9
[2022-12-08 12:23:43] [SEVERE ] placing card 31 in slot 10
[2022-12-08 12:23:43] [SEVERE ] placing card 61 in slot 11
[2022-12-08 12:24:44] [SEVERE ] placing card 62 in slot 0
[2022-12-08 12:24:44] [SEVERE ] placing card 79 in slot 1
[2022-12-08 12:24:45] [SEVERE ] placing card 34 in slot 2
[2022-12-08 12:24:45] [SEVERE ] placing card 74 in slot 3
[2022-12-08 12:24:45] [SEVERE ] placing card 43 in slot 4
[2022-12-08 12:24:45] [SEVERE ] placing card 32 in slot 5
[2022-12-08 12:24:45] [SEVERE ] placing card 0 in slot 6
[2022-12-08 12:24:45] [SEVERE ] placing card 30 in slot 7
[2022-12-08 12:24:45] [SEVERE ] placing card 38 in slot 8
[2022-12-08 12:24:45] [SEVERE ] placing card 4 in slot 9
[2022-12-08 12:24:45] [SEVERE ] placing card 3 in slot 10
[2022-12-08 12:24:45] [SEVERE ] placing card 15 in slot 11
[2022-12-08 12:25:47] [SEVERE ] placing card 35 in slot 0
[2022-12-08 12:25:47] [SEVERE ] placing card 16 in slot 1
[2022-12-08 12:25:47] [SEVERE ] placing card 36 in slot 2
[2022-12-08 12:25:47] [SEVERE ] placing card 45 in slot 3
[2022-12-08 12:25:47] [SEVERE ] placing card 20 in slot 4
[2022-12-08 12:25:47] [SEVERE ] placing card 42 in slot 5
[2022-12-08 12:25:48] [SEVERE ] placing card 10 in slot 6
[2022-12-08 12:25:48] [SEVERE ] placing card 53 in slot 7
[2022-12-08 12:25:48] [SEVERE ] placing card 26 in slot 8
[2022-12-08 12:25:48] [SEVERE ] placing card 13 in slot 9
[2022-12-08 12:25:48] [SEVERE ] placing card 75 in slot 10
[2022-12-08 12:25:48] [SEVERE ] placing card 80 in slot 11
[2022-12-08 12:26:49] [SEVERE ] placing card 4 in slot 0
[2022-12-08 12:26:50] [SEVERE ] placing card 28 in slot 1
[2022-12-08 12:26:50] [SEVERE ] placing card 33 in slot 2
[2022-12-08 12:26:50] [SEVERE ] placing card 25 in slot 3
[2022-12-08 12:26:50] [SEVERE ] placing card 39 in slot 4
[2022-12-08 12:26:50] [SEVERE ] placing card 23 in slot 5
[2022-12-08 12:26:50] [SEVERE ] placing card 44 in slot 6
[2022-12-08 12:26:50] [SEVERE ] placing card 6 in slot 7
[2022-12-08 12:26:50] [SEVERE ] placing card 61 in slot 8
[2022-12-08 12:26:50] [SEVERE ] placing card 3 in slot 9
[2022-12-08 12:26:50] [SEVERE ] placing card 38 in slot 10
[2022-12-08 12:26:51] [SEVERE ] placing card 69 in slot 11
[2022-12-08 12:27:54] [SEVERE ] placing card 24 in slot 0
[2022-12-08 12:27:54] [SEVERE ] placing card 54 in slot 1
[2022-12-08 12:27:54] [SEVERE ] placing card 74 in slot 2
[2022-12-08 12:27:54] [SEVERE ] placing card 12 in slot 3
[2022-12-08 12:27:55] [SEVERE ] placing card 71 in slot 4
[2022-12-08 12:27:55] [SEVERE ] placing card 26 in slot 5
[2022-12-08 12:27:55] [SEVERE ] placing card 30 in slot 6
[2022-12-08 12:27:55] [SEVERE ] placing card 36 in slot 7
[2022-12-08 12:27:55] [SEVERE ] placing card 3 in slot 8
[2022-12-08 12:27:55] [SEVERE ] placing card 51 in slot 9
[2022-12-08 12:27:55] [SEVERE ] placing card 22 in slot 10
[2022-12-08 12:27:55] [SEVERE ] placing card 63 in slot 11
[2022-12-08 12:28:56] [SEVERE ] placing card 28 in slot 0
[2022-12-08 12:28:56] [SEVERE ] placing card 44 in slot 1
[2022-12-08 12:28:56] [SEVERE ] placing card 62 in slot 2
[2022-12-08 12:28:56] [SEVERE ] placing card 35 in slot 3
[2022-12-08 12:28:56] [SEVERE ] placing card 32 in slot 4
[2022-12-08 12:28:56] [SEVERE ] placing card 41 in slot 5
[2022-12-08 12:28:56] [SEVERE ] placing card 68 in slot 6
[2022-12-08 12:28:56] [SEVERE ] placing card 4 in slot 7
[2022-12-08 12:28:57] [SEVERE ] placing card 1 in slot 8
[2022-12-08 12:28:57] [SEVERE ] placing card 0 in slot 9
[2022-12-08 12:28:57] [SEVERE ] placing card 55 in slot 10
[2022-12-08 12:28:57] [SEVERE ] placing card 69 in slot 11
