[2022-12-08 17:22:51] [INFO   ] cannot read configuration file config.properties trying from resources.
[2022-12-08 17:22:51] [INFO   ] configuration file was loaded from resources directory.
[2022-12-08 17:22:52] [SEVERE ] placing card 35 in slot 0
[2022-12-08 17:22:52] [SEVERE ] placing card 34 in slot 1
[2022-12-08 17:22:52] [SEVERE ] placing card 28 in slot 2
[2022-12-08 17:22:52] [SEVERE ] placing card 21 in slot 3
[2022-12-08 17:22:53] [SEVERE ] placing card 8 in slot 4
[2022-12-08 17:22:53] [SEVERE ] placing card 79 in slot 5
[2022-12-08 17:22:53] [SEVERE ] placing card 2 in slot 6
[2022-12-08 17:22:53] [SEVERE ] placing card 17 in slot 7
[2022-12-08 17:22:53] [SEVERE ] placing card 42 in slot 8
[2022-12-08 17:22:53] [SEVERE ] placing card 31 in slot 9
[2022-12-08 17:22:53] [SEVERE ] placing card 49 in slot 10
[2022-12-08 17:22:53] [SEVERE ] placing card 3 in slot 11
[2022-12-08 17:22:54] [SEVERE ] Key 81 was pressed by player 0
[2022-12-08 17:22:54] [SEVERE ] player 0 placing token on slot 0
[2022-12-08 17:22:54] [SEVERE ] Key 87 was pressed by player 0
[2022-12-08 17:22:54] [SEVERE ] player 0 placing token on slot 1
[2022-12-08 17:22:54] [SEVERE ] Key 69 was pressed by player 0
[2022-12-08 17:22:54] [SEVERE ] player 0 placing token on slot 2
[2022-12-08 17:22:54] [SEVERE ] removing player 0 token from slot 0
[2022-12-08 17:22:54] [SEVERE ] removing player 0 token from slot 1
[2022-12-08 17:22:54] [SEVERE ] removing player 0 token from slot 2
[2022-12-08 17:22:57] [SEVERE ] Key 65 was pressed by player 0
[2022-12-08 17:22:57] [SEVERE ] player 0 placing token on slot 4
[2022-12-08 17:22:58] [SEVERE ] Key 83 was pressed by player 0
[2022-12-08 17:22:58] [SEVERE ] player 0 placing token on slot 5
[2022-12-08 17:22:58] [SEVERE ] Key 68 was pressed by player 0
[2022-12-08 17:22:58] [SEVERE ] player 0 placing token on slot 6
[2022-12-08 17:22:59] [SEVERE ] Key 90 was pressed by player 0
[2022-12-08 17:22:59] [SEVERE ] Key 88 was pressed by player 0
[2022-12-08 17:22:59] [SEVERE ] Key 67 was pressed by player 0
[2022-12-08 17:23:00] [SEVERE ] Key 65 was pressed by player 0
[2022-12-08 17:23:00] [SEVERE ] Key 83 was pressed by player 0
[2022-12-08 17:23:00] [SEVERE ] Key 68 was pressed by player 0
[2022-12-08 17:23:00] [SEVERE ] Key 87 was pressed by player 0
[2022-12-08 17:23:00] [SEVERE ] Key 69 was pressed by player 0
[2022-12-08 17:23:00] [SEVERE ] Key 81 was pressed by player 0
[2022-12-08 17:23:01] [SEVERE ] Key 81 was pressed by player 0
[2022-12-08 17:23:01] [SEVERE ] Key 87 was pressed by player 0
[2022-12-08 17:23:01] [SEVERE ] Key 69 was pressed by player 0
