[2022-12-08 17:14:02] [INFO   ] cannot read configuration file config.properties trying from resources.
[2022-12-08 17:14:02] [INFO   ] configuration file was loaded from resources directory.
[2022-12-08 17:14:03] [SEVERE ] placing card 26 in slot 0
[2022-12-08 17:14:03] [SEVERE ] placing card 44 in slot 1
[2022-12-08 17:14:04] [SEVERE ] placing card 54 in slot 2
[2022-12-08 17:14:04] [SEVERE ] placing card 30 in slot 3
[2022-12-08 17:14:04] [SEVERE ] placing card 59 in slot 4
[2022-12-08 17:14:04] [SEVERE ] placing card 2 in slot 5
[2022-12-08 17:14:04] [SEVERE ] placing card 7 in slot 6
[2022-12-08 17:14:04] [SEVERE ] placing card 43 in slot 7
[2022-12-08 17:14:04] [SEVERE ] Key 81 was pressed by player 0
[2022-12-08 17:14:04] [SEVERE ] player 0 placing token on slot 0
[2022-12-08 17:14:04] [SEVERE ] Key 87 was pressed by player 0
[2022-12-08 17:14:04] [SEVERE ] player 0 placing token on slot 1
[2022-12-08 17:14:04] [SEVERE ] placing card 64 in slot 8
[2022-12-08 17:14:04] [SEVERE ] Key 69 was pressed by player 0
[2022-12-08 17:14:04] [SEVERE ] player 0 placing token on slot 2
[2022-12-08 17:14:04] [SEVERE ] placing card 35 in slot 9
[2022-12-08 17:14:04] [SEVERE ] placing card 32 in slot 10
[2022-12-08 17:14:04] [SEVERE ] placing card 13 in slot 11
[2022-12-08 17:14:06] [SEVERE ] Key 69 was pressed by player 0
[2022-12-08 17:14:06] [SEVERE ] player 0 placing token on slot 2
[2022-12-08 17:14:06] [SEVERE ] Key 65 was pressed by player 0
[2022-12-08 17:14:06] [SEVERE ] player 0 placing token on slot 4
[2022-12-08 17:14:06] [SEVERE ] Key 83 was pressed by player 0
[2022-12-08 17:14:06] [SEVERE ] player 0 placing token on slot 5
[2022-12-08 17:14:06] [SEVERE ] Key 68 was pressed by player 0
[2022-12-08 17:14:07] [SEVERE ] Key 90 was pressed by player 0
[2022-12-08 17:14:07] [SEVERE ] Key 88 was pressed by player 0
[2022-12-08 17:14:07] [SEVERE ] Key 67 was pressed by player 0
[2022-12-08 17:14:08] [SEVERE ] Key 83 was pressed by player 0
[2022-12-08 17:14:08] [SEVERE ] Key 65 was pressed by player 0
[2022-12-08 17:14:08] [SEVERE ] Key 68 was pressed by player 0
[2022-12-08 17:14:08] [SEVERE ] Key 90 was pressed by player 0
[2022-12-08 17:14:08] [SEVERE ] Key 88 was pressed by player 0
[2022-12-08 17:14:08] [SEVERE ] Key 67 was pressed by player 0
[2022-12-08 17:14:09] [SEVERE ] Key 90 was pressed by player 0
[2022-12-08 17:14:09] [SEVERE ] Key 88 was pressed by player 0
[2022-12-08 17:14:09] [SEVERE ] Key 67 was pressed by player 0
[2022-12-08 17:14:09] [SEVERE ] Key 90 was pressed by player 0
[2022-12-08 17:14:09] [SEVERE ] Key 88 was pressed by player 0
[2022-12-08 17:14:09] [SEVERE ] Key 67 was pressed by player 0
[2022-12-08 17:14:09] [SEVERE ] Key 90 was pressed by player 0
[2022-12-08 17:14:10] [SEVERE ] Key 88 was pressed by player 0
[2022-12-08 17:14:10] [SEVERE ] Key 67 was pressed by player 0
[2022-12-08 17:14:10] [SEVERE ] Key 90 was pressed by player 0
[2022-12-08 17:14:10] [SEVERE ] Key 88 was pressed by player 0
[2022-12-08 17:14:10] [SEVERE ] Key 67 was pressed by player 0
[2022-12-08 17:14:10] [SEVERE ] Key 90 was pressed by player 0
[2022-12-08 17:14:10] [SEVERE ] Key 88 was pressed by player 0
[2022-12-08 17:14:10] [SEVERE ] Key 67 was pressed by player 0
[2022-12-08 17:14:11] [SEVERE ] Key 90 was pressed by player 0
[2022-12-08 17:14:11] [SEVERE ] Key 88 was pressed by player 0
[2022-12-08 17:14:11] [SEVERE ] Key 67 was pressed by player 0
[2022-12-08 17:14:11] [SEVERE ] Key 90 was pressed by player 0
[2022-12-08 17:14:11] [SEVERE ] Key 88 was pressed by player 0
[2022-12-08 17:14:11] [SEVERE ] Key 67 was pressed by player 0
[2022-12-08 17:14:11] [SEVERE ] Key 90 was pressed by player 0
[2022-12-08 17:14:11] [SEVERE ] Key 88 was pressed by player 0
[2022-12-08 17:14:12] [SEVERE ] Key 67 was pressed by player 0
[2022-12-08 17:14:12] [SEVERE ] Key 90 was pressed by player 0
[2022-12-08 17:14:12] [SEVERE ] Key 88 was pressed by player 0
[2022-12-08 17:14:12] [SEVERE ] Key 67 was pressed by player 0
[2022-12-08 17:14:12] [SEVERE ] Key 90 was pressed by player 0
[2022-12-08 17:14:12] [SEVERE ] Key 88 was pressed by player 0
[2022-12-08 17:14:12] [SEVERE ] Key 67 was pressed by player 0
[2022-12-08 17:14:13] [SEVERE ] Key 90 was pressed by player 0
[2022-12-08 17:14:13] [SEVERE ] Key 88 was pressed by player 0
[2022-12-08 17:14:13] [SEVERE ] Key 67 was pressed by player 0
