[2022-12-08 12:08:25] [INFO   ] cannot read configuration file config.properties trying from resources.
[2022-12-08 12:08:25] [INFO   ] configuration file was loaded from resources directory.
[2022-12-08 12:08:26] [SEVERE ] placing card 29 in slot 0
[2022-12-08 12:08:26] [SEVERE ] placing card 80 in slot 1
[2022-12-08 12:08:26] [SEVERE ] placing card 34 in slot 2
[2022-12-08 12:08:26] [SEVERE ] placing card 47 in slot 3
[2022-12-08 12:08:26] [SEVERE ] placing card 35 in slot 4
[2022-12-08 12:08:26] [SEVERE ] placing card 77 in slot 5
[2022-12-08 12:08:26] [SEVERE ] placing card 64 in slot 6
[2022-12-08 12:08:27] [SEVERE ] placing card 36 in slot 7
[2022-12-08 12:08:27] [SEVERE ] placing card 16 in slot 8
[2022-12-08 12:08:27] [SEVERE ] placing card 46 in slot 9
[2022-12-08 12:08:27] [SEVERE ] placing card 74 in slot 10
[2022-12-08 12:08:27] [SEVERE ] placing card 20 in slot 11
[2022-12-08 12:08:34] [SEVERE ] Key 87 was pressed by player 0
[2022-12-08 12:08:34] [SEVERE ] player 0 placing token on slot 1
[2022-12-08 12:08:34] [SEVERE ] Key 83 was pressed by player 0
[2022-12-08 12:08:34] [SEVERE ] player 0 placing token on slot 5
[2022-12-08 12:08:37] [SEVERE ] Key 67 was pressed by player 0
[2022-12-08 12:08:37] [SEVERE ] player 0 placing token on slot 10
[2022-12-08 12:08:37] [SEVERE ] removing player 0 token from slot 1
[2022-12-08 12:08:37] [SEVERE ] removing player 0 token from slot 5
[2022-12-08 12:08:37] [SEVERE ] removing player 0 token from slot 10
[2022-12-08 12:08:37] [SEVERE ] setting player 0 score to 1
[2022-12-08 12:08:52] [SEVERE ] Key 87 was pressed by player 0
[2022-12-08 12:08:52] [SEVERE ] player 0 placing token on slot 1
[2022-12-08 12:08:52] [SEVERE ] Key 83 was pressed by player 0
[2022-12-08 12:08:52] [SEVERE ] player 0 placing token on slot 5
[2022-12-08 12:08:52] [SEVERE ] Key 67 was pressed by player 0
[2022-12-08 12:08:52] [SEVERE ] player 0 placing token on slot 10
[2022-12-08 12:08:52] [SEVERE ] removing player 0 token from slot 1
[2022-12-08 12:08:52] [SEVERE ] removing player 0 token from slot 5
[2022-12-08 12:08:52] [SEVERE ] removing player 0 token from slot 10
[2022-12-08 12:08:52] [SEVERE ] setting player 0 score to 2
[2022-12-08 12:09:27] [SEVERE ] placing card 69 in slot 0
[2022-12-08 12:09:27] [SEVERE ] placing card 33 in slot 1
[2022-12-08 12:09:28] [SEVERE ] placing card 70 in slot 2
[2022-12-08 12:09:28] [SEVERE ] placing card 43 in slot 3
[2022-12-08 12:09:28] [SEVERE ] placing card 80 in slot 4
[2022-12-08 12:09:28] [SEVERE ] placing card 57 in slot 5
[2022-12-08 12:09:28] [SEVERE ] placing card 16 in slot 6
[2022-12-08 12:09:28] [SEVERE ] placing card 3 in slot 7
[2022-12-08 12:09:28] [SEVERE ] placing card 39 in slot 8
[2022-12-08 12:09:28] [SEVERE ] placing card 78 in slot 9
[2022-12-08 12:09:28] [SEVERE ] placing card 72 in slot 10
[2022-12-08 12:09:28] [SEVERE ] placing card 53 in slot 11
