[2022-12-08 17:20:00] [INFO   ] cannot read configuration file config.properties trying from resources.
[2022-12-08 17:20:00] [INFO   ] configuration file was loaded from resources directory.
[2022-12-08 17:20:01] [SEVERE ] placing card 35 in slot 0
[2022-12-08 17:20:01] [SEVERE ] placing card 32 in slot 1
[2022-12-08 17:20:01] [SEVERE ] placing card 75 in slot 2
[2022-12-08 17:20:02] [SEVERE ] placing card 50 in slot 3
[2022-12-08 17:20:02] [SEVERE ] placing card 14 in slot 4
[2022-12-08 17:20:02] [SEVERE ] placing card 57 in slot 5
[2022-12-08 17:20:02] [SEVERE ] placing card 11 in slot 6
[2022-12-08 17:20:02] [SEVERE ] Key 81 was pressed by player 0
[2022-12-08 17:20:02] [SEVERE ] player 0 placing token on slot 0
[2022-12-08 17:20:02] [SEVERE ] placing card 69 in slot 7
[2022-12-08 17:20:02] [SEVERE ] Key 87 was pressed by player 0
[2022-12-08 17:20:02] [SEVERE ] player 0 placing token on slot 1
[2022-12-08 17:20:02] [SEVERE ] placing card 7 in slot 8
[2022-12-08 17:20:02] [SEVERE ] Key 69 was pressed by player 0
[2022-12-08 17:20:02] [SEVERE ] player 0 placing token on slot 2
[2022-12-08 17:20:02] [SEVERE ] placing card 26 in slot 9
[2022-12-08 17:20:02] [SEVERE ] placing card 37 in slot 10
[2022-12-08 17:20:02] [SEVERE ] placing card 55 in slot 11
[2022-12-08 17:20:03] [SEVERE ] removing player 0 token from slot 0
[2022-12-08 17:20:03] [SEVERE ] removing player 0 token from slot 1
[2022-12-08 17:20:03] [SEVERE ] removing player 0 token from slot 2
[2022-12-08 17:20:10] [SEVERE ] Key 65 was pressed by player 0
[2022-12-08 17:20:10] [SEVERE ] player 0 placing token on slot 4
[2022-12-08 17:20:11] [SEVERE ] Key 83 was pressed by player 0
[2022-12-08 17:20:11] [SEVERE ] player 0 placing token on slot 5
[2022-12-08 17:20:11] [SEVERE ] Key 68 was pressed by player 0
[2022-12-08 17:20:11] [SEVERE ] player 0 placing token on slot 6
[2022-12-08 17:20:18] [SEVERE ] Key 90 was pressed by player 0
[2022-12-08 17:20:18] [SEVERE ] Key 88 was pressed by player 0
[2022-12-08 17:20:18] [SEVERE ] Key 67 was pressed by player 0
[2022-12-08 17:20:18] [SEVERE ] Key 90 was pressed by player 0
[2022-12-08 17:20:19] [SEVERE ] Key 88 was pressed by player 0
[2022-12-08 17:20:19] [SEVERE ] Key 67 was pressed by player 0
[2022-12-08 17:20:20] [SEVERE ] Key 81 was pressed by player 0
[2022-12-08 17:20:20] [SEVERE ] Key 87 was pressed by player 0
[2022-12-08 17:20:20] [SEVERE ] Key 69 was pressed by player 0
