[2022-12-08 17:01:07] [INFO   ] cannot read configuration file config.properties trying from resources.
[2022-12-08 17:01:07] [INFO   ] configuration file was loaded from resources directory.
[2022-12-08 17:01:08] [SEVERE ] placing card 49 in slot 0
[2022-12-08 17:01:08] [SEVERE ] placing card 58 in slot 1
[2022-12-08 17:01:08] [SEVERE ] placing card 65 in slot 2
[2022-12-08 17:01:08] [SEVERE ] placing card 45 in slot 3
[2022-12-08 17:01:08] [SEVERE ] placing card 27 in slot 4
[2022-12-08 17:01:08] [SEVERE ] placing card 57 in slot 5
[2022-12-08 17:01:08] [SEVERE ] placing card 32 in slot 6
[2022-12-08 17:01:09] [SEVERE ] placing card 68 in slot 7
[2022-12-08 17:01:09] [SEVERE ] placing card 10 in slot 8
[2022-12-08 17:01:09] [SEVERE ] placing card 56 in slot 9
[2022-12-08 17:01:09] [SEVERE ] placing card 44 in slot 10
[2022-12-08 17:01:09] [SEVERE ] placing card 9 in slot 11
[2022-12-08 17:01:10] [SEVERE ] Key 81 was pressed by player 0
[2022-12-08 17:01:10] [SEVERE ] player 0 placing token on slot 0
[2022-12-08 17:01:10] [SEVERE ] Key 87 was pressed by player 0
[2022-12-08 17:01:10] [SEVERE ] player 0 placing token on slot 1
[2022-12-08 17:01:10] [SEVERE ] Key 69 was pressed by player 0
[2022-12-08 17:01:10] [SEVERE ] player 0 placing token on slot 2
[2022-12-08 17:01:13] [SEVERE ] Key 81 was pressed by player 0
[2022-12-08 17:01:13] [SEVERE ] Key 87 was pressed by player 0
[2022-12-08 17:01:13] [SEVERE ] Key 69 was pressed by player 0
[2022-12-08 17:01:13] [SEVERE ] Key 65 was pressed by player 0
[2022-12-08 17:01:13] [SEVERE ] Key 83 was pressed by player 0
[2022-12-08 17:01:13] [SEVERE ] Key 68 was pressed by player 0
[2022-12-08 17:01:14] [SEVERE ] Key 46 was pressed by player 1
[2022-12-08 17:01:14] [SEVERE ] player 1 placing token on slot 10
[2022-12-08 17:01:14] [SEVERE ] Key 44 was pressed by player 1
[2022-12-08 17:01:14] [SEVERE ] player 1 placing token on slot 9
[2022-12-08 17:01:14] [SEVERE ] Key 77 was pressed by player 1
[2022-12-08 17:01:14] [SEVERE ] player 1 placing token on slot 8
[2022-12-08 17:02:09] [SEVERE ] placing card 49 in slot 0
[2022-12-08 17:02:09] [SEVERE ] placing card 58 in slot 1
[2022-12-08 17:02:10] [SEVERE ] placing card 65 in slot 2
[2022-12-08 17:02:10] [SEVERE ] placing card 45 in slot 3
[2022-12-08 17:02:10] [SEVERE ] placing card 27 in slot 4
[2022-12-08 17:02:10] [SEVERE ] placing card 57 in slot 5
[2022-12-08 17:02:10] [SEVERE ] placing card 32 in slot 6
[2022-12-08 17:02:10] [SEVERE ] placing card 68 in slot 7
[2022-12-08 17:02:10] [SEVERE ] placing card 10 in slot 8
[2022-12-08 17:02:10] [SEVERE ] placing card 56 in slot 9
[2022-12-08 17:02:10] [SEVERE ] placing card 44 in slot 10
[2022-12-08 17:02:10] [SEVERE ] placing card 9 in slot 11
[2022-12-08 17:03:11] [SEVERE ] placing card 30 in slot 0
[2022-12-08 17:03:11] [SEVERE ] placing card 20 in slot 1
[2022-12-08 17:03:11] [SEVERE ] placing card 46 in slot 2
[2022-12-08 17:03:11] [SEVERE ] placing card 70 in slot 3
[2022-12-08 17:03:11] [SEVERE ] placing card 10 in slot 4
[2022-12-08 17:03:11] [SEVERE ] placing card 32 in slot 5
[2022-12-08 17:03:11] [SEVERE ] placing card 78 in slot 6
[2022-12-08 17:03:12] [SEVERE ] placing card 53 in slot 7
[2022-12-08 17:03:12] [SEVERE ] placing card 5 in slot 8
[2022-12-08 17:03:12] [SEVERE ] placing card 6 in slot 9
[2022-12-08 17:03:12] [SEVERE ] placing card 58 in slot 10
[2022-12-08 17:03:12] [SEVERE ] placing card 11 in slot 11
