[2022-12-08 13:23:52] [INFO   ] cannot read configuration file config.properties trying from resources.
[2022-12-08 13:23:52] [INFO   ] configuration file was loaded from resources directory.
[2022-12-08 13:23:53] [SEVERE ] placing card 55 in slot 0
[2022-12-08 13:23:53] [SEVERE ] placing card 36 in slot 1
[2022-12-08 13:23:53] [SEVERE ] placing card 44 in slot 2
[2022-12-08 13:23:53] [SEVERE ] placing card 68 in slot 3
[2022-12-08 13:23:53] [SEVERE ] placing card 71 in slot 4
[2022-12-08 13:23:53] [SEVERE ] placing card 27 in slot 5
[2022-12-08 13:23:54] [SEVERE ] placing card 50 in slot 6
[2022-12-08 13:23:54] [SEVERE ] Key 81 was pressed by player 0
[2022-12-08 13:23:54] [SEVERE ] player 0 placing token on slot 0
[2022-12-08 13:23:54] [SEVERE ] placing card 24 in slot 7
[2022-12-08 13:23:54] [SEVERE ] placing card 3 in slot 8
[2022-12-08 13:23:54] [SEVERE ] placing card 47 in slot 9
[2022-12-08 13:23:54] [SEVERE ] placing card 20 in slot 10
[2022-12-08 13:23:54] [SEVERE ] placing card 21 in slot 11
[2022-12-08 13:23:55] [SEVERE ] Key 87 was pressed by player 0
[2022-12-08 13:23:55] [SEVERE ] player 0 placing token on slot 1
[2022-12-08 13:23:56] [SEVERE ] Key 69 was pressed by player 0
[2022-12-08 13:23:56] [SEVERE ] player 0 placing token on slot 2
[2022-12-08 13:23:56] [SEVERE ] player 0 placing token on slot 2
[2022-12-08 13:23:56] [SEVERE ] removing player 0 token from slot 0
[2022-12-08 13:23:56] [SEVERE ] removing player 0 token from slot 1
[2022-12-08 13:23:56] [SEVERE ] removing player 0 token from slot 2
