[2022-12-08 11:52:34] [INFO   ] cannot read configuration file config.properties trying from resources.
[2022-12-08 11:52:34] [INFO   ] configuration file was loaded from resources directory.
[2022-12-08 11:52:35] [SEVERE ] placing card 45 in slot 0
[2022-12-08 11:52:35] [SEVERE ] placing card 28 in slot 1
[2022-12-08 11:52:35] [SEVERE ] placing card 25 in slot 2
[2022-12-08 11:52:36] [SEVERE ] placing card 14 in slot 3
[2022-12-08 11:52:36] [SEVERE ] placing card 61 in slot 4
[2022-12-08 11:52:36] [SEVERE ] placing card 6 in slot 5
[2022-12-08 11:52:36] [SEVERE ] placing card 66 in slot 6
[2022-12-08 11:52:36] [SEVERE ] placing card 69 in slot 7
[2022-12-08 11:52:36] [SEVERE ] placing card 57 in slot 8
[2022-12-08 11:52:36] [SEVERE ] Key 81 was pressed by player 0
[2022-12-08 11:52:36] [SEVERE ] player 0 placing token on slot 0
[2022-12-08 11:52:36] [SEVERE ] Key 87 was pressed by player 0
[2022-12-08 11:52:36] [SEVERE ] player 0 placing token on slot 1
[2022-12-08 11:52:36] [SEVERE ] placing card 18 in slot 9
[2022-12-08 11:52:36] [SEVERE ] Key 69 was pressed by player 0
[2022-12-08 11:52:36] [SEVERE ] player 0 placing token on slot 2
[2022-12-08 11:52:36] [SEVERE ] removing player 0 token from slot 0
[2022-12-08 11:52:36] [SEVERE ] removing player 0 token from slot 1
[2022-12-08 11:52:36] [SEVERE ] removing player 0 token from slot 2
[2022-12-08 11:52:36] [SEVERE ] placing card 46 in slot 10
[2022-12-08 11:52:36] [SEVERE ] placing card 56 in slot 11
[2022-12-08 11:52:37] [SEVERE ] Key 81 was pressed by player 0
[2022-12-08 11:52:37] [SEVERE ] player 0 placing token on slot 0
[2022-12-08 11:52:37] [SEVERE ] Key 87 was pressed by player 0
[2022-12-08 11:52:37] [SEVERE ] player 0 placing token on slot 1
[2022-12-08 11:52:37] [SEVERE ] Key 69 was pressed by player 0
[2022-12-08 11:52:37] [SEVERE ] player 0 placing token on slot 2
[2022-12-08 11:52:37] [SEVERE ] removing player 0 token from slot 0
[2022-12-08 11:52:37] [SEVERE ] removing player 0 token from slot 1
[2022-12-08 11:52:37] [SEVERE ] removing player 0 token from slot 2
[2022-12-08 11:52:38] [SEVERE ] Key 81 was pressed by player 0
[2022-12-08 11:52:38] [SEVERE ] player 0 placing token on slot 0
[2022-12-08 11:52:38] [SEVERE ] Key 87 was pressed by player 0
[2022-12-08 11:52:38] [SEVERE ] player 0 placing token on slot 1
[2022-12-08 11:52:38] [SEVERE ] Key 69 was pressed by player 0
[2022-12-08 11:52:38] [SEVERE ] player 0 placing token on slot 2
[2022-12-08 11:52:38] [SEVERE ] removing player 0 token from slot 0
[2022-12-08 11:52:38] [SEVERE ] removing player 0 token from slot 1
[2022-12-08 11:52:38] [SEVERE ] removing player 0 token from slot 2
[2022-12-08 11:52:38] [SEVERE ] Key 81 was pressed by player 0
[2022-12-08 11:52:38] [SEVERE ] player 0 placing token on slot 0
[2022-12-08 11:52:38] [SEVERE ] Key 87 was pressed by player 0
[2022-12-08 11:52:38] [SEVERE ] player 0 placing token on slot 1
[2022-12-08 11:52:38] [SEVERE ] Key 69 was pressed by player 0
[2022-12-08 11:52:38] [SEVERE ] player 0 placing token on slot 2
[2022-12-08 11:52:38] [SEVERE ] removing player 0 token from slot 0
[2022-12-08 11:52:38] [SEVERE ] removing player 0 token from slot 1
[2022-12-08 11:52:38] [SEVERE ] removing player 0 token from slot 2
[2022-12-08 11:52:39] [SEVERE ] Key 81 was pressed by player 0
[2022-12-08 11:52:39] [SEVERE ] player 0 placing token on slot 0
[2022-12-08 11:52:39] [SEVERE ] Key 87 was pressed by player 0
[2022-12-08 11:52:39] [SEVERE ] player 0 placing token on slot 1
[2022-12-08 11:52:39] [SEVERE ] Key 69 was pressed by player 0
[2022-12-08 11:52:39] [SEVERE ] player 0 placing token on slot 2
[2022-12-08 11:52:39] [SEVERE ] removing player 0 token from slot 0
[2022-12-08 11:52:39] [SEVERE ] removing player 0 token from slot 1
[2022-12-08 11:52:39] [SEVERE ] removing player 0 token from slot 2
[2022-12-08 11:52:39] [SEVERE ] Key 81 was pressed by player 0
[2022-12-08 11:52:39] [SEVERE ] player 0 placing token on slot 0
[2022-12-08 11:52:39] [SEVERE ] Key 87 was pressed by player 0
[2022-12-08 11:52:39] [SEVERE ] player 0 placing token on slot 1
[2022-12-08 11:52:39] [SEVERE ] Key 69 was pressed by player 0
[2022-12-08 11:52:39] [SEVERE ] player 0 placing token on slot 2
[2022-12-08 11:52:39] [SEVERE ] removing player 0 token from slot 0
[2022-12-08 11:52:39] [SEVERE ] removing player 0 token from slot 1
[2022-12-08 11:52:39] [SEVERE ] removing player 0 token from slot 2
[2022-12-08 11:52:40] [SEVERE ] Key 81 was pressed by player 0
[2022-12-08 11:52:40] [SEVERE ] player 0 placing token on slot 0
[2022-12-08 11:52:40] [SEVERE ] Key 87 was pressed by player 0
[2022-12-08 11:52:40] [SEVERE ] player 0 placing token on slot 1
[2022-12-08 11:52:40] [SEVERE ] Key 69 was pressed by player 0
[2022-12-08 11:52:40] [SEVERE ] player 0 placing token on slot 2
[2022-12-08 11:52:40] [SEVERE ] removing player 0 token from slot 0
[2022-12-08 11:52:40] [SEVERE ] removing player 0 token from slot 1
[2022-12-08 11:52:40] [SEVERE ] removing player 0 token from slot 2
