[2022-12-08 11:58:46] [INFO   ] cannot read configuration file config.properties trying from resources.
[2022-12-08 11:58:46] [INFO   ] configuration file was loaded from resources directory.
[2022-12-08 11:58:47] [SEVERE ] placing card 65 in slot 0
[2022-12-08 11:58:47] [SEVERE ] placing card 66 in slot 1
[2022-12-08 11:58:47] [SEVERE ] placing card 46 in slot 2
[2022-12-08 11:58:47] [SEVERE ] placing card 25 in slot 3
[2022-12-08 11:58:47] [SEVERE ] placing card 10 in slot 4
[2022-12-08 11:58:47] [SEVERE ] placing card 71 in slot 5
[2022-12-08 11:58:47] [SEVERE ] placing card 58 in slot 6
[2022-12-08 11:58:48] [SEVERE ] placing card 26 in slot 7
[2022-12-08 11:58:48] [SEVERE ] placing card 36 in slot 8
[2022-12-08 11:58:48] [SEVERE ] placing card 3 in slot 9
[2022-12-08 11:58:48] [SEVERE ] placing card 62 in slot 10
[2022-12-08 11:58:48] [SEVERE ] placing card 48 in slot 11
[2022-12-08 11:58:54] [SEVERE ] Key 88 was pressed by player 0
[2022-12-08 11:58:54] [SEVERE ] player 0 placing token on slot 9
[2022-12-08 11:58:55] [SEVERE ] Key 86 was pressed by player 0
[2022-12-08 11:58:55] [SEVERE ] player 0 placing token on slot 11
[2022-12-08 11:58:56] [SEVERE ] Key 87 was pressed by player 0
[2022-12-08 11:58:56] [SEVERE ] player 0 placing token on slot 1
[2022-12-08 11:58:56] [SEVERE ] removing player 0 token from slot 9
[2022-12-08 11:58:56] [SEVERE ] removing player 0 token from slot 11
[2022-12-08 11:58:56] [SEVERE ] removing player 0 token from slot 1
[2022-12-08 11:58:56] [SEVERE ] setting player 0 score to 1
[2022-12-08 11:58:57] [SEVERE ] Key 88 was pressed by player 0
[2022-12-08 11:58:57] [SEVERE ] player 0 placing token on slot 9
[2022-12-08 11:58:58] [SEVERE ] Key 67 was pressed by player 0
[2022-12-08 11:58:58] [SEVERE ] player 0 placing token on slot 10
[2022-12-08 11:58:58] [SEVERE ] Key 87 was pressed by player 0
[2022-12-08 11:58:58] [SEVERE ] player 0 placing token on slot 1
[2022-12-08 11:58:58] [SEVERE ] removing player 0 token from slot 9
[2022-12-08 11:58:58] [SEVERE ] removing player 0 token from slot 10
[2022-12-08 11:58:58] [SEVERE ] removing player 0 token from slot 1
[2022-12-08 11:58:59] [SEVERE ] Key 88 was pressed by player 0
[2022-12-08 11:58:59] [SEVERE ] player 0 placing token on slot 9
[2022-12-08 11:58:59] [SEVERE ] Key 67 was pressed by player 0
[2022-12-08 11:58:59] [SEVERE ] player 0 placing token on slot 10
[2022-12-08 11:58:59] [SEVERE ] Key 87 was pressed by player 0
[2022-12-08 11:58:59] [SEVERE ] player 0 placing token on slot 1
[2022-12-08 11:58:59] [SEVERE ] removing player 0 token from slot 9
[2022-12-08 11:58:59] [SEVERE ] removing player 0 token from slot 10
[2022-12-08 11:58:59] [SEVERE ] removing player 0 token from slot 1
[2022-12-08 11:59:00] [SEVERE ] Key 88 was pressed by player 0
[2022-12-08 11:59:00] [SEVERE ] player 0 placing token on slot 9
[2022-12-08 11:59:00] [SEVERE ] Key 86 was pressed by player 0
[2022-12-08 11:59:00] [SEVERE ] player 0 placing token on slot 11
[2022-12-08 11:59:01] [SEVERE ] Key 87 was pressed by player 0
[2022-12-08 11:59:01] [SEVERE ] player 0 placing token on slot 1
[2022-12-08 11:59:01] [SEVERE ] removing player 0 token from slot 9
[2022-12-08 11:59:01] [SEVERE ] removing player 0 token from slot 11
[2022-12-08 11:59:01] [SEVERE ] removing player 0 token from slot 1
[2022-12-08 11:59:01] [SEVERE ] setting player 0 score to 2
[2022-12-08 11:59:01] [SEVERE ] Key 86 was pressed by player 0
[2022-12-08 11:59:01] [SEVERE ] player 0 placing token on slot 11
[2022-12-08 11:59:01] [SEVERE ] Key 88 was pressed by player 0
[2022-12-08 11:59:01] [SEVERE ] player 0 placing token on slot 9
[2022-12-08 11:59:02] [SEVERE ] Key 87 was pressed by player 0
[2022-12-08 11:59:02] [SEVERE ] player 0 placing token on slot 1
[2022-12-08 11:59:02] [SEVERE ] removing player 0 token from slot 11
[2022-12-08 11:59:02] [SEVERE ] removing player 0 token from slot 9
[2022-12-08 11:59:02] [SEVERE ] removing player 0 token from slot 1
[2022-12-08 11:59:02] [SEVERE ] setting player 0 score to 3
[2022-12-08 11:59:05] [SEVERE ] Key 44 was pressed by player 1
[2022-12-08 11:59:05] [SEVERE ] player 1 placing token on slot 9
[2022-12-08 11:59:07] [SEVERE ] Key 47 was pressed by player 1
[2022-12-08 11:59:07] [SEVERE ] player 1 placing token on slot 11
[2022-12-08 11:59:08] [SEVERE ] Key 73 was pressed by player 1
[2022-12-08 11:59:08] [SEVERE ] player 1 placing token on slot 1
[2022-12-08 11:59:08] [SEVERE ] removing player 1 token from slot 9
[2022-12-08 11:59:08] [SEVERE ] removing player 1 token from slot 11
[2022-12-08 11:59:08] [SEVERE ] removing player 1 token from slot 1
[2022-12-08 11:59:08] [SEVERE ] setting player 1 score to 1
[2022-12-08 11:59:10] [SEVERE ] Key 77 was pressed by player 1
[2022-12-08 11:59:10] [SEVERE ] player 1 placing token on slot 8
[2022-12-08 11:59:10] [SEVERE ] Key 47 was pressed by player 1
[2022-12-08 11:59:10] [SEVERE ] player 1 placing token on slot 11
[2022-12-08 11:59:10] [SEVERE ] Key 73 was pressed by player 1
[2022-12-08 11:59:10] [SEVERE ] player 1 placing token on slot 1
[2022-12-08 11:59:10] [SEVERE ] removing player 1 token from slot 8
[2022-12-08 11:59:10] [SEVERE ] removing player 1 token from slot 11
[2022-12-08 11:59:10] [SEVERE ] removing player 1 token from slot 1
[2022-12-08 11:59:10] [SEVERE ] Key 77 was pressed by player 1
[2022-12-08 11:59:10] [SEVERE ] player 1 placing token on slot 8
[2022-12-08 11:59:10] [SEVERE ] Key 47 was pressed by player 1
[2022-12-08 11:59:10] [SEVERE ] player 1 placing token on slot 11
[2022-12-08 11:59:10] [SEVERE ] Key 73 was pressed by player 1
[2022-12-08 11:59:10] [SEVERE ] player 1 placing token on slot 1
[2022-12-08 11:59:10] [SEVERE ] removing player 1 token from slot 8
[2022-12-08 11:59:10] [SEVERE ] removing player 1 token from slot 11
[2022-12-08 11:59:10] [SEVERE ] removing player 1 token from slot 1
[2022-12-08 11:59:10] [SEVERE ] Key 77 was pressed by player 1
[2022-12-08 11:59:10] [SEVERE ] player 1 placing token on slot 8
[2022-12-08 11:59:10] [SEVERE ] Key 47 was pressed by player 1
[2022-12-08 11:59:10] [SEVERE ] player 1 placing token on slot 11
[2022-12-08 11:59:11] [SEVERE ] Key 73 was pressed by player 1
[2022-12-08 11:59:11] [SEVERE ] player 1 placing token on slot 1
[2022-12-08 11:59:11] [SEVERE ] removing player 1 token from slot 8
[2022-12-08 11:59:11] [SEVERE ] removing player 1 token from slot 11
[2022-12-08 11:59:11] [SEVERE ] removing player 1 token from slot 1
[2022-12-08 11:59:11] [SEVERE ] Key 44 was pressed by player 1
[2022-12-08 11:59:11] [SEVERE ] player 1 placing token on slot 9
[2022-12-08 11:59:11] [SEVERE ] Key 47 was pressed by player 1
[2022-12-08 11:59:11] [SEVERE ] player 1 placing token on slot 11
[2022-12-08 11:59:11] [SEVERE ] Key 73 was pressed by player 1
[2022-12-08 11:59:11] [SEVERE ] player 1 placing token on slot 1
[2022-12-08 11:59:11] [SEVERE ] removing player 1 token from slot 9
[2022-12-08 11:59:11] [SEVERE ] removing player 1 token from slot 11
[2022-12-08 11:59:11] [SEVERE ] removing player 1 token from slot 1
[2022-12-08 11:59:11] [SEVERE ] setting player 1 score to 2
[2022-12-08 11:59:11] [SEVERE ] Key 44 was pressed by player 1
[2022-12-08 11:59:11] [SEVERE ] player 1 placing token on slot 9
[2022-12-08 11:59:11] [SEVERE ] Key 47 was pressed by player 1
[2022-12-08 11:59:11] [SEVERE ] player 1 placing token on slot 11
[2022-12-08 11:59:12] [SEVERE ] Key 73 was pressed by player 1
[2022-12-08 11:59:12] [SEVERE ] player 1 placing token on slot 1
[2022-12-08 11:59:12] [SEVERE ] removing player 1 token from slot 9
[2022-12-08 11:59:12] [SEVERE ] removing player 1 token from slot 11
[2022-12-08 11:59:12] [SEVERE ] removing player 1 token from slot 1
[2022-12-08 11:59:12] [SEVERE ] setting player 1 score to 3
[2022-12-08 11:59:12] [SEVERE ] Key 44 was pressed by player 1
[2022-12-08 11:59:12] [SEVERE ] player 1 placing token on slot 9
[2022-12-08 11:59:12] [SEVERE ] Key 47 was pressed by player 1
[2022-12-08 11:59:12] [SEVERE ] player 1 placing token on slot 11
[2022-12-08 11:59:12] [SEVERE ] Key 73 was pressed by player 1
[2022-12-08 11:59:12] [SEVERE ] player 1 placing token on slot 1
[2022-12-08 11:59:12] [SEVERE ] removing player 1 token from slot 9
[2022-12-08 11:59:12] [SEVERE ] removing player 1 token from slot 11
[2022-12-08 11:59:12] [SEVERE ] removing player 1 token from slot 1
[2022-12-08 11:59:12] [SEVERE ] setting player 1 score to 4
[2022-12-08 11:59:12] [SEVERE ] Key 44 was pressed by player 1
[2022-12-08 11:59:12] [SEVERE ] player 1 placing token on slot 9
[2022-12-08 11:59:12] [SEVERE ] Key 47 was pressed by player 1
[2022-12-08 11:59:12] [SEVERE ] player 1 placing token on slot 11
[2022-12-08 11:59:12] [SEVERE ] Key 73 was pressed by player 1
[2022-12-08 11:59:12] [SEVERE ] player 1 placing token on slot 1
[2022-12-08 11:59:12] [SEVERE ] removing player 1 token from slot 9
[2022-12-08 11:59:12] [SEVERE ] removing player 1 token from slot 11
[2022-12-08 11:59:12] [SEVERE ] removing player 1 token from slot 1
[2022-12-08 11:59:12] [SEVERE ] setting player 1 score to 5
[2022-12-08 11:59:12] [SEVERE ] Key 44 was pressed by player 1
[2022-12-08 11:59:12] [SEVERE ] player 1 placing token on slot 9
[2022-12-08 11:59:13] [SEVERE ] Key 47 was pressed by player 1
[2022-12-08 11:59:13] [SEVERE ] player 1 placing token on slot 11
[2022-12-08 11:59:13] [SEVERE ] Key 73 was pressed by player 1
[2022-12-08 11:59:13] [SEVERE ] player 1 placing token on slot 1
[2022-12-08 11:59:13] [SEVERE ] removing player 1 token from slot 9
[2022-12-08 11:59:13] [SEVERE ] removing player 1 token from slot 11
[2022-12-08 11:59:13] [SEVERE ] removing player 1 token from slot 1
[2022-12-08 11:59:13] [SEVERE ] setting player 1 score to 6
[2022-12-08 11:59:13] [SEVERE ] Key 44 was pressed by player 1
[2022-12-08 11:59:13] [SEVERE ] player 1 placing token on slot 9
[2022-12-08 11:59:13] [SEVERE ] Key 47 was pressed by player 1
[2022-12-08 11:59:13] [SEVERE ] player 1 placing token on slot 11
[2022-12-08 11:59:13] [SEVERE ] Key 73 was pressed by player 1
[2022-12-08 11:59:13] [SEVERE ] player 1 placing token on slot 1
[2022-12-08 11:59:13] [SEVERE ] removing player 1 token from slot 9
[2022-12-08 11:59:13] [SEVERE ] removing player 1 token from slot 11
[2022-12-08 11:59:13] [SEVERE ] removing player 1 token from slot 1
[2022-12-08 11:59:13] [SEVERE ] setting player 1 score to 7
[2022-12-08 11:59:13] [SEVERE ] Key 44 was pressed by player 1
[2022-12-08 11:59:13] [SEVERE ] player 1 placing token on slot 9
[2022-12-08 11:59:13] [SEVERE ] Key 47 was pressed by player 1
[2022-12-08 11:59:13] [SEVERE ] player 1 placing token on slot 11
[2022-12-08 11:59:13] [SEVERE ] Key 73 was pressed by player 1
[2022-12-08 11:59:13] [SEVERE ] player 1 placing token on slot 1
[2022-12-08 11:59:13] [SEVERE ] removing player 1 token from slot 9
[2022-12-08 11:59:13] [SEVERE ] removing player 1 token from slot 11
[2022-12-08 11:59:13] [SEVERE ] removing player 1 token from slot 1
[2022-12-08 11:59:13] [SEVERE ] setting player 1 score to 8
[2022-12-08 11:59:13] [SEVERE ] Key 44 was pressed by player 1
[2022-12-08 11:59:13] [SEVERE ] player 1 placing token on slot 9
[2022-12-08 11:59:13] [SEVERE ] Key 47 was pressed by player 1
[2022-12-08 11:59:13] [SEVERE ] player 1 placing token on slot 11
[2022-12-08 11:59:14] [SEVERE ] Key 73 was pressed by player 1
[2022-12-08 11:59:14] [SEVERE ] player 1 placing token on slot 1
[2022-12-08 11:59:14] [SEVERE ] removing player 1 token from slot 9
[2022-12-08 11:59:14] [SEVERE ] removing player 1 token from slot 11
[2022-12-08 11:59:14] [SEVERE ] removing player 1 token from slot 1
[2022-12-08 11:59:14] [SEVERE ] setting player 1 score to 9
[2022-12-08 11:59:14] [SEVERE ] Key 44 was pressed by player 1
[2022-12-08 11:59:14] [SEVERE ] player 1 placing token on slot 9
[2022-12-08 11:59:14] [SEVERE ] Key 47 was pressed by player 1
[2022-12-08 11:59:14] [SEVERE ] player 1 placing token on slot 11
[2022-12-08 11:59:14] [SEVERE ] Key 73 was pressed by player 1
[2022-12-08 11:59:14] [SEVERE ] player 1 placing token on slot 1
[2022-12-08 11:59:14] [SEVERE ] removing player 1 token from slot 9
[2022-12-08 11:59:14] [SEVERE ] removing player 1 token from slot 11
[2022-12-08 11:59:14] [SEVERE ] removing player 1 token from slot 1
[2022-12-08 11:59:14] [SEVERE ] setting player 1 score to 10
[2022-12-08 11:59:14] [SEVERE ] Key 44 was pressed by player 1
[2022-12-08 11:59:14] [SEVERE ] player 1 placing token on slot 9
[2022-12-08 11:59:14] [SEVERE ] Key 47 was pressed by player 1
[2022-12-08 11:59:14] [SEVERE ] player 1 placing token on slot 11
[2022-12-08 11:59:14] [SEVERE ] Key 73 was pressed by player 1
[2022-12-08 11:59:14] [SEVERE ] player 1 placing token on slot 1
[2022-12-08 11:59:14] [SEVERE ] removing player 1 token from slot 9
[2022-12-08 11:59:14] [SEVERE ] removing player 1 token from slot 11
[2022-12-08 11:59:14] [SEVERE ] removing player 1 token from slot 1
[2022-12-08 11:59:14] [SEVERE ] setting player 1 score to 11
[2022-12-08 11:59:14] [SEVERE ] Key 44 was pressed by player 1
[2022-12-08 11:59:14] [SEVERE ] player 1 placing token on slot 9
[2022-12-08 11:59:14] [SEVERE ] Key 47 was pressed by player 1
[2022-12-08 11:59:14] [SEVERE ] player 1 placing token on slot 11
[2022-12-08 11:59:15] [SEVERE ] Key 73 was pressed by player 1
[2022-12-08 11:59:15] [SEVERE ] player 1 placing token on slot 1
[2022-12-08 11:59:15] [SEVERE ] removing player 1 token from slot 9
[2022-12-08 11:59:15] [SEVERE ] removing player 1 token from slot 11
[2022-12-08 11:59:15] [SEVERE ] removing player 1 token from slot 1
[2022-12-08 11:59:15] [SEVERE ] setting player 1 score to 12
[2022-12-08 11:59:15] [SEVERE ] Key 73 was pressed by player 1
[2022-12-08 11:59:15] [SEVERE ] player 1 placing token on slot 1
[2022-12-08 11:59:15] [SEVERE ] Key 47 was pressed by player 1
[2022-12-08 11:59:15] [SEVERE ] player 1 placing token on slot 11
[2022-12-08 11:59:15] [SEVERE ] Key 44 was pressed by player 1
[2022-12-08 11:59:15] [SEVERE ] player 1 placing token on slot 9
[2022-12-08 11:59:15] [SEVERE ] removing player 1 token from slot 1
[2022-12-08 11:59:15] [SEVERE ] removing player 1 token from slot 11
[2022-12-08 11:59:15] [SEVERE ] removing player 1 token from slot 9
[2022-12-08 11:59:15] [SEVERE ] setting player 1 score to 13
[2022-12-08 11:59:15] [SEVERE ] Key 47 was pressed by player 1
[2022-12-08 11:59:15] [SEVERE ] player 1 placing token on slot 11
[2022-12-08 11:59:15] [SEVERE ] Key 44 was pressed by player 1
[2022-12-08 11:59:15] [SEVERE ] player 1 placing token on slot 9
[2022-12-08 11:59:15] [SEVERE ] Key 73 was pressed by player 1
[2022-12-08 11:59:15] [SEVERE ] player 1 placing token on slot 1
[2022-12-08 11:59:15] [SEVERE ] removing player 1 token from slot 11
[2022-12-08 11:59:15] [SEVERE ] removing player 1 token from slot 9
[2022-12-08 11:59:15] [SEVERE ] removing player 1 token from slot 1
[2022-12-08 11:59:15] [SEVERE ] setting player 1 score to 14
[2022-12-08 11:59:16] [SEVERE ] Key 47 was pressed by player 1
[2022-12-08 11:59:16] [SEVERE ] player 1 placing token on slot 11
[2022-12-08 11:59:16] [SEVERE ] Key 44 was pressed by player 1
[2022-12-08 11:59:16] [SEVERE ] player 1 placing token on slot 9
[2022-12-08 11:59:16] [SEVERE ] Key 73 was pressed by player 1
[2022-12-08 11:59:16] [SEVERE ] player 1 placing token on slot 1
[2022-12-08 11:59:16] [SEVERE ] removing player 1 token from slot 11
[2022-12-08 11:59:16] [SEVERE ] removing player 1 token from slot 9
[2022-12-08 11:59:16] [SEVERE ] removing player 1 token from slot 1
[2022-12-08 11:59:16] [SEVERE ] setting player 1 score to 15
[2022-12-08 11:59:16] [SEVERE ] Key 47 was pressed by player 1
[2022-12-08 11:59:16] [SEVERE ] player 1 placing token on slot 11
[2022-12-08 11:59:16] [SEVERE ] Key 44 was pressed by player 1
[2022-12-08 11:59:16] [SEVERE ] player 1 placing token on slot 9
[2022-12-08 11:59:16] [SEVERE ] Key 73 was pressed by player 1
[2022-12-08 11:59:16] [SEVERE ] player 1 placing token on slot 1
[2022-12-08 11:59:16] [SEVERE ] removing player 1 token from slot 11
[2022-12-08 11:59:16] [SEVERE ] removing player 1 token from slot 9
[2022-12-08 11:59:16] [SEVERE ] removing player 1 token from slot 1
[2022-12-08 11:59:16] [SEVERE ] setting player 1 score to 16
[2022-12-08 11:59:16] [SEVERE ] Key 44 was pressed by player 1
[2022-12-08 11:59:16] [SEVERE ] player 1 placing token on slot 9
[2022-12-08 11:59:16] [SEVERE ] Key 73 was pressed by player 1
[2022-12-08 11:59:16] [SEVERE ] player 1 placing token on slot 1
[2022-12-08 11:59:16] [SEVERE ] Key 47 was pressed by player 1
[2022-12-08 11:59:16] [SEVERE ] player 1 placing token on slot 11
[2022-12-08 11:59:16] [SEVERE ] removing player 1 token from slot 9
[2022-12-08 11:59:16] [SEVERE ] removing player 1 token from slot 1
[2022-12-08 11:59:16] [SEVERE ] removing player 1 token from slot 11
[2022-12-08 11:59:16] [SEVERE ] setting player 1 score to 17
[2022-12-08 11:59:16] [SEVERE ] Key 73 was pressed by player 1
[2022-12-08 11:59:16] [SEVERE ] player 1 placing token on slot 1
[2022-12-08 11:59:16] [SEVERE ] Key 47 was pressed by player 1
[2022-12-08 11:59:16] [SEVERE ] player 1 placing token on slot 11
[2022-12-08 11:59:16] [SEVERE ] Key 44 was pressed by player 1
[2022-12-08 11:59:16] [SEVERE ] player 1 placing token on slot 9
[2022-12-08 11:59:16] [SEVERE ] removing player 1 token from slot 1
[2022-12-08 11:59:16] [SEVERE ] removing player 1 token from slot 11
[2022-12-08 11:59:16] [SEVERE ] removing player 1 token from slot 9
[2022-12-08 11:59:16] [SEVERE ] setting player 1 score to 18
[2022-12-08 11:59:16] [SEVERE ] Key 73 was pressed by player 1
[2022-12-08 11:59:16] [SEVERE ] player 1 placing token on slot 1
[2022-12-08 11:59:16] [SEVERE ] Key 47 was pressed by player 1
[2022-12-08 11:59:16] [SEVERE ] player 1 placing token on slot 11
[2022-12-08 11:59:16] [SEVERE ] Key 44 was pressed by player 1
[2022-12-08 11:59:16] [SEVERE ] player 1 placing token on slot 9
[2022-12-08 11:59:16] [SEVERE ] removing player 1 token from slot 1
[2022-12-08 11:59:16] [SEVERE ] removing player 1 token from slot 11
[2022-12-08 11:59:16] [SEVERE ] removing player 1 token from slot 9
[2022-12-08 11:59:16] [SEVERE ] setting player 1 score to 19
[2022-12-08 11:59:17] [SEVERE ] Key 44 was pressed by player 1
[2022-12-08 11:59:17] [SEVERE ] player 1 placing token on slot 9
[2022-12-08 11:59:17] [SEVERE ] Key 47 was pressed by player 1
[2022-12-08 11:59:17] [SEVERE ] player 1 placing token on slot 11
[2022-12-08 11:59:17] [SEVERE ] Key 73 was pressed by player 1
[2022-12-08 11:59:17] [SEVERE ] player 1 placing token on slot 1
[2022-12-08 11:59:17] [SEVERE ] removing player 1 token from slot 9
[2022-12-08 11:59:17] [SEVERE ] removing player 1 token from slot 11
[2022-12-08 11:59:17] [SEVERE ] removing player 1 token from slot 1
[2022-12-08 11:59:17] [SEVERE ] setting player 1 score to 20
[2022-12-08 11:59:17] [SEVERE ] Key 47 was pressed by player 1
[2022-12-08 11:59:17] [SEVERE ] player 1 placing token on slot 11
[2022-12-08 11:59:17] [SEVERE ] Key 44 was pressed by player 1
[2022-12-08 11:59:17] [SEVERE ] player 1 placing token on slot 9
[2022-12-08 11:59:17] [SEVERE ] Key 73 was pressed by player 1
[2022-12-08 11:59:17] [SEVERE ] player 1 placing token on slot 1
[2022-12-08 11:59:17] [SEVERE ] removing player 1 token from slot 11
[2022-12-08 11:59:17] [SEVERE ] removing player 1 token from slot 9
[2022-12-08 11:59:17] [SEVERE ] removing player 1 token from slot 1
[2022-12-08 11:59:17] [SEVERE ] setting player 1 score to 21
[2022-12-08 11:59:17] [SEVERE ] Key 44 was pressed by player 1
[2022-12-08 11:59:17] [SEVERE ] player 1 placing token on slot 9
[2022-12-08 11:59:17] [SEVERE ] Key 47 was pressed by player 1
[2022-12-08 11:59:17] [SEVERE ] player 1 placing token on slot 11
[2022-12-08 11:59:17] [SEVERE ] Key 73 was pressed by player 1
[2022-12-08 11:59:17] [SEVERE ] player 1 placing token on slot 1
[2022-12-08 11:59:17] [SEVERE ] removing player 1 token from slot 9
[2022-12-08 11:59:17] [SEVERE ] removing player 1 token from slot 11
[2022-12-08 11:59:17] [SEVERE ] removing player 1 token from slot 1
[2022-12-08 11:59:17] [SEVERE ] setting player 1 score to 22
[2022-12-08 11:59:17] [SEVERE ] Key 47 was pressed by player 1
[2022-12-08 11:59:17] [SEVERE ] player 1 placing token on slot 11
[2022-12-08 11:59:17] [SEVERE ] Key 44 was pressed by player 1
[2022-12-08 11:59:17] [SEVERE ] player 1 placing token on slot 9
[2022-12-08 11:59:17] [SEVERE ] Key 73 was pressed by player 1
[2022-12-08 11:59:17] [SEVERE ] player 1 placing token on slot 1
[2022-12-08 11:59:17] [SEVERE ] removing player 1 token from slot 11
[2022-12-08 11:59:17] [SEVERE ] removing player 1 token from slot 9
[2022-12-08 11:59:17] [SEVERE ] removing player 1 token from slot 1
[2022-12-08 11:59:17] [SEVERE ] setting player 1 score to 23
[2022-12-08 11:59:17] [SEVERE ] Key 47 was pressed by player 1
[2022-12-08 11:59:17] [SEVERE ] player 1 placing token on slot 11
[2022-12-08 11:59:17] [SEVERE ] Key 44 was pressed by player 1
[2022-12-08 11:59:17] [SEVERE ] player 1 placing token on slot 9
[2022-12-08 11:59:17] [SEVERE ] Key 73 was pressed by player 1
[2022-12-08 11:59:17] [SEVERE ] player 1 placing token on slot 1
[2022-12-08 11:59:17] [SEVERE ] removing player 1 token from slot 11
[2022-12-08 11:59:17] [SEVERE ] removing player 1 token from slot 9
[2022-12-08 11:59:17] [SEVERE ] removing player 1 token from slot 1
[2022-12-08 11:59:17] [SEVERE ] setting player 1 score to 24
[2022-12-08 11:59:18] [SEVERE ] Key 44 was pressed by player 1
[2022-12-08 11:59:18] [SEVERE ] player 1 placing token on slot 9
[2022-12-08 11:59:18] [SEVERE ] Key 47 was pressed by player 1
[2022-12-08 11:59:18] [SEVERE ] player 1 placing token on slot 11
[2022-12-08 11:59:18] [SEVERE ] Key 73 was pressed by player 1
[2022-12-08 11:59:18] [SEVERE ] player 1 placing token on slot 1
[2022-12-08 11:59:18] [SEVERE ] removing player 1 token from slot 9
[2022-12-08 11:59:18] [SEVERE ] removing player 1 token from slot 11
[2022-12-08 11:59:18] [SEVERE ] removing player 1 token from slot 1
[2022-12-08 11:59:18] [SEVERE ] setting player 1 score to 25
[2022-12-08 11:59:18] [SEVERE ] Key 47 was pressed by player 1
[2022-12-08 11:59:18] [SEVERE ] player 1 placing token on slot 11
[2022-12-08 11:59:18] [SEVERE ] Key 44 was pressed by player 1
[2022-12-08 11:59:18] [SEVERE ] player 1 placing token on slot 9
[2022-12-08 11:59:18] [SEVERE ] Key 73 was pressed by player 1
[2022-12-08 11:59:18] [SEVERE ] player 1 placing token on slot 1
[2022-12-08 11:59:18] [SEVERE ] removing player 1 token from slot 11
[2022-12-08 11:59:18] [SEVERE ] removing player 1 token from slot 9
[2022-12-08 11:59:18] [SEVERE ] removing player 1 token from slot 1
[2022-12-08 11:59:18] [SEVERE ] setting player 1 score to 26
[2022-12-08 11:59:18] [SEVERE ] Key 44 was pressed by player 1
[2022-12-08 11:59:18] [SEVERE ] player 1 placing token on slot 9
[2022-12-08 11:59:18] [SEVERE ] Key 47 was pressed by player 1
[2022-12-08 11:59:18] [SEVERE ] player 1 placing token on slot 11
[2022-12-08 11:59:18] [SEVERE ] Key 73 was pressed by player 1
[2022-12-08 11:59:18] [SEVERE ] player 1 placing token on slot 1
[2022-12-08 11:59:18] [SEVERE ] removing player 1 token from slot 9
[2022-12-08 11:59:18] [SEVERE ] removing player 1 token from slot 11
[2022-12-08 11:59:18] [SEVERE ] removing player 1 token from slot 1
[2022-12-08 11:59:18] [SEVERE ] setting player 1 score to 27
[2022-12-08 11:59:18] [SEVERE ] Key 73 was pressed by player 1
[2022-12-08 11:59:18] [SEVERE ] player 1 placing token on slot 1
[2022-12-08 11:59:18] [SEVERE ] Key 44 was pressed by player 1
[2022-12-08 11:59:18] [SEVERE ] player 1 placing token on slot 9
[2022-12-08 11:59:18] [SEVERE ] Key 47 was pressed by player 1
[2022-12-08 11:59:18] [SEVERE ] player 1 placing token on slot 11
[2022-12-08 11:59:18] [SEVERE ] removing player 1 token from slot 1
[2022-12-08 11:59:18] [SEVERE ] removing player 1 token from slot 9
[2022-12-08 11:59:18] [SEVERE ] removing player 1 token from slot 11
[2022-12-08 11:59:18] [SEVERE ] setting player 1 score to 28
[2022-12-08 11:59:18] [SEVERE ] Key 73 was pressed by player 1
[2022-12-08 11:59:18] [SEVERE ] player 1 placing token on slot 1
[2022-12-08 11:59:18] [SEVERE ] Key 44 was pressed by player 1
[2022-12-08 11:59:18] [SEVERE ] player 1 placing token on slot 9
[2022-12-08 11:59:18] [SEVERE ] Key 47 was pressed by player 1
[2022-12-08 11:59:18] [SEVERE ] player 1 placing token on slot 11
[2022-12-08 11:59:18] [SEVERE ] removing player 1 token from slot 1
[2022-12-08 11:59:18] [SEVERE ] removing player 1 token from slot 9
[2022-12-08 11:59:18] [SEVERE ] removing player 1 token from slot 11
[2022-12-08 11:59:18] [SEVERE ] setting player 1 score to 29
[2022-12-08 11:59:18] [SEVERE ] Key 73 was pressed by player 1
[2022-12-08 11:59:18] [SEVERE ] player 1 placing token on slot 1
[2022-12-08 11:59:18] [SEVERE ] Key 47 was pressed by player 1
[2022-12-08 11:59:18] [SEVERE ] player 1 placing token on slot 11
[2022-12-08 11:59:18] [SEVERE ] Key 44 was pressed by player 1
[2022-12-08 11:59:18] [SEVERE ] player 1 placing token on slot 9
[2022-12-08 11:59:18] [SEVERE ] removing player 1 token from slot 1
[2022-12-08 11:59:18] [SEVERE ] removing player 1 token from slot 11
[2022-12-08 11:59:18] [SEVERE ] removing player 1 token from slot 9
[2022-12-08 11:59:18] [SEVERE ] setting player 1 score to 30
[2022-12-08 11:59:19] [SEVERE ] Key 73 was pressed by player 1
[2022-12-08 11:59:19] [SEVERE ] player 1 placing token on slot 1
[2022-12-08 11:59:19] [SEVERE ] Key 44 was pressed by player 1
[2022-12-08 11:59:19] [SEVERE ] player 1 placing token on slot 9
[2022-12-08 11:59:19] [SEVERE ] Key 47 was pressed by player 1
[2022-12-08 11:59:19] [SEVERE ] player 1 placing token on slot 11
[2022-12-08 11:59:19] [SEVERE ] removing player 1 token from slot 1
[2022-12-08 11:59:19] [SEVERE ] removing player 1 token from slot 9
[2022-12-08 11:59:19] [SEVERE ] removing player 1 token from slot 11
[2022-12-08 11:59:19] [SEVERE ] setting player 1 score to 31
[2022-12-08 11:59:19] [SEVERE ] Key 73 was pressed by player 1
[2022-12-08 11:59:19] [SEVERE ] player 1 placing token on slot 1
[2022-12-08 11:59:19] [SEVERE ] Key 44 was pressed by player 1
[2022-12-08 11:59:19] [SEVERE ] player 1 placing token on slot 9
[2022-12-08 11:59:19] [SEVERE ] Key 47 was pressed by player 1
[2022-12-08 11:59:19] [SEVERE ] player 1 placing token on slot 11
[2022-12-08 11:59:19] [SEVERE ] removing player 1 token from slot 1
[2022-12-08 11:59:19] [SEVERE ] removing player 1 token from slot 9
[2022-12-08 11:59:19] [SEVERE ] removing player 1 token from slot 11
[2022-12-08 11:59:19] [SEVERE ] setting player 1 score to 32
[2022-12-08 11:59:19] [SEVERE ] Key 73 was pressed by player 1
[2022-12-08 11:59:19] [SEVERE ] player 1 placing token on slot 1
[2022-12-08 11:59:19] [SEVERE ] Key 47 was pressed by player 1
[2022-12-08 11:59:19] [SEVERE ] player 1 placing token on slot 11
[2022-12-08 11:59:19] [SEVERE ] Key 44 was pressed by player 1
[2022-12-08 11:59:19] [SEVERE ] player 1 placing token on slot 9
[2022-12-08 11:59:19] [SEVERE ] removing player 1 token from slot 1
[2022-12-08 11:59:19] [SEVERE ] removing player 1 token from slot 11
[2022-12-08 11:59:19] [SEVERE ] removing player 1 token from slot 9
[2022-12-08 11:59:19] [SEVERE ] setting player 1 score to 33
[2022-12-08 11:59:19] [SEVERE ] Key 73 was pressed by player 1
[2022-12-08 11:59:19] [SEVERE ] player 1 placing token on slot 1
[2022-12-08 11:59:19] [SEVERE ] Key 47 was pressed by player 1
[2022-12-08 11:59:19] [SEVERE ] player 1 placing token on slot 11
[2022-12-08 11:59:19] [SEVERE ] Key 44 was pressed by player 1
[2022-12-08 11:59:19] [SEVERE ] player 1 placing token on slot 9
[2022-12-08 11:59:19] [SEVERE ] removing player 1 token from slot 1
[2022-12-08 11:59:19] [SEVERE ] removing player 1 token from slot 11
[2022-12-08 11:59:19] [SEVERE ] removing player 1 token from slot 9
[2022-12-08 11:59:19] [SEVERE ] setting player 1 score to 34
[2022-12-08 11:59:19] [SEVERE ] Key 73 was pressed by player 1
[2022-12-08 11:59:19] [SEVERE ] player 1 placing token on slot 1
[2022-12-08 11:59:19] [SEVERE ] Key 47 was pressed by player 1
[2022-12-08 11:59:19] [SEVERE ] player 1 placing token on slot 11
[2022-12-08 11:59:19] [SEVERE ] Key 44 was pressed by player 1
[2022-12-08 11:59:19] [SEVERE ] player 1 placing token on slot 9
[2022-12-08 11:59:19] [SEVERE ] removing player 1 token from slot 1
[2022-12-08 11:59:19] [SEVERE ] removing player 1 token from slot 11
[2022-12-08 11:59:19] [SEVERE ] removing player 1 token from slot 9
[2022-12-08 11:59:19] [SEVERE ] setting player 1 score to 35
[2022-12-08 11:59:19] [SEVERE ] Key 73 was pressed by player 1
[2022-12-08 11:59:19] [SEVERE ] player 1 placing token on slot 1
[2022-12-08 11:59:19] [SEVERE ] Key 47 was pressed by player 1
[2022-12-08 11:59:19] [SEVERE ] player 1 placing token on slot 11
[2022-12-08 11:59:20] [SEVERE ] Key 44 was pressed by player 1
[2022-12-08 11:59:20] [SEVERE ] player 1 placing token on slot 9
[2022-12-08 11:59:20] [SEVERE ] removing player 1 token from slot 1
[2022-12-08 11:59:20] [SEVERE ] removing player 1 token from slot 11
[2022-12-08 11:59:20] [SEVERE ] removing player 1 token from slot 9
[2022-12-08 11:59:20] [SEVERE ] setting player 1 score to 36
[2022-12-08 11:59:20] [SEVERE ] Key 73 was pressed by player 1
[2022-12-08 11:59:20] [SEVERE ] player 1 placing token on slot 1
[2022-12-08 11:59:20] [SEVERE ] Key 44 was pressed by player 1
[2022-12-08 11:59:20] [SEVERE ] player 1 placing token on slot 9
[2022-12-08 11:59:20] [SEVERE ] Key 47 was pressed by player 1
[2022-12-08 11:59:20] [SEVERE ] player 1 placing token on slot 11
[2022-12-08 11:59:20] [SEVERE ] removing player 1 token from slot 1
[2022-12-08 11:59:20] [SEVERE ] removing player 1 token from slot 9
[2022-12-08 11:59:20] [SEVERE ] removing player 1 token from slot 11
[2022-12-08 11:59:20] [SEVERE ] setting player 1 score to 37
[2022-12-08 11:59:48] [SEVERE ] placing card 51 in slot 0
[2022-12-08 11:59:48] [SEVERE ] placing card 6 in slot 1
[2022-12-08 11:59:49] [SEVERE ] placing card 23 in slot 2
[2022-12-08 11:59:49] [SEVERE ] placing card 73 in slot 3
[2022-12-08 11:59:49] [SEVERE ] placing card 4 in slot 4
[2022-12-08 11:59:49] [SEVERE ] placing card 71 in slot 5
[2022-12-08 11:59:49] [SEVERE ] placing card 46 in slot 6
[2022-12-08 11:59:49] [SEVERE ] placing card 41 in slot 7
[2022-12-08 11:59:49] [SEVERE ] placing card 60 in slot 8
[2022-12-08 11:59:49] [SEVERE ] placing card 16 in slot 9
[2022-12-08 11:59:49] [SEVERE ] placing card 38 in slot 10
[2022-12-08 11:59:49] [SEVERE ] placing card 24 in slot 11
[2022-12-08 12:00:50] [SEVERE ] placing card 8 in slot 0
[2022-12-08 12:00:50] [SEVERE ] placing card 10 in slot 1
[2022-12-08 12:00:50] [SEVERE ] placing card 51 in slot 2
[2022-12-08 12:00:50] [SEVERE ] placing card 2 in slot 3
[2022-12-08 12:00:50] [SEVERE ] placing card 52 in slot 4
[2022-12-08 12:00:50] [SEVERE ] placing card 76 in slot 5
[2022-12-08 12:00:51] [SEVERE ] placing card 71 in slot 6
[2022-12-08 12:00:51] [SEVERE ] placing card 40 in slot 7
[2022-12-08 12:00:51] [SEVERE ] placing card 31 in slot 8
[2022-12-08 12:00:51] [SEVERE ] placing card 50 in slot 9
[2022-12-08 12:00:51] [SEVERE ] placing card 17 in slot 10
[2022-12-08 12:00:51] [SEVERE ] placing card 9 in slot 11
