[2022-12-08 12:13:05] [INFO   ] cannot read configuration file config.properties trying from resources.
[2022-12-08 12:13:05] [INFO   ] configuration file was loaded from resources directory.
[2022-12-08 12:13:06] [SEVERE ] placing card 39 in slot 0
[2022-12-08 12:13:06] [SEVERE ] placing card 48 in slot 1
[2022-12-08 12:13:06] [SEVERE ] placing card 56 in slot 2
[2022-12-08 12:13:06] [SEVERE ] placing card 64 in slot 3
[2022-12-08 12:13:06] [SEVERE ] placing card 53 in slot 4
[2022-12-08 12:13:07] [SEVERE ] placing card 52 in slot 5
[2022-12-08 12:13:07] [SEVERE ] placing card 11 in slot 6
[2022-12-08 12:13:07] [SEVERE ] placing card 18 in slot 7
[2022-12-08 12:13:07] [SEVERE ] placing card 1 in slot 8
[2022-12-08 12:13:07] [SEVERE ] placing card 58 in slot 9
[2022-12-08 12:13:07] [SEVERE ] Key 81 was pressed by player 0
[2022-12-08 12:13:07] [SEVERE ] player 0 placing token on slot 0
[2022-12-08 12:13:07] [SEVERE ] Key 87 was pressed by player 0
[2022-12-08 12:13:07] [SEVERE ] player 0 placing token on slot 1
[2022-12-08 12:13:07] [SEVERE ] placing card 27 in slot 10
[2022-12-08 12:13:07] [SEVERE ] Key 69 was pressed by player 0
[2022-12-08 12:13:07] [SEVERE ] player 0 placing token on slot 2
[2022-12-08 12:13:07] [SEVERE ] removing player 0 token from slot 0
[2022-12-08 12:13:07] [SEVERE ] removing player 0 token from slot 0
[2022-12-08 12:13:07] [SEVERE ] removing player 0 token from slot 0
[2022-12-08 12:13:07] [SEVERE ] placing card 63 in slot 11
[2022-12-08 12:13:12] [SEVERE ] Key 81 was pressed by player 0
[2022-12-08 12:13:12] [SEVERE ] player 0 placing token on slot 0
[2022-12-08 12:13:13] [SEVERE ] Key 65 was pressed by player 0
[2022-12-08 12:13:13] [SEVERE ] player 0 placing token on slot 4
[2022-12-08 12:13:13] [SEVERE ] Key 83 was pressed by player 0
[2022-12-08 12:13:13] [SEVERE ] player 0 placing token on slot 5
[2022-12-08 12:13:13] [SEVERE ] removing player 0 token from slot 0
[2022-12-08 12:13:13] [SEVERE ] removing player 0 token from slot 0
[2022-12-08 12:13:13] [SEVERE ] removing player 0 token from slot 0
[2022-12-08 12:13:16] [SEVERE ] Key 68 was pressed by player 0
[2022-12-08 12:13:16] [SEVERE ] player 0 placing token on slot 6
[2022-12-08 12:13:16] [SEVERE ] Key 68 was pressed by player 0
[2022-12-08 12:13:16] [SEVERE ] player 0 placing token on slot 6
[2022-12-08 12:13:16] [SEVERE ] Key 83 was pressed by player 0
[2022-12-08 12:13:16] [SEVERE ] player 0 placing token on slot 5
[2022-12-08 12:13:16] [SEVERE ] removing player 0 token from slot 0
[2022-12-08 12:13:16] [SEVERE ] removing player 0 token from slot 0
[2022-12-08 12:13:16] [SEVERE ] removing player 0 token from slot 0
[2022-12-08 12:13:20] [SEVERE ] Key 83 was pressed by player 0
[2022-12-08 12:13:20] [SEVERE ] player 0 placing token on slot 5
[2022-12-08 12:13:20] [SEVERE ] Key 68 was pressed by player 0
[2022-12-08 12:13:20] [SEVERE ] player 0 placing token on slot 6
[2022-12-08 12:13:20] [SEVERE ] Key 70 was pressed by player 0
[2022-12-08 12:13:20] [SEVERE ] player 0 placing token on slot 7
[2022-12-08 12:13:20] [SEVERE ] removing player 0 token from slot 0
[2022-12-08 12:13:20] [SEVERE ] removing player 0 token from slot 0
[2022-12-08 12:13:20] [SEVERE ] removing player 0 token from slot 0
