[2022-12-08 16:48:29] [INFO   ] cannot read configuration file config.properties trying from resources.
[2022-12-08 16:48:29] [INFO   ] configuration file was loaded from resources directory.
[2022-12-08 16:48:29] [SEVERE ] placing card 60 in slot 0
[2022-12-08 16:48:30] [SEVERE ] placing card 31 in slot 1
[2022-12-08 16:48:30] [SEVERE ] placing card 65 in slot 2
[2022-12-08 16:48:30] [SEVERE ] placing card 3 in slot 3
[2022-12-08 16:48:30] [SEVERE ] placing card 48 in slot 4
[2022-12-08 16:48:30] [SEVERE ] placing card 40 in slot 5
[2022-12-08 16:48:30] [SEVERE ] placing card 33 in slot 6
[2022-12-08 16:48:30] [SEVERE ] placing card 6 in slot 7
[2022-12-08 16:48:30] [SEVERE ] placing card 19 in slot 8
[2022-12-08 16:48:30] [SEVERE ] placing card 56 in slot 9
[2022-12-08 16:48:30] [SEVERE ] Key 81 was pressed by player 0
[2022-12-08 16:48:30] [SEVERE ] player 0 placing token on slot 0
[2022-12-08 16:48:30] [SEVERE ] placing card 49 in slot 10
[2022-12-08 16:48:30] [SEVERE ] Key 87 was pressed by player 0
[2022-12-08 16:48:30] [SEVERE ] player 0 placing token on slot 1
[2022-12-08 16:48:31] [SEVERE ] Key 69 was pressed by player 0
[2022-12-08 16:48:31] [SEVERE ] player 0 placing token on slot 2
[2022-12-08 16:48:31] [SEVERE ] placing card 58 in slot 11
[2022-12-08 16:48:31] [SEVERE ] Key 65 was pressed by player 0
[2022-12-08 16:48:31] [SEVERE ] Key 83 was pressed by player 0
[2022-12-08 16:48:31] [SEVERE ] Key 68 was pressed by player 0
[2022-12-08 16:48:32] [SEVERE ] Key 65 was pressed by player 0
[2022-12-08 16:48:32] [SEVERE ] Key 83 was pressed by player 0
[2022-12-08 16:48:32] [SEVERE ] Key 68 was pressed by player 0
[2022-12-08 16:48:32] [SEVERE ] Key 65 was pressed by player 0
[2022-12-08 16:48:32] [SEVERE ] Key 83 was pressed by player 0
[2022-12-08 16:48:32] [SEVERE ] Key 68 was pressed by player 0
[2022-12-08 16:48:32] [SEVERE ] Key 65 was pressed by player 0
[2022-12-08 16:48:32] [SEVERE ] Key 83 was pressed by player 0
[2022-12-08 16:48:33] [SEVERE ] Key 68 was pressed by player 0
[2022-12-08 16:48:33] [SEVERE ] Key 65 was pressed by player 0
[2022-12-08 16:48:33] [SEVERE ] Key 83 was pressed by player 0
[2022-12-08 16:48:33] [SEVERE ] Key 68 was pressed by player 0
[2022-12-08 16:48:33] [SEVERE ] Key 65 was pressed by player 0
[2022-12-08 16:48:33] [SEVERE ] Key 83 was pressed by player 0
