[2022-12-08 14:08:26] [INFO   ] cannot read configuration file config.properties trying from resources.
[2022-12-08 14:08:26] [INFO   ] configuration file was loaded from resources directory.
[2022-12-08 14:08:26] [SEVERE ] placing card 43 in slot 0
[2022-12-08 14:08:27] [SEVERE ] placing card 79 in slot 1
[2022-12-08 14:08:27] [SEVERE ] placing card 17 in slot 2
[2022-12-08 14:08:27] [SEVERE ] placing card 23 in slot 3
[2022-12-08 14:08:27] [SEVERE ] placing card 3 in slot 4
[2022-12-08 14:08:27] [SEVERE ] placing card 80 in slot 5
[2022-12-08 14:08:27] [SEVERE ] placing card 29 in slot 6
[2022-12-08 14:08:27] [SEVERE ] placing card 76 in slot 7
[2022-12-08 14:08:27] [SEVERE ] placing card 13 in slot 8
[2022-12-08 14:08:27] [SEVERE ] placing card 44 in slot 9
[2022-12-08 14:08:27] [SEVERE ] placing card 14 in slot 10
[2022-12-08 14:08:28] [SEVERE ] placing card 64 in slot 11
[2022-12-08 14:08:28] [SEVERE ] Key 81 was pressed by player 0
[2022-12-08 14:08:28] [SEVERE ] player 0 placing token on slot 0
[2022-12-08 14:08:28] [SEVERE ] Key 87 was pressed by player 0
[2022-12-08 14:08:28] [SEVERE ] player 0 placing token on slot 1
[2022-12-08 14:08:29] [SEVERE ] Key 69 was pressed by player 0
[2022-12-08 14:08:29] [SEVERE ] player 0 placing token on slot 2
[2022-12-08 14:08:29] [SEVERE ] Key 65 was pressed by player 0
[2022-12-08 14:08:29] [SEVERE ] Key 83 was pressed by player 0
[2022-12-08 14:08:29] [SEVERE ] Key 68 was pressed by player 0
[2022-12-08 14:08:30] [SEVERE ] Key 90 was pressed by player 0
[2022-12-08 14:08:30] [SEVERE ] Key 88 was pressed by player 0
[2022-12-08 14:08:30] [SEVERE ] Key 67 was pressed by player 0
[2022-12-08 14:08:30] [SEVERE ] Key 90 was pressed by player 0
[2022-12-08 14:08:30] [SEVERE ] Key 88 was pressed by player 0
[2022-12-08 14:08:30] [SEVERE ] Key 67 was pressed by player 0
[2022-12-08 14:08:30] [SEVERE ] Key 90 was pressed by player 0
[2022-12-08 14:08:30] [SEVERE ] Key 88 was pressed by player 0
[2022-12-08 14:08:31] [SEVERE ] Key 67 was pressed by player 0
[2022-12-08 14:08:31] [SEVERE ] Key 65 was pressed by player 0
[2022-12-08 14:08:31] [SEVERE ] Key 83 was pressed by player 0
[2022-12-08 14:08:31] [SEVERE ] Key 68 was pressed by player 0
[2022-12-08 14:08:31] [SEVERE ] Key 65 was pressed by player 0
[2022-12-08 14:08:31] [SEVERE ] Key 83 was pressed by player 0
[2022-12-08 14:08:31] [SEVERE ] Key 68 was pressed by player 0
[2022-12-08 14:08:31] [SEVERE ] Key 70 was pressed by player 0
[2022-12-08 14:08:32] [SEVERE ] Key 82 was pressed by player 0
[2022-12-08 14:08:32] [SEVERE ] Key 69 was pressed by player 0
[2022-12-08 14:09:28] [SEVERE ] placing card 0 in slot 0
[2022-12-08 14:09:28] [SEVERE ] placing card 15 in slot 1
[2022-12-08 14:09:28] [SEVERE ] placing card 4 in slot 2
[2022-12-08 14:09:28] [SEVERE ] placing card 39 in slot 3
[2022-12-08 14:09:28] [SEVERE ] placing card 42 in slot 4
[2022-12-08 14:09:29] [SEVERE ] placing card 46 in slot 5
[2022-12-08 14:09:29] [SEVERE ] placing card 36 in slot 6
[2022-12-08 14:09:29] [SEVERE ] placing card 27 in slot 7
[2022-12-08 14:09:29] [SEVERE ] placing card 48 in slot 8
[2022-12-08 14:09:29] [SEVERE ] placing card 22 in slot 9
[2022-12-08 14:09:29] [SEVERE ] placing card 73 in slot 10
[2022-12-08 14:09:29] [SEVERE ] placing card 2 in slot 11
