[2022-12-08 12:36:49] [INFO   ] cannot read configuration file config.properties trying from resources.
[2022-12-08 12:36:49] [INFO   ] configuration file was loaded from resources directory.
[2022-12-08 12:36:50] [SEVERE ] placing card 13 in slot 0
[2022-12-08 12:36:50] [SEVERE ] placing card 35 in slot 1
[2022-12-08 12:36:50] [SEVERE ] placing card 12 in slot 2
[2022-12-08 12:36:50] [SEVERE ] placing card 0 in slot 3
[2022-12-08 12:36:50] [SEVERE ] placing card 63 in slot 4
[2022-12-08 12:36:50] [SEVERE ] Key 81 was pressed by player 0
[2022-12-08 12:36:50] [SEVERE ] player 0 placing token on slot 0
[2022-12-08 12:36:50] [SEVERE ] player 0 placing token on slot 0
[2022-12-08 12:36:50] [SEVERE ] player 0 placing token on slot 0
[2022-12-08 12:36:50] [SEVERE ] player 0 placing token on slot 0
[2022-12-08 12:36:50] [SEVERE ] placing card 23 in slot 5
[2022-12-08 12:36:50] [SEVERE ] Key 87 was pressed by player 0
[2022-12-08 12:36:50] [SEVERE ] placing card 29 in slot 6
[2022-12-08 12:36:50] [SEVERE ] placing card 66 in slot 7
[2022-12-08 12:36:50] [SEVERE ] placing card 47 in slot 8
[2022-12-08 12:36:50] [SEVERE ] placing card 59 in slot 9
[2022-12-08 12:36:51] [SEVERE ] placing card 11 in slot 10
[2022-12-08 12:36:51] [SEVERE ] placing card 42 in slot 11
[2022-12-08 12:36:51] [SEVERE ] Key 87 was pressed by player 0
[2022-12-08 12:36:51] [SEVERE ] Key 69 was pressed by player 0
[2022-12-08 12:36:51] [SEVERE ] Key 81 was pressed by player 0
[2022-12-08 12:36:51] [SEVERE ] Key 87 was pressed by player 0
[2022-12-08 12:36:51] [SEVERE ] Key 69 was pressed by player 0
