[2022-12-08 12:37:05] [INFO   ] cannot read configuration file config.properties trying from resources.
[2022-12-08 12:37:05] [INFO   ] configuration file was loaded from resources directory.
[2022-12-08 12:37:06] [SEVERE ] placing card 6 in slot 0
[2022-12-08 12:37:06] [SEVERE ] placing card 0 in slot 1
[2022-12-08 12:37:07] [SEVERE ] placing card 37 in slot 2
[2022-12-08 12:37:07] [SEVERE ] placing card 38 in slot 3
[2022-12-08 12:37:07] [SEVERE ] placing card 67 in slot 4
[2022-12-08 12:37:07] [SEVERE ] placing card 26 in slot 5
[2022-12-08 12:37:07] [SEVERE ] placing card 70 in slot 6
[2022-12-08 12:37:07] [SEVERE ] placing card 75 in slot 7
[2022-12-08 12:37:07] [SEVERE ] placing card 62 in slot 8
[2022-12-08 12:37:07] [SEVERE ] placing card 51 in slot 9
[2022-12-08 12:37:07] [SEVERE ] placing card 66 in slot 10
[2022-12-08 12:37:07] [SEVERE ] placing card 56 in slot 11
[2022-12-08 12:37:37] [SEVERE ] Key 65 was pressed by player 0
[2022-12-08 12:37:37] [SEVERE ] player 0 placing token on slot 4
[2022-12-08 12:37:39] [SEVERE ] Key 70 was pressed by player 0
[2022-12-08 12:37:39] [SEVERE ] player 0 placing token on slot 7
[2022-12-08 12:37:42] [SEVERE ] Key 86 was pressed by player 0
[2022-12-08 12:37:42] [SEVERE ] player 0 placing token on slot 11
[2022-12-08 12:37:42] [SEVERE ] removing player 0 token from slot 4
[2022-12-08 12:37:42] [SEVERE ] removing player 0 token from slot 7
[2022-12-08 12:37:42] [SEVERE ] removing player 0 token from slot 11
[2022-12-08 12:37:49] [SEVERE ] Key 86 was pressed by player 0
[2022-12-08 12:37:49] [SEVERE ] player 0 placing token on slot 11
[2022-12-08 12:37:50] [SEVERE ] Key 86 was pressed by player 0
[2022-12-08 12:37:50] [SEVERE ] player 0 placing token on slot 11
[2022-12-08 12:38:08] [SEVERE ] placing card 80 in slot 0
[2022-12-08 12:38:08] [SEVERE ] placing card 38 in slot 1
[2022-12-08 12:38:08] [SEVERE ] placing card 33 in slot 2
[2022-12-08 12:38:08] [SEVERE ] placing card 16 in slot 3
[2022-12-08 12:38:08] [SEVERE ] placing card 49 in slot 4
[2022-12-08 12:38:08] [SEVERE ] placing card 51 in slot 5
[2022-12-08 12:38:09] [SEVERE ] placing card 9 in slot 6
[2022-12-08 12:38:09] [SEVERE ] placing card 77 in slot 7
[2022-12-08 12:38:09] [SEVERE ] placing card 40 in slot 8
[2022-12-08 12:38:09] [SEVERE ] placing card 11 in slot 9
[2022-12-08 12:38:09] [SEVERE ] placing card 78 in slot 10
[2022-12-08 12:38:09] [SEVERE ] placing card 59 in slot 11
[2022-12-08 12:38:36] [SEVERE ] Key 81 was pressed by player 0
[2022-12-08 12:38:36] [SEVERE ] player 0 placing token on slot 0
[2022-12-08 12:38:36] [SEVERE ] removing player 0 token from slot 11
[2022-12-08 12:38:36] [SEVERE ] removing player 0 token from slot 11
[2022-12-08 12:38:36] [SEVERE ] removing player 0 token from slot 0
[2022-12-08 12:38:39] [SEVERE ] Key 69 was pressed by player 0
[2022-12-08 12:38:39] [SEVERE ] player 0 placing token on slot 2
[2022-12-08 12:38:39] [SEVERE ] Key 81 was pressed by player 0
[2022-12-08 12:38:39] [SEVERE ] player 0 placing token on slot 0
[2022-12-08 12:38:42] [SEVERE ] Key 82 was pressed by player 0
[2022-12-08 12:38:42] [SEVERE ] player 0 placing token on slot 3
[2022-12-08 12:38:42] [SEVERE ] removing player 0 token from slot 2
[2022-12-08 12:38:42] [SEVERE ] removing player 0 token from slot 0
[2022-12-08 12:38:42] [SEVERE ] removing player 0 token from slot 3
[2022-12-08 12:38:42] [SEVERE ] setting player 0 score to 1
[2022-12-08 12:38:44] [SEVERE ] Key 81 was pressed by player 0
[2022-12-08 12:38:44] [SEVERE ] player 0 placing token on slot 0
[2022-12-08 12:38:44] [SEVERE ] Key 87 was pressed by player 0
[2022-12-08 12:38:44] [SEVERE ] player 0 placing token on slot 1
[2022-12-08 12:38:44] [SEVERE ] Key 82 was pressed by player 0
[2022-12-08 12:38:44] [SEVERE ] player 0 placing token on slot 3
[2022-12-08 12:38:44] [SEVERE ] removing player 0 token from slot 0
[2022-12-08 12:38:44] [SEVERE ] removing player 0 token from slot 1
[2022-12-08 12:38:44] [SEVERE ] removing player 0 token from slot 3
[2022-12-08 12:38:48] [SEVERE ] Key 81 was pressed by player 0
[2022-12-08 12:38:48] [SEVERE ] player 0 placing token on slot 0
[2022-12-08 12:38:48] [SEVERE ] Key 87 was pressed by player 0
[2022-12-08 12:38:48] [SEVERE ] player 0 placing token on slot 1
[2022-12-08 12:38:48] [SEVERE ] Key 82 was pressed by player 0
[2022-12-08 12:38:48] [SEVERE ] player 0 placing token on slot 3
[2022-12-08 12:38:48] [SEVERE ] removing player 0 token from slot 0
[2022-12-08 12:38:48] [SEVERE ] removing player 0 token from slot 1
[2022-12-08 12:38:48] [SEVERE ] removing player 0 token from slot 3
[2022-12-08 12:38:51] [SEVERE ] Key 81 was pressed by player 0
[2022-12-08 12:38:51] [SEVERE ] player 0 placing token on slot 0
[2022-12-08 12:38:51] [SEVERE ] Key 87 was pressed by player 0
[2022-12-08 12:38:51] [SEVERE ] player 0 placing token on slot 1
[2022-12-08 12:38:51] [SEVERE ] Key 82 was pressed by player 0
[2022-12-08 12:38:51] [SEVERE ] player 0 placing token on slot 3
[2022-12-08 12:38:51] [SEVERE ] removing player 0 token from slot 0
[2022-12-08 12:38:51] [SEVERE ] removing player 0 token from slot 1
[2022-12-08 12:38:51] [SEVERE ] removing player 0 token from slot 3
[2022-12-08 12:38:55] [SEVERE ] Key 82 was pressed by player 0
[2022-12-08 12:38:55] [SEVERE ] player 0 placing token on slot 3
[2022-12-08 12:38:56] [SEVERE ] Key 87 was pressed by player 0
[2022-12-08 12:38:56] [SEVERE ] player 0 placing token on slot 1
[2022-12-08 12:38:57] [SEVERE ] Key 81 was pressed by player 0
[2022-12-08 12:38:57] [SEVERE ] player 0 placing token on slot 0
[2022-12-08 12:38:57] [SEVERE ] removing player 0 token from slot 3
[2022-12-08 12:38:57] [SEVERE ] removing player 0 token from slot 1
[2022-12-08 12:38:57] [SEVERE ] removing player 0 token from slot 0
[2022-12-08 12:39:10] [SEVERE ] placing card 34 in slot 0
[2022-12-08 12:39:10] [SEVERE ] placing card 58 in slot 1
[2022-12-08 12:39:10] [SEVERE ] placing card 78 in slot 2
[2022-12-08 12:39:10] [SEVERE ] placing card 57 in slot 3
[2022-12-08 12:39:10] [SEVERE ] placing card 71 in slot 4
[2022-12-08 12:39:10] [SEVERE ] placing card 18 in slot 5
[2022-12-08 12:39:10] [SEVERE ] placing card 32 in slot 6
[2022-12-08 12:39:10] [SEVERE ] placing card 1 in slot 7
[2022-12-08 12:39:10] [SEVERE ] placing card 43 in slot 8
[2022-12-08 12:39:10] [SEVERE ] placing card 4 in slot 9
[2022-12-08 12:39:11] [SEVERE ] placing card 47 in slot 10
[2022-12-08 12:39:11] [SEVERE ] placing card 6 in slot 11
[2022-12-08 12:39:17] [SEVERE ] Key 81 was pressed by player 0
[2022-12-08 12:39:17] [SEVERE ] player 0 placing token on slot 0
[2022-12-08 12:39:17] [SEVERE ] Key 87 was pressed by player 0
[2022-12-08 12:39:17] [SEVERE ] player 0 placing token on slot 1
[2022-12-08 12:39:20] [SEVERE ] Key 70 was pressed by player 0
[2022-12-08 12:39:20] [SEVERE ] player 0 placing token on slot 7
[2022-12-08 12:39:20] [SEVERE ] removing player 0 token from slot 0
[2022-12-08 12:39:20] [SEVERE ] removing player 0 token from slot 1
[2022-12-08 12:39:20] [SEVERE ] removing player 0 token from slot 7
[2022-12-08 12:39:20] [SEVERE ] setting player 0 score to 2
[2022-12-08 12:39:22] [SEVERE ] Key 81 was pressed by player 0
[2022-12-08 12:39:22] [SEVERE ] player 0 placing token on slot 0
[2022-12-08 12:39:22] [SEVERE ] Key 87 was pressed by player 0
[2022-12-08 12:39:22] [SEVERE ] player 0 placing token on slot 1
[2022-12-08 12:39:22] [SEVERE ] Key 70 was pressed by player 0
[2022-12-08 12:39:22] [SEVERE ] player 0 placing token on slot 7
[2022-12-08 12:39:22] [SEVERE ] removing player 0 token from slot 0
[2022-12-08 12:39:22] [SEVERE ] removing player 0 token from slot 1
[2022-12-08 12:39:22] [SEVERE ] removing player 0 token from slot 7
[2022-12-08 12:39:22] [SEVERE ] setting player 0 score to 3
[2022-12-08 12:39:23] [SEVERE ] Key 81 was pressed by player 0
[2022-12-08 12:39:23] [SEVERE ] player 0 placing token on slot 0
[2022-12-08 12:39:24] [SEVERE ] Key 87 was pressed by player 0
[2022-12-08 12:39:24] [SEVERE ] player 0 placing token on slot 1
[2022-12-08 12:39:24] [SEVERE ] Key 70 was pressed by player 0
[2022-12-08 12:39:24] [SEVERE ] player 0 placing token on slot 7
[2022-12-08 12:39:24] [SEVERE ] removing player 0 token from slot 0
[2022-12-08 12:39:24] [SEVERE ] removing player 0 token from slot 1
[2022-12-08 12:39:24] [SEVERE ] removing player 0 token from slot 7
[2022-12-08 12:39:24] [SEVERE ] setting player 0 score to 4
[2022-12-08 12:39:25] [SEVERE ] Key 81 was pressed by player 0
[2022-12-08 12:39:25] [SEVERE ] player 0 placing token on slot 0
[2022-12-08 12:39:25] [SEVERE ] Key 87 was pressed by player 0
[2022-12-08 12:39:25] [SEVERE ] player 0 placing token on slot 1
[2022-12-08 12:39:25] [SEVERE ] Key 70 was pressed by player 0
[2022-12-08 12:39:25] [SEVERE ] player 0 placing token on slot 7
[2022-12-08 12:39:25] [SEVERE ] removing player 0 token from slot 0
[2022-12-08 12:39:25] [SEVERE ] removing player 0 token from slot 1
[2022-12-08 12:39:25] [SEVERE ] removing player 0 token from slot 7
[2022-12-08 12:39:25] [SEVERE ] setting player 0 score to 5
[2022-12-08 12:39:26] [SEVERE ] Key 81 was pressed by player 0
[2022-12-08 12:39:26] [SEVERE ] player 0 placing token on slot 0
[2022-12-08 12:39:26] [SEVERE ] Key 87 was pressed by player 0
[2022-12-08 12:39:26] [SEVERE ] player 0 placing token on slot 1
[2022-12-08 12:39:27] [SEVERE ] Key 70 was pressed by player 0
[2022-12-08 12:39:27] [SEVERE ] player 0 placing token on slot 7
[2022-12-08 12:39:27] [SEVERE ] removing player 0 token from slot 0
[2022-12-08 12:39:27] [SEVERE ] removing player 0 token from slot 1
[2022-12-08 12:39:27] [SEVERE ] removing player 0 token from slot 7
[2022-12-08 12:39:27] [SEVERE ] setting player 0 score to 6
[2022-12-08 12:39:28] [SEVERE ] Key 81 was pressed by player 0
[2022-12-08 12:39:28] [SEVERE ] player 0 placing token on slot 0
[2022-12-08 12:39:28] [SEVERE ] Key 87 was pressed by player 0
[2022-12-08 12:39:28] [SEVERE ] player 0 placing token on slot 1
[2022-12-08 12:39:28] [SEVERE ] Key 70 was pressed by player 0
[2022-12-08 12:39:28] [SEVERE ] player 0 placing token on slot 7
[2022-12-08 12:39:28] [SEVERE ] removing player 0 token from slot 0
[2022-12-08 12:39:28] [SEVERE ] removing player 0 token from slot 1
[2022-12-08 12:39:28] [SEVERE ] removing player 0 token from slot 7
[2022-12-08 12:39:28] [SEVERE ] setting player 0 score to 7
[2022-12-08 12:39:29] [SEVERE ] Key 70 was pressed by player 0
[2022-12-08 12:39:29] [SEVERE ] player 0 placing token on slot 7
[2022-12-08 12:39:29] [SEVERE ] Key 87 was pressed by player 0
[2022-12-08 12:39:29] [SEVERE ] player 0 placing token on slot 1
[2022-12-08 12:39:29] [SEVERE ] Key 81 was pressed by player 0
[2022-12-08 12:39:29] [SEVERE ] player 0 placing token on slot 0
[2022-12-08 12:39:29] [SEVERE ] removing player 0 token from slot 7
[2022-12-08 12:39:29] [SEVERE ] removing player 0 token from slot 1
[2022-12-08 12:39:29] [SEVERE ] removing player 0 token from slot 0
[2022-12-08 12:39:29] [SEVERE ] setting player 0 score to 8
[2022-12-08 12:39:31] [SEVERE ] Key 70 was pressed by player 0
[2022-12-08 12:39:31] [SEVERE ] player 0 placing token on slot 7
[2022-12-08 12:39:31] [SEVERE ] Key 87 was pressed by player 0
[2022-12-08 12:39:31] [SEVERE ] player 0 placing token on slot 1
[2022-12-08 12:39:31] [SEVERE ] Key 81 was pressed by player 0
[2022-12-08 12:39:31] [SEVERE ] player 0 placing token on slot 0
[2022-12-08 12:39:31] [SEVERE ] removing player 0 token from slot 7
[2022-12-08 12:39:31] [SEVERE ] removing player 0 token from slot 1
[2022-12-08 12:39:31] [SEVERE ] removing player 0 token from slot 0
[2022-12-08 12:39:31] [SEVERE ] setting player 0 score to 9
[2022-12-08 12:39:32] [SEVERE ] Key 70 was pressed by player 0
[2022-12-08 12:39:32] [SEVERE ] player 0 placing token on slot 7
[2022-12-08 12:39:32] [SEVERE ] Key 87 was pressed by player 0
[2022-12-08 12:39:32] [SEVERE ] player 0 placing token on slot 1
[2022-12-08 12:39:32] [SEVERE ] Key 81 was pressed by player 0
[2022-12-08 12:39:32] [SEVERE ] player 0 placing token on slot 0
[2022-12-08 12:39:32] [SEVERE ] removing player 0 token from slot 7
[2022-12-08 12:39:32] [SEVERE ] removing player 0 token from slot 1
[2022-12-08 12:39:32] [SEVERE ] removing player 0 token from slot 0
[2022-12-08 12:39:32] [SEVERE ] setting player 0 score to 10
[2022-12-08 12:39:33] [SEVERE ] Key 70 was pressed by player 0
[2022-12-08 12:39:33] [SEVERE ] player 0 placing token on slot 7
[2022-12-08 12:39:33] [SEVERE ] Key 87 was pressed by player 0
[2022-12-08 12:39:33] [SEVERE ] player 0 placing token on slot 1
[2022-12-08 12:39:34] [SEVERE ] Key 81 was pressed by player 0
[2022-12-08 12:39:34] [SEVERE ] player 0 placing token on slot 0
[2022-12-08 12:39:34] [SEVERE ] removing player 0 token from slot 7
[2022-12-08 12:39:34] [SEVERE ] removing player 0 token from slot 1
[2022-12-08 12:39:34] [SEVERE ] removing player 0 token from slot 0
[2022-12-08 12:39:34] [SEVERE ] setting player 0 score to 11
[2022-12-08 12:39:35] [SEVERE ] Key 70 was pressed by player 0
[2022-12-08 12:39:35] [SEVERE ] player 0 placing token on slot 7
[2022-12-08 12:39:35] [SEVERE ] Key 87 was pressed by player 0
[2022-12-08 12:39:35] [SEVERE ] player 0 placing token on slot 1
[2022-12-08 12:39:35] [SEVERE ] Key 81 was pressed by player 0
[2022-12-08 12:39:35] [SEVERE ] player 0 placing token on slot 0
[2022-12-08 12:39:35] [SEVERE ] removing player 0 token from slot 7
[2022-12-08 12:39:35] [SEVERE ] removing player 0 token from slot 1
[2022-12-08 12:39:35] [SEVERE ] removing player 0 token from slot 0
[2022-12-08 12:39:35] [SEVERE ] setting player 0 score to 12
[2022-12-08 12:39:36] [SEVERE ] Key 70 was pressed by player 0
[2022-12-08 12:39:36] [SEVERE ] player 0 placing token on slot 7
[2022-12-08 12:39:36] [SEVERE ] Key 87 was pressed by player 0
[2022-12-08 12:39:36] [SEVERE ] player 0 placing token on slot 1
[2022-12-08 12:39:36] [SEVERE ] Key 81 was pressed by player 0
[2022-12-08 12:39:36] [SEVERE ] player 0 placing token on slot 0
[2022-12-08 12:39:36] [SEVERE ] removing player 0 token from slot 7
[2022-12-08 12:39:36] [SEVERE ] removing player 0 token from slot 1
[2022-12-08 12:39:36] [SEVERE ] removing player 0 token from slot 0
[2022-12-08 12:39:36] [SEVERE ] setting player 0 score to 13
[2022-12-08 12:40:11] [SEVERE ] placing card 44 in slot 0
[2022-12-08 12:40:11] [SEVERE ] placing card 63 in slot 1
[2022-12-08 12:40:11] [SEVERE ] placing card 25 in slot 2
[2022-12-08 12:40:11] [SEVERE ] placing card 59 in slot 3
[2022-12-08 12:40:12] [SEVERE ] placing card 19 in slot 4
[2022-12-08 12:40:12] [SEVERE ] placing card 20 in slot 5
[2022-12-08 12:40:12] [SEVERE ] placing card 76 in slot 6
[2022-12-08 12:40:12] [SEVERE ] placing card 50 in slot 7
[2022-12-08 12:40:12] [SEVERE ] placing card 33 in slot 8
[2022-12-08 12:40:12] [SEVERE ] placing card 79 in slot 9
[2022-12-08 12:40:12] [SEVERE ] placing card 53 in slot 10
[2022-12-08 12:40:12] [SEVERE ] placing card 72 in slot 11
[2022-12-08 12:41:13] [SEVERE ] placing card 77 in slot 0
[2022-12-08 12:41:13] [SEVERE ] placing card 41 in slot 1
[2022-12-08 12:41:13] [SEVERE ] placing card 0 in slot 2
[2022-12-08 12:41:13] [SEVERE ] placing card 7 in slot 3
[2022-12-08 12:41:13] [SEVERE ] placing card 43 in slot 4
[2022-12-08 12:41:13] [SEVERE ] placing card 42 in slot 5
[2022-12-08 12:41:13] [SEVERE ] placing card 4 in slot 6
[2022-12-08 12:41:13] [SEVERE ] placing card 37 in slot 7
[2022-12-08 12:41:13] [SEVERE ] placing card 45 in slot 8
[2022-12-08 12:41:14] [SEVERE ] placing card 53 in slot 9
[2022-12-08 12:41:14] [SEVERE ] placing card 69 in slot 10
[2022-12-08 12:41:14] [SEVERE ] placing card 40 in slot 11
[2022-12-08 12:42:14] [SEVERE ] placing card 17 in slot 0
[2022-12-08 12:42:14] [SEVERE ] placing card 73 in slot 1
[2022-12-08 12:42:14] [SEVERE ] placing card 34 in slot 2
[2022-12-08 12:42:14] [SEVERE ] placing card 58 in slot 3
[2022-12-08 12:42:15] [SEVERE ] placing card 20 in slot 4
[2022-12-08 12:42:15] [SEVERE ] placing card 69 in slot 5
[2022-12-08 12:42:15] [SEVERE ] placing card 8 in slot 6
[2022-12-08 12:42:15] [SEVERE ] placing card 66 in slot 7
[2022-12-08 12:42:15] [SEVERE ] placing card 59 in slot 8
[2022-12-08 12:42:15] [SEVERE ] placing card 29 in slot 9
[2022-12-08 12:42:15] [SEVERE ] placing card 13 in slot 10
[2022-12-08 12:42:15] [SEVERE ] placing card 63 in slot 11
[2022-12-08 12:43:16] [SEVERE ] placing card 31 in slot 0
[2022-12-08 12:43:16] [SEVERE ] placing card 35 in slot 1
[2022-12-08 12:43:16] [SEVERE ] placing card 18 in slot 2
[2022-12-08 12:43:16] [SEVERE ] placing card 19 in slot 3
[2022-12-08 12:43:16] [SEVERE ] placing card 6 in slot 4
[2022-12-08 12:43:16] [SEVERE ] placing card 14 in slot 5
[2022-12-08 12:43:16] [SEVERE ] placing card 41 in slot 6
[2022-12-08 12:43:16] [SEVERE ] placing card 49 in slot 7
[2022-12-08 12:43:17] [SEVERE ] placing card 27 in slot 8
[2022-12-08 12:43:17] [SEVERE ] placing card 23 in slot 9
[2022-12-08 12:43:17] [SEVERE ] placing card 32 in slot 10
[2022-12-08 12:43:17] [SEVERE ] placing card 80 in slot 11
[2022-12-08 12:44:17] [SEVERE ] placing card 67 in slot 0
[2022-12-08 12:44:17] [SEVERE ] placing card 16 in slot 1
[2022-12-08 12:44:18] [SEVERE ] placing card 4 in slot 2
[2022-12-08 12:44:18] [SEVERE ] placing card 45 in slot 3
[2022-12-08 12:44:18] [SEVERE ] placing card 5 in slot 4
[2022-12-08 12:44:18] [SEVERE ] placing card 34 in slot 5
[2022-12-08 12:44:18] [SEVERE ] placing card 13 in slot 6
[2022-12-08 12:44:18] [SEVERE ] placing card 26 in slot 7
[2022-12-08 12:44:18] [SEVERE ] placing card 19 in slot 8
[2022-12-08 12:44:18] [SEVERE ] placing card 43 in slot 9
[2022-12-08 12:44:18] [SEVERE ] placing card 80 in slot 10
[2022-12-08 12:44:18] [SEVERE ] placing card 1 in slot 11
[2022-12-08 12:45:19] [SEVERE ] placing card 8 in slot 0
[2022-12-08 12:45:19] [SEVERE ] placing card 12 in slot 1
[2022-12-08 12:45:19] [SEVERE ] placing card 26 in slot 2
[2022-12-08 12:45:19] [SEVERE ] placing card 52 in slot 3
[2022-12-08 12:45:19] [SEVERE ] placing card 50 in slot 4
[2022-12-08 12:45:19] [SEVERE ] placing card 76 in slot 5
[2022-12-08 12:45:19] [SEVERE ] placing card 70 in slot 6
[2022-12-08 12:45:20] [SEVERE ] placing card 66 in slot 7
[2022-12-08 12:45:20] [SEVERE ] placing card 58 in slot 8
[2022-12-08 12:45:20] [SEVERE ] placing card 31 in slot 9
[2022-12-08 12:45:20] [SEVERE ] placing card 61 in slot 10
[2022-12-08 12:45:20] [SEVERE ] placing card 38 in slot 11
[2022-12-08 12:46:20] [SEVERE ] placing card 49 in slot 0
[2022-12-08 12:46:21] [SEVERE ] placing card 19 in slot 1
[2022-12-08 12:46:21] [SEVERE ] placing card 1 in slot 2
[2022-12-08 12:46:21] [SEVERE ] placing card 42 in slot 3
[2022-12-08 12:46:21] [SEVERE ] placing card 72 in slot 4
[2022-12-08 12:46:21] [SEVERE ] placing card 13 in slot 5
[2022-12-08 12:46:21] [SEVERE ] placing card 47 in slot 6
[2022-12-08 12:46:21] [SEVERE ] placing card 24 in slot 7
[2022-12-08 12:46:21] [SEVERE ] placing card 33 in slot 8
[2022-12-08 12:46:21] [SEVERE ] placing card 18 in slot 9
[2022-12-08 12:46:22] [SEVERE ] placing card 2 in slot 10
[2022-12-08 12:46:22] [SEVERE ] placing card 12 in slot 11
[2022-12-08 12:47:22] [SEVERE ] placing card 80 in slot 0
[2022-12-08 12:47:23] [SEVERE ] placing card 31 in slot 1
[2022-12-08 12:47:23] [SEVERE ] placing card 45 in slot 2
[2022-12-08 12:47:23] [SEVERE ] placing card 14 in slot 3
[2022-12-08 12:47:23] [SEVERE ] placing card 71 in slot 4
[2022-12-08 12:47:23] [SEVERE ] placing card 6 in slot 5
[2022-12-08 12:47:23] [SEVERE ] placing card 51 in slot 6
[2022-12-08 12:47:23] [SEVERE ] placing card 44 in slot 7
[2022-12-08 12:47:23] [SEVERE ] placing card 26 in slot 8
[2022-12-08 12:47:23] [SEVERE ] placing card 29 in slot 9
[2022-12-08 12:47:24] [SEVERE ] placing card 19 in slot 10
[2022-12-08 12:47:24] [SEVERE ] placing card 74 in slot 11
[2022-12-08 12:48:25] [SEVERE ] placing card 10 in slot 0
[2022-12-08 12:48:25] [SEVERE ] placing card 11 in slot 1
[2022-12-08 12:48:25] [SEVERE ] placing card 75 in slot 2
[2022-12-08 12:48:25] [SEVERE ] placing card 47 in slot 3
[2022-12-08 12:48:25] [SEVERE ] placing card 57 in slot 4
[2022-12-08 12:48:26] [SEVERE ] placing card 48 in slot 5
[2022-12-08 12:48:26] [SEVERE ] placing card 40 in slot 6
[2022-12-08 12:48:26] [SEVERE ] placing card 58 in slot 7
[2022-12-08 12:48:26] [SEVERE ] placing card 24 in slot 8
[2022-12-08 12:48:26] [SEVERE ] placing card 1 in slot 9
[2022-12-08 12:48:26] [SEVERE ] placing card 54 in slot 10
[2022-12-08 12:48:26] [SEVERE ] placing card 79 in slot 11
[2022-12-08 12:49:28] [SEVERE ] placing card 45 in slot 0
[2022-12-08 12:49:28] [SEVERE ] placing card 23 in slot 1
[2022-12-08 12:49:28] [SEVERE ] placing card 35 in slot 2
[2022-12-08 12:49:28] [SEVERE ] placing card 3 in slot 3
[2022-12-08 12:49:28] [SEVERE ] placing card 75 in slot 4
[2022-12-08 12:49:28] [SEVERE ] placing card 15 in slot 5
[2022-12-08 12:49:28] [SEVERE ] placing card 54 in slot 6
[2022-12-08 12:49:28] [SEVERE ] placing card 34 in slot 7
[2022-12-08 12:49:28] [SEVERE ] placing card 48 in slot 8
[2022-12-08 12:49:28] [SEVERE ] placing card 65 in slot 9
[2022-12-08 12:49:29] [SEVERE ] placing card 64 in slot 10
[2022-12-08 12:49:29] [SEVERE ] placing card 4 in slot 11
[2022-12-08 12:50:30] [SEVERE ] placing card 20 in slot 0
[2022-12-08 12:50:30] [SEVERE ] placing card 32 in slot 1
[2022-12-08 12:50:30] [SEVERE ] placing card 61 in slot 2
[2022-12-08 12:50:30] [SEVERE ] placing card 5 in slot 3
[2022-12-08 12:50:30] [SEVERE ] placing card 51 in slot 4
[2022-12-08 12:50:31] [SEVERE ] placing card 70 in slot 5
[2022-12-08 12:50:31] [SEVERE ] placing card 54 in slot 6
[2022-12-08 12:50:31] [SEVERE ] placing card 31 in slot 7
[2022-12-08 12:50:31] [SEVERE ] placing card 37 in slot 8
[2022-12-08 12:50:31] [SEVERE ] placing card 60 in slot 9
[2022-12-08 12:50:31] [SEVERE ] placing card 30 in slot 10
[2022-12-08 12:50:31] [SEVERE ] placing card 39 in slot 11
[2022-12-08 12:51:32] [SEVERE ] placing card 72 in slot 0
[2022-12-08 12:51:33] [SEVERE ] placing card 44 in slot 1
[2022-12-08 12:51:33] [SEVERE ] placing card 40 in slot 2
[2022-12-08 12:51:33] [SEVERE ] placing card 7 in slot 3
[2022-12-08 12:51:33] [SEVERE ] placing card 4 in slot 4
[2022-12-08 12:51:33] [SEVERE ] placing card 64 in slot 5
[2022-12-08 12:51:33] [SEVERE ] placing card 26 in slot 6
[2022-12-08 12:51:33] [SEVERE ] placing card 36 in slot 7
[2022-12-08 12:51:33] [SEVERE ] placing card 19 in slot 8
[2022-12-08 12:51:33] [SEVERE ] placing card 75 in slot 9
[2022-12-08 12:51:33] [SEVERE ] placing card 59 in slot 10
[2022-12-08 12:51:34] [SEVERE ] placing card 74 in slot 11
[2022-12-08 12:52:35] [SEVERE ] placing card 37 in slot 0
[2022-12-08 12:52:35] [SEVERE ] placing card 34 in slot 1
[2022-12-08 12:52:35] [SEVERE ] placing card 43 in slot 2
[2022-12-08 12:52:35] [SEVERE ] placing card 56 in slot 3
[2022-12-08 12:52:35] [SEVERE ] placing card 14 in slot 4
[2022-12-08 12:52:35] [SEVERE ] placing card 53 in slot 5
[2022-12-08 12:52:36] [SEVERE ] placing card 48 in slot 6
[2022-12-08 12:52:36] [SEVERE ] placing card 17 in slot 7
[2022-12-08 12:52:36] [SEVERE ] placing card 78 in slot 8
[2022-12-08 12:52:36] [SEVERE ] placing card 26 in slot 9
[2022-12-08 12:52:36] [SEVERE ] placing card 45 in slot 10
[2022-12-08 12:52:36] [SEVERE ] placing card 30 in slot 11
[2022-12-08 12:53:37] [SEVERE ] placing card 35 in slot 0
[2022-12-08 12:53:37] [SEVERE ] placing card 76 in slot 1
[2022-12-08 12:53:38] [SEVERE ] placing card 9 in slot 2
[2022-12-08 12:53:38] [SEVERE ] placing card 42 in slot 3
[2022-12-08 12:53:38] [SEVERE ] placing card 51 in slot 4
[2022-12-08 12:53:38] [SEVERE ] placing card 1 in slot 5
[2022-12-08 12:53:38] [SEVERE ] placing card 54 in slot 6
[2022-12-08 12:53:38] [SEVERE ] placing card 33 in slot 7
[2022-12-08 12:53:38] [SEVERE ] placing card 7 in slot 8
[2022-12-08 12:53:38] [SEVERE ] placing card 18 in slot 9
[2022-12-08 12:53:38] [SEVERE ] placing card 17 in slot 10
[2022-12-08 12:53:39] [SEVERE ] placing card 39 in slot 11
[2022-12-08 12:54:40] [SEVERE ] placing card 28 in slot 0
[2022-12-08 12:54:40] [SEVERE ] placing card 65 in slot 1
[2022-12-08 12:54:40] [SEVERE ] placing card 42 in slot 2
[2022-12-08 12:54:40] [SEVERE ] placing card 68 in slot 3
[2022-12-08 12:54:40] [SEVERE ] placing card 18 in slot 4
[2022-12-08 12:54:40] [SEVERE ] placing card 0 in slot 5
[2022-12-08 12:54:40] [SEVERE ] placing card 74 in slot 6
[2022-12-08 12:54:41] [SEVERE ] placing card 69 in slot 7
[2022-12-08 12:54:41] [SEVERE ] placing card 15 in slot 8
[2022-12-08 12:54:41] [SEVERE ] placing card 70 in slot 9
[2022-12-08 12:54:41] [SEVERE ] placing card 73 in slot 10
[2022-12-08 12:54:41] [SEVERE ] placing card 24 in slot 11
[2022-12-08 12:55:41] [SEVERE ] placing card 26 in slot 0
[2022-12-08 12:55:42] [SEVERE ] placing card 55 in slot 1
[2022-12-08 12:55:42] [SEVERE ] placing card 0 in slot 2
[2022-12-08 12:55:42] [SEVERE ] placing card 56 in slot 3
[2022-12-08 12:55:42] [SEVERE ] placing card 66 in slot 4
[2022-12-08 12:55:42] [SEVERE ] placing card 33 in slot 5
[2022-12-08 12:55:42] [SEVERE ] placing card 7 in slot 6
[2022-12-08 12:55:42] [SEVERE ] placing card 42 in slot 7
[2022-12-08 12:55:42] [SEVERE ] placing card 45 in slot 8
[2022-12-08 12:55:42] [SEVERE ] placing card 32 in slot 9
[2022-12-08 12:55:42] [SEVERE ] placing card 48 in slot 10
[2022-12-08 12:55:43] [SEVERE ] placing card 57 in slot 11
[2022-12-08 12:56:43] [SEVERE ] placing card 70 in slot 0
[2022-12-08 12:56:43] [SEVERE ] placing card 76 in slot 1
[2022-12-08 12:56:43] [SEVERE ] placing card 22 in slot 2
[2022-12-08 12:56:43] [SEVERE ] placing card 38 in slot 3
[2022-12-08 12:56:43] [SEVERE ] placing card 63 in slot 4
[2022-12-08 12:56:44] [SEVERE ] placing card 1 in slot 5
[2022-12-08 12:56:44] [SEVERE ] placing card 13 in slot 6
[2022-12-08 12:56:44] [SEVERE ] placing card 68 in slot 7
[2022-12-08 12:56:44] [SEVERE ] placing card 2 in slot 8
[2022-12-08 12:56:44] [SEVERE ] placing card 40 in slot 9
[2022-12-08 12:56:44] [SEVERE ] placing card 28 in slot 10
[2022-12-08 12:56:44] [SEVERE ] placing card 14 in slot 11
[2022-12-08 12:57:45] [SEVERE ] placing card 13 in slot 0
[2022-12-08 12:57:45] [SEVERE ] placing card 51 in slot 1
[2022-12-08 12:57:45] [SEVERE ] placing card 3 in slot 2
[2022-12-08 12:57:45] [SEVERE ] placing card 56 in slot 3
[2022-12-08 12:57:45] [SEVERE ] placing card 63 in slot 4
[2022-12-08 12:57:45] [SEVERE ] placing card 52 in slot 5
[2022-12-08 12:57:45] [SEVERE ] placing card 76 in slot 6
[2022-12-08 12:57:45] [SEVERE ] placing card 73 in slot 7
[2022-12-08 12:57:45] [SEVERE ] placing card 70 in slot 8
[2022-12-08 12:57:46] [SEVERE ] placing card 25 in slot 9
[2022-12-08 12:57:46] [SEVERE ] placing card 34 in slot 10
[2022-12-08 12:57:46] [SEVERE ] placing card 27 in slot 11
[2022-12-08 12:58:46] [SEVERE ] placing card 59 in slot 0
[2022-12-08 12:58:46] [SEVERE ] placing card 78 in slot 1
[2022-12-08 12:58:46] [SEVERE ] placing card 23 in slot 2
[2022-12-08 12:58:46] [SEVERE ] placing card 26 in slot 3
[2022-12-08 12:58:47] [SEVERE ] placing card 79 in slot 4
[2022-12-08 12:58:47] [SEVERE ] placing card 43 in slot 5
[2022-12-08 12:58:47] [SEVERE ] placing card 69 in slot 6
[2022-12-08 12:58:47] [SEVERE ] placing card 33 in slot 7
[2022-12-08 12:58:47] [SEVERE ] placing card 67 in slot 8
[2022-12-08 12:58:47] [SEVERE ] placing card 3 in slot 9
[2022-12-08 12:58:47] [SEVERE ] placing card 63 in slot 10
[2022-12-08 12:58:47] [SEVERE ] placing card 18 in slot 11
[2022-12-08 12:59:48] [SEVERE ] placing card 1 in slot 0
[2022-12-08 12:59:48] [SEVERE ] placing card 70 in slot 1
[2022-12-08 12:59:48] [SEVERE ] placing card 61 in slot 2
[2022-12-08 12:59:49] [SEVERE ] placing card 62 in slot 3
[2022-12-08 12:59:49] [SEVERE ] placing card 40 in slot 4
[2022-12-08 12:59:49] [SEVERE ] placing card 31 in slot 5
[2022-12-08 12:59:49] [SEVERE ] placing card 8 in slot 6
[2022-12-08 12:59:49] [SEVERE ] placing card 50 in slot 7
[2022-12-08 12:59:49] [SEVERE ] placing card 3 in slot 8
[2022-12-08 12:59:49] [SEVERE ] placing card 6 in slot 9
[2022-12-08 12:59:49] [SEVERE ] placing card 34 in slot 10
[2022-12-08 12:59:49] [SEVERE ] placing card 18 in slot 11
[2022-12-08 13:00:51] [SEVERE ] placing card 49 in slot 0
[2022-12-08 13:00:51] [SEVERE ] placing card 40 in slot 1
[2022-12-08 13:00:51] [SEVERE ] placing card 30 in slot 2
[2022-12-08 13:00:51] [SEVERE ] placing card 61 in slot 3
[2022-12-08 13:00:51] [SEVERE ] placing card 57 in slot 4
[2022-12-08 13:00:51] [SEVERE ] placing card 64 in slot 5
[2022-12-08 13:00:51] [SEVERE ] placing card 60 in slot 6
[2022-12-08 13:00:51] [SEVERE ] placing card 42 in slot 7
[2022-12-08 13:00:52] [SEVERE ] placing card 79 in slot 8
[2022-12-08 13:00:52] [SEVERE ] placing card 72 in slot 9
[2022-12-08 13:00:52] [SEVERE ] placing card 9 in slot 10
[2022-12-08 13:00:52] [SEVERE ] placing card 28 in slot 11
[2022-12-08 13:01:53] [SEVERE ] placing card 4 in slot 0
[2022-12-08 13:01:53] [SEVERE ] placing card 21 in slot 1
[2022-12-08 13:01:53] [SEVERE ] placing card 78 in slot 2
[2022-12-08 13:01:54] [SEVERE ] placing card 14 in slot 3
[2022-12-08 13:01:54] [SEVERE ] placing card 69 in slot 4
[2022-12-08 13:01:54] [SEVERE ] placing card 19 in slot 5
[2022-12-08 13:01:54] [SEVERE ] placing card 32 in slot 6
[2022-12-08 13:01:54] [SEVERE ] placing card 15 in slot 7
[2022-12-08 13:01:54] [SEVERE ] placing card 30 in slot 8
[2022-12-08 13:01:54] [SEVERE ] placing card 63 in slot 9
[2022-12-08 13:01:54] [SEVERE ] placing card 5 in slot 10
[2022-12-08 13:01:54] [SEVERE ] placing card 70 in slot 11
[2022-12-08 13:02:56] [SEVERE ] placing card 21 in slot 0
[2022-12-08 13:02:56] [SEVERE ] placing card 45 in slot 1
[2022-12-08 13:02:56] [SEVERE ] placing card 4 in slot 2
[2022-12-08 13:02:56] [SEVERE ] placing card 36 in slot 3
[2022-12-08 13:02:56] [SEVERE ] placing card 32 in slot 4
[2022-12-08 13:02:56] [SEVERE ] placing card 30 in slot 5
[2022-12-08 13:02:56] [SEVERE ] placing card 40 in slot 6
[2022-12-08 13:02:57] [SEVERE ] placing card 47 in slot 7
[2022-12-08 13:02:57] [SEVERE ] placing card 19 in slot 8
[2022-12-08 13:02:57] [SEVERE ] placing card 18 in slot 9
[2022-12-08 13:02:57] [SEVERE ] placing card 23 in slot 10
[2022-12-08 13:02:57] [SEVERE ] placing card 11 in slot 11
[2022-12-08 13:03:58] [SEVERE ] placing card 49 in slot 0
[2022-12-08 13:03:58] [SEVERE ] placing card 36 in slot 1
[2022-12-08 13:03:59] [SEVERE ] placing card 9 in slot 2
[2022-12-08 13:03:59] [SEVERE ] placing card 61 in slot 3
[2022-12-08 13:03:59] [SEVERE ] placing card 29 in slot 4
[2022-12-08 13:03:59] [SEVERE ] placing card 32 in slot 5
[2022-12-08 13:03:59] [SEVERE ] placing card 47 in slot 6
[2022-12-08 13:03:59] [SEVERE ] placing card 0 in slot 7
[2022-12-08 13:03:59] [SEVERE ] placing card 19 in slot 8
[2022-12-08 13:03:59] [SEVERE ] placing card 71 in slot 9
[2022-12-08 13:03:59] [SEVERE ] placing card 75 in slot 10
[2022-12-08 13:04:00] [SEVERE ] placing card 44 in slot 11
[2022-12-08 13:05:29] [SEVERE ] placing card 9 in slot 0
[2022-12-08 13:05:29] [SEVERE ] placing card 51 in slot 1
[2022-12-08 13:05:29] [SEVERE ] placing card 5 in slot 2
[2022-12-08 13:05:29] [SEVERE ] placing card 57 in slot 3
[2022-12-08 13:05:29] [SEVERE ] placing card 21 in slot 4
[2022-12-08 13:05:29] [SEVERE ] placing card 12 in slot 5
[2022-12-08 13:05:29] [SEVERE ] placing card 29 in slot 6
[2022-12-08 13:05:30] [SEVERE ] placing card 76 in slot 7
[2022-12-08 13:05:30] [SEVERE ] placing card 77 in slot 8
[2022-12-08 13:05:30] [SEVERE ] placing card 10 in slot 9
[2022-12-08 13:05:30] [SEVERE ] placing card 34 in slot 10
[2022-12-08 13:05:30] [SEVERE ] placing card 42 in slot 11
[2022-12-08 13:06:30] [SEVERE ] placing card 71 in slot 0
[2022-12-08 13:06:31] [SEVERE ] placing card 36 in slot 1
[2022-12-08 13:06:31] [SEVERE ] placing card 41 in slot 2
[2022-12-08 13:06:31] [SEVERE ] placing card 26 in slot 3
[2022-12-08 13:06:31] [SEVERE ] placing card 10 in slot 4
[2022-12-08 13:06:31] [SEVERE ] placing card 1 in slot 5
[2022-12-08 13:06:31] [SEVERE ] placing card 52 in slot 6
[2022-12-08 13:06:31] [SEVERE ] placing card 7 in slot 7
[2022-12-08 13:06:31] [SEVERE ] placing card 74 in slot 8
[2022-12-08 13:06:31] [SEVERE ] placing card 50 in slot 9
[2022-12-08 13:06:31] [SEVERE ] placing card 32 in slot 10
[2022-12-08 13:06:32] [SEVERE ] placing card 39 in slot 11
[2022-12-08 13:07:32] [SEVERE ] placing card 79 in slot 0
[2022-12-08 13:07:32] [SEVERE ] placing card 43 in slot 1
[2022-12-08 13:07:32] [SEVERE ] placing card 47 in slot 2
[2022-12-08 13:07:32] [SEVERE ] placing card 5 in slot 3
[2022-12-08 13:07:32] [SEVERE ] placing card 29 in slot 4
[2022-12-08 13:07:32] [SEVERE ] placing card 1 in slot 5
[2022-12-08 13:07:33] [SEVERE ] placing card 46 in slot 6
[2022-12-08 13:07:33] [SEVERE ] placing card 30 in slot 7
[2022-12-08 13:07:33] [SEVERE ] placing card 71 in slot 8
[2022-12-08 13:07:33] [SEVERE ] placing card 42 in slot 9
[2022-12-08 13:07:33] [SEVERE ] placing card 10 in slot 10
[2022-12-08 13:07:33] [SEVERE ] placing card 3 in slot 11
[2022-12-08 13:08:33] [SEVERE ] placing card 50 in slot 0
[2022-12-08 13:08:34] [SEVERE ] placing card 70 in slot 1
[2022-12-08 13:08:34] [SEVERE ] placing card 1 in slot 2
[2022-12-08 13:08:34] [SEVERE ] placing card 10 in slot 3
[2022-12-08 13:08:34] [SEVERE ] placing card 80 in slot 4
[2022-12-08 13:08:34] [SEVERE ] placing card 12 in slot 5
[2022-12-08 13:08:34] [SEVERE ] placing card 42 in slot 6
[2022-12-08 13:08:34] [SEVERE ] placing card 14 in slot 7
[2022-12-08 13:08:34] [SEVERE ] placing card 40 in slot 8
[2022-12-08 13:08:34] [SEVERE ] placing card 58 in slot 9
[2022-12-08 13:08:35] [SEVERE ] placing card 32 in slot 10
[2022-12-08 13:08:35] [SEVERE ] placing card 66 in slot 11
[2022-12-08 13:09:35] [SEVERE ] placing card 32 in slot 0
[2022-12-08 13:09:35] [SEVERE ] placing card 3 in slot 1
[2022-12-08 13:09:35] [SEVERE ] placing card 30 in slot 2
[2022-12-08 13:09:35] [SEVERE ] placing card 39 in slot 3
[2022-12-08 13:09:35] [SEVERE ] placing card 64 in slot 4
[2022-12-08 13:09:36] [SEVERE ] placing card 1 in slot 5
[2022-12-08 13:09:36] [SEVERE ] placing card 5 in slot 6
[2022-12-08 13:09:36] [SEVERE ] placing card 29 in slot 7
[2022-12-08 13:09:36] [SEVERE ] placing card 18 in slot 8
[2022-12-08 13:09:36] [SEVERE ] placing card 26 in slot 9
[2022-12-08 13:09:36] [SEVERE ] placing card 38 in slot 10
[2022-12-08 13:09:36] [SEVERE ] placing card 36 in slot 11
[2022-12-08 13:10:37] [SEVERE ] placing card 17 in slot 0
[2022-12-08 13:10:37] [SEVERE ] placing card 6 in slot 1
[2022-12-08 13:10:37] [SEVERE ] placing card 48 in slot 2
[2022-12-08 13:10:38] [SEVERE ] placing card 8 in slot 3
[2022-12-08 13:10:38] [SEVERE ] placing card 56 in slot 4
[2022-12-08 13:10:38] [SEVERE ] placing card 64 in slot 5
[2022-12-08 13:10:38] [SEVERE ] placing card 55 in slot 6
[2022-12-08 13:10:38] [SEVERE ] placing card 74 in slot 7
[2022-12-08 13:10:38] [SEVERE ] placing card 25 in slot 8
[2022-12-08 13:10:38] [SEVERE ] placing card 2 in slot 9
[2022-12-08 13:10:38] [SEVERE ] placing card 41 in slot 10
[2022-12-08 13:10:38] [SEVERE ] placing card 5 in slot 11
[2022-12-08 13:11:40] [SEVERE ] placing card 28 in slot 0
[2022-12-08 13:11:40] [SEVERE ] placing card 54 in slot 1
[2022-12-08 13:11:40] [SEVERE ] placing card 9 in slot 2
[2022-12-08 13:11:40] [SEVERE ] placing card 48 in slot 3
[2022-12-08 13:11:40] [SEVERE ] placing card 59 in slot 4
[2022-12-08 13:11:40] [SEVERE ] placing card 29 in slot 5
[2022-12-08 13:11:40] [SEVERE ] placing card 41 in slot 6
[2022-12-08 13:11:41] [SEVERE ] placing card 17 in slot 7
[2022-12-08 13:11:41] [SEVERE ] placing card 1 in slot 8
[2022-12-08 13:11:41] [SEVERE ] placing card 52 in slot 9
[2022-12-08 13:11:41] [SEVERE ] placing card 71 in slot 10
[2022-12-08 13:11:41] [SEVERE ] placing card 77 in slot 11
[2022-12-08 13:12:42] [SEVERE ] placing card 54 in slot 0
[2022-12-08 13:12:43] [SEVERE ] placing card 74 in slot 1
[2022-12-08 13:12:43] [SEVERE ] placing card 32 in slot 2
[2022-12-08 13:12:43] [SEVERE ] placing card 8 in slot 3
[2022-12-08 13:12:43] [SEVERE ] placing card 33 in slot 4
[2022-12-08 13:12:43] [SEVERE ] placing card 58 in slot 5
[2022-12-08 13:12:43] [SEVERE ] placing card 2 in slot 6
[2022-12-08 13:12:43] [SEVERE ] placing card 60 in slot 7
[2022-12-08 13:12:43] [SEVERE ] placing card 23 in slot 8
[2022-12-08 13:12:43] [SEVERE ] placing card 14 in slot 9
[2022-12-08 13:12:43] [SEVERE ] placing card 1 in slot 10
[2022-12-08 13:12:44] [SEVERE ] placing card 13 in slot 11
[2022-12-08 13:13:45] [SEVERE ] placing card 17 in slot 0
[2022-12-08 13:13:45] [SEVERE ] placing card 47 in slot 1
[2022-12-08 13:13:45] [SEVERE ] placing card 31 in slot 2
[2022-12-08 13:13:45] [SEVERE ] placing card 73 in slot 3
[2022-12-08 13:13:45] [SEVERE ] placing card 51 in slot 4
[2022-12-08 13:13:45] [SEVERE ] placing card 36 in slot 5
[2022-12-08 13:13:46] [SEVERE ] placing card 49 in slot 6
[2022-12-08 13:13:46] [SEVERE ] placing card 39 in slot 7
[2022-12-08 13:13:46] [SEVERE ] placing card 65 in slot 8
[2022-12-08 13:13:46] [SEVERE ] placing card 2 in slot 9
[2022-12-08 13:13:46] [SEVERE ] placing card 46 in slot 10
[2022-12-08 13:13:46] [SEVERE ] placing card 62 in slot 11
[2022-12-08 13:14:47] [SEVERE ] placing card 62 in slot 0
[2022-12-08 13:14:48] [SEVERE ] placing card 49 in slot 1
[2022-12-08 13:14:48] [SEVERE ] placing card 76 in slot 2
[2022-12-08 13:14:48] [SEVERE ] placing card 21 in slot 3
[2022-12-08 13:14:48] [SEVERE ] placing card 53 in slot 4
[2022-12-08 13:14:48] [SEVERE ] placing card 73 in slot 5
[2022-12-08 13:14:48] [SEVERE ] placing card 9 in slot 6
[2022-12-08 13:14:48] [SEVERE ] placing card 10 in slot 7
[2022-12-08 13:14:48] [SEVERE ] placing card 64 in slot 8
[2022-12-08 13:14:48] [SEVERE ] placing card 67 in slot 9
[2022-12-08 13:14:48] [SEVERE ] placing card 65 in slot 10
[2022-12-08 13:14:49] [SEVERE ] placing card 74 in slot 11
[2022-12-08 13:18:41] [SEVERE ] placing card 54 in slot 0
[2022-12-08 13:18:41] [SEVERE ] placing card 20 in slot 1
[2022-12-08 13:18:41] [SEVERE ] placing card 62 in slot 2
[2022-12-08 13:18:41] [SEVERE ] placing card 2 in slot 3
[2022-12-08 13:18:42] [SEVERE ] placing card 51 in slot 4
[2022-12-08 13:18:42] [SEVERE ] placing card 31 in slot 5
[2022-12-08 13:18:42] [SEVERE ] placing card 11 in slot 6
[2022-12-08 13:18:42] [SEVERE ] placing card 64 in slot 7
[2022-12-08 13:18:42] [SEVERE ] placing card 45 in slot 8
[2022-12-08 13:18:42] [SEVERE ] placing card 56 in slot 9
[2022-12-08 13:18:42] [SEVERE ] placing card 27 in slot 10
[2022-12-08 13:18:42] [SEVERE ] placing card 68 in slot 11
[2022-12-08 13:19:43] [SEVERE ] placing card 7 in slot 0
[2022-12-08 13:19:43] [SEVERE ] placing card 18 in slot 1
[2022-12-08 13:19:43] [SEVERE ] placing card 16 in slot 2
[2022-12-08 13:19:43] [SEVERE ] placing card 74 in slot 3
[2022-12-08 13:19:43] [SEVERE ] placing card 76 in slot 4
[2022-12-08 13:19:43] [SEVERE ] placing card 41 in slot 5
[2022-12-08 13:19:43] [SEVERE ] placing card 57 in slot 6
[2022-12-08 13:19:43] [SEVERE ] placing card 56 in slot 7
[2022-12-08 13:19:43] [SEVERE ] placing card 80 in slot 8
[2022-12-08 13:19:43] [SEVERE ] placing card 1 in slot 9
[2022-12-08 13:19:44] [SEVERE ] placing card 0 in slot 10
[2022-12-08 13:19:44] [SEVERE ] placing card 14 in slot 11
