[2022-12-08 16:05:49] [INFO   ] cannot read configuration file config.properties trying from resources.
[2022-12-08 16:05:49] [INFO   ] configuration file was loaded from resources directory.
[2022-12-08 16:05:50] [SEVERE ] placing card 80 in slot 0
[2022-12-08 16:05:50] [SEVERE ] placing card 19 in slot 1
[2022-12-08 16:05:50] [SEVERE ] placing card 33 in slot 2
[2022-12-08 16:05:50] [SEVERE ] placing card 73 in slot 3
[2022-12-08 16:05:51] [SEVERE ] placing card 77 in slot 4
[2022-12-08 16:05:51] [SEVERE ] placing card 71 in slot 5
[2022-12-08 16:05:51] [SEVERE ] placing card 36 in slot 6
[2022-12-08 16:05:51] [SEVERE ] placing card 44 in slot 7
[2022-12-08 16:05:51] [SEVERE ] placing card 13 in slot 8
[2022-12-08 16:05:51] [SEVERE ] placing card 68 in slot 9
[2022-12-08 16:05:51] [SEVERE ] placing card 40 in slot 10
[2022-12-08 16:05:51] [SEVERE ] placing card 55 in slot 11
[2022-12-08 16:05:52] [SEVERE ] Key 81 was pressed by player 0
[2022-12-08 16:05:52] [SEVERE ] player 0 placing token on slot 0
[2022-12-08 16:05:52] [SEVERE ] Key 87 was pressed by player 0
[2022-12-08 16:05:52] [SEVERE ] player 0 placing token on slot 1
[2022-12-08 16:05:52] [SEVERE ] Key 69 was pressed by player 0
[2022-12-08 16:05:52] [SEVERE ] player 0 placing token on slot 2
[2022-12-08 16:05:52] [SEVERE ] player 0 placing token on slot 2
[2022-12-08 16:05:52] [SEVERE ] removing player 0 token from slot 0
[2022-12-08 16:05:52] [SEVERE ] removing player 0 token from slot 1
[2022-12-08 16:05:52] [SEVERE ] removing player 0 token from slot 2
