[2022-12-08 11:48:36] [INFO   ] cannot read configuration file config.properties trying from resources.
[2022-12-08 11:48:36] [INFO   ] configuration file was loaded from resources directory.
[2022-12-08 11:48:37] [SEVERE ] placing card 68 in slot 0
[2022-12-08 11:48:37] [SEVERE ] placing card 9 in slot 1
[2022-12-08 11:48:37] [SEVERE ] placing card 66 in slot 2
[2022-12-08 11:48:38] [SEVERE ] placing card 64 in slot 3
[2022-12-08 11:48:38] [SEVERE ] placing card 58 in slot 4
[2022-12-08 11:48:38] [SEVERE ] placing card 0 in slot 5
[2022-12-08 11:48:38] [SEVERE ] Key 81 was pressed by player 0
[2022-12-08 11:48:38] [SEVERE ] player 0 placing token on slot 0
[2022-12-08 11:48:38] [SEVERE ] Key 87 was pressed by player 0
[2022-12-08 11:48:38] [SEVERE ] player 0 placing token on slot 1
[2022-12-08 11:48:38] [SEVERE ] placing card 62 in slot 6
[2022-12-08 11:48:38] [SEVERE ] Key 69 was pressed by player 0
[2022-12-08 11:48:38] [SEVERE ] player 0 placing token on slot 2
[2022-12-08 11:48:38] [SEVERE ] removing player 0 token from slot 68
[2022-12-08 11:48:38] [SEVERE ] placing card 27 in slot 7
[2022-12-08 11:48:38] [SEVERE ] placing card 18 in slot 8
[2022-12-08 11:48:38] [SEVERE ] placing card 36 in slot 9
[2022-12-08 11:48:38] [SEVERE ] placing card 24 in slot 10
[2022-12-08 11:48:38] [SEVERE ] placing card 80 in slot 11
