[2022-12-08 17:50:31] [INFO   ] cannot read configuration file config.properties trying from resources.
[2022-12-08 17:50:31] [INFO   ] configuration file was loaded from resources directory.
[2022-12-08 17:50:32] [SEVERE ] placing card 46 in slot 0
[2022-12-08 17:50:32] [SEVERE ] placing card 65 in slot 1
[2022-12-08 17:50:32] [SEVERE ] placing card 26 in slot 2
[2022-12-08 17:50:32] [SEVERE ] placing card 24 in slot 3
[2022-12-08 17:50:33] [SEVERE ] placing card 40 in slot 4
[2022-12-08 17:50:33] [SEVERE ] placing card 17 in slot 5
[2022-12-08 17:50:33] [SEVERE ] Key 81 was pressed by player 0
[2022-12-08 17:50:33] [SEVERE ] player 0 placing token on slot 0
[2022-12-08 17:50:33] [SEVERE ] placing card 2 in slot 6
[2022-12-08 17:50:33] [SEVERE ] Key 87 was pressed by player 0
[2022-12-08 17:50:33] [SEVERE ] player 0 placing token on slot 1
[2022-12-08 17:50:33] [SEVERE ] placing card 35 in slot 7
[2022-12-08 17:50:33] [SEVERE ] placing card 57 in slot 8
[2022-12-08 17:50:33] [SEVERE ] Key 69 was pressed by player 0
[2022-12-08 17:50:33] [SEVERE ] player 0 placing token on slot 2
[2022-12-08 17:50:33] [SEVERE ] placing card 22 in slot 9
[2022-12-08 17:50:33] [SEVERE ] placing card 54 in slot 10
[2022-12-08 17:50:33] [SEVERE ] placing card 56 in slot 11
[2022-12-08 17:50:34] [SEVERE ] Key 65 was pressed by player 0
[2022-12-08 17:50:34] [SEVERE ] Key 83 was pressed by player 0
[2022-12-08 17:50:34] [SEVERE ] Key 68 was pressed by player 0
[2022-12-08 17:50:34] [SEVERE ] removing player 0 token from slot 0
[2022-12-08 17:50:34] [SEVERE ] removing player 0 token from slot 1
[2022-12-08 17:50:34] [SEVERE ] removing player 0 token from slot 2
[2022-12-08 17:50:35] [SEVERE ] Key 81 was pressed by player 0
[2022-12-08 17:50:35] [SEVERE ] player 0 placing token on slot 0
[2022-12-08 17:50:35] [SEVERE ] Key 87 was pressed by player 0
[2022-12-08 17:50:35] [SEVERE ] player 0 placing token on slot 1
[2022-12-08 17:50:35] [SEVERE ] Key 69 was pressed by player 0
[2022-12-08 17:50:35] [SEVERE ] player 0 placing token on slot 2
[2022-12-08 17:50:35] [SEVERE ] Key 65 was pressed by player 0
[2022-12-08 17:50:35] [SEVERE ] Key 83 was pressed by player 0
[2022-12-08 17:50:35] [SEVERE ] Key 68 was pressed by player 0
[2022-12-08 17:50:35] [SEVERE ] removing player 0 token from slot 0
[2022-12-08 17:50:35] [SEVERE ] removing player 0 token from slot 1
[2022-12-08 17:50:35] [SEVERE ] removing player 0 token from slot 2
[2022-12-08 17:50:36] [SEVERE ] Key 65 was pressed by player 0
[2022-12-08 17:50:36] [SEVERE ] player 0 placing token on slot 4
[2022-12-08 17:50:36] [SEVERE ] Key 83 was pressed by player 0
[2022-12-08 17:50:36] [SEVERE ] player 0 placing token on slot 5
[2022-12-08 17:50:36] [SEVERE ] Key 68 was pressed by player 0
[2022-12-08 17:50:36] [SEVERE ] player 0 placing token on slot 6
[2022-12-08 17:50:36] [SEVERE ] Key 65 was pressed by player 0
[2022-12-08 17:50:36] [SEVERE ] Key 83 was pressed by player 0
[2022-12-08 17:50:36] [SEVERE ] Key 68 was pressed by player 0
[2022-12-08 17:50:36] [SEVERE ] removing player 0 token from slot 4
[2022-12-08 17:50:36] [SEVERE ] removing player 0 token from slot 5
[2022-12-08 17:50:36] [SEVERE ] removing player 0 token from slot 6
[2022-12-08 17:50:36] [SEVERE ] Key 65 was pressed by player 0
[2022-12-08 17:50:36] [SEVERE ] player 0 placing token on slot 4
[2022-12-08 17:50:36] [SEVERE ] Key 83 was pressed by player 0
[2022-12-08 17:50:36] [SEVERE ] player 0 placing token on slot 5
[2022-12-08 17:50:37] [SEVERE ] Key 68 was pressed by player 0
[2022-12-08 17:50:37] [SEVERE ] player 0 placing token on slot 6
[2022-12-08 17:50:37] [SEVERE ] removing player 0 token from slot 4
[2022-12-08 17:50:37] [SEVERE ] removing player 0 token from slot 5
[2022-12-08 17:50:37] [SEVERE ] removing player 0 token from slot 6
[2022-12-08 17:50:38] [SEVERE ] Key 90 was pressed by player 0
[2022-12-08 17:50:38] [SEVERE ] player 0 placing token on slot 8
[2022-12-08 17:50:38] [SEVERE ] Key 88 was pressed by player 0
[2022-12-08 17:50:38] [SEVERE ] player 0 placing token on slot 9
[2022-12-08 17:50:38] [SEVERE ] Key 67 was pressed by player 0
[2022-12-08 17:50:38] [SEVERE ] player 0 placing token on slot 10
[2022-12-08 17:50:38] [SEVERE ] removing player 0 token from slot 8
[2022-12-08 17:50:38] [SEVERE ] removing player 0 token from slot 9
[2022-12-08 17:50:38] [SEVERE ] removing player 0 token from slot 10
[2022-12-08 17:50:39] [SEVERE ] Key 90 was pressed by player 0
[2022-12-08 17:50:39] [SEVERE ] player 0 placing token on slot 8
[2022-12-08 17:50:39] [SEVERE ] Key 88 was pressed by player 0
[2022-12-08 17:50:39] [SEVERE ] player 0 placing token on slot 9
[2022-12-08 17:50:39] [SEVERE ] Key 67 was pressed by player 0
[2022-12-08 17:50:39] [SEVERE ] player 0 placing token on slot 10
[2022-12-08 17:50:39] [SEVERE ] removing player 0 token from slot 8
[2022-12-08 17:50:39] [SEVERE ] removing player 0 token from slot 9
[2022-12-08 17:50:39] [SEVERE ] removing player 0 token from slot 10
[2022-12-08 17:50:40] [SEVERE ] Key 90 was pressed by player 0
[2022-12-08 17:50:40] [SEVERE ] player 0 placing token on slot 8
[2022-12-08 17:50:40] [SEVERE ] Key 88 was pressed by player 0
[2022-12-08 17:50:40] [SEVERE ] player 0 placing token on slot 9
[2022-12-08 17:50:40] [SEVERE ] Key 67 was pressed by player 0
[2022-12-08 17:50:40] [SEVERE ] player 0 placing token on slot 10
[2022-12-08 17:50:40] [SEVERE ] removing player 0 token from slot 8
[2022-12-08 17:50:40] [SEVERE ] removing player 0 token from slot 9
[2022-12-08 17:50:40] [SEVERE ] removing player 0 token from slot 10
