[2022-12-08 16:39:31] [INFO   ] cannot read configuration file config.properties trying from resources.
[2022-12-08 16:39:31] [INFO   ] configuration file was loaded from resources directory.
[2022-12-08 16:39:32] [SEVERE ] placing card 56 in slot 0
[2022-12-08 16:39:32] [SEVERE ] placing card 23 in slot 1
[2022-12-08 16:39:32] [SEVERE ] placing card 20 in slot 2
[2022-12-08 16:39:32] [SEVERE ] placing card 24 in slot 3
[2022-12-08 16:39:32] [SEVERE ] placing card 13 in slot 4
[2022-12-08 16:39:32] [SEVERE ] placing card 40 in slot 5
[2022-12-08 16:39:32] [SEVERE ] placing card 79 in slot 6
[2022-12-08 16:39:32] [SEVERE ] placing card 72 in slot 7
[2022-12-08 16:39:33] [SEVERE ] placing card 55 in slot 8
[2022-12-08 16:39:33] [SEVERE ] placing card 61 in slot 9
[2022-12-08 16:39:33] [SEVERE ] placing card 31 in slot 10
[2022-12-08 16:39:33] [SEVERE ] placing card 64 in slot 11
[2022-12-08 16:39:38] [SEVERE ] Key 81 was pressed by player 0
[2022-12-08 16:39:38] [SEVERE ] player 0 placing token on slot 0
[2022-12-08 16:39:38] [SEVERE ] Key 87 was pressed by player 0
[2022-12-08 16:39:38] [SEVERE ] player 0 placing token on slot 1
[2022-12-08 16:39:39] [SEVERE ] Key 69 was pressed by player 0
[2022-12-08 16:39:39] [SEVERE ] player 0 placing token on slot 2
[2022-12-08 16:39:39] [SEVERE ] player 0 placing token on slot 2
[2022-12-08 16:39:39] [SEVERE ] removing player 0 token from slot 0
[2022-12-08 16:39:39] [SEVERE ] removing player 0 token from slot 1
[2022-12-08 16:39:39] [SEVERE ] removing player 0 token from slot 2
[2022-12-08 16:39:47] [SEVERE ] Exit button pressed
[2022-12-08 16:40:33] [SEVERE ] placing card 71 in slot 0
[2022-12-08 16:40:33] [SEVERE ] placing card 59 in slot 1
[2022-12-08 16:40:33] [SEVERE ] placing card 37 in slot 2
[2022-12-08 16:40:34] [SEVERE ] placing card 11 in slot 3
[2022-12-08 16:40:34] [SEVERE ] placing card 7 in slot 4
[2022-12-08 16:40:34] [SEVERE ] placing card 78 in slot 5
[2022-12-08 16:40:34] [SEVERE ] placing card 76 in slot 6
[2022-12-08 16:40:34] [SEVERE ] placing card 72 in slot 7
[2022-12-08 16:40:34] [SEVERE ] placing card 60 in slot 8
[2022-12-08 16:40:34] [SEVERE ] placing card 26 in slot 9
[2022-12-08 16:40:34] [SEVERE ] placing card 64 in slot 10
[2022-12-08 16:40:34] [SEVERE ] placing card 51 in slot 11
[2022-12-08 16:41:35] [SEVERE ] placing card 65 in slot 0
[2022-12-08 16:41:35] [SEVERE ] placing card 21 in slot 1
[2022-12-08 16:41:35] [SEVERE ] placing card 47 in slot 2
[2022-12-08 16:41:35] [SEVERE ] placing card 10 in slot 3
[2022-12-08 16:41:35] [SEVERE ] placing card 9 in slot 4
[2022-12-08 16:41:35] [SEVERE ] placing card 20 in slot 5
[2022-12-08 16:41:35] [SEVERE ] placing card 58 in slot 6
[2022-12-08 16:41:36] [SEVERE ] placing card 66 in slot 7
[2022-12-08 16:41:36] [SEVERE ] placing card 35 in slot 8
[2022-12-08 16:41:36] [SEVERE ] placing card 13 in slot 9
[2022-12-08 16:41:36] [SEVERE ] placing card 12 in slot 10
[2022-12-08 16:41:36] [SEVERE ] placing card 34 in slot 11
[2022-12-08 16:42:36] [SEVERE ] placing card 41 in slot 0
[2022-12-08 16:42:36] [SEVERE ] placing card 65 in slot 1
[2022-12-08 16:42:37] [SEVERE ] placing card 77 in slot 2
[2022-12-08 16:42:37] [SEVERE ] placing card 51 in slot 3
[2022-12-08 16:42:37] [SEVERE ] placing card 64 in slot 4
[2022-12-08 16:42:37] [SEVERE ] placing card 57 in slot 5
[2022-12-08 16:42:37] [SEVERE ] placing card 9 in slot 6
[2022-12-08 16:42:37] [SEVERE ] placing card 23 in slot 7
[2022-12-08 16:42:37] [SEVERE ] placing card 74 in slot 8
[2022-12-08 16:42:37] [SEVERE ] placing card 36 in slot 9
[2022-12-08 16:42:37] [SEVERE ] placing card 22 in slot 10
[2022-12-08 16:42:38] [SEVERE ] placing card 66 in slot 11
[2022-12-08 16:43:38] [SEVERE ] placing card 56 in slot 0
[2022-12-08 16:43:38] [SEVERE ] placing card 52 in slot 1
[2022-12-08 16:43:38] [SEVERE ] placing card 49 in slot 2
[2022-12-08 16:43:38] [SEVERE ] placing card 70 in slot 3
[2022-12-08 16:43:38] [SEVERE ] placing card 54 in slot 4
[2022-12-08 16:43:38] [SEVERE ] placing card 41 in slot 5
[2022-12-08 16:43:39] [SEVERE ] placing card 14 in slot 6
[2022-12-08 16:43:39] [SEVERE ] placing card 78 in slot 7
[2022-12-08 16:43:39] [SEVERE ] placing card 39 in slot 8
[2022-12-08 16:43:39] [SEVERE ] placing card 9 in slot 9
[2022-12-08 16:43:39] [SEVERE ] placing card 75 in slot 10
[2022-12-08 16:43:39] [SEVERE ] placing card 73 in slot 11
[2022-12-08 16:44:39] [SEVERE ] placing card 74 in slot 0
[2022-12-08 16:44:40] [SEVERE ] placing card 41 in slot 1
[2022-12-08 16:44:40] [SEVERE ] placing card 44 in slot 2
[2022-12-08 16:44:40] [SEVERE ] placing card 66 in slot 3
[2022-12-08 16:44:40] [SEVERE ] placing card 35 in slot 4
[2022-12-08 16:44:40] [SEVERE ] placing card 45 in slot 5
[2022-12-08 16:44:40] [SEVERE ] placing card 57 in slot 6
[2022-12-08 16:44:40] [SEVERE ] placing card 42 in slot 7
[2022-12-08 16:44:40] [SEVERE ] placing card 43 in slot 8
[2022-12-08 16:44:40] [SEVERE ] placing card 7 in slot 9
[2022-12-08 16:44:41] [SEVERE ] placing card 1 in slot 10
[2022-12-08 16:44:41] [SEVERE ] placing card 22 in slot 11
