[2022-12-08 11:46:14] [INFO   ] cannot read configuration file config.properties trying from resources.
[2022-12-08 11:46:14] [INFO   ] configuration file was loaded from resources directory.
[2022-12-08 11:46:15] [SEVERE ] placing card 31 in slot 0
[2022-12-08 11:46:15] [SEVERE ] placing card 58 in slot 1
[2022-12-08 11:46:15] [SEVERE ] placing card 12 in slot 2
[2022-12-08 11:46:15] [SEVERE ] placing card 48 in slot 3
[2022-12-08 11:46:15] [SEVERE ] placing card 42 in slot 4
[2022-12-08 11:46:15] [SEVERE ] placing card 28 in slot 5
[2022-12-08 11:46:15] [SEVERE ] placing card 67 in slot 6
[2022-12-08 11:46:15] [SEVERE ] placing card 15 in slot 7
[2022-12-08 11:46:16] [SEVERE ] placing card 25 in slot 8
[2022-12-08 11:46:16] [SEVERE ] placing card 13 in slot 9
[2022-12-08 11:46:16] [SEVERE ] placing card 36 in slot 10
[2022-12-08 11:46:16] [SEVERE ] placing card 2 in slot 11
[2022-12-08 11:46:17] [SEVERE ] Key 81 was pressed by player 0
[2022-12-08 11:46:17] [SEVERE ] player 0 placing token on slot 0
[2022-12-08 11:46:17] [SEVERE ] Key 87 was pressed by player 0
[2022-12-08 11:46:17] [SEVERE ] player 0 placing token on slot 1
[2022-12-08 11:46:17] [SEVERE ] Key 69 was pressed by player 0
[2022-12-08 11:46:17] [SEVERE ] player 0 placing token on slot 2
[2022-12-08 11:46:17] [SEVERE ] removing player 0 token from slot 31
[2022-12-08 11:46:18] [SEVERE ] Key 65 was pressed by player 0
[2022-12-08 11:46:18] [SEVERE ] player 0 placing token on slot 4
[2022-12-08 11:46:18] [SEVERE ] removing player 0 token from slot 58
[2022-12-08 11:46:18] [SEVERE ] Key 83 was pressed by player 0
[2022-12-08 11:46:18] [SEVERE ] player 0 placing token on slot 5
[2022-12-08 11:46:18] [SEVERE ] removing player 0 token from slot 12
[2022-12-08 11:46:18] [SEVERE ] Key 68 was pressed by player 0
[2022-12-08 11:46:18] [SEVERE ] player 0 placing token on slot 6
[2022-12-08 11:46:18] [SEVERE ] removing player 0 token from slot 42
[2022-12-08 11:47:16] [SEVERE ] placing card 46 in slot 0
[2022-12-08 11:47:16] [SEVERE ] placing card 41 in slot 1
[2022-12-08 11:47:17] [SEVERE ] placing card 71 in slot 2
[2022-12-08 11:47:17] [SEVERE ] placing card 43 in slot 3
[2022-12-08 11:47:17] [SEVERE ] placing card 68 in slot 4
[2022-12-08 11:47:17] [SEVERE ] placing card 70 in slot 5
[2022-12-08 11:47:17] [SEVERE ] placing card 66 in slot 6
[2022-12-08 11:47:17] [SEVERE ] placing card 32 in slot 7
[2022-12-08 11:47:17] [SEVERE ] placing card 20 in slot 8
[2022-12-08 11:47:17] [SEVERE ] placing card 72 in slot 9
[2022-12-08 11:47:17] [SEVERE ] placing card 56 in slot 10
[2022-12-08 11:47:17] [SEVERE ] placing card 27 in slot 11
