[2022-12-08 17:17:19] [INFO   ] cannot read configuration file config.properties trying from resources.
[2022-12-08 17:17:19] [INFO   ] configuration file was loaded from resources directory.
[2022-12-08 17:17:20] [SEVERE ] placing card 37 in slot 0
[2022-12-08 17:17:20] [SEVERE ] placing card 40 in slot 1
[2022-12-08 17:17:20] [SEVERE ] placing card 13 in slot 2
[2022-12-08 17:17:20] [SEVERE ] placing card 42 in slot 3
[2022-12-08 17:17:20] [SEVERE ] placing card 80 in slot 4
[2022-12-08 17:17:20] [SEVERE ] placing card 54 in slot 5
[2022-12-08 17:17:20] [SEVERE ] placing card 30 in slot 6
[2022-12-08 17:17:21] [SEVERE ] placing card 53 in slot 7
[2022-12-08 17:17:21] [SEVERE ] placing card 79 in slot 8
[2022-12-08 17:17:21] [SEVERE ] placing card 17 in slot 9
[2022-12-08 17:17:21] [SEVERE ] placing card 20 in slot 10
[2022-12-08 17:17:21] [SEVERE ] placing card 44 in slot 11
[2022-12-08 17:17:21] [SEVERE ] Key 81 was pressed by player 0
[2022-12-08 17:17:21] [SEVERE ] player 0 placing token on slot 0
[2022-12-08 17:17:22] [SEVERE ] Key 87 was pressed by player 0
[2022-12-08 17:17:22] [SEVERE ] player 0 placing token on slot 1
[2022-12-08 17:17:22] [SEVERE ] Key 69 was pressed by player 0
[2022-12-08 17:17:22] [SEVERE ] player 0 placing token on slot 2
[2022-12-08 17:17:25] [SEVERE ] Key 65 was pressed by player 0
[2022-12-08 17:17:25] [SEVERE ] player 0 placing token on slot 4
[2022-12-08 17:17:25] [SEVERE ] Key 83 was pressed by player 0
[2022-12-08 17:17:25] [SEVERE ] player 0 placing token on slot 5
[2022-12-08 17:17:25] [SEVERE ] Key 68 was pressed by player 0
[2022-12-08 17:17:25] [SEVERE ] player 0 placing token on slot 6
[2022-12-08 17:17:27] [SEVERE ] Key 90 was pressed by player 0
[2022-12-08 17:17:27] [SEVERE ] Key 88 was pressed by player 0
[2022-12-08 17:17:27] [SEVERE ] Key 67 was pressed by player 0
[2022-12-08 17:17:34] [SEVERE ] Key 90 was pressed by player 0
[2022-12-08 17:17:34] [SEVERE ] Key 88 was pressed by player 0
[2022-12-08 17:17:34] [SEVERE ] Key 67 was pressed by player 0
